<?xml version="1.0" encoding="UTF-8" ?>
<testsuite tests="2" failures="1" name="SaqTest" time="38.93" errors="0" skipped="0">
  <properties>
    <property name="java.runtime.name" value="Java(TM) SE Runtime Environment"/>
    <property name="sun.boot.library.path" value="/Library/Java/JavaVirtualMachines/jdk1.8.0_161.jdk/Contents/Home/jre/lib"/>
    <property name="java.vm.version" value="25.161-b12"/>
    <property name="gopherProxySet" value="false"/>
    <property name="java.vm.vendor" value="Oracle Corporation"/>
    <property name="maven.multiModuleProjectDirectory" value="/Users/waqasraza/sedex-rat"/>
    <property name="java.vendor.url" value="http://java.oracle.com/"/>
    <property name="path.separator" value=":"/>
    <property name="guice.disable.misplaced.annotation.check" value="true"/>
    <property name="java.vm.name" value="Java HotSpot(TM) 64-Bit Server VM"/>
    <property name="file.encoding.pkg" value="sun.io"/>
    <property name="user.country" value="GB"/>
    <property name="sun.java.launcher" value="SUN_STANDARD"/>
    <property name="sun.os.patch.level" value="unknown"/>
    <property name="java.vm.specification.name" value="Java Virtual Machine Specification"/>
    <property name="user.dir" value="/Users/waqasraza/sedex-rat"/>
    <property name="java.runtime.version" value="1.8.0_161-b12"/>
    <property name="java.awt.graphicsenv" value="sun.awt.CGraphicsEnvironment"/>
    <property name="java.endorsed.dirs" value="/Library/Java/JavaVirtualMachines/jdk1.8.0_161.jdk/Contents/Home/jre/lib/endorsed"/>
    <property name="os.arch" value="x86_64"/>
    <property name="java.io.tmpdir" value="/var/folders/sp/rg5tt6213tz_bnbq6y041y_00000gn/T/"/>
    <property name="line.separator" value="
"/>
    <property name="java.vm.specification.vendor" value="Oracle Corporation"/>
    <property name="os.name" value="Mac OS X"/>
    <property name="classworlds.conf" value="/usr/local/apache-maven/bin/m2.conf"/>
    <property name="sun.jnu.encoding" value="UTF-8"/>
    <property name="java.library.path" value="/Users/waqasraza/Library/Java/Extensions:/Library/Java/Extensions:/Network/Library/Java/Extensions:/System/Library/Java/Extensions:/usr/lib/java:."/>
    <property name="maven.conf" value="/usr/local/apache-maven/conf"/>
    <property name="java.specification.name" value="Java Platform API Specification"/>
    <property name="java.class.version" value="52.0"/>
    <property name="sun.management.compiler" value="HotSpot 64-Bit Tiered Compilers"/>
    <property name="os.version" value="10.14.5"/>
    <property name="library.jansi.path" value="/usr/local/apache-maven/lib/jansi-native"/>
    <property name="http.nonProxyHosts" value="local|*.local|169.254/16|*.169.254/16"/>
    <property name="user.home" value="/Users/waqasraza"/>
    <property name="user.timezone" value="Europe/London"/>
    <property name="java.awt.printerjob" value="sun.lwawt.macosx.CPrinterJob"/>
    <property name="java.specification.version" value="1.8"/>
    <property name="file.encoding" value="UTF-8"/>
    <property name="user.name" value="waqasraza"/>
    <property name="java.class.path" value="/usr/local/apache-maven/boot/plexus-classworlds-2.5.2.jar"/>
    <property name="java.vm.specification.version" value="1.8"/>
    <property name="sun.arch.data.model" value="64"/>
    <property name="java.home" value="/Library/Java/JavaVirtualMachines/jdk1.8.0_161.jdk/Contents/Home/jre"/>
    <property name="sun.java.command" value="org.codehaus.plexus.classworlds.launcher.Launcher clean test"/>
    <property name="java.specification.vendor" value="Oracle Corporation"/>
    <property name="user.language" value="en"/>
    <property name="awt.toolkit" value="sun.lwawt.macosx.LWCToolkit"/>
    <property name="java.vm.info" value="mixed mode"/>
    <property name="java.version" value="1.8.0_161"/>
    <property name="java.ext.dirs" value="/Users/waqasraza/Library/Java/Extensions:/Library/Java/JavaVirtualMachines/jdk1.8.0_161.jdk/Contents/Home/jre/lib/ext:/Library/Java/Extensions:/Network/Library/Java/Extensions:/System/Library/Java/Extensions:/usr/lib/java"/>
    <property name="sun.boot.class.path" value="/Library/Java/JavaVirtualMachines/jdk1.8.0_161.jdk/Contents/Home/jre/lib/resources.jar:/Library/Java/JavaVirtualMachines/jdk1.8.0_161.jdk/Contents/Home/jre/lib/rt.jar:/Library/Java/JavaVirtualMachines/jdk1.8.0_161.jdk/Contents/Home/jre/lib/sunrsasign.jar:/Library/Java/JavaVirtualMachines/jdk1.8.0_161.jdk/Contents/Home/jre/lib/jsse.jar:/Library/Java/JavaVirtualMachines/jdk1.8.0_161.jdk/Contents/Home/jre/lib/jce.jar:/Library/Java/JavaVirtualMachines/jdk1.8.0_161.jdk/Contents/Home/jre/lib/charsets.jar:/Library/Java/JavaVirtualMachines/jdk1.8.0_161.jdk/Contents/Home/jre/lib/jfr.jar:/Library/Java/JavaVirtualMachines/jdk1.8.0_161.jdk/Contents/Home/jre/classes"/>
    <property name="java.vendor" value="Oracle Corporation"/>
    <property name="maven.home" value="/usr/local/apache-maven"/>
    <property name="file.separator" value="/"/>
    <property name="java.vendor.url.bug" value="http://bugreport.sun.com/bugreport/"/>
    <property name="sun.cpu.endian" value="little"/>
    <property name="sun.io.unicode.encoding" value="UnicodeBig"/>
    <property name="socksNonProxyHosts" value="local|*.local|169.254/16|*.169.254/16"/>
    <property name="ftp.nonProxyHosts" value="local|*.local|169.254/16|*.169.254/16"/>
    <property name="sun.cpu.isalist" value=""/>
  </properties>
  <testcase classname="SaqTest" name="ratSaqAnswers" time="23.357"/>
  <testcase classname="SaqTest" name="ratSaqQuestionnaire" time="15.573">
    <failure message="response time should be fast
Expected: is a value less than or equal to &lt;12000L&gt;
     but: &lt;15540L&gt; was greater than &lt;12000L&gt;" type="java.lang.AssertionError">java.lang.AssertionError: response time should be fast
Expected: is a value less than or equal to &lt;12000L&gt;
     but: &lt;15540L&gt; was greater than &lt;12000L&gt;
	at org.hamcrest.MatcherAssert.assertThat(MatcherAssert.java:20)
	at org.junit.Assert.assertThat(Assert.java:956)
	at SaqTest.ratSaqQuestionnaire(SaqTest.java:64)
	at sun.reflect.NativeMethodAccessorImpl.invoke0(Native Method)
	at sun.reflect.NativeMethodAccessorImpl.invoke(NativeMethodAccessorImpl.java:62)
	at sun.reflect.DelegatingMethodAccessorImpl.invoke(DelegatingMethodAccessorImpl.java:43)
	at java.lang.reflect.Method.invoke(Method.java:498)
	at org.junit.runners.model.FrameworkMethod$1.runReflectiveCall(FrameworkMethod.java:50)
	at org.junit.internal.runners.model.ReflectiveCallable.run(ReflectiveCallable.java:12)
	at org.junit.runners.model.FrameworkMethod.invokeExplosively(FrameworkMethod.java:47)
	at org.junit.internal.runners.statements.InvokeMethod.evaluate(InvokeMethod.java:17)
	at org.junit.runners.ParentRunner.runLeaf(ParentRunner.java:325)
	at org.junit.runners.BlockJUnit4ClassRunner.runChild(BlockJUnit4ClassRunner.java:78)
	at org.junit.runners.BlockJUnit4ClassRunner.runChild(BlockJUnit4ClassRunner.java:57)
	at org.junit.runners.ParentRunner$3.run(ParentRunner.java:290)
	at org.junit.runners.ParentRunner$1.schedule(ParentRunner.java:71)
	at org.junit.runners.ParentRunner.runChildren(ParentRunner.java:288)
	at org.junit.runners.ParentRunner.access$000(ParentRunner.java:58)
	at org.junit.runners.ParentRunner$2.evaluate(ParentRunner.java:268)
	at org.junit.runners.ParentRunner.run(ParentRunner.java:363)
	at org.apache.maven.surefire.junit4.JUnit4Provider.execute(JUnit4Provider.java:252)
	at org.apache.maven.surefire.junit4.JUnit4Provider.executeTestSet(JUnit4Provider.java:141)
	at org.apache.maven.surefire.junit4.JUnit4Provider.invoke(JUnit4Provider.java:112)
	at sun.reflect.NativeMethodAccessorImpl.invoke0(Native Method)
	at sun.reflect.NativeMethodAccessorImpl.invoke(NativeMethodAccessorImpl.java:62)
	at sun.reflect.DelegatingMethodAccessorImpl.invoke(DelegatingMethodAccessorImpl.java:43)
	at java.lang.reflect.Method.invoke(Method.java:498)
	at org.apache.maven.surefire.util.ReflectionUtils.invokeMethodWithArray(ReflectionUtils.java:189)
	at org.apache.maven.surefire.booter.ProviderFactory$ProviderProxy.invoke(ProviderFactory.java:165)
	at org.apache.maven.surefire.booter.ProviderFactory.invokeProvider(ProviderFactory.java:85)
	at org.apache.maven.surefire.booter.ForkedBooter.runSuitesInProcess(ForkedBooter.java:115)
	at org.apache.maven.surefire.booter.ForkedBooter.main(ForkedBooter.java:75)
</failure>
    <system-out>[{&quot;sectionCode&quot;:&quot;ZQS20050001&quot;,&quot;sectionName&quot;:&quot;Profile&quot;,&quot;subSections&quot;:[{&quot;subSectionCode&quot;:&quot;ZQU20050001&quot;,&quot;subSectionName&quot;:&quot;Audit History&quot;,&quot;questions&quot;:[{&quot;questionType&quot;:&quot;DATE&quot;,&quot;questionCode&quot;:&quot;ZQQ20050002&quot;,&quot;questionText&quot;:&quot;If yes date of last [ethical/ social audit]&quot;,&quot;sectorProfiles&quot;:[&quot;TRIGGER&quot;],&quot;possibleAnswers&quot;:[]},{&quot;questionType&quot;:&quot;SINGLE_CHOICE&quot;,&quot;questionCode&quot;:&quot;ZQQ20050001&quot;,&quot;questionText&quot;:&quot;Has this site ever had an [ethical / social audit]&quot;,&quot;sectorProfiles&quot;:[&quot;TRIGGER&quot;],&quot;possibleAnswers&quot;:[{&quot;possibleAnswerCode&quot;:&quot;ZQP20050001&quot;,&quot;possibleAnswerText&quot;:&quot;Yes&quot;},{&quot;possibleAnswerCode&quot;:&quot;ZQP20050002&quot;,&quot;possibleAnswerText&quot;:&quot;No&quot;}]}]},{&quot;subSectionCode&quot;:&quot;ZQU20050002&quot;,&quot;subSectionName&quot;:&quot;Seasonal Variance&quot;,&quot;questions&quot;:[{&quot;questionType&quot;:&quot;MULTIPLE_CHOICE&quot;,&quot;questionCode&quot;:&quot;ZQQ20050003&quot;,&quot;questionText&quot;:&quot;What are the high season months at this site?  Please select all applicable answers.&quot;,&quot;sectorProfiles&quot;:[&quot;TRIGGER&quot;],&quot;possibleAnswers&quot;:[{&quot;possibleAnswerCode&quot;:&quot;ZQP20050003&quot;,&quot;possibleAnswerText&quot;:&quot;JAN&quot;},{&quot;possibleAnswerCode&quot;:&quot;ZQP20050004&quot;,&quot;possibleAnswerText&quot;:&quot;FEB&quot;},{&quot;possibleAnswerCode&quot;:&quot;ZQP20050005&quot;,&quot;possibleAnswerText&quot;:&quot;MAR&quot;},{&quot;possibleAnswerCode&quot;:&quot;ZQP20050006&quot;,&quot;possibleAnswerText&quot;:&quot;APR&quot;},{&quot;possibleAnswerCode&quot;:&quot;ZQP20050007&quot;,&quot;possibleAnswerText&quot;:&quot;MAY&quot;},{&quot;possibleAnswerCode&quot;:&quot;ZQP20050008&quot;,&quot;possibleAnswerText&quot;:&quot;JUN&quot;},{&quot;possibleAnswerCode&quot;:&quot;ZQP20050009&quot;,&quot;possibleAnswerText&quot;:&quot;JUL&quot;},{&quot;possibleAnswerCode&quot;:&quot;ZQP20050010&quot;,&quot;possibleAnswerText&quot;:&quot;AUG&quot;},{&quot;possibleAnswerCode&quot;:&quot;ZQP20050011&quot;,&quot;possibleAnswerText&quot;:&quot;SEP&quot;},{&quot;possibleAnswerCode&quot;:&quot;ZQP20050012&quot;,&quot;possibleAnswerText&quot;:&quot;OCT&quot;},{&quot;possibleAnswerCode&quot;:&quot;ZQP20050013&quot;,&quot;possibleAnswerText&quot;:&quot;NOV&quot;},{&quot;possibleAnswerCode&quot;:&quot;ZQP20050014&quot;,&quot;possibleAnswerText&quot;:&quot;DEC&quot;},{&quot;possibleAnswerCode&quot;:&quot;ZQP20060001&quot;,&quot;possibleAnswerText&quot;:&quot;N/A&quot;}]}]},{&quot;subSectionCode&quot;:&quot;ZQU20050003&quot;,&quot;subSectionName&quot;:&quot;Worker Types&quot;,&quot;questions&quot;:[{&quot;questionType&quot;:&quot;NUMBER&quot;,&quot;questionCode&quot;:&quot;ZQQ20050010-WRONG&quot;,&quot;questionText&quot;:&quot;#MISSING LABEL#&quot;,&quot;sectorProfiles&quot;:[],&quot;possibleAnswers&quot;:[]},{&quot;questionType&quot;:&quot;NUMBER&quot;,&quot;questionCode&quot;:&quot;ZQQ20050008&quot;,&quot;questionText&quot;:&quot;What is the number of employees/workers between 14 and 15  working at this site ?&quot;,&quot;sectorProfiles&quot;:[&quot;BIGAGRI&quot;,&quot;FISHVESL&quot;,&quot;MANUFACT&quot;,&quot;SMALLAGRI&quot;],&quot;possibleAnswers&quot;:[]},{&quot;questionType&quot;:&quot;MULTIPLE_CHOICE&quot;,&quot;questionCode&quot;:&quot;ZQQ20050004&quot;,&quot;questionText&quot;:&quot;What are the nationalities of employees/workers located at this site?  Please select all applicable answers.&quot;,&quot;sectorProfiles&quot;:[&quot;BIGAGRI&quot;,&quot;MANUFACT&quot;],&quot;possibleAnswers&quot;:[{&quot;possibleAnswerCode&quot;:&quot;ZQP20050015&quot;,&quot;possibleAnswerText&quot;:&quot;Afghan&quot;},{&quot;possibleAnswerCode&quot;:&quot;ZQP20050016&quot;,&quot;possibleAnswerText&quot;:&quot;Ålänning&quot;},{&quot;possibleAnswerCode&quot;:&quot;ZQP20050017&quot;,&quot;possibleAnswerText&quot;:&quot;Albanian&quot;},{&quot;possibleAnswerCode&quot;:&quot;ZQP20050018&quot;,&quot;possibleAnswerText&quot;:&quot;Algerian&quot;},{&quot;possibleAnswerCode&quot;:&quot;ZQP20050019&quot;,&quot;possibleAnswerText&quot;:&quot;American&quot;},{&quot;possibleAnswerCode&quot;:&quot;ZQP20050020&quot;,&quot;possibleAnswerText&quot;:&quot;American Samoan&quot;},{&quot;possibleAnswerCode&quot;:&quot;ZQP20050021&quot;,&quot;possibleAnswerText&quot;:&quot;Andorran&quot;},{&quot;possibleAnswerCode&quot;:&quot;ZQP20050022&quot;,&quot;possibleAnswerText&quot;:&quot;Angolan&quot;},{&quot;possibleAnswerCode&quot;:&quot;ZQP20050023&quot;,&quot;possibleAnswerText&quot;:&quot;Anguillian&quot;},{&quot;possibleAnswerCode&quot;:&quot;ZQP20050024&quot;,&quot;possibleAnswerText&quot;:&quot;Antiguan&quot;},{&quot;possibleAnswerCode&quot;:&quot;ZQP20050025&quot;,&quot;possibleAnswerText&quot;:&quot;Argentinian&quot;},{&quot;possibleAnswerCode&quot;:&quot;ZQP20050026&quot;,&quot;possibleAnswerText&quot;:&quot;Armenian&quot;},{&quot;possibleAnswerCode&quot;:&quot;ZQP20050027&quot;,&quot;possibleAnswerText&quot;:&quot;Aruban&quot;},{&quot;possibleAnswerCode&quot;:&quot;ZQP20050028&quot;,&quot;possibleAnswerText&quot;:&quot;Australian&quot;},{&quot;possibleAnswerCode&quot;:&quot;ZQP20050029&quot;,&quot;possibleAnswerText&quot;:&quot;Austrian&quot;},{&quot;possibleAnswerCode&quot;:&quot;ZQP20050030&quot;,&quot;possibleAnswerText&quot;:&quot;Azerbaijani&quot;},{&quot;possibleAnswerCode&quot;:&quot;ZQP20050031&quot;,&quot;possibleAnswerText&quot;:&quot;Bahamian&quot;},{&quot;possibleAnswerCode&quot;:&quot;ZQP20050032&quot;,&quot;possibleAnswerText&quot;:&quot;Bahraini&quot;},{&quot;possibleAnswerCode&quot;:&quot;ZQP20050033&quot;,&quot;possibleAnswerText&quot;:&quot;Bangladeshi&quot;},{&quot;possibleAnswerCode&quot;:&quot;ZQP20050034&quot;,&quot;possibleAnswerText&quot;:&quot;Barbadian&quot;},{&quot;possibleAnswerCode&quot;:&quot;ZQP20050035&quot;,&quot;possibleAnswerText&quot;:&quot;Belarussian&quot;},{&quot;possibleAnswerCode&quot;:&quot;ZQP20050036&quot;,&quot;possibleAnswerText&quot;:&quot;Belgian&quot;},{&quot;possibleAnswerCode&quot;:&quot;ZQP20050037&quot;,&quot;possibleAnswerText&quot;:&quot;Belizean&quot;},{&quot;possibleAnswerCode&quot;:&quot;ZQP20050038&quot;,&quot;possibleAnswerText&quot;:&quot;Beninese&quot;},{&quot;possibleAnswerCode&quot;:&quot;ZQP20050039&quot;,&quot;possibleAnswerText&quot;:&quot;Bermudian&quot;},{&quot;possibleAnswerCode&quot;:&quot;ZQP20050040&quot;,&quot;possibleAnswerText&quot;:&quot;Bhutanese&quot;},{&quot;possibleAnswerCode&quot;:&quot;ZQP20050041&quot;,&quot;possibleAnswerText&quot;:&quot;Bissau-Guinean&quot;},{&quot;possibleAnswerCode&quot;:&quot;ZQP20050042&quot;,&quot;possibleAnswerText&quot;:&quot;Bolivian&quot;},{&quot;possibleAnswerCode&quot;:&quot;ZQP20050043&quot;,&quot;possibleAnswerText&quot;:&quot;Bosnians&quot;},{&quot;possibleAnswerCode&quot;:&quot;ZQP20050044&quot;,&quot;possibleAnswerText&quot;:&quot;Botzwanian&quot;},{&quot;possibleAnswerCode&quot;:&quot;ZQP20050045&quot;,&quot;possibleAnswerText&quot;:&quot;Brazilian&quot;},{&quot;possibleAnswerCode&quot;:&quot;ZQP20050046&quot;,&quot;possibleAnswerText&quot;:&quot;British&quot;},{&quot;possibleAnswerCode&quot;:&quot;ZQP20050047&quot;,&quot;possibleAnswerText&quot;:&quot;Bruneian&quot;},{&quot;possibleAnswerCode&quot;:&quot;ZQP20050048&quot;,&quot;possibleAnswerText&quot;:&quot;Bulgarian&quot;},{&quot;possibleAnswerCode&quot;:&quot;ZQP20050049&quot;,&quot;possibleAnswerText&quot;:&quot;Burkinabé&quot;},{&quot;possibleAnswerCode&quot;:&quot;ZQP20050050&quot;,&quot;possibleAnswerText&quot;:&quot;Burmese&quot;},{&quot;possibleAnswerCode&quot;:&quot;ZQP20050051&quot;,&quot;possibleAnswerText&quot;:&quot;Burundian&quot;},{&quot;possibleAnswerCode&quot;:&quot;ZQP20050052&quot;,&quot;possibleAnswerText&quot;:&quot;Cambodian&quot;},{&quot;possibleAnswerCode&quot;:&quot;ZQP20050053&quot;,&quot;possibleAnswerText&quot;:&quot;Cameroonian&quot;},{&quot;possibleAnswerCode&quot;:&quot;ZQP20050054&quot;,&quot;possibleAnswerText&quot;:&quot;Canadian&quot;},{&quot;possibleAnswerCode&quot;:&quot;ZQP20050055&quot;,&quot;possibleAnswerText&quot;:&quot;Cape Verdean&quot;},{&quot;possibleAnswerCode&quot;:&quot;ZQP20050056&quot;,&quot;possibleAnswerText&quot;:&quot;Caymanian&quot;},{&quot;possibleAnswerCode&quot;:&quot;ZQP20050057&quot;,&quot;possibleAnswerText&quot;:&quot;Central African&quot;},{&quot;possibleAnswerCode&quot;:&quot;ZQP20050058&quot;,&quot;possibleAnswerText&quot;:&quot;Chadian&quot;},{&quot;possibleAnswerCode&quot;:&quot;ZQP20050059&quot;,&quot;possibleAnswerText&quot;:&quot;Chilean&quot;},{&quot;possibleAnswerCode&quot;:&quot;ZQP20050060&quot;,&quot;possibleAnswerText&quot;:&quot;Chinese&quot;},{&quot;possibleAnswerCode&quot;:&quot;ZQP20050061&quot;,&quot;possibleAnswerText&quot;:&quot;Christmas Islanders&quot;},{&quot;possibleAnswerCode&quot;:&quot;ZQP20050062&quot;,&quot;possibleAnswerText&quot;:&quot;Cocossian&quot;},{&quot;possibleAnswerCode&quot;:&quot;ZQP20050063&quot;,&quot;possibleAnswerText&quot;:&quot;Colombian&quot;},{&quot;possibleAnswerCode&quot;:&quot;ZQP20050064&quot;,&quot;possibleAnswerText&quot;:&quot;Comoran&quot;},{&quot;possibleAnswerCode&quot;:&quot;ZQP20050065&quot;,&quot;possibleAnswerText&quot;:&quot;Congolese&quot;},{&quot;possibleAnswerCode&quot;:&quot;ZQP20050066&quot;,&quot;possibleAnswerText&quot;:&quot;Cook Islander&quot;},{&quot;possibleAnswerCode&quot;:&quot;ZQP20050067&quot;,&quot;possibleAnswerText&quot;:&quot;Costa Rican&quot;},{&quot;possibleAnswerCode&quot;:&quot;ZQP20050068&quot;,&quot;possibleAnswerText&quot;:&quot;Croatian&quot;},{&quot;possibleAnswerCode&quot;:&quot;ZQP20050069&quot;,&quot;possibleAnswerText&quot;:&quot;Cuban&quot;},{&quot;possibleAnswerCode&quot;:&quot;ZQP20050070&quot;,&quot;possibleAnswerText&quot;:&quot;Curaçaoan&quot;},{&quot;possibleAnswerCode&quot;:&quot;ZQP20050071&quot;,&quot;possibleAnswerText&quot;:&quot;Cypriot&quot;},{&quot;possibleAnswerCode&quot;:&quot;ZQP20050072&quot;,&quot;possibleAnswerText&quot;:&quot;Czech&quot;},{&quot;possibleAnswerCode&quot;:&quot;ZQP20050073&quot;,&quot;possibleAnswerText&quot;:&quot;Danish&quot;},{&quot;possibleAnswerCode&quot;:&quot;ZQP20050074&quot;,&quot;possibleAnswerText&quot;:&quot;Djiboutian&quot;},{&quot;possibleAnswerCode&quot;:&quot;ZQP20050075&quot;,&quot;possibleAnswerText&quot;:&quot;Dominican&quot;},{&quot;possibleAnswerCode&quot;:&quot;ZQP20050076&quot;,&quot;possibleAnswerText&quot;:&quot;Dutch&quot;},{&quot;possibleAnswerCode&quot;:&quot;ZQP20050077&quot;,&quot;possibleAnswerText&quot;:&quot;East Timorese&quot;},{&quot;possibleAnswerCode&quot;:&quot;ZQP20050078&quot;,&quot;possibleAnswerText&quot;:&quot;Ecuadorean&quot;},{&quot;possibleAnswerCode&quot;:&quot;ZQP20050079&quot;,&quot;possibleAnswerText&quot;:&quot;Egyptian&quot;},{&quot;possibleAnswerCode&quot;:&quot;ZQP20050080&quot;,&quot;possibleAnswerText&quot;:&quot;Emirati&quot;},{&quot;possibleAnswerCode&quot;:&quot;ZQP20050081&quot;,&quot;possibleAnswerText&quot;:&quot;Equatoguinean&quot;},{&quot;possibleAnswerCode&quot;:&quot;ZQP20050082&quot;,&quot;possibleAnswerText&quot;:&quot;Eritrean&quot;},{&quot;possibleAnswerCode&quot;:&quot;ZQP20050083&quot;,&quot;possibleAnswerText&quot;:&quot;Estonian&quot;},{&quot;possibleAnswerCode&quot;:&quot;ZQP20050084&quot;,&quot;possibleAnswerText&quot;:&quot;Ethiopian&quot;},{&quot;possibleAnswerCode&quot;:&quot;ZQP20050085&quot;,&quot;possibleAnswerText&quot;:&quot;Falkland Islander&quot;},{&quot;possibleAnswerCode&quot;:&quot;ZQP20050086&quot;,&quot;possibleAnswerText&quot;:&quot;Faroese&quot;},{&quot;possibleAnswerCode&quot;:&quot;ZQP20050087&quot;,&quot;possibleAnswerText&quot;:&quot;Fijian&quot;},{&quot;possibleAnswerCode&quot;:&quot;ZQP20050088&quot;,&quot;possibleAnswerText&quot;:&quot;Filipino&quot;},{&quot;possibleAnswerCode&quot;:&quot;ZQP20050089&quot;,&quot;possibleAnswerText&quot;:&quot;Finnish&quot;},{&quot;possibleAnswerCode&quot;:&quot;ZQP20050090&quot;,&quot;possibleAnswerText&quot;:&quot;French&quot;},{&quot;possibleAnswerCode&quot;:&quot;ZQP20050091&quot;,&quot;possibleAnswerText&quot;:&quot;French Polynesian&quot;},{&quot;possibleAnswerCode&quot;:&quot;ZQP20050092&quot;,&quot;possibleAnswerText&quot;:&quot;Gabonese&quot;},{&quot;possibleAnswerCode&quot;:&quot;ZQP20050093&quot;,&quot;possibleAnswerText&quot;:&quot;Gambian&quot;},{&quot;possibleAnswerCode&quot;:&quot;ZQP20050094&quot;,&quot;possibleAnswerText&quot;:&quot;Georgian&quot;},{&quot;possibleAnswerCode&quot;:&quot;ZQP20050095&quot;,&quot;possibleAnswerText&quot;:&quot;German&quot;},{&quot;possibleAnswerCode&quot;:&quot;ZQP20050096&quot;,&quot;possibleAnswerText&quot;:&quot;Ghanian&quot;},{&quot;possibleAnswerCode&quot;:&quot;ZQP20050097&quot;,&quot;possibleAnswerText&quot;:&quot;Gibraltarian&quot;},{&quot;possibleAnswerCode&quot;:&quot;ZQP20050098&quot;,&quot;possibleAnswerText&quot;:&quot;Greek&quot;},{&quot;possibleAnswerCode&quot;:&quot;ZQP20050099&quot;,&quot;possibleAnswerText&quot;:&quot;Greenlandic&quot;},{&quot;possibleAnswerCode&quot;:&quot;ZQP20050100&quot;,&quot;possibleAnswerText&quot;:&quot;Grenadian&quot;},{&quot;possibleAnswerCode&quot;:&quot;ZQP20050101&quot;,&quot;possibleAnswerText&quot;:&quot;Guatemalan&quot;},{&quot;possibleAnswerCode&quot;:&quot;ZQP20050102&quot;,&quot;possibleAnswerText&quot;:&quot;Guinean&quot;},{&quot;possibleAnswerCode&quot;:&quot;ZQP20050103&quot;,&quot;possibleAnswerText&quot;:&quot;Guyanese&quot;},{&quot;possibleAnswerCode&quot;:&quot;ZQP20050104&quot;,&quot;possibleAnswerText&quot;:&quot;Haitian&quot;},{&quot;possibleAnswerCode&quot;:&quot;ZQP20050105&quot;,&quot;possibleAnswerText&quot;:&quot;Honduran&quot;},{&quot;possibleAnswerCode&quot;:&quot;ZQP20050106&quot;,&quot;possibleAnswerText&quot;:&quot;Hong Konger&quot;},{&quot;possibleAnswerCode&quot;:&quot;ZQP20050107&quot;,&quot;possibleAnswerText&quot;:&quot;Hungarian&quot;},{&quot;possibleAnswerCode&quot;:&quot;ZQP20050108&quot;,&quot;possibleAnswerText&quot;:&quot;Icelandic&quot;},{&quot;possibleAnswerCode&quot;:&quot;ZQP20050109&quot;,&quot;possibleAnswerText&quot;:&quot;I-Kiribati&quot;},{&quot;possibleAnswerCode&quot;:&quot;ZQP20050110&quot;,&quot;possibleAnswerText&quot;:&quot;Indian&quot;},{&quot;possibleAnswerCode&quot;:&quot;ZQP20050111&quot;,&quot;possibleAnswerText&quot;:&quot;Indonesian&quot;},{&quot;possibleAnswerCode&quot;:&quot;ZQP20050112&quot;,&quot;possibleAnswerText&quot;:&quot;Iranian&quot;},{&quot;possibleAnswerCode&quot;:&quot;ZQP20050113&quot;,&quot;possibleAnswerText&quot;:&quot;Iraqi&quot;},{&quot;possibleAnswerCode&quot;:&quot;ZQP20050114&quot;,&quot;possibleAnswerText&quot;:&quot;Irish&quot;},{&quot;possibleAnswerCode&quot;:&quot;ZQP20050115&quot;,&quot;possibleAnswerText&quot;:&quot;Israeli&quot;},{&quot;possibleAnswerCode&quot;:&quot;ZQP20050116&quot;,&quot;possibleAnswerText&quot;:&quot;Italian&quot;},{&quot;possibleAnswerCode&quot;:&quot;ZQP20050117&quot;,&quot;possibleAnswerText&quot;:&quot;Ivorian&quot;},{&quot;possibleAnswerCode&quot;:&quot;ZQP20050118&quot;,&quot;possibleAnswerText&quot;:&quot;Jamaican&quot;},{&quot;possibleAnswerCode&quot;:&quot;ZQP20050119&quot;,&quot;possibleAnswerText&quot;:&quot;Japanese&quot;},{&quot;possibleAnswerCode&quot;:&quot;ZQP20050120&quot;,&quot;possibleAnswerText&quot;:&quot;Jordanian&quot;},{&quot;possibleAnswerCode&quot;:&quot;ZQP20050121&quot;,&quot;possibleAnswerText&quot;:&quot;Kenyan&quot;},{&quot;possibleAnswerCode&quot;:&quot;ZQP20050122&quot;,&quot;possibleAnswerText&quot;:&quot;Khazakstani&quot;},{&quot;possibleAnswerCode&quot;:&quot;ZQP20050123&quot;,&quot;possibleAnswerText&quot;:&quot;Kittitian&quot;},{&quot;possibleAnswerCode&quot;:&quot;ZQP20050124&quot;,&quot;possibleAnswerText&quot;:&quot;Kuwaiti&quot;},{&quot;possibleAnswerCode&quot;:&quot;ZQP20050125&quot;,&quot;possibleAnswerText&quot;:&quot;Kyrgyz&quot;},{&quot;possibleAnswerCode&quot;:&quot;ZQP20050126&quot;,&quot;possibleAnswerText&quot;:&quot;Laotian&quot;},{&quot;possibleAnswerCode&quot;:&quot;ZQP20050127&quot;,&quot;possibleAnswerText&quot;:&quot;Latvian&quot;},{&quot;possibleAnswerCode&quot;:&quot;ZQP20050128&quot;,&quot;possibleAnswerText&quot;:&quot;Lebanese&quot;},{&quot;possibleAnswerCode&quot;:&quot;ZQP20050129&quot;,&quot;possibleAnswerText&quot;:&quot;Liberian&quot;},{&quot;possibleAnswerCode&quot;:&quot;ZQP20050130&quot;,&quot;possibleAnswerText&quot;:&quot;Libyans&quot;},{&quot;possibleAnswerCode&quot;:&quot;ZQP20050131&quot;,&quot;possibleAnswerText&quot;:&quot;Liechtensteiner&quot;},{&quot;possibleAnswerCode&quot;:&quot;ZQP20050132&quot;,&quot;possibleAnswerText&quot;:&quot;Lithuanian&quot;},{&quot;possibleAnswerCode&quot;:&quot;ZQP20050133&quot;,&quot;possibleAnswerText&quot;:&quot;Luxembourgers&quot;},{&quot;possibleAnswerCode&quot;:&quot;ZQP20050134&quot;,&quot;possibleAnswerText&quot;:&quot;Macanese&quot;},{&quot;possibleAnswerCode&quot;:&quot;ZQP20050135&quot;,&quot;possibleAnswerText&quot;:&quot;Macedonian&quot;},{&quot;possibleAnswerCode&quot;:&quot;ZQP20050136&quot;,&quot;possibleAnswerText&quot;:&quot;Mahoran&quot;},{&quot;possibleAnswerCode&quot;:&quot;ZQP20050137&quot;,&quot;possibleAnswerText&quot;:&quot;Malagasy&quot;},{&quot;possibleAnswerCode&quot;:&quot;ZQP20050138&quot;,&quot;possibleAnswerText&quot;:&quot;Malawian&quot;},{&quot;possibleAnswerCode&quot;:&quot;ZQP20050139&quot;,&quot;possibleAnswerText&quot;:&quot;Malaysian&quot;},{&quot;possibleAnswerCode&quot;:&quot;ZQP20050140&quot;,&quot;possibleAnswerText&quot;:&quot;Maldivian&quot;},{&quot;possibleAnswerCode&quot;:&quot;ZQP20050141&quot;,&quot;possibleAnswerText&quot;:&quot;Malian&quot;},{&quot;possibleAnswerCode&quot;:&quot;ZQP20050142&quot;,&quot;possibleAnswerText&quot;:&quot;Maltese&quot;},{&quot;possibleAnswerCode&quot;:&quot;ZQP20050143&quot;,&quot;possibleAnswerText&quot;:&quot;Marshallese&quot;},{&quot;possibleAnswerCode&quot;:&quot;ZQP20050144&quot;,&quot;possibleAnswerText&quot;:&quot;Mauritanian&quot;},{&quot;possibleAnswerCode&quot;:&quot;ZQP20050145&quot;,&quot;possibleAnswerText&quot;:&quot;Mauritian&quot;},{&quot;possibleAnswerCode&quot;:&quot;ZQP20050146&quot;,&quot;possibleAnswerText&quot;:&quot;Mexican&quot;},{&quot;possibleAnswerCode&quot;:&quot;ZQP20050147&quot;,&quot;possibleAnswerText&quot;:&quot;Micronesian&quot;},{&quot;possibleAnswerCode&quot;:&quot;ZQP20050148&quot;,&quot;possibleAnswerText&quot;:&quot;Moldovan&quot;},{&quot;possibleAnswerCode&quot;:&quot;ZQP20050149&quot;,&quot;possibleAnswerText&quot;:&quot;Monégasque&quot;},{&quot;possibleAnswerCode&quot;:&quot;ZQP20050150&quot;,&quot;possibleAnswerText&quot;:&quot;Mongolian&quot;},{&quot;possibleAnswerCode&quot;:&quot;ZQP20050151&quot;,&quot;possibleAnswerText&quot;:&quot;Montenegrin&quot;},{&quot;possibleAnswerCode&quot;:&quot;ZQP20050152&quot;,&quot;possibleAnswerText&quot;:&quot;Moroccan&quot;},{&quot;possibleAnswerCode&quot;:&quot;ZQP20050153&quot;,&quot;possibleAnswerText&quot;:&quot;Mosotho&quot;},{&quot;possibleAnswerCode&quot;:&quot;ZQP20050154&quot;,&quot;possibleAnswerText&quot;:&quot;Mozambican&quot;},{&quot;possibleAnswerCode&quot;:&quot;ZQP20050155&quot;,&quot;possibleAnswerText&quot;:&quot;Namibian&quot;},{&quot;possibleAnswerCode&quot;:&quot;ZQP20050156&quot;,&quot;possibleAnswerText&quot;:&quot;Nauruan&quot;},{&quot;possibleAnswerCode&quot;:&quot;ZQP20050157&quot;,&quot;possibleAnswerText&quot;:&quot;Nepalese&quot;},{&quot;possibleAnswerCode&quot;:&quot;ZQP20050158&quot;,&quot;possibleAnswerText&quot;:&quot;New Zealander&quot;},{&quot;possibleAnswerCode&quot;:&quot;ZQP20050159&quot;,&quot;possibleAnswerText&quot;:&quot;Nicaraguan&quot;},{&quot;possibleAnswerCode&quot;:&quot;ZQP20050160&quot;,&quot;possibleAnswerText&quot;:&quot;Nigerian&quot;},{&quot;possibleAnswerCode&quot;:&quot;ZQP20050161&quot;,&quot;possibleAnswerText&quot;:&quot;Nigerien&quot;},{&quot;possibleAnswerCode&quot;:&quot;ZQP20050162&quot;,&quot;possibleAnswerText&quot;:&quot;Ni-Vanuatu&quot;},{&quot;possibleAnswerCode&quot;:&quot;ZQP20050163&quot;,&quot;possibleAnswerText&quot;:&quot;North Korean&quot;},{&quot;possibleAnswerCode&quot;:&quot;ZQP20050164&quot;,&quot;possibleAnswerText&quot;:&quot;Norwegian&quot;},{&quot;possibleAnswerCode&quot;:&quot;ZQP20050165&quot;,&quot;possibleAnswerText&quot;:&quot;Omani&quot;},{&quot;possibleAnswerCode&quot;:&quot;ZQP20050166&quot;,&quot;possibleAnswerText&quot;:&quot;Other&quot;},{&quot;possibleAnswerCode&quot;:&quot;ZQP20050167&quot;,&quot;possibleAnswerText&quot;:&quot;Pakistani&quot;},{&quot;possibleAnswerCode&quot;:&quot;ZQP20050168&quot;,&quot;possibleAnswerText&quot;:&quot;Palauan&quot;},{&quot;possibleAnswerCode&quot;:&quot;ZQP20050169&quot;,&quot;possibleAnswerText&quot;:&quot;Palestinian&quot;},{&quot;possibleAnswerCode&quot;:&quot;ZQP20050170&quot;,&quot;possibleAnswerText&quot;:&quot;Panamanian&quot;},{&quot;possibleAnswerCode&quot;:&quot;ZQP20050171&quot;,&quot;possibleAnswerText&quot;:&quot;Papua New Guinean&quot;},{&quot;possibleAnswerCode&quot;:&quot;ZQP20050172&quot;,&quot;possibleAnswerText&quot;:&quot;Paraguayan&quot;},{&quot;possibleAnswerCode&quot;:&quot;ZQP20050173&quot;,&quot;possibleAnswerText&quot;:&quot;Peruvian&quot;},{&quot;possibleAnswerCode&quot;:&quot;ZQP20050174&quot;,&quot;possibleAnswerText&quot;:&quot;Polish&quot;},{&quot;possibleAnswerCode&quot;:&quot;ZQP20050175&quot;,&quot;possibleAnswerText&quot;:&quot;Portuguese&quot;},{&quot;possibleAnswerCode&quot;:&quot;ZQP20050176&quot;,&quot;possibleAnswerText&quot;:&quot;Puerto Rican&quot;},{&quot;possibleAnswerCode&quot;:&quot;ZQP20050177&quot;,&quot;possibleAnswerText&quot;:&quot;Qatari&quot;},{&quot;possibleAnswerCode&quot;:&quot;ZQP20050178&quot;,&quot;possibleAnswerText&quot;:&quot;Romanian&quot;},{&quot;possibleAnswerCode&quot;:&quot;ZQP20050179&quot;,&quot;possibleAnswerText&quot;:&quot;Russian&quot;},{&quot;possibleAnswerCode&quot;:&quot;ZQP20050180&quot;,&quot;possibleAnswerText&quot;:&quot;Rwandan&quot;},{&quot;possibleAnswerCode&quot;:&quot;ZQP20050181&quot;,&quot;possibleAnswerText&quot;:&quot;Saint Lucian&quot;},{&quot;possibleAnswerCode&quot;:&quot;ZQP20050182&quot;,&quot;possibleAnswerText&quot;:&quot;Salvadoran&quot;},{&quot;possibleAnswerCode&quot;:&quot;ZQP20050183&quot;,&quot;possibleAnswerText&quot;:&quot;Sammarinese&quot;},{&quot;possibleAnswerCode&quot;:&quot;ZQP20050184&quot;,&quot;possibleAnswerText&quot;:&quot;Samoan&quot;},{&quot;possibleAnswerCode&quot;:&quot;ZQP20050185&quot;,&quot;possibleAnswerText&quot;:&quot;Santomean&quot;},{&quot;possibleAnswerCode&quot;:&quot;ZQP20050186&quot;,&quot;possibleAnswerText&quot;:&quot;Saudi Arabian&quot;},{&quot;possibleAnswerCode&quot;:&quot;ZQP20050187&quot;,&quot;possibleAnswerText&quot;:&quot;Senegalese&quot;},{&quot;possibleAnswerCode&quot;:&quot;ZQP20050188&quot;,&quot;possibleAnswerText&quot;:&quot;Serbian&quot;},{&quot;possibleAnswerCode&quot;:&quot;ZQP20050189&quot;,&quot;possibleAnswerText&quot;:&quot;Seychellois&quot;},{&quot;possibleAnswerCode&quot;:&quot;ZQP20050190&quot;,&quot;possibleAnswerText&quot;:&quot;Sierra Leonean&quot;},{&quot;possibleAnswerCode&quot;:&quot;ZQP20050191&quot;,&quot;possibleAnswerText&quot;:&quot;Singaporean&quot;},{&quot;possibleAnswerCode&quot;:&quot;ZQP20050192&quot;,&quot;possibleAnswerText&quot;:&quot;Slovak&quot;},{&quot;possibleAnswerCode&quot;:&quot;ZQP20050193&quot;,&quot;possibleAnswerText&quot;:&quot;Slovenian&quot;},{&quot;possibleAnswerCode&quot;:&quot;ZQP20050194&quot;,&quot;possibleAnswerText&quot;:&quot;Solomon Islander&quot;},{&quot;possibleAnswerCode&quot;:&quot;ZQP20050195&quot;,&quot;possibleAnswerText&quot;:&quot;Somali&quot;},{&quot;possibleAnswerCode&quot;:&quot;ZQP20050196&quot;,&quot;possibleAnswerText&quot;:&quot;South African&quot;},{&quot;possibleAnswerCode&quot;:&quot;ZQP20050197&quot;,&quot;possibleAnswerText&quot;:&quot;South Korean&quot;},{&quot;possibleAnswerCode&quot;:&quot;ZQP20050198&quot;,&quot;possibleAnswerText&quot;:&quot;Spanish&quot;},{&quot;possibleAnswerCode&quot;:&quot;ZQP20050199&quot;,&quot;possibleAnswerText&quot;:&quot;Sri Lankan&quot;},{&quot;possibleAnswerCode&quot;:&quot;ZQP20050200&quot;,&quot;possibleAnswerText&quot;:&quot;Sudanese&quot;},{&quot;possibleAnswerCode&quot;:&quot;ZQP20050201&quot;,&quot;possibleAnswerText&quot;:&quot;Surinamese&quot;},{&quot;possibleAnswerCode&quot;:&quot;ZQP20050202&quot;,&quot;possibleAnswerText&quot;:&quot;Swazi&quot;},{&quot;possibleAnswerCode&quot;:&quot;ZQP20050203&quot;,&quot;possibleAnswerText&quot;:&quot;Swedish&quot;},{&quot;possibleAnswerCode&quot;:&quot;ZQP20050204&quot;,&quot;possibleAnswerText&quot;:&quot;Swiss&quot;},{&quot;possibleAnswerCode&quot;:&quot;ZQP20050205&quot;,&quot;possibleAnswerText&quot;:&quot;Syrian&quot;},{&quot;possibleAnswerCode&quot;:&quot;ZQP20050206&quot;,&quot;possibleAnswerText&quot;:&quot;Taiwanese&quot;},{&quot;possibleAnswerCode&quot;:&quot;ZQP20050207&quot;,&quot;possibleAnswerText&quot;:&quot;Tajikistani&quot;},{&quot;possibleAnswerCode&quot;:&quot;ZQP20050208&quot;,&quot;possibleAnswerText&quot;:&quot;Tanzanian&quot;},{&quot;possibleAnswerCode&quot;:&quot;ZQP20050209&quot;,&quot;possibleAnswerText&quot;:&quot;Thai&quot;},{&quot;possibleAnswerCode&quot;:&quot;ZQP20050210&quot;,&quot;possibleAnswerText&quot;:&quot;Togolese&quot;},{&quot;possibleAnswerCode&quot;:&quot;ZQP20050211&quot;,&quot;possibleAnswerText&quot;:&quot;Tokelauan&quot;},{&quot;possibleAnswerCode&quot;:&quot;ZQP20050212&quot;,&quot;possibleAnswerText&quot;:&quot;Tongan&quot;},{&quot;possibleAnswerCode&quot;:&quot;ZQP20050213&quot;,&quot;possibleAnswerText&quot;:&quot;Trinidadian&quot;},{&quot;possibleAnswerCode&quot;:&quot;ZQP20050214&quot;,&quot;possibleAnswerText&quot;:&quot;Tunisian&quot;},{&quot;possibleAnswerCode&quot;:&quot;ZQP20050215&quot;,&quot;possibleAnswerText&quot;:&quot;Turkish&quot;},{&quot;possibleAnswerCode&quot;:&quot;ZQP20050216&quot;,&quot;possibleAnswerText&quot;:&quot;Turkmen&quot;},{&quot;possibleAnswerCode&quot;:&quot;ZQP20050217&quot;,&quot;possibleAnswerText&quot;:&quot;Turks and Caicos Islander&quot;},{&quot;possibleAnswerCode&quot;:&quot;ZQP20050218&quot;,&quot;possibleAnswerText&quot;:&quot;Tuvaluan&quot;},{&quot;possibleAnswerCode&quot;:&quot;ZQP20050219&quot;,&quot;possibleAnswerText&quot;:&quot;Ugandan&quot;},{&quot;possibleAnswerCode&quot;:&quot;ZQP20050220&quot;,&quot;possibleAnswerText&quot;:&quot;Ukrainian&quot;},{&quot;possibleAnswerCode&quot;:&quot;ZQP20050221&quot;,&quot;possibleAnswerText&quot;:&quot;Uruguayan&quot;},{&quot;possibleAnswerCode&quot;:&quot;ZQP20050222&quot;,&quot;possibleAnswerText&quot;:&quot;US Virgin Islander&quot;},{&quot;possibleAnswerCode&quot;:&quot;ZQP20050223&quot;,&quot;possibleAnswerText&quot;:&quot;Uzbekistani&quot;},{&quot;possibleAnswerCode&quot;:&quot;ZQP20050224&quot;,&quot;possibleAnswerText&quot;:&quot;Venezuelan&quot;},{&quot;possibleAnswerCode&quot;:&quot;ZQP20050225&quot;,&quot;possibleAnswerText&quot;:&quot;Vietnamese&quot;},{&quot;possibleAnswerCode&quot;:&quot;ZQP20050226&quot;,&quot;possibleAnswerText&quot;:&quot;Vincentian&quot;},{&quot;possibleAnswerCode&quot;:&quot;ZQP20050227&quot;,&quot;possibleAnswerText&quot;:&quot;Virgin Islander&quot;},{&quot;possibleAnswerCode&quot;:&quot;ZQP20050228&quot;,&quot;possibleAnswerText&quot;:&quot;Wallisian&quot;},{&quot;possibleAnswerCode&quot;:&quot;ZQP20050229&quot;,&quot;possibleAnswerText&quot;:&quot;Western Saharan&quot;},{&quot;possibleAnswerCode&quot;:&quot;ZQP20050230&quot;,&quot;possibleAnswerText&quot;:&quot;Yemeni&quot;},{&quot;possibleAnswerCode&quot;:&quot;ZQP20050231&quot;,&quot;possibleAnswerText&quot;:&quot;Zambian&quot;},{&quot;possibleAnswerCode&quot;:&quot;ZQP20050232&quot;,&quot;possibleAnswerText&quot;:&quot;Zimbabwean&quot;}]},{&quot;questionType&quot;:&quot;MULTIPLE_CHOICE&quot;,&quot;questionCode&quot;:&quot;ZQQ20050005&quot;,&quot;questionText&quot;:&quot;What are the main languages spoken by employees/workers at this site?  Please select all applicable answers.&quot;,&quot;sectorProfiles&quot;:[&quot;BIGAGRI&quot;,&quot;MANUFACT&quot;],&quot;possibleAnswers&quot;:[{&quot;possibleAnswerCode&quot;:&quot;ZQP20050233&quot;,&quot;possibleAnswerText&quot;:&quot;Abkhazian&quot;},{&quot;possibleAnswerCode&quot;:&quot;ZQP20050234&quot;,&quot;possibleAnswerText&quot;:&quot;Achinese&quot;},{&quot;possibleAnswerCode&quot;:&quot;ZQP20050235&quot;,&quot;possibleAnswerText&quot;:&quot;Acoli&quot;},{&quot;possibleAnswerCode&quot;:&quot;ZQP20050236&quot;,&quot;possibleAnswerText&quot;:&quot;Adangme&quot;},{&quot;possibleAnswerCode&quot;:&quot;ZQP20050237&quot;,&quot;possibleAnswerText&quot;:&quot;Adygei&quot;},{&quot;possibleAnswerCode&quot;:&quot;ZQP20050238&quot;,&quot;possibleAnswerText&quot;:&quot;Adyghe&quot;},{&quot;possibleAnswerCode&quot;:&quot;ZQP20050239&quot;,&quot;possibleAnswerText&quot;:&quot;Afar&quot;},{&quot;possibleAnswerCode&quot;:&quot;ZQP20050240&quot;,&quot;possibleAnswerText&quot;:&quot;Afrihili&quot;},{&quot;possibleAnswerCode&quot;:&quot;ZQP20050241&quot;,&quot;possibleAnswerText&quot;:&quot;Afrikaans&quot;},{&quot;possibleAnswerCode&quot;:&quot;ZQP20050242&quot;,&quot;possibleAnswerText&quot;:&quot;Afro-Asiatic languages&quot;},{&quot;possibleAnswerCode&quot;:&quot;ZQP20050243&quot;,&quot;possibleAnswerText&quot;:&quot;Ainu&quot;},{&quot;possibleAnswerCode&quot;:&quot;ZQP20050244&quot;,&quot;possibleAnswerText&quot;:&quot;Akan&quot;},{&quot;possibleAnswerCode&quot;:&quot;ZQP20050245&quot;,&quot;possibleAnswerText&quot;:&quot;Akkadian&quot;},{&quot;possibleAnswerCode&quot;:&quot;ZQP20050246&quot;,&quot;possibleAnswerText&quot;:&quot;Albanian&quot;},{&quot;possibleAnswerCode&quot;:&quot;ZQP20050247&quot;,&quot;possibleAnswerText&quot;:&quot;Alemannic&quot;},{&quot;possibleAnswerCode&quot;:&quot;ZQP20050248&quot;,&quot;possibleAnswerText&quot;:&quot;Aleut&quot;},{&quot;possibleAnswerCode&quot;:&quot;ZQP20050249&quot;,&quot;possibleAnswerText&quot;:&quot;Algonquian languages&quot;},{&quot;possibleAnswerCode&quot;:&quot;ZQP20050250&quot;,&quot;possibleAnswerText&quot;:&quot;Alsatian&quot;},{&quot;possibleAnswerCode&quot;:&quot;ZQP20050251&quot;,&quot;possibleAnswerText&quot;:&quot;Altaic languages&quot;},{&quot;possibleAnswerCode&quot;:&quot;ZQP20050252&quot;,&quot;possibleAnswerText&quot;:&quot;Amharic&quot;},{&quot;possibleAnswerCode&quot;:&quot;ZQP20050253&quot;,&quot;possibleAnswerText&quot;:&quot;Angika&quot;},{&quot;possibleAnswerCode&quot;:&quot;ZQP20050254&quot;,&quot;possibleAnswerText&quot;:&quot;Apache languages&quot;},{&quot;possibleAnswerCode&quot;:&quot;ZQP20050255&quot;,&quot;possibleAnswerText&quot;:&quot;Arabic&quot;},{&quot;possibleAnswerCode&quot;:&quot;ZQP20050256&quot;,&quot;possibleAnswerText&quot;:&quot;Aragonese&quot;},{&quot;possibleAnswerCode&quot;:&quot;ZQP20050257&quot;,&quot;possibleAnswerText&quot;:&quot;Arapaho&quot;},{&quot;possibleAnswerCode&quot;:&quot;ZQP20050258&quot;,&quot;possibleAnswerText&quot;:&quot;Arawak&quot;},{&quot;possibleAnswerCode&quot;:&quot;ZQP20050259&quot;,&quot;possibleAnswerText&quot;:&quot;Armenian&quot;},{&quot;possibleAnswerCode&quot;:&quot;ZQP20050260&quot;,&quot;possibleAnswerText&quot;:&quot;Aromanian&quot;},{&quot;possibleAnswerCode&quot;:&quot;ZQP20050261&quot;,&quot;possibleAnswerText&quot;:&quot;Artificial languages&quot;},{&quot;possibleAnswerCode&quot;:&quot;ZQP20050262&quot;,&quot;possibleAnswerText&quot;:&quot;Arumanian&quot;},{&quot;possibleAnswerCode&quot;:&quot;ZQP20050263&quot;,&quot;possibleAnswerText&quot;:&quot;Assamese&quot;},{&quot;possibleAnswerCode&quot;:&quot;ZQP20050264&quot;,&quot;possibleAnswerText&quot;:&quot;Asturian&quot;},{&quot;possibleAnswerCode&quot;:&quot;ZQP20050265&quot;,&quot;possibleAnswerText&quot;:&quot;Asturleonese&quot;},{&quot;possibleAnswerCode&quot;:&quot;ZQP20050266&quot;,&quot;possibleAnswerText&quot;:&quot;Athapascan languages&quot;},{&quot;possibleAnswerCode&quot;:&quot;ZQP20050267&quot;,&quot;possibleAnswerText&quot;:&quot;Australian languages&quot;},{&quot;possibleAnswerCode&quot;:&quot;ZQP20050268&quot;,&quot;possibleAnswerText&quot;:&quot;Austronesian languages&quot;},{&quot;possibleAnswerCode&quot;:&quot;ZQP20050269&quot;,&quot;possibleAnswerText&quot;:&quot;Avaric&quot;},{&quot;possibleAnswerCode&quot;:&quot;ZQP20050270&quot;,&quot;possibleAnswerText&quot;:&quot;Avestan&quot;},{&quot;possibleAnswerCode&quot;:&quot;ZQP20050271&quot;,&quot;possibleAnswerText&quot;:&quot;Awadhi&quot;},{&quot;possibleAnswerCode&quot;:&quot;ZQP20050272&quot;,&quot;possibleAnswerText&quot;:&quot;Aymara&quot;},{&quot;possibleAnswerCode&quot;:&quot;ZQP20050273&quot;,&quot;possibleAnswerText&quot;:&quot;Azerbaijani&quot;},{&quot;possibleAnswerCode&quot;:&quot;ZQP20050274&quot;,&quot;possibleAnswerText&quot;:&quot;Bable&quot;},{&quot;possibleAnswerCode&quot;:&quot;ZQP20050275&quot;,&quot;possibleAnswerText&quot;:&quot;Balinese&quot;},{&quot;possibleAnswerCode&quot;:&quot;ZQP20050276&quot;,&quot;possibleAnswerText&quot;:&quot;Baltic languages&quot;},{&quot;possibleAnswerCode&quot;:&quot;ZQP20050277&quot;,&quot;possibleAnswerText&quot;:&quot;Baluchi&quot;},{&quot;possibleAnswerCode&quot;:&quot;ZQP20050278&quot;,&quot;possibleAnswerText&quot;:&quot;Bambara&quot;},{&quot;possibleAnswerCode&quot;:&quot;ZQP20050279&quot;,&quot;possibleAnswerText&quot;:&quot;Bamileke languages&quot;},{&quot;possibleAnswerCode&quot;:&quot;ZQP20050280&quot;,&quot;possibleAnswerText&quot;:&quot;Banda languages&quot;},{&quot;possibleAnswerCode&quot;:&quot;ZQP20050281&quot;,&quot;possibleAnswerText&quot;:&quot;Bantu languages&quot;},{&quot;possibleAnswerCode&quot;:&quot;ZQP20050282&quot;,&quot;possibleAnswerText&quot;:&quot;Basa&quot;},{&quot;possibleAnswerCode&quot;:&quot;ZQP20050283&quot;,&quot;possibleAnswerText&quot;:&quot;Bashkir&quot;},{&quot;possibleAnswerCode&quot;:&quot;ZQP20050284&quot;,&quot;possibleAnswerText&quot;:&quot;Basque&quot;},{&quot;possibleAnswerCode&quot;:&quot;ZQP20050285&quot;,&quot;possibleAnswerText&quot;:&quot;Batak languages&quot;},{&quot;possibleAnswerCode&quot;:&quot;ZQP20050286&quot;,&quot;possibleAnswerText&quot;:&quot;Bedawiyet&quot;},{&quot;possibleAnswerCode&quot;:&quot;ZQP20050287&quot;,&quot;possibleAnswerText&quot;:&quot;Beja&quot;},{&quot;possibleAnswerCode&quot;:&quot;ZQP20050288&quot;,&quot;possibleAnswerText&quot;:&quot;Belarusian&quot;},{&quot;possibleAnswerCode&quot;:&quot;ZQP20050289&quot;,&quot;possibleAnswerText&quot;:&quot;Bemba&quot;},{&quot;possibleAnswerCode&quot;:&quot;ZQP20050290&quot;,&quot;possibleAnswerText&quot;:&quot;Bengali&quot;},{&quot;possibleAnswerCode&quot;:&quot;ZQP20050291&quot;,&quot;possibleAnswerText&quot;:&quot;Berber languages&quot;},{&quot;possibleAnswerCode&quot;:&quot;ZQP20050292&quot;,&quot;possibleAnswerText&quot;:&quot;Bhojpuri&quot;},{&quot;possibleAnswerCode&quot;:&quot;ZQP20050293&quot;,&quot;possibleAnswerText&quot;:&quot;Bihari languages&quot;},{&quot;possibleAnswerCode&quot;:&quot;ZQP20050294&quot;,&quot;possibleAnswerText&quot;:&quot;Bikol&quot;},{&quot;possibleAnswerCode&quot;:&quot;ZQP20050295&quot;,&quot;possibleAnswerText&quot;:&quot;Bilin&quot;},{&quot;possibleAnswerCode&quot;:&quot;ZQP20050296&quot;,&quot;possibleAnswerText&quot;:&quot;Bini&quot;},{&quot;possibleAnswerCode&quot;:&quot;ZQP20050297&quot;,&quot;possibleAnswerText&quot;:&quot;Bislama&quot;},{&quot;possibleAnswerCode&quot;:&quot;ZQP20050298&quot;,&quot;possibleAnswerText&quot;:&quot;Blin&quot;},{&quot;possibleAnswerCode&quot;:&quot;ZQP20050299&quot;,&quot;possibleAnswerText&quot;:&quot;Bliss&quot;},{&quot;possibleAnswerCode&quot;:&quot;ZQP20050300&quot;,&quot;possibleAnswerText&quot;:&quot;Blissymbolics&quot;},{&quot;possibleAnswerCode&quot;:&quot;ZQP20050301&quot;,&quot;possibleAnswerText&quot;:&quot;Blissymbols&quot;},{&quot;possibleAnswerCode&quot;:&quot;ZQP20050302&quot;,&quot;possibleAnswerText&quot;:&quot;Bokmål, Norwegian&quot;},{&quot;possibleAnswerCode&quot;:&quot;ZQP20050303&quot;,&quot;possibleAnswerText&quot;:&quot;Bosnian&quot;},{&quot;possibleAnswerCode&quot;:&quot;ZQP20050304&quot;,&quot;possibleAnswerText&quot;:&quot;Braj&quot;},{&quot;possibleAnswerCode&quot;:&quot;ZQP20050305&quot;,&quot;possibleAnswerText&quot;:&quot;Breton&quot;},{&quot;possibleAnswerCode&quot;:&quot;ZQP20050306&quot;,&quot;possibleAnswerText&quot;:&quot;Buginese&quot;},{&quot;possibleAnswerCode&quot;:&quot;ZQP20050307&quot;,&quot;possibleAnswerText&quot;:&quot;Bulgarian&quot;},{&quot;possibleAnswerCode&quot;:&quot;ZQP20050308&quot;,&quot;possibleAnswerText&quot;:&quot;Buriat&quot;},{&quot;possibleAnswerCode&quot;:&quot;ZQP20050309&quot;,&quot;possibleAnswerText&quot;:&quot;Burmese&quot;},{&quot;possibleAnswerCode&quot;:&quot;ZQP20050310&quot;,&quot;possibleAnswerText&quot;:&quot;Caddo&quot;},{&quot;possibleAnswerCode&quot;:&quot;ZQP20050311&quot;,&quot;possibleAnswerText&quot;:&quot;Cantonese&quot;},{&quot;possibleAnswerCode&quot;:&quot;ZQP20050312&quot;,&quot;possibleAnswerText&quot;:&quot;Castilian&quot;},{&quot;possibleAnswerCode&quot;:&quot;ZQP20050313&quot;,&quot;possibleAnswerText&quot;:&quot;Catalan&quot;},{&quot;possibleAnswerCode&quot;:&quot;ZQP20050314&quot;,&quot;possibleAnswerText&quot;:&quot;Caucasian languages&quot;},{&quot;possibleAnswerCode&quot;:&quot;ZQP20050315&quot;,&quot;possibleAnswerText&quot;:&quot;Cebuano&quot;},{&quot;possibleAnswerCode&quot;:&quot;ZQP20050316&quot;,&quot;possibleAnswerText&quot;:&quot;Celtic languages&quot;},{&quot;possibleAnswerCode&quot;:&quot;ZQP20050317&quot;,&quot;possibleAnswerText&quot;:&quot;Central American Indian languages&quot;},{&quot;possibleAnswerCode&quot;:&quot;ZQP20050318&quot;,&quot;possibleAnswerText&quot;:&quot;Central Khmer&quot;},{&quot;possibleAnswerCode&quot;:&quot;ZQP20050319&quot;,&quot;possibleAnswerText&quot;:&quot;Chagatai&quot;},{&quot;possibleAnswerCode&quot;:&quot;ZQP20050320&quot;,&quot;possibleAnswerText&quot;:&quot;Chamic languages&quot;},{&quot;possibleAnswerCode&quot;:&quot;ZQP20050321&quot;,&quot;possibleAnswerText&quot;:&quot;Chamorro&quot;},{&quot;possibleAnswerCode&quot;:&quot;ZQP20050322&quot;,&quot;possibleAnswerText&quot;:&quot;Chechen&quot;},{&quot;possibleAnswerCode&quot;:&quot;ZQP20050323&quot;,&quot;possibleAnswerText&quot;:&quot;Cherokee&quot;},{&quot;possibleAnswerCode&quot;:&quot;ZQP20050324&quot;,&quot;possibleAnswerText&quot;:&quot;Chewa&quot;},{&quot;possibleAnswerCode&quot;:&quot;ZQP20050325&quot;,&quot;possibleAnswerText&quot;:&quot;Cheyenne&quot;},{&quot;possibleAnswerCode&quot;:&quot;ZQP20050326&quot;,&quot;possibleAnswerText&quot;:&quot;Chibcha&quot;},{&quot;possibleAnswerCode&quot;:&quot;ZQP20050327&quot;,&quot;possibleAnswerText&quot;:&quot;Chichewa&quot;},{&quot;possibleAnswerCode&quot;:&quot;ZQP20050328&quot;,&quot;possibleAnswerText&quot;:&quot;Chinese&quot;},{&quot;possibleAnswerCode&quot;:&quot;ZQP20050329&quot;,&quot;possibleAnswerText&quot;:&quot;Chinook jargon&quot;},{&quot;possibleAnswerCode&quot;:&quot;ZQP20050330&quot;,&quot;possibleAnswerText&quot;:&quot;Chipewyan&quot;},{&quot;possibleAnswerCode&quot;:&quot;ZQP20050331&quot;,&quot;possibleAnswerText&quot;:&quot;Choctaw&quot;},{&quot;possibleAnswerCode&quot;:&quot;ZQP20050332&quot;,&quot;possibleAnswerText&quot;:&quot;Chuang&quot;},{&quot;possibleAnswerCode&quot;:&quot;ZQP20050333&quot;,&quot;possibleAnswerText&quot;:&quot;Church Slavic&quot;},{&quot;possibleAnswerCode&quot;:&quot;ZQP20050334&quot;,&quot;possibleAnswerText&quot;:&quot;Church Slavonic&quot;},{&quot;possibleAnswerCode&quot;:&quot;ZQP20050335&quot;,&quot;possibleAnswerText&quot;:&quot;Chuukese&quot;},{&quot;possibleAnswerCode&quot;:&quot;ZQP20050336&quot;,&quot;possibleAnswerText&quot;:&quot;Chuvash&quot;},{&quot;possibleAnswerCode&quot;:&quot;ZQP20050337&quot;,&quot;possibleAnswerText&quot;:&quot;Classical Nepal Bhasa&quot;},{&quot;possibleAnswerCode&quot;:&quot;ZQP20050338&quot;,&quot;possibleAnswerText&quot;:&quot;Classical Newari&quot;},{&quot;possibleAnswerCode&quot;:&quot;ZQP20050339&quot;,&quot;possibleAnswerText&quot;:&quot;Classical Syriac&quot;},{&quot;possibleAnswerCode&quot;:&quot;ZQP20050340&quot;,&quot;possibleAnswerText&quot;:&quot;Cook Islands Maori&quot;},{&quot;possibleAnswerCode&quot;:&quot;ZQP20050341&quot;,&quot;possibleAnswerText&quot;:&quot;Coptic&quot;},{&quot;possibleAnswerCode&quot;:&quot;ZQP20050342&quot;,&quot;possibleAnswerText&quot;:&quot;Cornish&quot;},{&quot;possibleAnswerCode&quot;:&quot;ZQP20050343&quot;,&quot;possibleAnswerText&quot;:&quot;Corsican&quot;},{&quot;possibleAnswerCode&quot;:&quot;ZQP20050344&quot;,&quot;possibleAnswerText&quot;:&quot;Cree&quot;},{&quot;possibleAnswerCode&quot;:&quot;ZQP20050345&quot;,&quot;possibleAnswerText&quot;:&quot;Creek&quot;},{&quot;possibleAnswerCode&quot;:&quot;ZQP20050346&quot;,&quot;possibleAnswerText&quot;:&quot;Creoles and pidgins&quot;},{&quot;possibleAnswerCode&quot;:&quot;ZQP20050347&quot;,&quot;possibleAnswerText&quot;:&quot;Creoles and pidgins, English based&quot;},{&quot;possibleAnswerCode&quot;:&quot;ZQP20050348&quot;,&quot;possibleAnswerText&quot;:&quot;Creoles and pidgins, French-based&quot;},{&quot;possibleAnswerCode&quot;:&quot;ZQP20050349&quot;,&quot;possibleAnswerText&quot;:&quot;Creoles and pidgins, Portuguese-based&quot;},{&quot;possibleAnswerCode&quot;:&quot;ZQP20050350&quot;,&quot;possibleAnswerText&quot;:&quot;Crimean Tatar&quot;},{&quot;possibleAnswerCode&quot;:&quot;ZQP20050351&quot;,&quot;possibleAnswerText&quot;:&quot;Crimean Turkish&quot;},{&quot;possibleAnswerCode&quot;:&quot;ZQP20050352&quot;,&quot;possibleAnswerText&quot;:&quot;Croatian&quot;},{&quot;possibleAnswerCode&quot;:&quot;ZQP20050353&quot;,&quot;possibleAnswerText&quot;:&quot;Cushitic languages&quot;},{&quot;possibleAnswerCode&quot;:&quot;ZQP20050354&quot;,&quot;possibleAnswerText&quot;:&quot;Czech&quot;},{&quot;possibleAnswerCode&quot;:&quot;ZQP20050355&quot;,&quot;possibleAnswerText&quot;:&quot;Dakota&quot;},{&quot;possibleAnswerCode&quot;:&quot;ZQP20050356&quot;,&quot;possibleAnswerText&quot;:&quot;Danish&quot;},{&quot;possibleAnswerCode&quot;:&quot;ZQP20050357&quot;,&quot;possibleAnswerText&quot;:&quot;Dargwa&quot;},{&quot;possibleAnswerCode&quot;:&quot;ZQP20050358&quot;,&quot;possibleAnswerText&quot;:&quot;Delaware&quot;},{&quot;possibleAnswerCode&quot;:&quot;ZQP20050359&quot;,&quot;possibleAnswerText&quot;:&quot;Dene Suline&quot;},{&quot;possibleAnswerCode&quot;:&quot;ZQP20050360&quot;,&quot;possibleAnswerText&quot;:&quot;Dhivehi&quot;},{&quot;possibleAnswerCode&quot;:&quot;ZQP20050361&quot;,&quot;possibleAnswerText&quot;:&quot;Dimili&quot;},{&quot;possibleAnswerCode&quot;:&quot;ZQP20050362&quot;,&quot;possibleAnswerText&quot;:&quot;Dimli&quot;},{&quot;possibleAnswerCode&quot;:&quot;ZQP20050363&quot;,&quot;possibleAnswerText&quot;:&quot;Dinka&quot;},{&quot;possibleAnswerCode&quot;:&quot;ZQP20050364&quot;,&quot;possibleAnswerText&quot;:&quot;Dioula&quot;},{&quot;possibleAnswerCode&quot;:&quot;ZQP20050365&quot;,&quot;possibleAnswerText&quot;:&quot;Divehi&quot;},{&quot;possibleAnswerCode&quot;:&quot;ZQP20050366&quot;,&quot;possibleAnswerText&quot;:&quot;Dogri&quot;},{&quot;possibleAnswerCode&quot;:&quot;ZQP20050367&quot;,&quot;possibleAnswerText&quot;:&quot;Dogrib&quot;},{&quot;possibleAnswerCode&quot;:&quot;ZQP20050368&quot;,&quot;possibleAnswerText&quot;:&quot;Dravidian languages&quot;},{&quot;possibleAnswerCode&quot;:&quot;ZQP20050369&quot;,&quot;possibleAnswerText&quot;:&quot;Duala&quot;},{&quot;possibleAnswerCode&quot;:&quot;ZQP20050370&quot;,&quot;possibleAnswerText&quot;:&quot;Dutch&quot;},{&quot;possibleAnswerCode&quot;:&quot;ZQP20050371&quot;,&quot;possibleAnswerText&quot;:&quot;Dutch, Middle (ca.1050-1350)&quot;},{&quot;possibleAnswerCode&quot;:&quot;ZQP20050372&quot;,&quot;possibleAnswerText&quot;:&quot;Dyula&quot;},{&quot;possibleAnswerCode&quot;:&quot;ZQP20050373&quot;,&quot;possibleAnswerText&quot;:&quot;Dzongkha&quot;},{&quot;possibleAnswerCode&quot;:&quot;ZQP20050374&quot;,&quot;possibleAnswerText&quot;:&quot;Eastern Frisian&quot;},{&quot;possibleAnswerCode&quot;:&quot;ZQP20050375&quot;,&quot;possibleAnswerText&quot;:&quot;Edo&quot;},{&quot;possibleAnswerCode&quot;:&quot;ZQP20050376&quot;,&quot;possibleAnswerText&quot;:&quot;Efik&quot;},{&quot;possibleAnswerCode&quot;:&quot;ZQP20050377&quot;,&quot;possibleAnswerText&quot;:&quot;Egyptian (Ancient)&quot;},{&quot;possibleAnswerCode&quot;:&quot;ZQP20050378&quot;,&quot;possibleAnswerText&quot;:&quot;Ekajuk&quot;},{&quot;possibleAnswerCode&quot;:&quot;ZQP20050379&quot;,&quot;possibleAnswerText&quot;:&quot;Elamite&quot;},{&quot;possibleAnswerCode&quot;:&quot;ZQP20050380&quot;,&quot;possibleAnswerText&quot;:&quot;English&quot;},{&quot;possibleAnswerCode&quot;:&quot;ZQP20050381&quot;,&quot;possibleAnswerText&quot;:&quot;English, Middle (1100-1500)&quot;},{&quot;possibleAnswerCode&quot;:&quot;ZQP20050382&quot;,&quot;possibleAnswerText&quot;:&quot;English, Old (ca.450-1100)&quot;},{&quot;possibleAnswerCode&quot;:&quot;ZQP20050383&quot;,&quot;possibleAnswerText&quot;:&quot;Erzya&quot;},{&quot;possibleAnswerCode&quot;:&quot;ZQP20050384&quot;,&quot;possibleAnswerText&quot;:&quot;Esperanto&quot;},{&quot;possibleAnswerCode&quot;:&quot;ZQP20050385&quot;,&quot;possibleAnswerText&quot;:&quot;Estonian&quot;},{&quot;possibleAnswerCode&quot;:&quot;ZQP20050386&quot;,&quot;possibleAnswerText&quot;:&quot;Ewe&quot;},{&quot;possibleAnswerCode&quot;:&quot;ZQP20050387&quot;,&quot;possibleAnswerText&quot;:&quot;Ewondo&quot;},{&quot;possibleAnswerCode&quot;:&quot;ZQP20050388&quot;,&quot;possibleAnswerText&quot;:&quot;Fang&quot;},{&quot;possibleAnswerCode&quot;:&quot;ZQP20050389&quot;,&quot;possibleAnswerText&quot;:&quot;Fanti&quot;},{&quot;possibleAnswerCode&quot;:&quot;ZQP20050390&quot;,&quot;possibleAnswerText&quot;:&quot;Faroese&quot;},{&quot;possibleAnswerCode&quot;:&quot;ZQP20050391&quot;,&quot;possibleAnswerText&quot;:&quot;Fijian&quot;},{&quot;possibleAnswerCode&quot;:&quot;ZQP20050392&quot;,&quot;possibleAnswerText&quot;:&quot;Filipino&quot;},{&quot;possibleAnswerCode&quot;:&quot;ZQP20050393&quot;,&quot;possibleAnswerText&quot;:&quot;Finnish&quot;},{&quot;possibleAnswerCode&quot;:&quot;ZQP20050394&quot;,&quot;possibleAnswerText&quot;:&quot;Finno-Ugrian languages&quot;},{&quot;possibleAnswerCode&quot;:&quot;ZQP20050395&quot;,&quot;possibleAnswerText&quot;:&quot;Flemish&quot;},{&quot;possibleAnswerCode&quot;:&quot;ZQP20050396&quot;,&quot;possibleAnswerText&quot;:&quot;Fon&quot;},{&quot;possibleAnswerCode&quot;:&quot;ZQP20050397&quot;,&quot;possibleAnswerText&quot;:&quot;French&quot;},{&quot;possibleAnswerCode&quot;:&quot;ZQP20050398&quot;,&quot;possibleAnswerText&quot;:&quot;French, Middle (ca.1400-1600)&quot;},{&quot;possibleAnswerCode&quot;:&quot;ZQP20050399&quot;,&quot;possibleAnswerText&quot;:&quot;French, Old (842-ca.1400)&quot;},{&quot;possibleAnswerCode&quot;:&quot;ZQP20050400&quot;,&quot;possibleAnswerText&quot;:&quot;Friulian&quot;},{&quot;possibleAnswerCode&quot;:&quot;ZQP20050401&quot;,&quot;possibleAnswerText&quot;:&quot;Fulah&quot;},{&quot;possibleAnswerCode&quot;:&quot;ZQP20050402&quot;,&quot;possibleAnswerText&quot;:&quot;Ga&quot;},{&quot;possibleAnswerCode&quot;:&quot;ZQP20050403&quot;,&quot;possibleAnswerText&quot;:&quot;Gaelic&quot;},{&quot;possibleAnswerCode&quot;:&quot;ZQP20050404&quot;,&quot;possibleAnswerText&quot;:&quot;Galibi Carib&quot;},{&quot;possibleAnswerCode&quot;:&quot;ZQP20050405&quot;,&quot;possibleAnswerText&quot;:&quot;Galician&quot;},{&quot;possibleAnswerCode&quot;:&quot;ZQP20050406&quot;,&quot;possibleAnswerText&quot;:&quot;Ganda&quot;},{&quot;possibleAnswerCode&quot;:&quot;ZQP20050407&quot;,&quot;possibleAnswerText&quot;:&quot;Gayo&quot;},{&quot;possibleAnswerCode&quot;:&quot;ZQP20050408&quot;,&quot;possibleAnswerText&quot;:&quot;Gbaya&quot;},{&quot;possibleAnswerCode&quot;:&quot;ZQP20050409&quot;,&quot;possibleAnswerText&quot;:&quot;Geez&quot;},{&quot;possibleAnswerCode&quot;:&quot;ZQP20050410&quot;,&quot;possibleAnswerText&quot;:&quot;Georgian&quot;},{&quot;possibleAnswerCode&quot;:&quot;ZQP20050411&quot;,&quot;possibleAnswerText&quot;:&quot;German&quot;},{&quot;possibleAnswerCode&quot;:&quot;ZQP20050412&quot;,&quot;possibleAnswerText&quot;:&quot;German, Low&quot;},{&quot;possibleAnswerCode&quot;:&quot;ZQP20050413&quot;,&quot;possibleAnswerText&quot;:&quot;German, Middle High (ca.1050-1500)&quot;},{&quot;possibleAnswerCode&quot;:&quot;ZQP20050414&quot;,&quot;possibleAnswerText&quot;:&quot;German, Old High (ca.750-1050)&quot;},{&quot;possibleAnswerCode&quot;:&quot;ZQP20050415&quot;,&quot;possibleAnswerText&quot;:&quot;Germanic languages&quot;},{&quot;possibleAnswerCode&quot;:&quot;ZQP20050416&quot;,&quot;possibleAnswerText&quot;:&quot;Gikuyu&quot;},{&quot;possibleAnswerCode&quot;:&quot;ZQP20050417&quot;,&quot;possibleAnswerText&quot;:&quot;Gilbertese&quot;},{&quot;possibleAnswerCode&quot;:&quot;ZQP20050418&quot;,&quot;possibleAnswerText&quot;:&quot;Gondi&quot;},{&quot;possibleAnswerCode&quot;:&quot;ZQP20050419&quot;,&quot;possibleAnswerText&quot;:&quot;Gorontalo&quot;},{&quot;possibleAnswerCode&quot;:&quot;ZQP20050420&quot;,&quot;possibleAnswerText&quot;:&quot;Gothic&quot;},{&quot;possibleAnswerCode&quot;:&quot;ZQP20050421&quot;,&quot;possibleAnswerText&quot;:&quot;Grebo&quot;},{&quot;possibleAnswerCode&quot;:&quot;ZQP20050422&quot;,&quot;possibleAnswerText&quot;:&quot;Greek, Ancient (to 1453)&quot;},{&quot;possibleAnswerCode&quot;:&quot;ZQP20050423&quot;,&quot;possibleAnswerText&quot;:&quot;Greek, Modern (1453-)&quot;},{&quot;possibleAnswerCode&quot;:&quot;ZQP20050424&quot;,&quot;possibleAnswerText&quot;:&quot;Greenlandic&quot;},{&quot;possibleAnswerCode&quot;:&quot;ZQP20050425&quot;,&quot;possibleAnswerText&quot;:&quot;Guarani&quot;},{&quot;possibleAnswerCode&quot;:&quot;ZQP20050426&quot;,&quot;possibleAnswerText&quot;:&quot;Gujarati&quot;},{&quot;possibleAnswerCode&quot;:&quot;ZQP20050427&quot;,&quot;possibleAnswerText&quot;:&quot;Gwich&apos;in&quot;},{&quot;possibleAnswerCode&quot;:&quot;ZQP20050428&quot;,&quot;possibleAnswerText&quot;:&quot;Haida&quot;},{&quot;possibleAnswerCode&quot;:&quot;ZQP20050429&quot;,&quot;possibleAnswerText&quot;:&quot;Haitian&quot;},{&quot;possibleAnswerCode&quot;:&quot;ZQP20050430&quot;,&quot;possibleAnswerText&quot;:&quot;Haitian Creole&quot;},{&quot;possibleAnswerCode&quot;:&quot;ZQP20050431&quot;,&quot;possibleAnswerText&quot;:&quot;Hausa&quot;},{&quot;possibleAnswerCode&quot;:&quot;ZQP20050432&quot;,&quot;possibleAnswerText&quot;:&quot;Hawaiian&quot;},{&quot;possibleAnswerCode&quot;:&quot;ZQP20050433&quot;,&quot;possibleAnswerText&quot;:&quot;Hebrew&quot;},{&quot;possibleAnswerCode&quot;:&quot;ZQP20050434&quot;,&quot;possibleAnswerText&quot;:&quot;Herero&quot;},{&quot;possibleAnswerCode&quot;:&quot;ZQP20050435&quot;,&quot;possibleAnswerText&quot;:&quot;Hiligaynon&quot;},{&quot;possibleAnswerCode&quot;:&quot;ZQP20050436&quot;,&quot;possibleAnswerText&quot;:&quot;Himachali languages&quot;},{&quot;possibleAnswerCode&quot;:&quot;ZQP20050437&quot;,&quot;possibleAnswerText&quot;:&quot;Hindi&quot;},{&quot;possibleAnswerCode&quot;:&quot;ZQP20050438&quot;,&quot;possibleAnswerText&quot;:&quot;Hiri Motu&quot;},{&quot;possibleAnswerCode&quot;:&quot;ZQP20050439&quot;,&quot;possibleAnswerText&quot;:&quot;Hittite&quot;},{&quot;possibleAnswerCode&quot;:&quot;ZQP20050440&quot;,&quot;possibleAnswerText&quot;:&quot;Hmong&quot;},{&quot;possibleAnswerCode&quot;:&quot;ZQP20050441&quot;,&quot;possibleAnswerText&quot;:&quot;Hungarian&quot;},{&quot;possibleAnswerCode&quot;:&quot;ZQP20050442&quot;,&quot;possibleAnswerText&quot;:&quot;Hupa&quot;},{&quot;possibleAnswerCode&quot;:&quot;ZQP20050443&quot;,&quot;possibleAnswerText&quot;:&quot;Iban&quot;},{&quot;possibleAnswerCode&quot;:&quot;ZQP20050444&quot;,&quot;possibleAnswerText&quot;:&quot;Icelandic&quot;},{&quot;possibleAnswerCode&quot;:&quot;ZQP20050445&quot;,&quot;possibleAnswerText&quot;:&quot;Ido&quot;},{&quot;possibleAnswerCode&quot;:&quot;ZQP20050446&quot;,&quot;possibleAnswerText&quot;:&quot;Igbo&quot;},{&quot;possibleAnswerCode&quot;:&quot;ZQP20050447&quot;,&quot;possibleAnswerText&quot;:&quot;Ijo languages&quot;},{&quot;possibleAnswerCode&quot;:&quot;ZQP20050448&quot;,&quot;possibleAnswerText&quot;:&quot;Iloko&quot;},{&quot;possibleAnswerCode&quot;:&quot;ZQP20050449&quot;,&quot;possibleAnswerText&quot;:&quot;Imperial Aramaic (700-300 BCE)&quot;},{&quot;possibleAnswerCode&quot;:&quot;ZQP20050450&quot;,&quot;possibleAnswerText&quot;:&quot;Inari Sami&quot;},{&quot;possibleAnswerCode&quot;:&quot;ZQP20050451&quot;,&quot;possibleAnswerText&quot;:&quot;Indic languages&quot;},{&quot;possibleAnswerCode&quot;:&quot;ZQP20050452&quot;,&quot;possibleAnswerText&quot;:&quot;Indo-European languages&quot;},{&quot;possibleAnswerCode&quot;:&quot;ZQP20050453&quot;,&quot;possibleAnswerText&quot;:&quot;Indonesian&quot;},{&quot;possibleAnswerCode&quot;:&quot;ZQP20050454&quot;,&quot;possibleAnswerText&quot;:&quot;Ingush&quot;},{&quot;possibleAnswerCode&quot;:&quot;ZQP20050455&quot;,&quot;possibleAnswerText&quot;:&quot;Interlingua (International Auxiliary Language Association)&quot;},{&quot;possibleAnswerCode&quot;:&quot;ZQP20050456&quot;,&quot;possibleAnswerText&quot;:&quot;Interlingue&quot;},{&quot;possibleAnswerCode&quot;:&quot;ZQP20050457&quot;,&quot;possibleAnswerText&quot;:&quot;Inuktitut&quot;},{&quot;possibleAnswerCode&quot;:&quot;ZQP20050458&quot;,&quot;possibleAnswerText&quot;:&quot;Inupiaq&quot;},{&quot;possibleAnswerCode&quot;:&quot;ZQP20050459&quot;,&quot;possibleAnswerText&quot;:&quot;Iranian languages&quot;},{&quot;possibleAnswerCode&quot;:&quot;ZQP20050460&quot;,&quot;possibleAnswerText&quot;:&quot;Irish&quot;},{&quot;possibleAnswerCode&quot;:&quot;ZQP20050461&quot;,&quot;possibleAnswerText&quot;:&quot;Irish, Middle (900-1200)&quot;},{&quot;possibleAnswerCode&quot;:&quot;ZQP20050462&quot;,&quot;possibleAnswerText&quot;:&quot;Irish, Old (to 900)&quot;},{&quot;possibleAnswerCode&quot;:&quot;ZQP20050463&quot;,&quot;possibleAnswerText&quot;:&quot;Iroquoian languages&quot;},{&quot;possibleAnswerCode&quot;:&quot;ZQP20050464&quot;,&quot;possibleAnswerText&quot;:&quot;Italian&quot;},{&quot;possibleAnswerCode&quot;:&quot;ZQP20050465&quot;,&quot;possibleAnswerText&quot;:&quot;Japanese&quot;},{&quot;possibleAnswerCode&quot;:&quot;ZQP20050466&quot;,&quot;possibleAnswerText&quot;:&quot;Javanese&quot;},{&quot;possibleAnswerCode&quot;:&quot;ZQP20050467&quot;,&quot;possibleAnswerText&quot;:&quot;Jingpho&quot;},{&quot;possibleAnswerCode&quot;:&quot;ZQP20050468&quot;,&quot;possibleAnswerText&quot;:&quot;Judeo-Arabic&quot;},{&quot;possibleAnswerCode&quot;:&quot;ZQP20050469&quot;,&quot;possibleAnswerText&quot;:&quot;Judeo-Persian&quot;},{&quot;possibleAnswerCode&quot;:&quot;ZQP20050470&quot;,&quot;possibleAnswerText&quot;:&quot;Kabardian&quot;},{&quot;possibleAnswerCode&quot;:&quot;ZQP20050471&quot;,&quot;possibleAnswerText&quot;:&quot;Kabyle&quot;},{&quot;possibleAnswerCode&quot;:&quot;ZQP20050472&quot;,&quot;possibleAnswerText&quot;:&quot;Kachin&quot;},{&quot;possibleAnswerCode&quot;:&quot;ZQP20050473&quot;,&quot;possibleAnswerText&quot;:&quot;Kalaallisut&quot;},{&quot;possibleAnswerCode&quot;:&quot;ZQP20050474&quot;,&quot;possibleAnswerText&quot;:&quot;Kalmyk&quot;},{&quot;possibleAnswerCode&quot;:&quot;ZQP20050475&quot;,&quot;possibleAnswerText&quot;:&quot;Kamba&quot;},{&quot;possibleAnswerCode&quot;:&quot;ZQP20050476&quot;,&quot;possibleAnswerText&quot;:&quot;Kannada&quot;},{&quot;possibleAnswerCode&quot;:&quot;ZQP20050477&quot;,&quot;possibleAnswerText&quot;:&quot;Kanuri&quot;},{&quot;possibleAnswerCode&quot;:&quot;ZQP20050478&quot;,&quot;possibleAnswerText&quot;:&quot;Kapampangan&quot;},{&quot;possibleAnswerCode&quot;:&quot;ZQP20050479&quot;,&quot;possibleAnswerText&quot;:&quot;Karachay-Balkar&quot;},{&quot;possibleAnswerCode&quot;:&quot;ZQP20050480&quot;,&quot;possibleAnswerText&quot;:&quot;Kara-Kalpak&quot;},{&quot;possibleAnswerCode&quot;:&quot;ZQP20050481&quot;,&quot;possibleAnswerText&quot;:&quot;Karelian&quot;},{&quot;possibleAnswerCode&quot;:&quot;ZQP20050482&quot;,&quot;possibleAnswerText&quot;:&quot;Karen languages&quot;},{&quot;possibleAnswerCode&quot;:&quot;ZQP20050483&quot;,&quot;possibleAnswerText&quot;:&quot;Kashmiri&quot;},{&quot;possibleAnswerCode&quot;:&quot;ZQP20050484&quot;,&quot;possibleAnswerText&quot;:&quot;Kashubian&quot;},{&quot;possibleAnswerCode&quot;:&quot;ZQP20050485&quot;,&quot;possibleAnswerText&quot;:&quot;Kawi&quot;},{&quot;possibleAnswerCode&quot;:&quot;ZQP20050486&quot;,&quot;possibleAnswerText&quot;:&quot;Kazakh&quot;},{&quot;possibleAnswerCode&quot;:&quot;ZQP20050487&quot;,&quot;possibleAnswerText&quot;:&quot;Khasi&quot;},{&quot;possibleAnswerCode&quot;:&quot;ZQP20050488&quot;,&quot;possibleAnswerText&quot;:&quot;Khoisan languages&quot;},{&quot;possibleAnswerCode&quot;:&quot;ZQP20050489&quot;,&quot;possibleAnswerText&quot;:&quot;Khotanese&quot;},{&quot;possibleAnswerCode&quot;:&quot;ZQP20050490&quot;,&quot;possibleAnswerText&quot;:&quot;Kikuyu&quot;},{&quot;possibleAnswerCode&quot;:&quot;ZQP20050491&quot;,&quot;possibleAnswerText&quot;:&quot;Kimbundu&quot;},{&quot;possibleAnswerCode&quot;:&quot;ZQP20050492&quot;,&quot;possibleAnswerText&quot;:&quot;Kinyarwanda&quot;},{&quot;possibleAnswerCode&quot;:&quot;ZQP20050493&quot;,&quot;possibleAnswerText&quot;:&quot;Kirdki&quot;},{&quot;possibleAnswerCode&quot;:&quot;ZQP20050494&quot;,&quot;possibleAnswerText&quot;:&quot;Kirghiz&quot;},{&quot;possibleAnswerCode&quot;:&quot;ZQP20050495&quot;,&quot;possibleAnswerText&quot;:&quot;Kirmanjki&quot;},{&quot;possibleAnswerCode&quot;:&quot;ZQP20050496&quot;,&quot;possibleAnswerText&quot;:&quot;Klingon&quot;},{&quot;possibleAnswerCode&quot;:&quot;ZQP20050497&quot;,&quot;possibleAnswerText&quot;:&quot;Komi&quot;},{&quot;possibleAnswerCode&quot;:&quot;ZQP20050498&quot;,&quot;possibleAnswerText&quot;:&quot;Kongo&quot;},{&quot;possibleAnswerCode&quot;:&quot;ZQP20050499&quot;,&quot;possibleAnswerText&quot;:&quot;Konkani&quot;},{&quot;possibleAnswerCode&quot;:&quot;ZQP20050500&quot;,&quot;possibleAnswerText&quot;:&quot;Korean&quot;},{&quot;possibleAnswerCode&quot;:&quot;ZQP20050501&quot;,&quot;possibleAnswerText&quot;:&quot;Kosraean&quot;},{&quot;possibleAnswerCode&quot;:&quot;ZQP20050502&quot;,&quot;possibleAnswerText&quot;:&quot;Kpelle&quot;},{&quot;possibleAnswerCode&quot;:&quot;ZQP20050503&quot;,&quot;possibleAnswerText&quot;:&quot;Kru languages&quot;},{&quot;possibleAnswerCode&quot;:&quot;ZQP20050504&quot;,&quot;possibleAnswerText&quot;:&quot;Kuanyama&quot;},{&quot;possibleAnswerCode&quot;:&quot;ZQP20050505&quot;,&quot;possibleAnswerText&quot;:&quot;Kumyk&quot;},{&quot;possibleAnswerCode&quot;:&quot;ZQP20050506&quot;,&quot;possibleAnswerText&quot;:&quot;Kurdish&quot;},{&quot;possibleAnswerCode&quot;:&quot;ZQP20050507&quot;,&quot;possibleAnswerText&quot;:&quot;Kurukh&quot;},{&quot;possibleAnswerCode&quot;:&quot;ZQP20050508&quot;,&quot;possibleAnswerText&quot;:&quot;Kutenai&quot;},{&quot;possibleAnswerCode&quot;:&quot;ZQP20050509&quot;,&quot;possibleAnswerText&quot;:&quot;Kwanyama&quot;},{&quot;possibleAnswerCode&quot;:&quot;ZQP20050510&quot;,&quot;possibleAnswerText&quot;:&quot;Kyrgyz&quot;},{&quot;possibleAnswerCode&quot;:&quot;ZQP20050511&quot;,&quot;possibleAnswerText&quot;:&quot;Ladino&quot;},{&quot;possibleAnswerCode&quot;:&quot;ZQP20050512&quot;,&quot;possibleAnswerText&quot;:&quot;Lahnda&quot;},{&quot;possibleAnswerCode&quot;:&quot;ZQP20050513&quot;,&quot;possibleAnswerText&quot;:&quot;Lamba&quot;},{&quot;possibleAnswerCode&quot;:&quot;ZQP20050514&quot;,&quot;possibleAnswerText&quot;:&quot;Land Dayak languages&quot;},{&quot;possibleAnswerCode&quot;:&quot;ZQP20050515&quot;,&quot;possibleAnswerText&quot;:&quot;Lao&quot;},{&quot;possibleAnswerCode&quot;:&quot;ZQP20050516&quot;,&quot;possibleAnswerText&quot;:&quot;Latin&quot;},{&quot;possibleAnswerCode&quot;:&quot;ZQP20050517&quot;,&quot;possibleAnswerText&quot;:&quot;Latvian&quot;},{&quot;possibleAnswerCode&quot;:&quot;ZQP20050518&quot;,&quot;possibleAnswerText&quot;:&quot;Leonese&quot;},{&quot;possibleAnswerCode&quot;:&quot;ZQP20050519&quot;,&quot;possibleAnswerText&quot;:&quot;Letzeburgesch&quot;},{&quot;possibleAnswerCode&quot;:&quot;ZQP20050520&quot;,&quot;possibleAnswerText&quot;:&quot;Lezghian&quot;},{&quot;possibleAnswerCode&quot;:&quot;ZQP20050521&quot;,&quot;possibleAnswerText&quot;:&quot;Limburgan&quot;},{&quot;possibleAnswerCode&quot;:&quot;ZQP20050522&quot;,&quot;possibleAnswerText&quot;:&quot;Limburger&quot;},{&quot;possibleAnswerCode&quot;:&quot;ZQP20050523&quot;,&quot;possibleAnswerText&quot;:&quot;Limburgish&quot;},{&quot;possibleAnswerCode&quot;:&quot;ZQP20050524&quot;,&quot;possibleAnswerText&quot;:&quot;Lingala&quot;},{&quot;possibleAnswerCode&quot;:&quot;ZQP20050525&quot;,&quot;possibleAnswerText&quot;:&quot;Lithuanian&quot;},{&quot;possibleAnswerCode&quot;:&quot;ZQP20050526&quot;,&quot;possibleAnswerText&quot;:&quot;Lojban&quot;},{&quot;possibleAnswerCode&quot;:&quot;ZQP20050527&quot;,&quot;possibleAnswerText&quot;:&quot;Low German&quot;},{&quot;possibleAnswerCode&quot;:&quot;ZQP20050528&quot;,&quot;possibleAnswerText&quot;:&quot;Low Saxon&quot;},{&quot;possibleAnswerCode&quot;:&quot;ZQP20050529&quot;,&quot;possibleAnswerText&quot;:&quot;Lower Sorbian&quot;},{&quot;possibleAnswerCode&quot;:&quot;ZQP20050530&quot;,&quot;possibleAnswerText&quot;:&quot;Lozi&quot;},{&quot;possibleAnswerCode&quot;:&quot;ZQP20050531&quot;,&quot;possibleAnswerText&quot;:&quot;Luba-Katanga&quot;},{&quot;possibleAnswerCode&quot;:&quot;ZQP20050532&quot;,&quot;possibleAnswerText&quot;:&quot;Luba-Lulua&quot;},{&quot;possibleAnswerCode&quot;:&quot;ZQP20050533&quot;,&quot;possibleAnswerText&quot;:&quot;Luiseno&quot;},{&quot;possibleAnswerCode&quot;:&quot;ZQP20050534&quot;,&quot;possibleAnswerText&quot;:&quot;Lule Sami&quot;},{&quot;possibleAnswerCode&quot;:&quot;ZQP20050535&quot;,&quot;possibleAnswerText&quot;:&quot;Lunda&quot;},{&quot;possibleAnswerCode&quot;:&quot;ZQP20050536&quot;,&quot;possibleAnswerText&quot;:&quot;Luo (Kenya and Tanzania)&quot;},{&quot;possibleAnswerCode&quot;:&quot;ZQP20050537&quot;,&quot;possibleAnswerText&quot;:&quot;Lushai&quot;},{&quot;possibleAnswerCode&quot;:&quot;ZQP20050538&quot;,&quot;possibleAnswerText&quot;:&quot;Luxembourgish&quot;},{&quot;possibleAnswerCode&quot;:&quot;ZQP20050539&quot;,&quot;possibleAnswerText&quot;:&quot;Macedonian&quot;},{&quot;possibleAnswerCode&quot;:&quot;ZQP20050540&quot;,&quot;possibleAnswerText&quot;:&quot;Macedo-Romanian&quot;},{&quot;possibleAnswerCode&quot;:&quot;ZQP20050541&quot;,&quot;possibleAnswerText&quot;:&quot;Madurese&quot;},{&quot;possibleAnswerCode&quot;:&quot;ZQP20050542&quot;,&quot;possibleAnswerText&quot;:&quot;Magahi&quot;},{&quot;possibleAnswerCode&quot;:&quot;ZQP20050543&quot;,&quot;possibleAnswerText&quot;:&quot;Maithili&quot;},{&quot;possibleAnswerCode&quot;:&quot;ZQP20050544&quot;,&quot;possibleAnswerText&quot;:&quot;Makasar&quot;},{&quot;possibleAnswerCode&quot;:&quot;ZQP20050545&quot;,&quot;possibleAnswerText&quot;:&quot;Malagasy&quot;},{&quot;possibleAnswerCode&quot;:&quot;ZQP20050546&quot;,&quot;possibleAnswerText&quot;:&quot;Malay&quot;},{&quot;possibleAnswerCode&quot;:&quot;ZQP20050547&quot;,&quot;possibleAnswerText&quot;:&quot;Malayalam&quot;},{&quot;possibleAnswerCode&quot;:&quot;ZQP20050548&quot;,&quot;possibleAnswerText&quot;:&quot;Maldivian&quot;},{&quot;possibleAnswerCode&quot;:&quot;ZQP20050549&quot;,&quot;possibleAnswerText&quot;:&quot;Maltese&quot;},{&quot;possibleAnswerCode&quot;:&quot;ZQP20050550&quot;,&quot;possibleAnswerText&quot;:&quot;Manchu&quot;},{&quot;possibleAnswerCode&quot;:&quot;ZQP20050551&quot;,&quot;possibleAnswerText&quot;:&quot;Mandar&quot;},{&quot;possibleAnswerCode&quot;:&quot;ZQP20050552&quot;,&quot;possibleAnswerText&quot;:&quot;Mandarin&quot;},{&quot;possibleAnswerCode&quot;:&quot;ZQP20050553&quot;,&quot;possibleAnswerText&quot;:&quot;Mandingo&quot;},{&quot;possibleAnswerCode&quot;:&quot;ZQP20050554&quot;,&quot;possibleAnswerText&quot;:&quot;Manipuri&quot;},{&quot;possibleAnswerCode&quot;:&quot;ZQP20050555&quot;,&quot;possibleAnswerText&quot;:&quot;Manobo languages&quot;},{&quot;possibleAnswerCode&quot;:&quot;ZQP20050556&quot;,&quot;possibleAnswerText&quot;:&quot;Manx&quot;},{&quot;possibleAnswerCode&quot;:&quot;ZQP20050557&quot;,&quot;possibleAnswerText&quot;:&quot;Maori&quot;},{&quot;possibleAnswerCode&quot;:&quot;ZQP20050558&quot;,&quot;possibleAnswerText&quot;:&quot;Mapuche&quot;},{&quot;possibleAnswerCode&quot;:&quot;ZQP20050559&quot;,&quot;possibleAnswerText&quot;:&quot;Mapudungun&quot;},{&quot;possibleAnswerCode&quot;:&quot;ZQP20050560&quot;,&quot;possibleAnswerText&quot;:&quot;Marathi&quot;},{&quot;possibleAnswerCode&quot;:&quot;ZQP20050561&quot;,&quot;possibleAnswerText&quot;:&quot;Mari&quot;},{&quot;possibleAnswerCode&quot;:&quot;ZQP20050562&quot;,&quot;possibleAnswerText&quot;:&quot;Marshallese&quot;},{&quot;possibleAnswerCode&quot;:&quot;ZQP20050563&quot;,&quot;possibleAnswerText&quot;:&quot;Marwari&quot;},{&quot;possibleAnswerCode&quot;:&quot;ZQP20050564&quot;,&quot;possibleAnswerText&quot;:&quot;Masai&quot;},{&quot;possibleAnswerCode&quot;:&quot;ZQP20050565&quot;,&quot;possibleAnswerText&quot;:&quot;Mayan languages&quot;},{&quot;possibleAnswerCode&quot;:&quot;ZQP20050566&quot;,&quot;possibleAnswerText&quot;:&quot;Mende&quot;},{&quot;possibleAnswerCode&quot;:&quot;ZQP20050567&quot;,&quot;possibleAnswerText&quot;:&quot;Micmac&quot;},{&quot;possibleAnswerCode&quot;:&quot;ZQP20050568&quot;,&quot;possibleAnswerText&quot;:&quot;Mi&apos;kmaq&quot;},{&quot;possibleAnswerCode&quot;:&quot;ZQP20050569&quot;,&quot;possibleAnswerText&quot;:&quot;Minangkabau&quot;},{&quot;possibleAnswerCode&quot;:&quot;ZQP20050570&quot;,&quot;possibleAnswerText&quot;:&quot;Mirandese&quot;},{&quot;possibleAnswerCode&quot;:&quot;ZQP20050571&quot;,&quot;possibleAnswerText&quot;:&quot;Mohawk&quot;},{&quot;possibleAnswerCode&quot;:&quot;ZQP20050572&quot;,&quot;possibleAnswerText&quot;:&quot;Moksha&quot;},{&quot;possibleAnswerCode&quot;:&quot;ZQP20050573&quot;,&quot;possibleAnswerText&quot;:&quot;Moldavian&quot;},{&quot;possibleAnswerCode&quot;:&quot;ZQP20050574&quot;,&quot;possibleAnswerText&quot;:&quot;Moldovan&quot;},{&quot;possibleAnswerCode&quot;:&quot;ZQP20050575&quot;,&quot;possibleAnswerText&quot;:&quot;Mong&quot;},{&quot;possibleAnswerCode&quot;:&quot;ZQP20050576&quot;,&quot;possibleAnswerText&quot;:&quot;Mongo&quot;},{&quot;possibleAnswerCode&quot;:&quot;ZQP20050577&quot;,&quot;possibleAnswerText&quot;:&quot;Mongolian&quot;},{&quot;possibleAnswerCode&quot;:&quot;ZQP20050578&quot;,&quot;possibleAnswerText&quot;:&quot;Mon-Khmer languages&quot;},{&quot;possibleAnswerCode&quot;:&quot;ZQP20050579&quot;,&quot;possibleAnswerText&quot;:&quot;Mossi&quot;},{&quot;possibleAnswerCode&quot;:&quot;ZQP20050580&quot;,&quot;possibleAnswerText&quot;:&quot;Multiple languages&quot;},{&quot;possibleAnswerCode&quot;:&quot;ZQP20050581&quot;,&quot;possibleAnswerText&quot;:&quot;Munda languages&quot;},{&quot;possibleAnswerCode&quot;:&quot;ZQP20050582&quot;,&quot;possibleAnswerText&quot;:&quot;Nahuatl languages&quot;},{&quot;possibleAnswerCode&quot;:&quot;ZQP20050583&quot;,&quot;possibleAnswerText&quot;:&quot;Nauru&quot;},{&quot;possibleAnswerCode&quot;:&quot;ZQP20050584&quot;,&quot;possibleAnswerText&quot;:&quot;Navaho&quot;},{&quot;possibleAnswerCode&quot;:&quot;ZQP20050585&quot;,&quot;possibleAnswerText&quot;:&quot;Navajo&quot;},{&quot;possibleAnswerCode&quot;:&quot;ZQP20050586&quot;,&quot;possibleAnswerText&quot;:&quot;Ndebele, North&quot;},{&quot;possibleAnswerCode&quot;:&quot;ZQP20050587&quot;,&quot;possibleAnswerText&quot;:&quot;Ndebele, South&quot;},{&quot;possibleAnswerCode&quot;:&quot;ZQP20050588&quot;,&quot;possibleAnswerText&quot;:&quot;Ndonga&quot;},{&quot;possibleAnswerCode&quot;:&quot;ZQP20050589&quot;,&quot;possibleAnswerText&quot;:&quot;Neapolitan&quot;},{&quot;possibleAnswerCode&quot;:&quot;ZQP20050590&quot;,&quot;possibleAnswerText&quot;:&quot;Nepal Bhasa&quot;},{&quot;possibleAnswerCode&quot;:&quot;ZQP20050591&quot;,&quot;possibleAnswerText&quot;:&quot;Nepali&quot;},{&quot;possibleAnswerCode&quot;:&quot;ZQP20050592&quot;,&quot;possibleAnswerText&quot;:&quot;Newari&quot;},{&quot;possibleAnswerCode&quot;:&quot;ZQP20050593&quot;,&quot;possibleAnswerText&quot;:&quot;Nias&quot;},{&quot;possibleAnswerCode&quot;:&quot;ZQP20050594&quot;,&quot;possibleAnswerText&quot;:&quot;Niger-Kordofanian languages&quot;},{&quot;possibleAnswerCode&quot;:&quot;ZQP20050595&quot;,&quot;possibleAnswerText&quot;:&quot;Nilo-Saharan languages&quot;},{&quot;possibleAnswerCode&quot;:&quot;ZQP20050596&quot;,&quot;possibleAnswerText&quot;:&quot;Niuean&quot;},{&quot;possibleAnswerCode&quot;:&quot;ZQP20050597&quot;,&quot;possibleAnswerText&quot;:&quot;N&apos;Ko&quot;},{&quot;possibleAnswerCode&quot;:&quot;ZQP20050598&quot;,&quot;possibleAnswerText&quot;:&quot;No linguistic content&quot;},{&quot;possibleAnswerCode&quot;:&quot;ZQP20050599&quot;,&quot;possibleAnswerText&quot;:&quot;Nogai&quot;},{&quot;possibleAnswerCode&quot;:&quot;ZQP20050600&quot;,&quot;possibleAnswerText&quot;:&quot;Norse, Old&quot;},{&quot;possibleAnswerCode&quot;:&quot;ZQP20050601&quot;,&quot;possibleAnswerText&quot;:&quot;North American Indian languages&quot;},{&quot;possibleAnswerCode&quot;:&quot;ZQP20050602&quot;,&quot;possibleAnswerText&quot;:&quot;North Ndebele&quot;},{&quot;possibleAnswerCode&quot;:&quot;ZQP20050603&quot;,&quot;possibleAnswerText&quot;:&quot;Northern Frisian&quot;},{&quot;possibleAnswerCode&quot;:&quot;ZQP20050604&quot;,&quot;possibleAnswerText&quot;:&quot;Northern Sami&quot;},{&quot;possibleAnswerCode&quot;:&quot;ZQP20050605&quot;,&quot;possibleAnswerText&quot;:&quot;Northern Sotho&quot;},{&quot;possibleAnswerCode&quot;:&quot;ZQP20050606&quot;,&quot;possibleAnswerText&quot;:&quot;Norwegian&quot;},{&quot;possibleAnswerCode&quot;:&quot;ZQP20050607&quot;,&quot;possibleAnswerText&quot;:&quot;Norwegien Bokmål&quot;},{&quot;possibleAnswerCode&quot;:&quot;ZQP20050608&quot;,&quot;possibleAnswerText&quot;:&quot;Norwegian Nynorsk&quot;},{&quot;possibleAnswerCode&quot;:&quot;ZQP20050609&quot;,&quot;possibleAnswerText&quot;:&quot;Not applicable&quot;},{&quot;possibleAnswerCode&quot;:&quot;ZQP20050610&quot;,&quot;possibleAnswerText&quot;:&quot;Nubian languages&quot;},{&quot;possibleAnswerCode&quot;:&quot;ZQP20050611&quot;,&quot;possibleAnswerText&quot;:&quot;Nuosu&quot;},{&quot;possibleAnswerCode&quot;:&quot;ZQP20050612&quot;,&quot;possibleAnswerText&quot;:&quot;Nyamwezi&quot;},{&quot;possibleAnswerCode&quot;:&quot;ZQP20050613&quot;,&quot;possibleAnswerText&quot;:&quot;Nyanja&quot;},{&quot;possibleAnswerCode&quot;:&quot;ZQP20050614&quot;,&quot;possibleAnswerText&quot;:&quot;Nyankole&quot;},{&quot;possibleAnswerCode&quot;:&quot;ZQP20050615&quot;,&quot;possibleAnswerText&quot;:&quot;Nynorsk, Norwegian&quot;},{&quot;possibleAnswerCode&quot;:&quot;ZQP20050616&quot;,&quot;possibleAnswerText&quot;:&quot;Nyoro&quot;},{&quot;possibleAnswerCode&quot;:&quot;ZQP20050617&quot;,&quot;possibleAnswerText&quot;:&quot;Nzima&quot;},{&quot;possibleAnswerCode&quot;:&quot;ZQP20050618&quot;,&quot;possibleAnswerText&quot;:&quot;Occidental&quot;},{&quot;possibleAnswerCode&quot;:&quot;ZQP20050619&quot;,&quot;possibleAnswerText&quot;:&quot;Occitan (post 1500)&quot;},{&quot;possibleAnswerCode&quot;:&quot;ZQP20050620&quot;,&quot;possibleAnswerText&quot;:&quot;Occitan, Old (to 1500)&quot;},{&quot;possibleAnswerCode&quot;:&quot;ZQP20050621&quot;,&quot;possibleAnswerText&quot;:&quot;Official Aramaic (700-300 BCE)&quot;},{&quot;possibleAnswerCode&quot;:&quot;ZQP20050622&quot;,&quot;possibleAnswerText&quot;:&quot;Oirat&quot;},{&quot;possibleAnswerCode&quot;:&quot;ZQP20050623&quot;,&quot;possibleAnswerText&quot;:&quot;Ojibwa&quot;},{&quot;possibleAnswerCode&quot;:&quot;ZQP20050624&quot;,&quot;possibleAnswerText&quot;:&quot;Old Bulgarian&quot;},{&quot;possibleAnswerCode&quot;:&quot;ZQP20050625&quot;,&quot;possibleAnswerText&quot;:&quot;Old Church Slavonic&quot;},{&quot;possibleAnswerCode&quot;:&quot;ZQP20050626&quot;,&quot;possibleAnswerText&quot;:&quot;Old Newari&quot;},{&quot;possibleAnswerCode&quot;:&quot;ZQP20050627&quot;,&quot;possibleAnswerText&quot;:&quot;Old Slavonic&quot;},{&quot;possibleAnswerCode&quot;:&quot;ZQP20050628&quot;,&quot;possibleAnswerText&quot;:&quot;Oriya&quot;},{&quot;possibleAnswerCode&quot;:&quot;ZQP20050629&quot;,&quot;possibleAnswerText&quot;:&quot;Oromo&quot;},{&quot;possibleAnswerCode&quot;:&quot;ZQP20050630&quot;,&quot;possibleAnswerText&quot;:&quot;Osage&quot;},{&quot;possibleAnswerCode&quot;:&quot;ZQP20050631&quot;,&quot;possibleAnswerText&quot;:&quot;Ossetian&quot;},{&quot;possibleAnswerCode&quot;:&quot;ZQP20050632&quot;,&quot;possibleAnswerText&quot;:&quot;Ossetic&quot;},{&quot;possibleAnswerCode&quot;:&quot;ZQP20050633&quot;,&quot;possibleAnswerText&quot;:&quot;Otomian languages&quot;},{&quot;possibleAnswerCode&quot;:&quot;ZQP20050634&quot;,&quot;possibleAnswerText&quot;:&quot;Pahlavi&quot;},{&quot;possibleAnswerCode&quot;:&quot;ZQP20050635&quot;,&quot;possibleAnswerText&quot;:&quot;Palauan&quot;},{&quot;possibleAnswerCode&quot;:&quot;ZQP20050636&quot;,&quot;possibleAnswerText&quot;:&quot;Pali&quot;},{&quot;possibleAnswerCode&quot;:&quot;ZQP20050637&quot;,&quot;possibleAnswerText&quot;:&quot;Pampanga&quot;},{&quot;possibleAnswerCode&quot;:&quot;ZQP20050638&quot;,&quot;possibleAnswerText&quot;:&quot;Pangasinan&quot;},{&quot;possibleAnswerCode&quot;:&quot;ZQP20050639&quot;,&quot;possibleAnswerText&quot;:&quot;Panjabi&quot;},{&quot;possibleAnswerCode&quot;:&quot;ZQP20050640&quot;,&quot;possibleAnswerText&quot;:&quot;Papiamento&quot;},{&quot;possibleAnswerCode&quot;:&quot;ZQP20050641&quot;,&quot;possibleAnswerText&quot;:&quot;Papuan languages&quot;},{&quot;possibleAnswerCode&quot;:&quot;ZQP20050642&quot;,&quot;possibleAnswerText&quot;:&quot;Pashto&quot;},{&quot;possibleAnswerCode&quot;:&quot;ZQP20050643&quot;,&quot;possibleAnswerText&quot;:&quot;Pedi&quot;},{&quot;possibleAnswerCode&quot;:&quot;ZQP20050644&quot;,&quot;possibleAnswerText&quot;:&quot;Persian&quot;},{&quot;possibleAnswerCode&quot;:&quot;ZQP20050645&quot;,&quot;possibleAnswerText&quot;:&quot;Persian, Old (ca.600-400 B.C.)&quot;},{&quot;possibleAnswerCode&quot;:&quot;ZQP20050646&quot;,&quot;possibleAnswerText&quot;:&quot;Philippine languages&quot;},{&quot;possibleAnswerCode&quot;:&quot;ZQP20050647&quot;,&quot;possibleAnswerText&quot;:&quot;Phoenician&quot;},{&quot;possibleAnswerCode&quot;:&quot;ZQP20050648&quot;,&quot;possibleAnswerText&quot;:&quot;Pilipino&quot;},{&quot;possibleAnswerCode&quot;:&quot;ZQP20050649&quot;,&quot;possibleAnswerText&quot;:&quot;Pohnpeian&quot;},{&quot;possibleAnswerCode&quot;:&quot;ZQP20050650&quot;,&quot;possibleAnswerText&quot;:&quot;Polish&quot;},{&quot;possibleAnswerCode&quot;:&quot;ZQP20050651&quot;,&quot;possibleAnswerText&quot;:&quot;Portuguese&quot;},{&quot;possibleAnswerCode&quot;:&quot;ZQP20050652&quot;,&quot;possibleAnswerText&quot;:&quot;Prakrit languages&quot;},{&quot;possibleAnswerCode&quot;:&quot;ZQP20050653&quot;,&quot;possibleAnswerText&quot;:&quot;Provençal, Old (to 1500)&quot;},{&quot;possibleAnswerCode&quot;:&quot;ZQP20050654&quot;,&quot;possibleAnswerText&quot;:&quot;Punjabi&quot;},{&quot;possibleAnswerCode&quot;:&quot;ZQP20050655&quot;,&quot;possibleAnswerText&quot;:&quot;Pushto&quot;},{&quot;possibleAnswerCode&quot;:&quot;ZQP20050656&quot;,&quot;possibleAnswerText&quot;:&quot;Quechua&quot;},{&quot;possibleAnswerCode&quot;:&quot;ZQP20050657&quot;,&quot;possibleAnswerText&quot;:&quot;Rajasthani&quot;},{&quot;possibleAnswerCode&quot;:&quot;ZQP20050658&quot;,&quot;possibleAnswerText&quot;:&quot;Rapanui&quot;},{&quot;possibleAnswerCode&quot;:&quot;ZQP20050659&quot;,&quot;possibleAnswerText&quot;:&quot;Rarotongan&quot;},{&quot;possibleAnswerCode&quot;:&quot;ZQP20050660&quot;,&quot;possibleAnswerText&quot;:&quot;Romance languages&quot;},{&quot;possibleAnswerCode&quot;:&quot;ZQP20050661&quot;,&quot;possibleAnswerText&quot;:&quot;Romanian&quot;},{&quot;possibleAnswerCode&quot;:&quot;ZQP20050662&quot;,&quot;possibleAnswerText&quot;:&quot;Romansh&quot;},{&quot;possibleAnswerCode&quot;:&quot;ZQP20050663&quot;,&quot;possibleAnswerText&quot;:&quot;Romany&quot;},{&quot;possibleAnswerCode&quot;:&quot;ZQP20050664&quot;,&quot;possibleAnswerText&quot;:&quot;Rundi&quot;},{&quot;possibleAnswerCode&quot;:&quot;ZQP20050665&quot;,&quot;possibleAnswerText&quot;:&quot;Russian&quot;},{&quot;possibleAnswerCode&quot;:&quot;ZQP20050666&quot;,&quot;possibleAnswerText&quot;:&quot;Sakan&quot;},{&quot;possibleAnswerCode&quot;:&quot;ZQP20050667&quot;,&quot;possibleAnswerText&quot;:&quot;Salishan languages&quot;},{&quot;possibleAnswerCode&quot;:&quot;ZQP20050668&quot;,&quot;possibleAnswerText&quot;:&quot;Samaritan Aramaic&quot;},{&quot;possibleAnswerCode&quot;:&quot;ZQP20050669&quot;,&quot;possibleAnswerText&quot;:&quot;Sami languages&quot;},{&quot;possibleAnswerCode&quot;:&quot;ZQP20050670&quot;,&quot;possibleAnswerText&quot;:&quot;Samoan&quot;},{&quot;possibleAnswerCode&quot;:&quot;ZQP20050671&quot;,&quot;possibleAnswerText&quot;:&quot;Sandawe&quot;},{&quot;possibleAnswerCode&quot;:&quot;ZQP20050672&quot;,&quot;possibleAnswerText&quot;:&quot;Sango&quot;},{&quot;possibleAnswerCode&quot;:&quot;ZQP20050673&quot;,&quot;possibleAnswerText&quot;:&quot;Sanskrit&quot;},{&quot;possibleAnswerCode&quot;:&quot;ZQP20050674&quot;,&quot;possibleAnswerText&quot;:&quot;Santali&quot;},{&quot;possibleAnswerCode&quot;:&quot;ZQP20050675&quot;,&quot;possibleAnswerText&quot;:&quot;Sardinian&quot;},{&quot;possibleAnswerCode&quot;:&quot;ZQP20050676&quot;,&quot;possibleAnswerText&quot;:&quot;Sasak&quot;},{&quot;possibleAnswerCode&quot;:&quot;ZQP20050677&quot;,&quot;possibleAnswerText&quot;:&quot;Saxon, Low&quot;},{&quot;possibleAnswerCode&quot;:&quot;ZQP20050678&quot;,&quot;possibleAnswerText&quot;:&quot;Scots&quot;},{&quot;possibleAnswerCode&quot;:&quot;ZQP20050679&quot;,&quot;possibleAnswerText&quot;:&quot;Scottish Gaelic&quot;},{&quot;possibleAnswerCode&quot;:&quot;ZQP20050680&quot;,&quot;possibleAnswerText&quot;:&quot;Selkup&quot;},{&quot;possibleAnswerCode&quot;:&quot;ZQP20050681&quot;,&quot;possibleAnswerText&quot;:&quot;Semitic languages&quot;},{&quot;possibleAnswerCode&quot;:&quot;ZQP20050682&quot;,&quot;possibleAnswerText&quot;:&quot;Senufo&quot;},{&quot;possibleAnswerCode&quot;:&quot;ZQP20050683&quot;,&quot;possibleAnswerText&quot;:&quot;Sepedi&quot;},{&quot;possibleAnswerCode&quot;:&quot;ZQP20050684&quot;,&quot;possibleAnswerText&quot;:&quot;Serbian&quot;},{&quot;possibleAnswerCode&quot;:&quot;ZQP20050685&quot;,&quot;possibleAnswerText&quot;:&quot;Serer&quot;},{&quot;possibleAnswerCode&quot;:&quot;ZQP20050686&quot;,&quot;possibleAnswerText&quot;:&quot;Shan&quot;},{&quot;possibleAnswerCode&quot;:&quot;ZQP20050687&quot;,&quot;possibleAnswerText&quot;:&quot;Shona&quot;},{&quot;possibleAnswerCode&quot;:&quot;ZQP20050688&quot;,&quot;possibleAnswerText&quot;:&quot;Sichuan Yi&quot;},{&quot;possibleAnswerCode&quot;:&quot;ZQP20050689&quot;,&quot;possibleAnswerText&quot;:&quot;Sicilian&quot;},{&quot;possibleAnswerCode&quot;:&quot;ZQP20050690&quot;,&quot;possibleAnswerText&quot;:&quot;Sidamo&quot;},{&quot;possibleAnswerCode&quot;:&quot;ZQP20050691&quot;,&quot;possibleAnswerText&quot;:&quot;Sign Languages&quot;},{&quot;possibleAnswerCode&quot;:&quot;ZQP20050692&quot;,&quot;possibleAnswerText&quot;:&quot;Siksika&quot;},{&quot;possibleAnswerCode&quot;:&quot;ZQP20050693&quot;,&quot;possibleAnswerText&quot;:&quot;Sindhi&quot;},{&quot;possibleAnswerCode&quot;:&quot;ZQP20050694&quot;,&quot;possibleAnswerText&quot;:&quot;Sinhala&quot;},{&quot;possibleAnswerCode&quot;:&quot;ZQP20050695&quot;,&quot;possibleAnswerText&quot;:&quot;Sinhalese&quot;},{&quot;possibleAnswerCode&quot;:&quot;ZQP20050696&quot;,&quot;possibleAnswerText&quot;:&quot;Sino-Tibetan languages&quot;},{&quot;possibleAnswerCode&quot;:&quot;ZQP20050697&quot;,&quot;possibleAnswerText&quot;:&quot;Siouan languages&quot;},{&quot;possibleAnswerCode&quot;:&quot;ZQP20050698&quot;,&quot;possibleAnswerText&quot;:&quot;Skolt Sami&quot;},{&quot;possibleAnswerCode&quot;:&quot;ZQP20050699&quot;,&quot;possibleAnswerText&quot;:&quot;Slave (Athapascan)&quot;},{&quot;possibleAnswerCode&quot;:&quot;ZQP20050700&quot;,&quot;possibleAnswerText&quot;:&quot;Slavic languages&quot;},{&quot;possibleAnswerCode&quot;:&quot;ZQP20050701&quot;,&quot;possibleAnswerText&quot;:&quot;Slovak&quot;},{&quot;possibleAnswerCode&quot;:&quot;ZQP20050702&quot;,&quot;possibleAnswerText&quot;:&quot;Slovenian&quot;},{&quot;possibleAnswerCode&quot;:&quot;ZQP20050703&quot;,&quot;possibleAnswerText&quot;:&quot;Sogdian&quot;},{&quot;possibleAnswerCode&quot;:&quot;ZQP20050704&quot;,&quot;possibleAnswerText&quot;:&quot;Somali&quot;},{&quot;possibleAnswerCode&quot;:&quot;ZQP20050705&quot;,&quot;possibleAnswerText&quot;:&quot;Songhai languages&quot;},{&quot;possibleAnswerCode&quot;:&quot;ZQP20050706&quot;,&quot;possibleAnswerText&quot;:&quot;Soninke&quot;},{&quot;possibleAnswerCode&quot;:&quot;ZQP20050707&quot;,&quot;possibleAnswerText&quot;:&quot;Sorbian languages&quot;},{&quot;possibleAnswerCode&quot;:&quot;ZQP20050708&quot;,&quot;possibleAnswerText&quot;:&quot;Sotho, Northern&quot;},{&quot;possibleAnswerCode&quot;:&quot;ZQP20050709&quot;,&quot;possibleAnswerText&quot;:&quot;Sotho, Southern&quot;},{&quot;possibleAnswerCode&quot;:&quot;ZQP20050710&quot;,&quot;possibleAnswerText&quot;:&quot;South American Indian languages&quot;},{&quot;possibleAnswerCode&quot;:&quot;ZQP20050711&quot;,&quot;possibleAnswerText&quot;:&quot;South Ndebele&quot;},{&quot;possibleAnswerCode&quot;:&quot;ZQP20050712&quot;,&quot;possibleAnswerText&quot;:&quot;Southern Altai&quot;},{&quot;possibleAnswerCode&quot;:&quot;ZQP20050713&quot;,&quot;possibleAnswerText&quot;:&quot;Southern Sami&quot;},{&quot;possibleAnswerCode&quot;:&quot;ZQP20050714&quot;,&quot;possibleAnswerText&quot;:&quot;Spanish&quot;},{&quot;possibleAnswerCode&quot;:&quot;ZQP20050715&quot;,&quot;possibleAnswerText&quot;:&quot;Sranan Tongo&quot;},{&quot;possibleAnswerCode&quot;:&quot;ZQP20050716&quot;,&quot;possibleAnswerText&quot;:&quot;Sukuma&quot;},{&quot;possibleAnswerCode&quot;:&quot;ZQP20050717&quot;,&quot;possibleAnswerText&quot;:&quot;Sumerian&quot;},{&quot;possibleAnswerCode&quot;:&quot;ZQP20050718&quot;,&quot;possibleAnswerText&quot;:&quot;Sundanese&quot;},{&quot;possibleAnswerCode&quot;:&quot;ZQP20050719&quot;,&quot;possibleAnswerText&quot;:&quot;Susu&quot;},{&quot;possibleAnswerCode&quot;:&quot;ZQP20050720&quot;,&quot;possibleAnswerText&quot;:&quot;Swahili&quot;},{&quot;possibleAnswerCode&quot;:&quot;ZQP20050721&quot;,&quot;possibleAnswerText&quot;:&quot;Swati&quot;},{&quot;possibleAnswerCode&quot;:&quot;ZQP20050722&quot;,&quot;possibleAnswerText&quot;:&quot;Swedish&quot;},{&quot;possibleAnswerCode&quot;:&quot;ZQP20050723&quot;,&quot;possibleAnswerText&quot;:&quot;Swiss German&quot;},{&quot;possibleAnswerCode&quot;:&quot;ZQP20050724&quot;,&quot;possibleAnswerText&quot;:&quot;Syriac&quot;},{&quot;possibleAnswerCode&quot;:&quot;ZQP20050725&quot;,&quot;possibleAnswerText&quot;:&quot;Tagalog&quot;},{&quot;possibleAnswerCode&quot;:&quot;ZQP20050726&quot;,&quot;possibleAnswerText&quot;:&quot;Tahitian&quot;},{&quot;possibleAnswerCode&quot;:&quot;ZQP20050727&quot;,&quot;possibleAnswerText&quot;:&quot;Tai languages&quot;},{&quot;possibleAnswerCode&quot;:&quot;ZQP20050728&quot;,&quot;possibleAnswerText&quot;:&quot;Tajik&quot;},{&quot;possibleAnswerCode&quot;:&quot;ZQP20050729&quot;,&quot;possibleAnswerText&quot;:&quot;Tamashek&quot;},{&quot;possibleAnswerCode&quot;:&quot;ZQP20050730&quot;,&quot;possibleAnswerText&quot;:&quot;Tamil&quot;},{&quot;possibleAnswerCode&quot;:&quot;ZQP20050731&quot;,&quot;possibleAnswerText&quot;:&quot;Tatar&quot;},{&quot;possibleAnswerCode&quot;:&quot;ZQP20050732&quot;,&quot;possibleAnswerText&quot;:&quot;Telugu&quot;},{&quot;possibleAnswerCode&quot;:&quot;ZQP20050733&quot;,&quot;possibleAnswerText&quot;:&quot;Tereno&quot;},{&quot;possibleAnswerCode&quot;:&quot;ZQP20050734&quot;,&quot;possibleAnswerText&quot;:&quot;Tetum&quot;},{&quot;possibleAnswerCode&quot;:&quot;ZQP20050735&quot;,&quot;possibleAnswerText&quot;:&quot;Thai&quot;},{&quot;possibleAnswerCode&quot;:&quot;ZQP20050736&quot;,&quot;possibleAnswerText&quot;:&quot;Tibetan&quot;},{&quot;possibleAnswerCode&quot;:&quot;ZQP20050737&quot;,&quot;possibleAnswerText&quot;:&quot;Tigre&quot;},{&quot;possibleAnswerCode&quot;:&quot;ZQP20050738&quot;,&quot;possibleAnswerText&quot;:&quot;Tigrinya&quot;},{&quot;possibleAnswerCode&quot;:&quot;ZQP20050739&quot;,&quot;possibleAnswerText&quot;:&quot;Timne&quot;},{&quot;possibleAnswerCode&quot;:&quot;ZQP20050740&quot;,&quot;possibleAnswerText&quot;:&quot;Tiv&quot;},{&quot;possibleAnswerCode&quot;:&quot;ZQP20050741&quot;,&quot;possibleAnswerText&quot;:&quot;tlhIngan-Hol&quot;},{&quot;possibleAnswerCode&quot;:&quot;ZQP20050742&quot;,&quot;possibleAnswerText&quot;:&quot;Tlingit&quot;},{&quot;possibleAnswerCode&quot;:&quot;ZQP20050743&quot;,&quot;possibleAnswerText&quot;:&quot;Tok Pisin&quot;},{&quot;possibleAnswerCode&quot;:&quot;ZQP20050744&quot;,&quot;possibleAnswerText&quot;:&quot;Tokelau&quot;},{&quot;possibleAnswerCode&quot;:&quot;ZQP20050745&quot;,&quot;possibleAnswerText&quot;:&quot;Tonga (Nyasa)&quot;},{&quot;possibleAnswerCode&quot;:&quot;ZQP20050746&quot;,&quot;possibleAnswerText&quot;:&quot;Tonga (Tonga Islands)&quot;},{&quot;possibleAnswerCode&quot;:&quot;ZQP20050747&quot;,&quot;possibleAnswerText&quot;:&quot;Tsimshian&quot;},{&quot;possibleAnswerCode&quot;:&quot;ZQP20050748&quot;,&quot;possibleAnswerText&quot;:&quot;Tsonga&quot;},{&quot;possibleAnswerCode&quot;:&quot;ZQP20050749&quot;,&quot;possibleAnswerText&quot;:&quot;Tswana&quot;},{&quot;possibleAnswerCode&quot;:&quot;ZQP20050750&quot;,&quot;possibleAnswerText&quot;:&quot;Tumbuka&quot;},{&quot;possibleAnswerCode&quot;:&quot;ZQP20050751&quot;,&quot;possibleAnswerText&quot;:&quot;Tupi languages&quot;},{&quot;possibleAnswerCode&quot;:&quot;ZQP20050752&quot;,&quot;possibleAnswerText&quot;:&quot;Turkish&quot;},{&quot;possibleAnswerCode&quot;:&quot;ZQP20050753&quot;,&quot;possibleAnswerText&quot;:&quot;Turkish, Ottoman (1500-1928)&quot;},{&quot;possibleAnswerCode&quot;:&quot;ZQP20050754&quot;,&quot;possibleAnswerText&quot;:&quot;Turkmen&quot;},{&quot;possibleAnswerCode&quot;:&quot;ZQP20050755&quot;,&quot;possibleAnswerText&quot;:&quot;Tuvalu&quot;},{&quot;possibleAnswerCode&quot;:&quot;ZQP20050756&quot;,&quot;possibleAnswerText&quot;:&quot;Tuvinian&quot;},{&quot;possibleAnswerCode&quot;:&quot;ZQP20050757&quot;,&quot;possibleAnswerText&quot;:&quot;Twi&quot;},{&quot;possibleAnswerCode&quot;:&quot;ZQP20050758&quot;,&quot;possibleAnswerText&quot;:&quot;Udmurt&quot;},{&quot;possibleAnswerCode&quot;:&quot;ZQP20050759&quot;,&quot;possibleAnswerText&quot;:&quot;Ugaritic&quot;},{&quot;possibleAnswerCode&quot;:&quot;ZQP20050760&quot;,&quot;possibleAnswerText&quot;:&quot;Uighur&quot;},{&quot;possibleAnswerCode&quot;:&quot;ZQP20050761&quot;,&quot;possibleAnswerText&quot;:&quot;Ukrainian&quot;},{&quot;possibleAnswerCode&quot;:&quot;ZQP20050762&quot;,&quot;possibleAnswerText&quot;:&quot;Umbundu&quot;},{&quot;possibleAnswerCode&quot;:&quot;ZQP20050763&quot;,&quot;possibleAnswerText&quot;:&quot;Uncoded languages&quot;},{&quot;possibleAnswerCode&quot;:&quot;ZQP20050764&quot;,&quot;possibleAnswerText&quot;:&quot;Undetermined&quot;},{&quot;possibleAnswerCode&quot;:&quot;ZQP20050765&quot;,&quot;possibleAnswerText&quot;:&quot;Upper Sorbian&quot;},{&quot;possibleAnswerCode&quot;:&quot;ZQP20050766&quot;,&quot;possibleAnswerText&quot;:&quot;Urdu&quot;},{&quot;possibleAnswerCode&quot;:&quot;ZQP20050767&quot;,&quot;possibleAnswerText&quot;:&quot;Uyghur&quot;},{&quot;possibleAnswerCode&quot;:&quot;ZQP20050768&quot;,&quot;possibleAnswerText&quot;:&quot;Uzbek&quot;},{&quot;possibleAnswerCode&quot;:&quot;ZQP20050769&quot;,&quot;possibleAnswerText&quot;:&quot;Vai&quot;},{&quot;possibleAnswerCode&quot;:&quot;ZQP20050770&quot;,&quot;possibleAnswerText&quot;:&quot;Valencian&quot;},{&quot;possibleAnswerCode&quot;:&quot;ZQP20050771&quot;,&quot;possibleAnswerText&quot;:&quot;Venda&quot;},{&quot;possibleAnswerCode&quot;:&quot;ZQP20050772&quot;,&quot;possibleAnswerText&quot;:&quot;Vietnamese&quot;},{&quot;possibleAnswerCode&quot;:&quot;ZQP20050773&quot;,&quot;possibleAnswerText&quot;:&quot;Volapük&quot;},{&quot;possibleAnswerCode&quot;:&quot;ZQP20050774&quot;,&quot;possibleAnswerText&quot;:&quot;Votic&quot;},{&quot;possibleAnswerCode&quot;:&quot;ZQP20050775&quot;,&quot;possibleAnswerText&quot;:&quot;Wakashan languages&quot;},{&quot;possibleAnswerCode&quot;:&quot;ZQP20050776&quot;,&quot;possibleAnswerText&quot;:&quot;Walloon&quot;},{&quot;possibleAnswerCode&quot;:&quot;ZQP20050777&quot;,&quot;possibleAnswerText&quot;:&quot;Waray&quot;},{&quot;possibleAnswerCode&quot;:&quot;ZQP20050778&quot;,&quot;possibleAnswerText&quot;:&quot;Washo&quot;},{&quot;possibleAnswerCode&quot;:&quot;ZQP20050779&quot;,&quot;possibleAnswerText&quot;:&quot;Welsh&quot;},{&quot;possibleAnswerCode&quot;:&quot;ZQP20050780&quot;,&quot;possibleAnswerText&quot;:&quot;Western Frisian&quot;},{&quot;possibleAnswerCode&quot;:&quot;ZQP20050781&quot;,&quot;possibleAnswerText&quot;:&quot;Western Pahari languages&quot;},{&quot;possibleAnswerCode&quot;:&quot;ZQP20050782&quot;,&quot;possibleAnswerText&quot;:&quot;Wolaitta&quot;},{&quot;possibleAnswerCode&quot;:&quot;ZQP20050783&quot;,&quot;possibleAnswerText&quot;:&quot;Wolaytta&quot;},{&quot;possibleAnswerCode&quot;:&quot;ZQP20050784&quot;,&quot;possibleAnswerText&quot;:&quot;Wolof&quot;},{&quot;possibleAnswerCode&quot;:&quot;ZQP20050785&quot;,&quot;possibleAnswerText&quot;:&quot;Xhosa&quot;},{&quot;possibleAnswerCode&quot;:&quot;ZQP20050786&quot;,&quot;possibleAnswerText&quot;:&quot;Yakut&quot;},{&quot;possibleAnswerCode&quot;:&quot;ZQP20050787&quot;,&quot;possibleAnswerText&quot;:&quot;Yao&quot;},{&quot;possibleAnswerCode&quot;:&quot;ZQP20050788&quot;,&quot;possibleAnswerText&quot;:&quot;Yapese&quot;},{&quot;possibleAnswerCode&quot;:&quot;ZQP20050789&quot;,&quot;possibleAnswerText&quot;:&quot;Yiddish&quot;},{&quot;possibleAnswerCode&quot;:&quot;ZQP20050790&quot;,&quot;possibleAnswerText&quot;:&quot;Yoruba&quot;},{&quot;possibleAnswerCode&quot;:&quot;ZQP20050791&quot;,&quot;possibleAnswerText&quot;:&quot;Yupik languages&quot;},{&quot;possibleAnswerCode&quot;:&quot;ZQP20050792&quot;,&quot;possibleAnswerText&quot;:&quot;Zande languages&quot;},{&quot;possibleAnswerCode&quot;:&quot;ZQP20050793&quot;,&quot;possibleAnswerText&quot;:&quot;Zapotec&quot;},{&quot;possibleAnswerCode&quot;:&quot;ZQP20050794&quot;,&quot;possibleAnswerText&quot;:&quot;Zaza&quot;},{&quot;possibleAnswerCode&quot;:&quot;ZQP20050795&quot;,&quot;possibleAnswerText&quot;:&quot;Zazaki&quot;},{&quot;possibleAnswerCode&quot;:&quot;ZQP20050796&quot;,&quot;possibleAnswerText&quot;:&quot;Zenaga&quot;},{&quot;possibleAnswerCode&quot;:&quot;ZQP20050797&quot;,&quot;possibleAnswerText&quot;:&quot;Zhuang&quot;},{&quot;possibleAnswerCode&quot;:&quot;ZQP20050798&quot;,&quot;possibleAnswerText&quot;:&quot;Zulu&quot;},{&quot;possibleAnswerCode&quot;:&quot;ZQP20050799&quot;,&quot;possibleAnswerText&quot;:&quot;Zuni&quot;}]},{&quot;questionType&quot;:&quot;NUMBER&quot;,&quot;questionCode&quot;:&quot;ZQQ20050007&quot;,&quot;questionText&quot;:&quot;What is the number of employees/workers under 14  working at this site ?&quot;,&quot;sectorProfiles&quot;:[&quot;BIGAGRI&quot;,&quot;FISHVESL&quot;,&quot;MANUFACT&quot;,&quot;SMALLAGRI&quot;],&quot;possibleAnswers&quot;:[]},{&quot;questionType&quot;:&quot;MULTIPLE_CHOICE&quot;,&quot;questionCode&quot;:&quot;ZQQ20050006&quot;,&quot;questionText&quot;:&quot;What are the secondary languages spoken by employees/workers at this site?  Please select all applicable answers.&quot;,&quot;sectorProfiles&quot;:[&quot;BIGAGRI&quot;,&quot;MANUFACT&quot;],&quot;possibleAnswers&quot;:[{&quot;possibleAnswerCode&quot;:&quot;ZQP20050800&quot;,&quot;possibleAnswerText&quot;:&quot;Abkhazian&quot;},{&quot;possibleAnswerCode&quot;:&quot;ZQP20050801&quot;,&quot;possibleAnswerText&quot;:&quot;Achinese&quot;},{&quot;possibleAnswerCode&quot;:&quot;ZQP20050802&quot;,&quot;possibleAnswerText&quot;:&quot;Acoli&quot;},{&quot;possibleAnswerCode&quot;:&quot;ZQP20050803&quot;,&quot;possibleAnswerText&quot;:&quot;Adangme&quot;},{&quot;possibleAnswerCode&quot;:&quot;ZQP20050804&quot;,&quot;possibleAnswerText&quot;:&quot;Adygei&quot;},{&quot;possibleAnswerCode&quot;:&quot;ZQP20050805&quot;,&quot;possibleAnswerText&quot;:&quot;Adyghe&quot;},{&quot;possibleAnswerCode&quot;:&quot;ZQP20050806&quot;,&quot;possibleAnswerText&quot;:&quot;Afar&quot;},{&quot;possibleAnswerCode&quot;:&quot;ZQP20050807&quot;,&quot;possibleAnswerText&quot;:&quot;Afrihili&quot;},{&quot;possibleAnswerCode&quot;:&quot;ZQP20050808&quot;,&quot;possibleAnswerText&quot;:&quot;Afrikaans&quot;},{&quot;possibleAnswerCode&quot;:&quot;ZQP20050809&quot;,&quot;possibleAnswerText&quot;:&quot;Afro-Asiatic languages&quot;},{&quot;possibleAnswerCode&quot;:&quot;ZQP20050810&quot;,&quot;possibleAnswerText&quot;:&quot;Ainu&quot;},{&quot;possibleAnswerCode&quot;:&quot;ZQP20050811&quot;,&quot;possibleAnswerText&quot;:&quot;Akan&quot;},{&quot;possibleAnswerCode&quot;:&quot;ZQP20050812&quot;,&quot;possibleAnswerText&quot;:&quot;Akkadian&quot;},{&quot;possibleAnswerCode&quot;:&quot;ZQP20050813&quot;,&quot;possibleAnswerText&quot;:&quot;Albanian&quot;},{&quot;possibleAnswerCode&quot;:&quot;ZQP20050814&quot;,&quot;possibleAnswerText&quot;:&quot;Alemannic&quot;},{&quot;possibleAnswerCode&quot;:&quot;ZQP20050815&quot;,&quot;possibleAnswerText&quot;:&quot;Aleut&quot;},{&quot;possibleAnswerCode&quot;:&quot;ZQP20050816&quot;,&quot;possibleAnswerText&quot;:&quot;Algonquian languages&quot;},{&quot;possibleAnswerCode&quot;:&quot;ZQP20050817&quot;,&quot;possibleAnswerText&quot;:&quot;Alsatian&quot;},{&quot;possibleAnswerCode&quot;:&quot;ZQP20050818&quot;,&quot;possibleAnswerText&quot;:&quot;Altaic languages&quot;},{&quot;possibleAnswerCode&quot;:&quot;ZQP20050819&quot;,&quot;possibleAnswerText&quot;:&quot;Amharic&quot;},{&quot;possibleAnswerCode&quot;:&quot;ZQP20050820&quot;,&quot;possibleAnswerText&quot;:&quot;Angika&quot;},{&quot;possibleAnswerCode&quot;:&quot;ZQP20050821&quot;,&quot;possibleAnswerText&quot;:&quot;Apache languages&quot;},{&quot;possibleAnswerCode&quot;:&quot;ZQP20050822&quot;,&quot;possibleAnswerText&quot;:&quot;Arabic&quot;},{&quot;possibleAnswerCode&quot;:&quot;ZQP20050823&quot;,&quot;possibleAnswerText&quot;:&quot;Aragonese&quot;},{&quot;possibleAnswerCode&quot;:&quot;ZQP20050824&quot;,&quot;possibleAnswerText&quot;:&quot;Arapaho&quot;},{&quot;possibleAnswerCode&quot;:&quot;ZQP20050825&quot;,&quot;possibleAnswerText&quot;:&quot;Arawak&quot;},{&quot;possibleAnswerCode&quot;:&quot;ZQP20050826&quot;,&quot;possibleAnswerText&quot;:&quot;Armenian&quot;},{&quot;possibleAnswerCode&quot;:&quot;ZQP20050827&quot;,&quot;possibleAnswerText&quot;:&quot;Aromanian&quot;},{&quot;possibleAnswerCode&quot;:&quot;ZQP20050828&quot;,&quot;possibleAnswerText&quot;:&quot;Artificial languages&quot;},{&quot;possibleAnswerCode&quot;:&quot;ZQP20050829&quot;,&quot;possibleAnswerText&quot;:&quot;Arumanian&quot;},{&quot;possibleAnswerCode&quot;:&quot;ZQP20050830&quot;,&quot;possibleAnswerText&quot;:&quot;Assamese&quot;},{&quot;possibleAnswerCode&quot;:&quot;ZQP20050831&quot;,&quot;possibleAnswerText&quot;:&quot;Asturian&quot;},{&quot;possibleAnswerCode&quot;:&quot;ZQP20050832&quot;,&quot;possibleAnswerText&quot;:&quot;Asturleonese&quot;},{&quot;possibleAnswerCode&quot;:&quot;ZQP20050833&quot;,&quot;possibleAnswerText&quot;:&quot;Athapascan languages&quot;},{&quot;possibleAnswerCode&quot;:&quot;ZQP20050834&quot;,&quot;possibleAnswerText&quot;:&quot;Australian languages&quot;},{&quot;possibleAnswerCode&quot;:&quot;ZQP20050835&quot;,&quot;possibleAnswerText&quot;:&quot;Austronesian languages&quot;},{&quot;possibleAnswerCode&quot;:&quot;ZQP20050836&quot;,&quot;possibleAnswerText&quot;:&quot;Avaric&quot;},{&quot;possibleAnswerCode&quot;:&quot;ZQP20050837&quot;,&quot;possibleAnswerText&quot;:&quot;Avestan&quot;},{&quot;possibleAnswerCode&quot;:&quot;ZQP20050838&quot;,&quot;possibleAnswerText&quot;:&quot;Awadhi&quot;},{&quot;possibleAnswerCode&quot;:&quot;ZQP20050839&quot;,&quot;possibleAnswerText&quot;:&quot;Aymara&quot;},{&quot;possibleAnswerCode&quot;:&quot;ZQP20050840&quot;,&quot;possibleAnswerText&quot;:&quot;Azerbaijani&quot;},{&quot;possibleAnswerCode&quot;:&quot;ZQP20050841&quot;,&quot;possibleAnswerText&quot;:&quot;Bable&quot;},{&quot;possibleAnswerCode&quot;:&quot;ZQP20050842&quot;,&quot;possibleAnswerText&quot;:&quot;Balinese&quot;},{&quot;possibleAnswerCode&quot;:&quot;ZQP20050843&quot;,&quot;possibleAnswerText&quot;:&quot;Baltic languages&quot;},{&quot;possibleAnswerCode&quot;:&quot;ZQP20050844&quot;,&quot;possibleAnswerText&quot;:&quot;Baluchi&quot;},{&quot;possibleAnswerCode&quot;:&quot;ZQP20050845&quot;,&quot;possibleAnswerText&quot;:&quot;Bambara&quot;},{&quot;possibleAnswerCode&quot;:&quot;ZQP20050846&quot;,&quot;possibleAnswerText&quot;:&quot;Bamileke languages&quot;},{&quot;possibleAnswerCode&quot;:&quot;ZQP20050847&quot;,&quot;possibleAnswerText&quot;:&quot;Banda languages&quot;},{&quot;possibleAnswerCode&quot;:&quot;ZQP20050848&quot;,&quot;possibleAnswerText&quot;:&quot;Bantu languages&quot;},{&quot;possibleAnswerCode&quot;:&quot;ZQP20050849&quot;,&quot;possibleAnswerText&quot;:&quot;Basa&quot;},{&quot;possibleAnswerCode&quot;:&quot;ZQP20050850&quot;,&quot;possibleAnswerText&quot;:&quot;Bashkir&quot;},{&quot;possibleAnswerCode&quot;:&quot;ZQP20050851&quot;,&quot;possibleAnswerText&quot;:&quot;Basque&quot;},{&quot;possibleAnswerCode&quot;:&quot;ZQP20050852&quot;,&quot;possibleAnswerText&quot;:&quot;Batak languages&quot;},{&quot;possibleAnswerCode&quot;:&quot;ZQP20050853&quot;,&quot;possibleAnswerText&quot;:&quot;Bedawiyet&quot;},{&quot;possibleAnswerCode&quot;:&quot;ZQP20050854&quot;,&quot;possibleAnswerText&quot;:&quot;Beja&quot;},{&quot;possibleAnswerCode&quot;:&quot;ZQP20050855&quot;,&quot;possibleAnswerText&quot;:&quot;Belarusian&quot;},{&quot;possibleAnswerCode&quot;:&quot;ZQP20050856&quot;,&quot;possibleAnswerText&quot;:&quot;Bemba&quot;},{&quot;possibleAnswerCode&quot;:&quot;ZQP20050857&quot;,&quot;possibleAnswerText&quot;:&quot;Bengali&quot;},{&quot;possibleAnswerCode&quot;:&quot;ZQP20050858&quot;,&quot;possibleAnswerText&quot;:&quot;Berber languages&quot;},{&quot;possibleAnswerCode&quot;:&quot;ZQP20050859&quot;,&quot;possibleAnswerText&quot;:&quot;Bhojpuri&quot;},{&quot;possibleAnswerCode&quot;:&quot;ZQP20050860&quot;,&quot;possibleAnswerText&quot;:&quot;Bihari languages&quot;},{&quot;possibleAnswerCode&quot;:&quot;ZQP20050861&quot;,&quot;possibleAnswerText&quot;:&quot;Bikol&quot;},{&quot;possibleAnswerCode&quot;:&quot;ZQP20050862&quot;,&quot;possibleAnswerText&quot;:&quot;Bilin&quot;},{&quot;possibleAnswerCode&quot;:&quot;ZQP20050863&quot;,&quot;possibleAnswerText&quot;:&quot;Bini&quot;},{&quot;possibleAnswerCode&quot;:&quot;ZQP20050864&quot;,&quot;possibleAnswerText&quot;:&quot;Bislama&quot;},{&quot;possibleAnswerCode&quot;:&quot;ZQP20050865&quot;,&quot;possibleAnswerText&quot;:&quot;Blin&quot;},{&quot;possibleAnswerCode&quot;:&quot;ZQP20050866&quot;,&quot;possibleAnswerText&quot;:&quot;Bliss&quot;},{&quot;possibleAnswerCode&quot;:&quot;ZQP20050867&quot;,&quot;possibleAnswerText&quot;:&quot;Blissymbolics&quot;},{&quot;possibleAnswerCode&quot;:&quot;ZQP20050868&quot;,&quot;possibleAnswerText&quot;:&quot;Blissymbols&quot;},{&quot;possibleAnswerCode&quot;:&quot;ZQP20050869&quot;,&quot;possibleAnswerText&quot;:&quot;Bokmål, Norwegian&quot;},{&quot;possibleAnswerCode&quot;:&quot;ZQP20050870&quot;,&quot;possibleAnswerText&quot;:&quot;Bosnian&quot;},{&quot;possibleAnswerCode&quot;:&quot;ZQP20050871&quot;,&quot;possibleAnswerText&quot;:&quot;Braj&quot;},{&quot;possibleAnswerCode&quot;:&quot;ZQP20050872&quot;,&quot;possibleAnswerText&quot;:&quot;Breton&quot;},{&quot;possibleAnswerCode&quot;:&quot;ZQP20050873&quot;,&quot;possibleAnswerText&quot;:&quot;Buginese&quot;},{&quot;possibleAnswerCode&quot;:&quot;ZQP20050874&quot;,&quot;possibleAnswerText&quot;:&quot;Bulgarian&quot;},{&quot;possibleAnswerCode&quot;:&quot;ZQP20050875&quot;,&quot;possibleAnswerText&quot;:&quot;Buriat&quot;},{&quot;possibleAnswerCode&quot;:&quot;ZQP20050876&quot;,&quot;possibleAnswerText&quot;:&quot;Burmese&quot;},{&quot;possibleAnswerCode&quot;:&quot;ZQP20050877&quot;,&quot;possibleAnswerText&quot;:&quot;Caddo&quot;},{&quot;possibleAnswerCode&quot;:&quot;ZQP20050878&quot;,&quot;possibleAnswerText&quot;:&quot;Cantonese&quot;},{&quot;possibleAnswerCode&quot;:&quot;ZQP20050879&quot;,&quot;possibleAnswerText&quot;:&quot;Castilian&quot;},{&quot;possibleAnswerCode&quot;:&quot;ZQP20050880&quot;,&quot;possibleAnswerText&quot;:&quot;Catalan&quot;},{&quot;possibleAnswerCode&quot;:&quot;ZQP20050881&quot;,&quot;possibleAnswerText&quot;:&quot;Caucasian languages&quot;},{&quot;possibleAnswerCode&quot;:&quot;ZQP20050882&quot;,&quot;possibleAnswerText&quot;:&quot;Cebuano&quot;},{&quot;possibleAnswerCode&quot;:&quot;ZQP20050883&quot;,&quot;possibleAnswerText&quot;:&quot;Celtic languages&quot;},{&quot;possibleAnswerCode&quot;:&quot;ZQP20050884&quot;,&quot;possibleAnswerText&quot;:&quot;Central American Indian languages&quot;},{&quot;possibleAnswerCode&quot;:&quot;ZQP20050885&quot;,&quot;possibleAnswerText&quot;:&quot;Central Khmer&quot;},{&quot;possibleAnswerCode&quot;:&quot;ZQP20050886&quot;,&quot;possibleAnswerText&quot;:&quot;Chagatai&quot;},{&quot;possibleAnswerCode&quot;:&quot;ZQP20050887&quot;,&quot;possibleAnswerText&quot;:&quot;Chamic languages&quot;},{&quot;possibleAnswerCode&quot;:&quot;ZQP20050888&quot;,&quot;possibleAnswerText&quot;:&quot;Chamorro&quot;},{&quot;possibleAnswerCode&quot;:&quot;ZQP20050889&quot;,&quot;possibleAnswerText&quot;:&quot;Chechen&quot;},{&quot;possibleAnswerCode&quot;:&quot;ZQP20050890&quot;,&quot;possibleAnswerText&quot;:&quot;Cherokee&quot;},{&quot;possibleAnswerCode&quot;:&quot;ZQP20050891&quot;,&quot;possibleAnswerText&quot;:&quot;Chewa&quot;},{&quot;possibleAnswerCode&quot;:&quot;ZQP20050892&quot;,&quot;possibleAnswerText&quot;:&quot;Cheyenne&quot;},{&quot;possibleAnswerCode&quot;:&quot;ZQP20050893&quot;,&quot;possibleAnswerText&quot;:&quot;Chibcha&quot;},{&quot;possibleAnswerCode&quot;:&quot;ZQP20050894&quot;,&quot;possibleAnswerText&quot;:&quot;Chichewa&quot;},{&quot;possibleAnswerCode&quot;:&quot;ZQP20050895&quot;,&quot;possibleAnswerText&quot;:&quot;Chinese&quot;},{&quot;possibleAnswerCode&quot;:&quot;ZQP20050896&quot;,&quot;possibleAnswerText&quot;:&quot;Chinook jargon&quot;},{&quot;possibleAnswerCode&quot;:&quot;ZQP20050897&quot;,&quot;possibleAnswerText&quot;:&quot;Chipewyan&quot;},{&quot;possibleAnswerCode&quot;:&quot;ZQP20050898&quot;,&quot;possibleAnswerText&quot;:&quot;Choctaw&quot;},{&quot;possibleAnswerCode&quot;:&quot;ZQP20050899&quot;,&quot;possibleAnswerText&quot;:&quot;Chuang&quot;},{&quot;possibleAnswerCode&quot;:&quot;ZQP20050900&quot;,&quot;possibleAnswerText&quot;:&quot;Church Slavic&quot;},{&quot;possibleAnswerCode&quot;:&quot;ZQP20050901&quot;,&quot;possibleAnswerText&quot;:&quot;Church Slavonic&quot;},{&quot;possibleAnswerCode&quot;:&quot;ZQP20050902&quot;,&quot;possibleAnswerText&quot;:&quot;Chuukese&quot;},{&quot;possibleAnswerCode&quot;:&quot;ZQP20050903&quot;,&quot;possibleAnswerText&quot;:&quot;Chuvash&quot;},{&quot;possibleAnswerCode&quot;:&quot;ZQP20050904&quot;,&quot;possibleAnswerText&quot;:&quot;Classical Nepal Bhasa&quot;},{&quot;possibleAnswerCode&quot;:&quot;ZQP20050905&quot;,&quot;possibleAnswerText&quot;:&quot;Classical Newari&quot;},{&quot;possibleAnswerCode&quot;:&quot;ZQP20050906&quot;,&quot;possibleAnswerText&quot;:&quot;Classical Syriac&quot;},{&quot;possibleAnswerCode&quot;:&quot;ZQP20050907&quot;,&quot;possibleAnswerText&quot;:&quot;Cook Islands Maori&quot;},{&quot;possibleAnswerCode&quot;:&quot;ZQP20050908&quot;,&quot;possibleAnswerText&quot;:&quot;Coptic&quot;},{&quot;possibleAnswerCode&quot;:&quot;ZQP20050909&quot;,&quot;possibleAnswerText&quot;:&quot;Cornish&quot;},{&quot;possibleAnswerCode&quot;:&quot;ZQP20050910&quot;,&quot;possibleAnswerText&quot;:&quot;Corsican&quot;},{&quot;possibleAnswerCode&quot;:&quot;ZQP20050911&quot;,&quot;possibleAnswerText&quot;:&quot;Cree&quot;},{&quot;possibleAnswerCode&quot;:&quot;ZQP20050912&quot;,&quot;possibleAnswerText&quot;:&quot;Creek&quot;},{&quot;possibleAnswerCode&quot;:&quot;ZQP20050913&quot;,&quot;possibleAnswerText&quot;:&quot;Creoles and pidgins&quot;},{&quot;possibleAnswerCode&quot;:&quot;ZQP20050914&quot;,&quot;possibleAnswerText&quot;:&quot;Creoles and pidgins, English based&quot;},{&quot;possibleAnswerCode&quot;:&quot;ZQP20050915&quot;,&quot;possibleAnswerText&quot;:&quot;Creoles and pidgins, French-based&quot;},{&quot;possibleAnswerCode&quot;:&quot;ZQP20050916&quot;,&quot;possibleAnswerText&quot;:&quot;Creoles and pidgins, Portuguese-based&quot;},{&quot;possibleAnswerCode&quot;:&quot;ZQP20050917&quot;,&quot;possibleAnswerText&quot;:&quot;Crimean Tatar&quot;},{&quot;possibleAnswerCode&quot;:&quot;ZQP20050918&quot;,&quot;possibleAnswerText&quot;:&quot;Crimean Turkish&quot;},{&quot;possibleAnswerCode&quot;:&quot;ZQP20050919&quot;,&quot;possibleAnswerText&quot;:&quot;Croatian&quot;},{&quot;possibleAnswerCode&quot;:&quot;ZQP20050920&quot;,&quot;possibleAnswerText&quot;:&quot;Cushitic languages&quot;},{&quot;possibleAnswerCode&quot;:&quot;ZQP20050921&quot;,&quot;possibleAnswerText&quot;:&quot;Czech&quot;},{&quot;possibleAnswerCode&quot;:&quot;ZQP20050922&quot;,&quot;possibleAnswerText&quot;:&quot;Dakota&quot;},{&quot;possibleAnswerCode&quot;:&quot;ZQP20050923&quot;,&quot;possibleAnswerText&quot;:&quot;Danish&quot;},{&quot;possibleAnswerCode&quot;:&quot;ZQP20050924&quot;,&quot;possibleAnswerText&quot;:&quot;Dargwa&quot;},{&quot;possibleAnswerCode&quot;:&quot;ZQP20050925&quot;,&quot;possibleAnswerText&quot;:&quot;Delaware&quot;},{&quot;possibleAnswerCode&quot;:&quot;ZQP20050926&quot;,&quot;possibleAnswerText&quot;:&quot;Dene Suline&quot;},{&quot;possibleAnswerCode&quot;:&quot;ZQP20050927&quot;,&quot;possibleAnswerText&quot;:&quot;Dhivehi&quot;},{&quot;possibleAnswerCode&quot;:&quot;ZQP20050928&quot;,&quot;possibleAnswerText&quot;:&quot;Dimili&quot;},{&quot;possibleAnswerCode&quot;:&quot;ZQP20050929&quot;,&quot;possibleAnswerText&quot;:&quot;Dimli&quot;},{&quot;possibleAnswerCode&quot;:&quot;ZQP20050930&quot;,&quot;possibleAnswerText&quot;:&quot;Dinka&quot;},{&quot;possibleAnswerCode&quot;:&quot;ZQP20050931&quot;,&quot;possibleAnswerText&quot;:&quot;Dioula&quot;},{&quot;possibleAnswerCode&quot;:&quot;ZQP20050932&quot;,&quot;possibleAnswerText&quot;:&quot;Divehi&quot;},{&quot;possibleAnswerCode&quot;:&quot;ZQP20050933&quot;,&quot;possibleAnswerText&quot;:&quot;Dogri&quot;},{&quot;possibleAnswerCode&quot;:&quot;ZQP20050934&quot;,&quot;possibleAnswerText&quot;:&quot;Dogrib&quot;},{&quot;possibleAnswerCode&quot;:&quot;ZQP20050935&quot;,&quot;possibleAnswerText&quot;:&quot;Dravidian languages&quot;},{&quot;possibleAnswerCode&quot;:&quot;ZQP20050936&quot;,&quot;possibleAnswerText&quot;:&quot;Duala&quot;},{&quot;possibleAnswerCode&quot;:&quot;ZQP20050937&quot;,&quot;possibleAnswerText&quot;:&quot;Dutch&quot;},{&quot;possibleAnswerCode&quot;:&quot;ZQP20050938&quot;,&quot;possibleAnswerText&quot;:&quot;Dutch, Middle (ca.1050-1350)&quot;},{&quot;possibleAnswerCode&quot;:&quot;ZQP20050939&quot;,&quot;possibleAnswerText&quot;:&quot;Dyula&quot;},{&quot;possibleAnswerCode&quot;:&quot;ZQP20050940&quot;,&quot;possibleAnswerText&quot;:&quot;Dzongkha&quot;},{&quot;possibleAnswerCode&quot;:&quot;ZQP20050941&quot;,&quot;possibleAnswerText&quot;:&quot;Eastern Frisian&quot;},{&quot;possibleAnswerCode&quot;:&quot;ZQP20050942&quot;,&quot;possibleAnswerText&quot;:&quot;Edo&quot;},{&quot;possibleAnswerCode&quot;:&quot;ZQP20050943&quot;,&quot;possibleAnswerText&quot;:&quot;Efik&quot;},{&quot;possibleAnswerCode&quot;:&quot;ZQP20050944&quot;,&quot;possibleAnswerText&quot;:&quot;Egyptian (Ancient)&quot;},{&quot;possibleAnswerCode&quot;:&quot;ZQP20050945&quot;,&quot;possibleAnswerText&quot;:&quot;Ekajuk&quot;},{&quot;possibleAnswerCode&quot;:&quot;ZQP20050946&quot;,&quot;possibleAnswerText&quot;:&quot;Elamite&quot;},{&quot;possibleAnswerCode&quot;:&quot;ZQP20050947&quot;,&quot;possibleAnswerText&quot;:&quot;English&quot;},{&quot;possibleAnswerCode&quot;:&quot;ZQP20050948&quot;,&quot;possibleAnswerText&quot;:&quot;English, Middle (1100-1500)&quot;},{&quot;possibleAnswerCode&quot;:&quot;ZQP20050949&quot;,&quot;possibleAnswerText&quot;:&quot;English, Old (ca.450-1100)&quot;},{&quot;possibleAnswerCode&quot;:&quot;ZQP20050950&quot;,&quot;possibleAnswerText&quot;:&quot;Erzya&quot;},{&quot;possibleAnswerCode&quot;:&quot;ZQP20050951&quot;,&quot;possibleAnswerText&quot;:&quot;Esperanto&quot;},{&quot;possibleAnswerCode&quot;:&quot;ZQP20050952&quot;,&quot;possibleAnswerText&quot;:&quot;Estonian&quot;},{&quot;possibleAnswerCode&quot;:&quot;ZQP20050953&quot;,&quot;possibleAnswerText&quot;:&quot;Ewe&quot;},{&quot;possibleAnswerCode&quot;:&quot;ZQP20050954&quot;,&quot;possibleAnswerText&quot;:&quot;Ewondo&quot;},{&quot;possibleAnswerCode&quot;:&quot;ZQP20050955&quot;,&quot;possibleAnswerText&quot;:&quot;Fang&quot;},{&quot;possibleAnswerCode&quot;:&quot;ZQP20050956&quot;,&quot;possibleAnswerText&quot;:&quot;Fanti&quot;},{&quot;possibleAnswerCode&quot;:&quot;ZQP20050957&quot;,&quot;possibleAnswerText&quot;:&quot;Faroese&quot;},{&quot;possibleAnswerCode&quot;:&quot;ZQP20050958&quot;,&quot;possibleAnswerText&quot;:&quot;Fijian&quot;},{&quot;possibleAnswerCode&quot;:&quot;ZQP20050959&quot;,&quot;possibleAnswerText&quot;:&quot;Filipino&quot;},{&quot;possibleAnswerCode&quot;:&quot;ZQP20050960&quot;,&quot;possibleAnswerText&quot;:&quot;Finnish&quot;},{&quot;possibleAnswerCode&quot;:&quot;ZQP20050961&quot;,&quot;possibleAnswerText&quot;:&quot;Finno-Ugrian languages&quot;},{&quot;possibleAnswerCode&quot;:&quot;ZQP20050962&quot;,&quot;possibleAnswerText&quot;:&quot;Flemish&quot;},{&quot;possibleAnswerCode&quot;:&quot;ZQP20050963&quot;,&quot;possibleAnswerText&quot;:&quot;Fon&quot;},{&quot;possibleAnswerCode&quot;:&quot;ZQP20050964&quot;,&quot;possibleAnswerText&quot;:&quot;French&quot;},{&quot;possibleAnswerCode&quot;:&quot;ZQP20050965&quot;,&quot;possibleAnswerText&quot;:&quot;French, Middle (ca.1400-1600)&quot;},{&quot;possibleAnswerCode&quot;:&quot;ZQP20050966&quot;,&quot;possibleAnswerText&quot;:&quot;French, Old (842-ca.1400)&quot;},{&quot;possibleAnswerCode&quot;:&quot;ZQP20050967&quot;,&quot;possibleAnswerText&quot;:&quot;Friulian&quot;},{&quot;possibleAnswerCode&quot;:&quot;ZQP20050968&quot;,&quot;possibleAnswerText&quot;:&quot;Fulah&quot;},{&quot;possibleAnswerCode&quot;:&quot;ZQP20050969&quot;,&quot;possibleAnswerText&quot;:&quot;Ga&quot;},{&quot;possibleAnswerCode&quot;:&quot;ZQP20050970&quot;,&quot;possibleAnswerText&quot;:&quot;Gaelic&quot;},{&quot;possibleAnswerCode&quot;:&quot;ZQP20050971&quot;,&quot;possibleAnswerText&quot;:&quot;Galibi Carib&quot;},{&quot;possibleAnswerCode&quot;:&quot;ZQP20050972&quot;,&quot;possibleAnswerText&quot;:&quot;Galician&quot;},{&quot;possibleAnswerCode&quot;:&quot;ZQP20050973&quot;,&quot;possibleAnswerText&quot;:&quot;Ganda&quot;},{&quot;possibleAnswerCode&quot;:&quot;ZQP20050974&quot;,&quot;possibleAnswerText&quot;:&quot;Gayo&quot;},{&quot;possibleAnswerCode&quot;:&quot;ZQP20050975&quot;,&quot;possibleAnswerText&quot;:&quot;Gbaya&quot;},{&quot;possibleAnswerCode&quot;:&quot;ZQP20050976&quot;,&quot;possibleAnswerText&quot;:&quot;Geez&quot;},{&quot;possibleAnswerCode&quot;:&quot;ZQP20050977&quot;,&quot;possibleAnswerText&quot;:&quot;Georgian&quot;},{&quot;possibleAnswerCode&quot;:&quot;ZQP20050978&quot;,&quot;possibleAnswerText&quot;:&quot;German&quot;},{&quot;possibleAnswerCode&quot;:&quot;ZQP20050979&quot;,&quot;possibleAnswerText&quot;:&quot;German, Low&quot;},{&quot;possibleAnswerCode&quot;:&quot;ZQP20050980&quot;,&quot;possibleAnswerText&quot;:&quot;German, Middle High (ca.1050-1500)&quot;},{&quot;possibleAnswerCode&quot;:&quot;ZQP20050981&quot;,&quot;possibleAnswerText&quot;:&quot;German, Old High (ca.750-1050)&quot;},{&quot;possibleAnswerCode&quot;:&quot;ZQP20050982&quot;,&quot;possibleAnswerText&quot;:&quot;Germanic languages&quot;},{&quot;possibleAnswerCode&quot;:&quot;ZQP20050983&quot;,&quot;possibleAnswerText&quot;:&quot;Gikuyu&quot;},{&quot;possibleAnswerCode&quot;:&quot;ZQP20050984&quot;,&quot;possibleAnswerText&quot;:&quot;Gilbertese&quot;},{&quot;possibleAnswerCode&quot;:&quot;ZQP20050985&quot;,&quot;possibleAnswerText&quot;:&quot;Gondi&quot;},{&quot;possibleAnswerCode&quot;:&quot;ZQP20050986&quot;,&quot;possibleAnswerText&quot;:&quot;Gorontalo&quot;},{&quot;possibleAnswerCode&quot;:&quot;ZQP20050987&quot;,&quot;possibleAnswerText&quot;:&quot;Gothic&quot;},{&quot;possibleAnswerCode&quot;:&quot;ZQP20050988&quot;,&quot;possibleAnswerText&quot;:&quot;Grebo&quot;},{&quot;possibleAnswerCode&quot;:&quot;ZQP20050989&quot;,&quot;possibleAnswerText&quot;:&quot;Greek, Ancient (to 1453)&quot;},{&quot;possibleAnswerCode&quot;:&quot;ZQP20050990&quot;,&quot;possibleAnswerText&quot;:&quot;Greek, Modern (1453-)&quot;},{&quot;possibleAnswerCode&quot;:&quot;ZQP20050991&quot;,&quot;possibleAnswerText&quot;:&quot;Greenlandic&quot;},{&quot;possibleAnswerCode&quot;:&quot;ZQP20050992&quot;,&quot;possibleAnswerText&quot;:&quot;Guarani&quot;},{&quot;possibleAnswerCode&quot;:&quot;ZQP20050993&quot;,&quot;possibleAnswerText&quot;:&quot;Gujarati&quot;},{&quot;possibleAnswerCode&quot;:&quot;ZQP20050994&quot;,&quot;possibleAnswerText&quot;:&quot;Gwich&apos;in&quot;},{&quot;possibleAnswerCode&quot;:&quot;ZQP20050995&quot;,&quot;possibleAnswerText&quot;:&quot;Haida&quot;},{&quot;possibleAnswerCode&quot;:&quot;ZQP20050996&quot;,&quot;possibleAnswerText&quot;:&quot;Haitian&quot;},{&quot;possibleAnswerCode&quot;:&quot;ZQP20050997&quot;,&quot;possibleAnswerText&quot;:&quot;Haitian Creole&quot;},{&quot;possibleAnswerCode&quot;:&quot;ZQP20050998&quot;,&quot;possibleAnswerText&quot;:&quot;Hausa&quot;},{&quot;possibleAnswerCode&quot;:&quot;ZQP20050999&quot;,&quot;possibleAnswerText&quot;:&quot;Hawaiian&quot;},{&quot;possibleAnswerCode&quot;:&quot;ZQP20051000&quot;,&quot;possibleAnswerText&quot;:&quot;Hebrew&quot;},{&quot;possibleAnswerCode&quot;:&quot;ZQP20051001&quot;,&quot;possibleAnswerText&quot;:&quot;Herero&quot;},{&quot;possibleAnswerCode&quot;:&quot;ZQP20051002&quot;,&quot;possibleAnswerText&quot;:&quot;Hiligaynon&quot;},{&quot;possibleAnswerCode&quot;:&quot;ZQP20051003&quot;,&quot;possibleAnswerText&quot;:&quot;Himachali languages&quot;},{&quot;possibleAnswerCode&quot;:&quot;ZQP20051004&quot;,&quot;possibleAnswerText&quot;:&quot;Hindi&quot;},{&quot;possibleAnswerCode&quot;:&quot;ZQP20051005&quot;,&quot;possibleAnswerText&quot;:&quot;Hiri Motu&quot;},{&quot;possibleAnswerCode&quot;:&quot;ZQP20051006&quot;,&quot;possibleAnswerText&quot;:&quot;Hittite&quot;},{&quot;possibleAnswerCode&quot;:&quot;ZQP20051007&quot;,&quot;possibleAnswerText&quot;:&quot;Hmong&quot;},{&quot;possibleAnswerCode&quot;:&quot;ZQP20051008&quot;,&quot;possibleAnswerText&quot;:&quot;Hungarian&quot;},{&quot;possibleAnswerCode&quot;:&quot;ZQP20051009&quot;,&quot;possibleAnswerText&quot;:&quot;Hupa&quot;},{&quot;possibleAnswerCode&quot;:&quot;ZQP20051010&quot;,&quot;possibleAnswerText&quot;:&quot;Iban&quot;},{&quot;possibleAnswerCode&quot;:&quot;ZQP20051011&quot;,&quot;possibleAnswerText&quot;:&quot;Icelandic&quot;},{&quot;possibleAnswerCode&quot;:&quot;ZQP20051012&quot;,&quot;possibleAnswerText&quot;:&quot;Ido&quot;},{&quot;possibleAnswerCode&quot;:&quot;ZQP20051013&quot;,&quot;possibleAnswerText&quot;:&quot;Igbo&quot;},{&quot;possibleAnswerCode&quot;:&quot;ZQP20051014&quot;,&quot;possibleAnswerText&quot;:&quot;Ijo languages&quot;},{&quot;possibleAnswerCode&quot;:&quot;ZQP20051015&quot;,&quot;possibleAnswerText&quot;:&quot;Iloko&quot;},{&quot;possibleAnswerCode&quot;:&quot;ZQP20051016&quot;,&quot;possibleAnswerText&quot;:&quot;Imperial Aramaic (700-300 BCE)&quot;},{&quot;possibleAnswerCode&quot;:&quot;ZQP20051017&quot;,&quot;possibleAnswerText&quot;:&quot;Inari Sami&quot;},{&quot;possibleAnswerCode&quot;:&quot;ZQP20051018&quot;,&quot;possibleAnswerText&quot;:&quot;Indic languages&quot;},{&quot;possibleAnswerCode&quot;:&quot;ZQP20051019&quot;,&quot;possibleAnswerText&quot;:&quot;Indo-European languages&quot;},{&quot;possibleAnswerCode&quot;:&quot;ZQP20051020&quot;,&quot;possibleAnswerText&quot;:&quot;Indonesian&quot;},{&quot;possibleAnswerCode&quot;:&quot;ZQP20051021&quot;,&quot;possibleAnswerText&quot;:&quot;Ingush&quot;},{&quot;possibleAnswerCode&quot;:&quot;ZQP20051022&quot;,&quot;possibleAnswerText&quot;:&quot;Interlingua (International Auxiliary Language Association)&quot;},{&quot;possibleAnswerCode&quot;:&quot;ZQP20051023&quot;,&quot;possibleAnswerText&quot;:&quot;Interlingue&quot;},{&quot;possibleAnswerCode&quot;:&quot;ZQP20051024&quot;,&quot;possibleAnswerText&quot;:&quot;Inuktitut&quot;},{&quot;possibleAnswerCode&quot;:&quot;ZQP20051025&quot;,&quot;possibleAnswerText&quot;:&quot;Inupiaq&quot;},{&quot;possibleAnswerCode&quot;:&quot;ZQP20051026&quot;,&quot;possibleAnswerText&quot;:&quot;Iranian languages&quot;},{&quot;possibleAnswerCode&quot;:&quot;ZQP20051027&quot;,&quot;possibleAnswerText&quot;:&quot;Irish&quot;},{&quot;possibleAnswerCode&quot;:&quot;ZQP20051028&quot;,&quot;possibleAnswerText&quot;:&quot;Irish, Middle (900-1200)&quot;},{&quot;possibleAnswerCode&quot;:&quot;ZQP20051029&quot;,&quot;possibleAnswerText&quot;:&quot;Irish, Old (to 900)&quot;},{&quot;possibleAnswerCode&quot;:&quot;ZQP20051030&quot;,&quot;possibleAnswerText&quot;:&quot;Iroquoian languages&quot;},{&quot;possibleAnswerCode&quot;:&quot;ZQP20051031&quot;,&quot;possibleAnswerText&quot;:&quot;Italian&quot;},{&quot;possibleAnswerCode&quot;:&quot;ZQP20051032&quot;,&quot;possibleAnswerText&quot;:&quot;Japanese&quot;},{&quot;possibleAnswerCode&quot;:&quot;ZQP20051033&quot;,&quot;possibleAnswerText&quot;:&quot;Javanese&quot;},{&quot;possibleAnswerCode&quot;:&quot;ZQP20051034&quot;,&quot;possibleAnswerText&quot;:&quot;Jingpho&quot;},{&quot;possibleAnswerCode&quot;:&quot;ZQP20051035&quot;,&quot;possibleAnswerText&quot;:&quot;Judeo-Arabic&quot;},{&quot;possibleAnswerCode&quot;:&quot;ZQP20051036&quot;,&quot;possibleAnswerText&quot;:&quot;Judeo-Persian&quot;},{&quot;possibleAnswerCode&quot;:&quot;ZQP20051037&quot;,&quot;possibleAnswerText&quot;:&quot;Kabardian&quot;},{&quot;possibleAnswerCode&quot;:&quot;ZQP20051038&quot;,&quot;possibleAnswerText&quot;:&quot;Kabyle&quot;},{&quot;possibleAnswerCode&quot;:&quot;ZQP20051039&quot;,&quot;possibleAnswerText&quot;:&quot;Kachin&quot;},{&quot;possibleAnswerCode&quot;:&quot;ZQP20051040&quot;,&quot;possibleAnswerText&quot;:&quot;Kalaallisut&quot;},{&quot;possibleAnswerCode&quot;:&quot;ZQP20051041&quot;,&quot;possibleAnswerText&quot;:&quot;Kalmyk&quot;},{&quot;possibleAnswerCode&quot;:&quot;ZQP20051042&quot;,&quot;possibleAnswerText&quot;:&quot;Kamba&quot;},{&quot;possibleAnswerCode&quot;:&quot;ZQP20051043&quot;,&quot;possibleAnswerText&quot;:&quot;Kannada&quot;},{&quot;possibleAnswerCode&quot;:&quot;ZQP20051044&quot;,&quot;possibleAnswerText&quot;:&quot;Kanuri&quot;},{&quot;possibleAnswerCode&quot;:&quot;ZQP20051045&quot;,&quot;possibleAnswerText&quot;:&quot;Kapampangan&quot;},{&quot;possibleAnswerCode&quot;:&quot;ZQP20051046&quot;,&quot;possibleAnswerText&quot;:&quot;Karachay-Balkar&quot;},{&quot;possibleAnswerCode&quot;:&quot;ZQP20051047&quot;,&quot;possibleAnswerText&quot;:&quot;Kara-Kalpak&quot;},{&quot;possibleAnswerCode&quot;:&quot;ZQP20051048&quot;,&quot;possibleAnswerText&quot;:&quot;Karelian&quot;},{&quot;possibleAnswerCode&quot;:&quot;ZQP20051049&quot;,&quot;possibleAnswerText&quot;:&quot;Karen languages&quot;},{&quot;possibleAnswerCode&quot;:&quot;ZQP20051050&quot;,&quot;possibleAnswerText&quot;:&quot;Kashmiri&quot;},{&quot;possibleAnswerCode&quot;:&quot;ZQP20051051&quot;,&quot;possibleAnswerText&quot;:&quot;Kashubian&quot;},{&quot;possibleAnswerCode&quot;:&quot;ZQP20051052&quot;,&quot;possibleAnswerText&quot;:&quot;Kawi&quot;},{&quot;possibleAnswerCode&quot;:&quot;ZQP20051053&quot;,&quot;possibleAnswerText&quot;:&quot;Kazakh&quot;},{&quot;possibleAnswerCode&quot;:&quot;ZQP20051054&quot;,&quot;possibleAnswerText&quot;:&quot;Khasi&quot;},{&quot;possibleAnswerCode&quot;:&quot;ZQP20051055&quot;,&quot;possibleAnswerText&quot;:&quot;Khoisan languages&quot;},{&quot;possibleAnswerCode&quot;:&quot;ZQP20051056&quot;,&quot;possibleAnswerText&quot;:&quot;Khotanese&quot;},{&quot;possibleAnswerCode&quot;:&quot;ZQP20051057&quot;,&quot;possibleAnswerText&quot;:&quot;Kikuyu&quot;},{&quot;possibleAnswerCode&quot;:&quot;ZQP20051058&quot;,&quot;possibleAnswerText&quot;:&quot;Kimbundu&quot;},{&quot;possibleAnswerCode&quot;:&quot;ZQP20051059&quot;,&quot;possibleAnswerText&quot;:&quot;Kinyarwanda&quot;},{&quot;possibleAnswerCode&quot;:&quot;ZQP20051060&quot;,&quot;possibleAnswerText&quot;:&quot;Kirdki&quot;},{&quot;possibleAnswerCode&quot;:&quot;ZQP20051061&quot;,&quot;possibleAnswerText&quot;:&quot;Kirghiz&quot;},{&quot;possibleAnswerCode&quot;:&quot;ZQP20051062&quot;,&quot;possibleAnswerText&quot;:&quot;Kirmanjki&quot;},{&quot;possibleAnswerCode&quot;:&quot;ZQP20051063&quot;,&quot;possibleAnswerText&quot;:&quot;Klingon&quot;},{&quot;possibleAnswerCode&quot;:&quot;ZQP20051064&quot;,&quot;possibleAnswerText&quot;:&quot;Komi&quot;},{&quot;possibleAnswerCode&quot;:&quot;ZQP20051065&quot;,&quot;possibleAnswerText&quot;:&quot;Kongo&quot;},{&quot;possibleAnswerCode&quot;:&quot;ZQP20051066&quot;,&quot;possibleAnswerText&quot;:&quot;Konkani&quot;},{&quot;possibleAnswerCode&quot;:&quot;ZQP20051067&quot;,&quot;possibleAnswerText&quot;:&quot;Korean&quot;},{&quot;possibleAnswerCode&quot;:&quot;ZQP20051068&quot;,&quot;possibleAnswerText&quot;:&quot;Kosraean&quot;},{&quot;possibleAnswerCode&quot;:&quot;ZQP20051069&quot;,&quot;possibleAnswerText&quot;:&quot;Kpelle&quot;},{&quot;possibleAnswerCode&quot;:&quot;ZQP20051070&quot;,&quot;possibleAnswerText&quot;:&quot;Kru languages&quot;},{&quot;possibleAnswerCode&quot;:&quot;ZQP20051071&quot;,&quot;possibleAnswerText&quot;:&quot;Kuanyama&quot;},{&quot;possibleAnswerCode&quot;:&quot;ZQP20051072&quot;,&quot;possibleAnswerText&quot;:&quot;Kumyk&quot;},{&quot;possibleAnswerCode&quot;:&quot;ZQP20051073&quot;,&quot;possibleAnswerText&quot;:&quot;Kurdish&quot;},{&quot;possibleAnswerCode&quot;:&quot;ZQP20051074&quot;,&quot;possibleAnswerText&quot;:&quot;Kurukh&quot;},{&quot;possibleAnswerCode&quot;:&quot;ZQP20051075&quot;,&quot;possibleAnswerText&quot;:&quot;Kutenai&quot;},{&quot;possibleAnswerCode&quot;:&quot;ZQP20051076&quot;,&quot;possibleAnswerText&quot;:&quot;Kwanyama&quot;},{&quot;possibleAnswerCode&quot;:&quot;ZQP20051077&quot;,&quot;possibleAnswerText&quot;:&quot;Kyrgyz&quot;},{&quot;possibleAnswerCode&quot;:&quot;ZQP20051078&quot;,&quot;possibleAnswerText&quot;:&quot;Ladino&quot;},{&quot;possibleAnswerCode&quot;:&quot;ZQP20051079&quot;,&quot;possibleAnswerText&quot;:&quot;Lahnda&quot;},{&quot;possibleAnswerCode&quot;:&quot;ZQP20051080&quot;,&quot;possibleAnswerText&quot;:&quot;Lamba&quot;},{&quot;possibleAnswerCode&quot;:&quot;ZQP20051081&quot;,&quot;possibleAnswerText&quot;:&quot;Land Dayak languages&quot;},{&quot;possibleAnswerCode&quot;:&quot;ZQP20051082&quot;,&quot;possibleAnswerText&quot;:&quot;Lao&quot;},{&quot;possibleAnswerCode&quot;:&quot;ZQP20051083&quot;,&quot;possibleAnswerText&quot;:&quot;Latin&quot;},{&quot;possibleAnswerCode&quot;:&quot;ZQP20051084&quot;,&quot;possibleAnswerText&quot;:&quot;Latvian&quot;},{&quot;possibleAnswerCode&quot;:&quot;ZQP20051085&quot;,&quot;possibleAnswerText&quot;:&quot;Leonese&quot;},{&quot;possibleAnswerCode&quot;:&quot;ZQP20051086&quot;,&quot;possibleAnswerText&quot;:&quot;Letzeburgesch&quot;},{&quot;possibleAnswerCode&quot;:&quot;ZQP20051087&quot;,&quot;possibleAnswerText&quot;:&quot;Lezghian&quot;},{&quot;possibleAnswerCode&quot;:&quot;ZQP20051088&quot;,&quot;possibleAnswerText&quot;:&quot;Limburgan&quot;},{&quot;possibleAnswerCode&quot;:&quot;ZQP20051089&quot;,&quot;possibleAnswerText&quot;:&quot;Limburger&quot;},{&quot;possibleAnswerCode&quot;:&quot;ZQP20051090&quot;,&quot;possibleAnswerText&quot;:&quot;Limburgish&quot;},{&quot;possibleAnswerCode&quot;:&quot;ZQP20051091&quot;,&quot;possibleAnswerText&quot;:&quot;Lingala&quot;},{&quot;possibleAnswerCode&quot;:&quot;ZQP20051092&quot;,&quot;possibleAnswerText&quot;:&quot;Lithuanian&quot;},{&quot;possibleAnswerCode&quot;:&quot;ZQP20051093&quot;,&quot;possibleAnswerText&quot;:&quot;Lojban&quot;},{&quot;possibleAnswerCode&quot;:&quot;ZQP20051094&quot;,&quot;possibleAnswerText&quot;:&quot;Low German&quot;},{&quot;possibleAnswerCode&quot;:&quot;ZQP20051095&quot;,&quot;possibleAnswerText&quot;:&quot;Low Saxon&quot;},{&quot;possibleAnswerCode&quot;:&quot;ZQP20051096&quot;,&quot;possibleAnswerText&quot;:&quot;Lower Sorbian&quot;},{&quot;possibleAnswerCode&quot;:&quot;ZQP20051097&quot;,&quot;possibleAnswerText&quot;:&quot;Lozi&quot;},{&quot;possibleAnswerCode&quot;:&quot;ZQP20051098&quot;,&quot;possibleAnswerText&quot;:&quot;Luba-Katanga&quot;},{&quot;possibleAnswerCode&quot;:&quot;ZQP20051099&quot;,&quot;possibleAnswerText&quot;:&quot;Luba-Lulua&quot;},{&quot;possibleAnswerCode&quot;:&quot;ZQP20051100&quot;,&quot;possibleAnswerText&quot;:&quot;Luiseno&quot;},{&quot;possibleAnswerCode&quot;:&quot;ZQP20051101&quot;,&quot;possibleAnswerText&quot;:&quot;Lule Sami&quot;},{&quot;possibleAnswerCode&quot;:&quot;ZQP20051102&quot;,&quot;possibleAnswerText&quot;:&quot;Lunda&quot;},{&quot;possibleAnswerCode&quot;:&quot;ZQP20051103&quot;,&quot;possibleAnswerText&quot;:&quot;Luo (Kenya and Tanzania)&quot;},{&quot;possibleAnswerCode&quot;:&quot;ZQP20051104&quot;,&quot;possibleAnswerText&quot;:&quot;Lushai&quot;},{&quot;possibleAnswerCode&quot;:&quot;ZQP20051105&quot;,&quot;possibleAnswerText&quot;:&quot;Luxembourgish&quot;},{&quot;possibleAnswerCode&quot;:&quot;ZQP20051106&quot;,&quot;possibleAnswerText&quot;:&quot;Macedonian&quot;},{&quot;possibleAnswerCode&quot;:&quot;ZQP20051107&quot;,&quot;possibleAnswerText&quot;:&quot;Macedo-Romanian&quot;},{&quot;possibleAnswerCode&quot;:&quot;ZQP20051108&quot;,&quot;possibleAnswerText&quot;:&quot;Madurese&quot;},{&quot;possibleAnswerCode&quot;:&quot;ZQP20051109&quot;,&quot;possibleAnswerText&quot;:&quot;Magahi&quot;},{&quot;possibleAnswerCode&quot;:&quot;ZQP20051110&quot;,&quot;possibleAnswerText&quot;:&quot;Maithili&quot;},{&quot;possibleAnswerCode&quot;:&quot;ZQP20051111&quot;,&quot;possibleAnswerText&quot;:&quot;Makasar&quot;},{&quot;possibleAnswerCode&quot;:&quot;ZQP20051112&quot;,&quot;possibleAnswerText&quot;:&quot;Malagasy&quot;},{&quot;possibleAnswerCode&quot;:&quot;ZQP20051113&quot;,&quot;possibleAnswerText&quot;:&quot;Malay&quot;},{&quot;possibleAnswerCode&quot;:&quot;ZQP20051114&quot;,&quot;possibleAnswerText&quot;:&quot;Malayalam&quot;},{&quot;possibleAnswerCode&quot;:&quot;ZQP20051115&quot;,&quot;possibleAnswerText&quot;:&quot;Maldivian&quot;},{&quot;possibleAnswerCode&quot;:&quot;ZQP20051116&quot;,&quot;possibleAnswerText&quot;:&quot;Maltese&quot;},{&quot;possibleAnswerCode&quot;:&quot;ZQP20051117&quot;,&quot;possibleAnswerText&quot;:&quot;Manchu&quot;},{&quot;possibleAnswerCode&quot;:&quot;ZQP20051118&quot;,&quot;possibleAnswerText&quot;:&quot;Mandar&quot;},{&quot;possibleAnswerCode&quot;:&quot;ZQP20051119&quot;,&quot;possibleAnswerText&quot;:&quot;Mandarin&quot;},{&quot;possibleAnswerCode&quot;:&quot;ZQP20051120&quot;,&quot;possibleAnswerText&quot;:&quot;Mandingo&quot;},{&quot;possibleAnswerCode&quot;:&quot;ZQP20051121&quot;,&quot;possibleAnswerText&quot;:&quot;Manipuri&quot;},{&quot;possibleAnswerCode&quot;:&quot;ZQP20051122&quot;,&quot;possibleAnswerText&quot;:&quot;Manobo languages&quot;},{&quot;possibleAnswerCode&quot;:&quot;ZQP20051123&quot;,&quot;possibleAnswerText&quot;:&quot;Manx&quot;},{&quot;possibleAnswerCode&quot;:&quot;ZQP20051124&quot;,&quot;possibleAnswerText&quot;:&quot;Maori&quot;},{&quot;possibleAnswerCode&quot;:&quot;ZQP20051125&quot;,&quot;possibleAnswerText&quot;:&quot;Mapuche&quot;},{&quot;possibleAnswerCode&quot;:&quot;ZQP20051126&quot;,&quot;possibleAnswerText&quot;:&quot;Mapudungun&quot;},{&quot;possibleAnswerCode&quot;:&quot;ZQP20051127&quot;,&quot;possibleAnswerText&quot;:&quot;Marathi&quot;},{&quot;possibleAnswerCode&quot;:&quot;ZQP20051128&quot;,&quot;possibleAnswerText&quot;:&quot;Mari&quot;},{&quot;possibleAnswerCode&quot;:&quot;ZQP20051129&quot;,&quot;possibleAnswerText&quot;:&quot;Marshallese&quot;},{&quot;possibleAnswerCode&quot;:&quot;ZQP20051130&quot;,&quot;possibleAnswerText&quot;:&quot;Marwari&quot;},{&quot;possibleAnswerCode&quot;:&quot;ZQP20051131&quot;,&quot;possibleAnswerText&quot;:&quot;Masai&quot;},{&quot;possibleAnswerCode&quot;:&quot;ZQP20051132&quot;,&quot;possibleAnswerText&quot;:&quot;Mayan languages&quot;},{&quot;possibleAnswerCode&quot;:&quot;ZQP20051133&quot;,&quot;possibleAnswerText&quot;:&quot;Mende&quot;},{&quot;possibleAnswerCode&quot;:&quot;ZQP20051134&quot;,&quot;possibleAnswerText&quot;:&quot;Micmac&quot;},{&quot;possibleAnswerCode&quot;:&quot;ZQP20051135&quot;,&quot;possibleAnswerText&quot;:&quot;Mi&apos;kmaq&quot;},{&quot;possibleAnswerCode&quot;:&quot;ZQP20051136&quot;,&quot;possibleAnswerText&quot;:&quot;Minangkabau&quot;},{&quot;possibleAnswerCode&quot;:&quot;ZQP20051137&quot;,&quot;possibleAnswerText&quot;:&quot;Mirandese&quot;},{&quot;possibleAnswerCode&quot;:&quot;ZQP20051138&quot;,&quot;possibleAnswerText&quot;:&quot;Mohawk&quot;},{&quot;possibleAnswerCode&quot;:&quot;ZQP20051139&quot;,&quot;possibleAnswerText&quot;:&quot;Moksha&quot;},{&quot;possibleAnswerCode&quot;:&quot;ZQP20051140&quot;,&quot;possibleAnswerText&quot;:&quot;Moldavian&quot;},{&quot;possibleAnswerCode&quot;:&quot;ZQP20051141&quot;,&quot;possibleAnswerText&quot;:&quot;Moldovan&quot;},{&quot;possibleAnswerCode&quot;:&quot;ZQP20051142&quot;,&quot;possibleAnswerText&quot;:&quot;Mong&quot;},{&quot;possibleAnswerCode&quot;:&quot;ZQP20051143&quot;,&quot;possibleAnswerText&quot;:&quot;Mongo&quot;},{&quot;possibleAnswerCode&quot;:&quot;ZQP20051144&quot;,&quot;possibleAnswerText&quot;:&quot;Mongolian&quot;},{&quot;possibleAnswerCode&quot;:&quot;ZQP20051145&quot;,&quot;possibleAnswerText&quot;:&quot;Mon-Khmer languages&quot;},{&quot;possibleAnswerCode&quot;:&quot;ZQP20051146&quot;,&quot;possibleAnswerText&quot;:&quot;Mossi&quot;},{&quot;possibleAnswerCode&quot;:&quot;ZQP20051147&quot;,&quot;possibleAnswerText&quot;:&quot;Multiple languages&quot;},{&quot;possibleAnswerCode&quot;:&quot;ZQP20051148&quot;,&quot;possibleAnswerText&quot;:&quot;Munda languages&quot;},{&quot;possibleAnswerCode&quot;:&quot;ZQP20051149&quot;,&quot;possibleAnswerText&quot;:&quot;Nahuatl languages&quot;},{&quot;possibleAnswerCode&quot;:&quot;ZQP20051150&quot;,&quot;possibleAnswerText&quot;:&quot;Nauru&quot;},{&quot;possibleAnswerCode&quot;:&quot;ZQP20051151&quot;,&quot;possibleAnswerText&quot;:&quot;Navaho&quot;},{&quot;possibleAnswerCode&quot;:&quot;ZQP20051152&quot;,&quot;possibleAnswerText&quot;:&quot;Navajo&quot;},{&quot;possibleAnswerCode&quot;:&quot;ZQP20051153&quot;,&quot;possibleAnswerText&quot;:&quot;Ndebele, North&quot;},{&quot;possibleAnswerCode&quot;:&quot;ZQP20051154&quot;,&quot;possibleAnswerText&quot;:&quot;Ndebele, South&quot;},{&quot;possibleAnswerCode&quot;:&quot;ZQP20051155&quot;,&quot;possibleAnswerText&quot;:&quot;Ndonga&quot;},{&quot;possibleAnswerCode&quot;:&quot;ZQP20051156&quot;,&quot;possibleAnswerText&quot;:&quot;Neapolitan&quot;},{&quot;possibleAnswerCode&quot;:&quot;ZQP20051157&quot;,&quot;possibleAnswerText&quot;:&quot;Nepal Bhasa&quot;},{&quot;possibleAnswerCode&quot;:&quot;ZQP20051158&quot;,&quot;possibleAnswerText&quot;:&quot;Nepali&quot;},{&quot;possibleAnswerCode&quot;:&quot;ZQP20051159&quot;,&quot;possibleAnswerText&quot;:&quot;Newari&quot;},{&quot;possibleAnswerCode&quot;:&quot;ZQP20051160&quot;,&quot;possibleAnswerText&quot;:&quot;Nias&quot;},{&quot;possibleAnswerCode&quot;:&quot;ZQP20051161&quot;,&quot;possibleAnswerText&quot;:&quot;Niger-Kordofanian languages&quot;},{&quot;possibleAnswerCode&quot;:&quot;ZQP20051162&quot;,&quot;possibleAnswerText&quot;:&quot;Nilo-Saharan languages&quot;},{&quot;possibleAnswerCode&quot;:&quot;ZQP20051163&quot;,&quot;possibleAnswerText&quot;:&quot;Niuean&quot;},{&quot;possibleAnswerCode&quot;:&quot;ZQP20051164&quot;,&quot;possibleAnswerText&quot;:&quot;N&apos;Ko&quot;},{&quot;possibleAnswerCode&quot;:&quot;ZQP20051165&quot;,&quot;possibleAnswerText&quot;:&quot;No linguistic content&quot;},{&quot;possibleAnswerCode&quot;:&quot;ZQP20051166&quot;,&quot;possibleAnswerText&quot;:&quot;Nogai&quot;},{&quot;possibleAnswerCode&quot;:&quot;ZQP20051167&quot;,&quot;possibleAnswerText&quot;:&quot;Norse, Old&quot;},{&quot;possibleAnswerCode&quot;:&quot;ZQP20051168&quot;,&quot;possibleAnswerText&quot;:&quot;North American Indian languages&quot;},{&quot;possibleAnswerCode&quot;:&quot;ZQP20051169&quot;,&quot;possibleAnswerText&quot;:&quot;North Ndebele&quot;},{&quot;possibleAnswerCode&quot;:&quot;ZQP20051170&quot;,&quot;possibleAnswerText&quot;:&quot;Northern Frisian&quot;},{&quot;possibleAnswerCode&quot;:&quot;ZQP20051171&quot;,&quot;possibleAnswerText&quot;:&quot;Northern Sami&quot;},{&quot;possibleAnswerCode&quot;:&quot;ZQP20051172&quot;,&quot;possibleAnswerText&quot;:&quot;Northern Sotho&quot;},{&quot;possibleAnswerCode&quot;:&quot;ZQP20051173&quot;,&quot;possibleAnswerText&quot;:&quot;Norwegian&quot;},{&quot;possibleAnswerCode&quot;:&quot;ZQP20051174&quot;,&quot;possibleAnswerText&quot;:&quot;Norwegian Bokmål&quot;},{&quot;possibleAnswerCode&quot;:&quot;ZQP20051175&quot;,&quot;possibleAnswerText&quot;:&quot;Norwegian Nynorsk&quot;},{&quot;possibleAnswerCode&quot;:&quot;ZQP20051176&quot;,&quot;possibleAnswerText&quot;:&quot;Not applicable&quot;},{&quot;possibleAnswerCode&quot;:&quot;ZQP20051177&quot;,&quot;possibleAnswerText&quot;:&quot;Nubian languages&quot;},{&quot;possibleAnswerCode&quot;:&quot;ZQP20051178&quot;,&quot;possibleAnswerText&quot;:&quot;Nuosu&quot;},{&quot;possibleAnswerCode&quot;:&quot;ZQP20051179&quot;,&quot;possibleAnswerText&quot;:&quot;Nyamwezi&quot;},{&quot;possibleAnswerCode&quot;:&quot;ZQP20051180&quot;,&quot;possibleAnswerText&quot;:&quot;Nyanja&quot;},{&quot;possibleAnswerCode&quot;:&quot;ZQP20051181&quot;,&quot;possibleAnswerText&quot;:&quot;Nyankole&quot;},{&quot;possibleAnswerCode&quot;:&quot;ZQP20051182&quot;,&quot;possibleAnswerText&quot;:&quot;Nynorsk, Norwegian&quot;},{&quot;possibleAnswerCode&quot;:&quot;ZQP20051183&quot;,&quot;possibleAnswerText&quot;:&quot;Nyoro&quot;},{&quot;possibleAnswerCode&quot;:&quot;ZQP20051184&quot;,&quot;possibleAnswerText&quot;:&quot;Nzima&quot;},{&quot;possibleAnswerCode&quot;:&quot;ZQP20051185&quot;,&quot;possibleAnswerText&quot;:&quot;Occidental&quot;},{&quot;possibleAnswerCode&quot;:&quot;ZQP20051186&quot;,&quot;possibleAnswerText&quot;:&quot;Occitan (post 1500)&quot;},{&quot;possibleAnswerCode&quot;:&quot;ZQP20051187&quot;,&quot;possibleAnswerText&quot;:&quot;Occitan, Old (to 1500)&quot;},{&quot;possibleAnswerCode&quot;:&quot;ZQP20051188&quot;,&quot;possibleAnswerText&quot;:&quot;Official Aramaic (700-300 BCE)&quot;},{&quot;possibleAnswerCode&quot;:&quot;ZQP20051189&quot;,&quot;possibleAnswerText&quot;:&quot;Oirat&quot;},{&quot;possibleAnswerCode&quot;:&quot;ZQP20051190&quot;,&quot;possibleAnswerText&quot;:&quot;Ojibwa&quot;},{&quot;possibleAnswerCode&quot;:&quot;ZQP20051191&quot;,&quot;possibleAnswerText&quot;:&quot;Old Bulgarian&quot;},{&quot;possibleAnswerCode&quot;:&quot;ZQP20051192&quot;,&quot;possibleAnswerText&quot;:&quot;Old Church Slavonic&quot;},{&quot;possibleAnswerCode&quot;:&quot;ZQP20051193&quot;,&quot;possibleAnswerText&quot;:&quot;Old Newari&quot;},{&quot;possibleAnswerCode&quot;:&quot;ZQP20051194&quot;,&quot;possibleAnswerText&quot;:&quot;Old Slavonic&quot;},{&quot;possibleAnswerCode&quot;:&quot;ZQP20051195&quot;,&quot;possibleAnswerText&quot;:&quot;Oriya&quot;},{&quot;possibleAnswerCode&quot;:&quot;ZQP20051196&quot;,&quot;possibleAnswerText&quot;:&quot;Oromo&quot;},{&quot;possibleAnswerCode&quot;:&quot;ZQP20051197&quot;,&quot;possibleAnswerText&quot;:&quot;Osage&quot;},{&quot;possibleAnswerCode&quot;:&quot;ZQP20051198&quot;,&quot;possibleAnswerText&quot;:&quot;Ossetian&quot;},{&quot;possibleAnswerCode&quot;:&quot;ZQP20051199&quot;,&quot;possibleAnswerText&quot;:&quot;Ossetic&quot;},{&quot;possibleAnswerCode&quot;:&quot;ZQP20051200&quot;,&quot;possibleAnswerText&quot;:&quot;Otomian languages&quot;},{&quot;possibleAnswerCode&quot;:&quot;ZQP20051201&quot;,&quot;possibleAnswerText&quot;:&quot;Pahlavi&quot;},{&quot;possibleAnswerCode&quot;:&quot;ZQP20051202&quot;,&quot;possibleAnswerText&quot;:&quot;Palauan&quot;},{&quot;possibleAnswerCode&quot;:&quot;ZQP20051203&quot;,&quot;possibleAnswerText&quot;:&quot;Pali&quot;},{&quot;possibleAnswerCode&quot;:&quot;ZQP20051204&quot;,&quot;possibleAnswerText&quot;:&quot;Pampanga&quot;},{&quot;possibleAnswerCode&quot;:&quot;ZQP20051205&quot;,&quot;possibleAnswerText&quot;:&quot;Pangasinan&quot;},{&quot;possibleAnswerCode&quot;:&quot;ZQP20051206&quot;,&quot;possibleAnswerText&quot;:&quot;Panjabi&quot;},{&quot;possibleAnswerCode&quot;:&quot;ZQP20051207&quot;,&quot;possibleAnswerText&quot;:&quot;Papiamento&quot;},{&quot;possibleAnswerCode&quot;:&quot;ZQP20051208&quot;,&quot;possibleAnswerText&quot;:&quot;Papuan languages&quot;},{&quot;possibleAnswerCode&quot;:&quot;ZQP20051209&quot;,&quot;possibleAnswerText&quot;:&quot;Pashto&quot;},{&quot;possibleAnswerCode&quot;:&quot;ZQP20051210&quot;,&quot;possibleAnswerText&quot;:&quot;Pedi&quot;},{&quot;possibleAnswerCode&quot;:&quot;ZQP20051211&quot;,&quot;possibleAnswerText&quot;:&quot;Persian&quot;},{&quot;possibleAnswerCode&quot;:&quot;ZQP20051212&quot;,&quot;possibleAnswerText&quot;:&quot;Persian, Old (ca.600-400 B.C.)&quot;},{&quot;possibleAnswerCode&quot;:&quot;ZQP20051213&quot;,&quot;possibleAnswerText&quot;:&quot;Philippine languages&quot;},{&quot;possibleAnswerCode&quot;:&quot;ZQP20051214&quot;,&quot;possibleAnswerText&quot;:&quot;Phoenician&quot;},{&quot;possibleAnswerCode&quot;:&quot;ZQP20051215&quot;,&quot;possibleAnswerText&quot;:&quot;Pilipino&quot;},{&quot;possibleAnswerCode&quot;:&quot;ZQP20051216&quot;,&quot;possibleAnswerText&quot;:&quot;Pohnpeian&quot;},{&quot;possibleAnswerCode&quot;:&quot;ZQP20051217&quot;,&quot;possibleAnswerText&quot;:&quot;Polish&quot;},{&quot;possibleAnswerCode&quot;:&quot;ZQP20051218&quot;,&quot;possibleAnswerText&quot;:&quot;Portuguese&quot;},{&quot;possibleAnswerCode&quot;:&quot;ZQP20051219&quot;,&quot;possibleAnswerText&quot;:&quot;Prakrit languages&quot;},{&quot;possibleAnswerCode&quot;:&quot;ZQP20051220&quot;,&quot;possibleAnswerText&quot;:&quot;Provençal, Old (to 1500)&quot;},{&quot;possibleAnswerCode&quot;:&quot;ZQP20051221&quot;,&quot;possibleAnswerText&quot;:&quot;Punjabi&quot;},{&quot;possibleAnswerCode&quot;:&quot;ZQP20051222&quot;,&quot;possibleAnswerText&quot;:&quot;Pushto&quot;},{&quot;possibleAnswerCode&quot;:&quot;ZQP20051223&quot;,&quot;possibleAnswerText&quot;:&quot;Quechua&quot;},{&quot;possibleAnswerCode&quot;:&quot;ZQP20051224&quot;,&quot;possibleAnswerText&quot;:&quot;Rajasthani&quot;},{&quot;possibleAnswerCode&quot;:&quot;ZQP20051225&quot;,&quot;possibleAnswerText&quot;:&quot;Rapanui&quot;},{&quot;possibleAnswerCode&quot;:&quot;ZQP20051226&quot;,&quot;possibleAnswerText&quot;:&quot;Rarotongan&quot;},{&quot;possibleAnswerCode&quot;:&quot;ZQP20051227&quot;,&quot;possibleAnswerText&quot;:&quot;Romance languages&quot;},{&quot;possibleAnswerCode&quot;:&quot;ZQP20051228&quot;,&quot;possibleAnswerText&quot;:&quot;Romanian&quot;},{&quot;possibleAnswerCode&quot;:&quot;ZQP20051229&quot;,&quot;possibleAnswerText&quot;:&quot;Romansh&quot;},{&quot;possibleAnswerCode&quot;:&quot;ZQP20051230&quot;,&quot;possibleAnswerText&quot;:&quot;Romany&quot;},{&quot;possibleAnswerCode&quot;:&quot;ZQP20051231&quot;,&quot;possibleAnswerText&quot;:&quot;Rundi&quot;},{&quot;possibleAnswerCode&quot;:&quot;ZQP20051232&quot;,&quot;possibleAnswerText&quot;:&quot;Russian&quot;},{&quot;possibleAnswerCode&quot;:&quot;ZQP20051233&quot;,&quot;possibleAnswerText&quot;:&quot;Sakan&quot;},{&quot;possibleAnswerCode&quot;:&quot;ZQP20051234&quot;,&quot;possibleAnswerText&quot;:&quot;Salishan languages&quot;},{&quot;possibleAnswerCode&quot;:&quot;ZQP20051235&quot;,&quot;possibleAnswerText&quot;:&quot;Samaritan Aramaic&quot;},{&quot;possibleAnswerCode&quot;:&quot;ZQP20051236&quot;,&quot;possibleAnswerText&quot;:&quot;Sami languages&quot;},{&quot;possibleAnswerCode&quot;:&quot;ZQP20051237&quot;,&quot;possibleAnswerText&quot;:&quot;Samoan&quot;},{&quot;possibleAnswerCode&quot;:&quot;ZQP20051238&quot;,&quot;possibleAnswerText&quot;:&quot;Sandawe&quot;},{&quot;possibleAnswerCode&quot;:&quot;ZQP20051239&quot;,&quot;possibleAnswerText&quot;:&quot;Sango&quot;},{&quot;possibleAnswerCode&quot;:&quot;ZQP20051240&quot;,&quot;possibleAnswerText&quot;:&quot;Sanskrit&quot;},{&quot;possibleAnswerCode&quot;:&quot;ZQP20051241&quot;,&quot;possibleAnswerText&quot;:&quot;Santali&quot;},{&quot;possibleAnswerCode&quot;:&quot;ZQP20051242&quot;,&quot;possibleAnswerText&quot;:&quot;Sardinian&quot;},{&quot;possibleAnswerCode&quot;:&quot;ZQP20051243&quot;,&quot;possibleAnswerText&quot;:&quot;Sasak&quot;},{&quot;possibleAnswerCode&quot;:&quot;ZQP20051244&quot;,&quot;possibleAnswerText&quot;:&quot;Saxon, Low&quot;},{&quot;possibleAnswerCode&quot;:&quot;ZQP20051245&quot;,&quot;possibleAnswerText&quot;:&quot;Scots&quot;},{&quot;possibleAnswerCode&quot;:&quot;ZQP20051246&quot;,&quot;possibleAnswerText&quot;:&quot;Scottish Gaelic&quot;},{&quot;possibleAnswerCode&quot;:&quot;ZQP20051247&quot;,&quot;possibleAnswerText&quot;:&quot;Selkup&quot;},{&quot;possibleAnswerCode&quot;:&quot;ZQP20051248&quot;,&quot;possibleAnswerText&quot;:&quot;Semitic languages&quot;},{&quot;possibleAnswerCode&quot;:&quot;ZQP20051249&quot;,&quot;possibleAnswerText&quot;:&quot;Senufo&quot;},{&quot;possibleAnswerCode&quot;:&quot;ZQP20051250&quot;,&quot;possibleAnswerText&quot;:&quot;Sepedi&quot;},{&quot;possibleAnswerCode&quot;:&quot;ZQP20051251&quot;,&quot;possibleAnswerText&quot;:&quot;Serbian&quot;},{&quot;possibleAnswerCode&quot;:&quot;ZQP20051252&quot;,&quot;possibleAnswerText&quot;:&quot;Serer&quot;},{&quot;possibleAnswerCode&quot;:&quot;ZQP20051253&quot;,&quot;possibleAnswerText&quot;:&quot;Shan&quot;},{&quot;possibleAnswerCode&quot;:&quot;ZQP20051254&quot;,&quot;possibleAnswerText&quot;:&quot;Shona&quot;},{&quot;possibleAnswerCode&quot;:&quot;ZQP20051255&quot;,&quot;possibleAnswerText&quot;:&quot;Sichuan Yi&quot;},{&quot;possibleAnswerCode&quot;:&quot;ZQP20051256&quot;,&quot;possibleAnswerText&quot;:&quot;Sicilian&quot;},{&quot;possibleAnswerCode&quot;:&quot;ZQP20051257&quot;,&quot;possibleAnswerText&quot;:&quot;Sidamo&quot;},{&quot;possibleAnswerCode&quot;:&quot;ZQP20051258&quot;,&quot;possibleAnswerText&quot;:&quot;Sign Languages&quot;},{&quot;possibleAnswerCode&quot;:&quot;ZQP20051259&quot;,&quot;possibleAnswerText&quot;:&quot;Siksika&quot;},{&quot;possibleAnswerCode&quot;:&quot;ZQP20051260&quot;,&quot;possibleAnswerText&quot;:&quot;Sindhi&quot;},{&quot;possibleAnswerCode&quot;:&quot;ZQP20051261&quot;,&quot;possibleAnswerText&quot;:&quot;Sinhala&quot;},{&quot;possibleAnswerCode&quot;:&quot;ZQP20051262&quot;,&quot;possibleAnswerText&quot;:&quot;Sinhalese&quot;},{&quot;possibleAnswerCode&quot;:&quot;ZQP20051263&quot;,&quot;possibleAnswerText&quot;:&quot;Sino-Tibetan languages&quot;},{&quot;possibleAnswerCode&quot;:&quot;ZQP20051264&quot;,&quot;possibleAnswerText&quot;:&quot;Siouan languages&quot;},{&quot;possibleAnswerCode&quot;:&quot;ZQP20051265&quot;,&quot;possibleAnswerText&quot;:&quot;Skolt Sami&quot;},{&quot;possibleAnswerCode&quot;:&quot;ZQP20051266&quot;,&quot;possibleAnswerText&quot;:&quot;Slave (Athapascan)&quot;},{&quot;possibleAnswerCode&quot;:&quot;ZQP20051267&quot;,&quot;possibleAnswerText&quot;:&quot;Slavic languages&quot;},{&quot;possibleAnswerCode&quot;:&quot;ZQP20051268&quot;,&quot;possibleAnswerText&quot;:&quot;Slovak&quot;},{&quot;possibleAnswerCode&quot;:&quot;ZQP20051269&quot;,&quot;possibleAnswerText&quot;:&quot;Slovenian&quot;},{&quot;possibleAnswerCode&quot;:&quot;ZQP20051270&quot;,&quot;possibleAnswerText&quot;:&quot;Sogdian&quot;},{&quot;possibleAnswerCode&quot;:&quot;ZQP20051271&quot;,&quot;possibleAnswerText&quot;:&quot;Somali&quot;},{&quot;possibleAnswerCode&quot;:&quot;ZQP20051272&quot;,&quot;possibleAnswerText&quot;:&quot;Songhai languages&quot;},{&quot;possibleAnswerCode&quot;:&quot;ZQP20051273&quot;,&quot;possibleAnswerText&quot;:&quot;Soninke&quot;},{&quot;possibleAnswerCode&quot;:&quot;ZQP20051274&quot;,&quot;possibleAnswerText&quot;:&quot;Sorbian languages&quot;},{&quot;possibleAnswerCode&quot;:&quot;ZQP20051275&quot;,&quot;possibleAnswerText&quot;:&quot;Sotho, Northern&quot;},{&quot;possibleAnswerCode&quot;:&quot;ZQP20051276&quot;,&quot;possibleAnswerText&quot;:&quot;Sotho, Southern&quot;},{&quot;possibleAnswerCode&quot;:&quot;ZQP20051277&quot;,&quot;possibleAnswerText&quot;:&quot;South American Indian languages&quot;},{&quot;possibleAnswerCode&quot;:&quot;ZQP20051278&quot;,&quot;possibleAnswerText&quot;:&quot;South Ndebele&quot;},{&quot;possibleAnswerCode&quot;:&quot;ZQP20051279&quot;,&quot;possibleAnswerText&quot;:&quot;Southern Altai&quot;},{&quot;possibleAnswerCode&quot;:&quot;ZQP20051280&quot;,&quot;possibleAnswerText&quot;:&quot;Southern Sami&quot;},{&quot;possibleAnswerCode&quot;:&quot;ZQP20051281&quot;,&quot;possibleAnswerText&quot;:&quot;Spanish&quot;},{&quot;possibleAnswerCode&quot;:&quot;ZQP20051282&quot;,&quot;possibleAnswerText&quot;:&quot;Sranan Tongo&quot;},{&quot;possibleAnswerCode&quot;:&quot;ZQP20051283&quot;,&quot;possibleAnswerText&quot;:&quot;Sukuma&quot;},{&quot;possibleAnswerCode&quot;:&quot;ZQP20051284&quot;,&quot;possibleAnswerText&quot;:&quot;Sumerian&quot;},{&quot;possibleAnswerCode&quot;:&quot;ZQP20051285&quot;,&quot;possibleAnswerText&quot;:&quot;Sundanese&quot;},{&quot;possibleAnswerCode&quot;:&quot;ZQP20051286&quot;,&quot;possibleAnswerText&quot;:&quot;Susu&quot;},{&quot;possibleAnswerCode&quot;:&quot;ZQP20051287&quot;,&quot;possibleAnswerText&quot;:&quot;Swahili&quot;},{&quot;possibleAnswerCode&quot;:&quot;ZQP20051288&quot;,&quot;possibleAnswerText&quot;:&quot;Swati&quot;},{&quot;possibleAnswerCode&quot;:&quot;ZQP20051289&quot;,&quot;possibleAnswerText&quot;:&quot;Swedish&quot;},{&quot;possibleAnswerCode&quot;:&quot;ZQP20051290&quot;,&quot;possibleAnswerText&quot;:&quot;Swiss German&quot;},{&quot;possibleAnswerCode&quot;:&quot;ZQP20051291&quot;,&quot;possibleAnswerText&quot;:&quot;Syriac&quot;},{&quot;possibleAnswerCode&quot;:&quot;ZQP20051292&quot;,&quot;possibleAnswerText&quot;:&quot;Tagalog&quot;},{&quot;possibleAnswerCode&quot;:&quot;ZQP20051293&quot;,&quot;possibleAnswerText&quot;:&quot;Tahitian&quot;},{&quot;possibleAnswerCode&quot;:&quot;ZQP20051294&quot;,&quot;possibleAnswerText&quot;:&quot;Tai languages&quot;},{&quot;possibleAnswerCode&quot;:&quot;ZQP20051295&quot;,&quot;possibleAnswerText&quot;:&quot;Tajik&quot;},{&quot;possibleAnswerCode&quot;:&quot;ZQP20051296&quot;,&quot;possibleAnswerText&quot;:&quot;Tamashek&quot;},{&quot;possibleAnswerCode&quot;:&quot;ZQP20051297&quot;,&quot;possibleAnswerText&quot;:&quot;Tamil&quot;},{&quot;possibleAnswerCode&quot;:&quot;ZQP20051298&quot;,&quot;possibleAnswerText&quot;:&quot;Tatar&quot;},{&quot;possibleAnswerCode&quot;:&quot;ZQP20051299&quot;,&quot;possibleAnswerText&quot;:&quot;Telugu&quot;},{&quot;possibleAnswerCode&quot;:&quot;ZQP20051300&quot;,&quot;possibleAnswerText&quot;:&quot;Tereno&quot;},{&quot;possibleAnswerCode&quot;:&quot;ZQP20051301&quot;,&quot;possibleAnswerText&quot;:&quot;Tetum&quot;},{&quot;possibleAnswerCode&quot;:&quot;ZQP20051302&quot;,&quot;possibleAnswerText&quot;:&quot;Thai&quot;},{&quot;possibleAnswerCode&quot;:&quot;ZQP20051303&quot;,&quot;possibleAnswerText&quot;:&quot;Tibetan&quot;},{&quot;possibleAnswerCode&quot;:&quot;ZQP20051304&quot;,&quot;possibleAnswerText&quot;:&quot;Tigre&quot;},{&quot;possibleAnswerCode&quot;:&quot;ZQP20051305&quot;,&quot;possibleAnswerText&quot;:&quot;Tigrinya&quot;},{&quot;possibleAnswerCode&quot;:&quot;ZQP20051306&quot;,&quot;possibleAnswerText&quot;:&quot;Timne&quot;},{&quot;possibleAnswerCode&quot;:&quot;ZQP20051307&quot;,&quot;possibleAnswerText&quot;:&quot;Tiv&quot;},{&quot;possibleAnswerCode&quot;:&quot;ZQP20051308&quot;,&quot;possibleAnswerText&quot;:&quot;tlhIngan-Hol&quot;},{&quot;possibleAnswerCode&quot;:&quot;ZQP20051309&quot;,&quot;possibleAnswerText&quot;:&quot;Tlingit&quot;},{&quot;possibleAnswerCode&quot;:&quot;ZQP20051310&quot;,&quot;possibleAnswerText&quot;:&quot;Tok Pisin&quot;},{&quot;possibleAnswerCode&quot;:&quot;ZQP20051311&quot;,&quot;possibleAnswerText&quot;:&quot;Tokelau&quot;},{&quot;possibleAnswerCode&quot;:&quot;ZQP20051312&quot;,&quot;possibleAnswerText&quot;:&quot;Tonga (Nyasa)&quot;},{&quot;possibleAnswerCode&quot;:&quot;ZQP20051313&quot;,&quot;possibleAnswerText&quot;:&quot;Tonga (Tonga Islands)&quot;},{&quot;possibleAnswerCode&quot;:&quot;ZQP20051314&quot;,&quot;possibleAnswerText&quot;:&quot;Tsimshian&quot;},{&quot;possibleAnswerCode&quot;:&quot;ZQP20051315&quot;,&quot;possibleAnswerText&quot;:&quot;Tsonga&quot;},{&quot;possibleAnswerCode&quot;:&quot;ZQP20051316&quot;,&quot;possibleAnswerText&quot;:&quot;Tswana&quot;},{&quot;possibleAnswerCode&quot;:&quot;ZQP20051317&quot;,&quot;possibleAnswerText&quot;:&quot;Tumbuka&quot;},{&quot;possibleAnswerCode&quot;:&quot;ZQP20051318&quot;,&quot;possibleAnswerText&quot;:&quot;Tupi languages&quot;},{&quot;possibleAnswerCode&quot;:&quot;ZQP20051319&quot;,&quot;possibleAnswerText&quot;:&quot;Turkish&quot;},{&quot;possibleAnswerCode&quot;:&quot;ZQP20051320&quot;,&quot;possibleAnswerText&quot;:&quot;Turkish, Ottoman (1500-1928)&quot;},{&quot;possibleAnswerCode&quot;:&quot;ZQP20051321&quot;,&quot;possibleAnswerText&quot;:&quot;Turkmen&quot;},{&quot;possibleAnswerCode&quot;:&quot;ZQP20051322&quot;,&quot;possibleAnswerText&quot;:&quot;Tuvalu&quot;},{&quot;possibleAnswerCode&quot;:&quot;ZQP20051323&quot;,&quot;possibleAnswerText&quot;:&quot;Tuvinian&quot;},{&quot;possibleAnswerCode&quot;:&quot;ZQP20051324&quot;,&quot;possibleAnswerText&quot;:&quot;Twi&quot;},{&quot;possibleAnswerCode&quot;:&quot;ZQP20051325&quot;,&quot;possibleAnswerText&quot;:&quot;Udmurt&quot;},{&quot;possibleAnswerCode&quot;:&quot;ZQP20051326&quot;,&quot;possibleAnswerText&quot;:&quot;Ugaritic&quot;},{&quot;possibleAnswerCode&quot;:&quot;ZQP20051327&quot;,&quot;possibleAnswerText&quot;:&quot;Uighur&quot;},{&quot;possibleAnswerCode&quot;:&quot;ZQP20051328&quot;,&quot;possibleAnswerText&quot;:&quot;Ukrainian&quot;},{&quot;possibleAnswerCode&quot;:&quot;ZQP20051329&quot;,&quot;possibleAnswerText&quot;:&quot;Umbundu&quot;},{&quot;possibleAnswerCode&quot;:&quot;ZQP20051330&quot;,&quot;possibleAnswerText&quot;:&quot;Uncoded languages&quot;},{&quot;possibleAnswerCode&quot;:&quot;ZQP20051331&quot;,&quot;possibleAnswerText&quot;:&quot;Undetermined&quot;},{&quot;possibleAnswerCode&quot;:&quot;ZQP20051332&quot;,&quot;possibleAnswerText&quot;:&quot;Upper Sorbian&quot;},{&quot;possibleAnswerCode&quot;:&quot;ZQP20051333&quot;,&quot;possibleAnswerText&quot;:&quot;Urdu&quot;},{&quot;possibleAnswerCode&quot;:&quot;ZQP20051334&quot;,&quot;possibleAnswerText&quot;:&quot;Uyghur&quot;},{&quot;possibleAnswerCode&quot;:&quot;ZQP20051335&quot;,&quot;possibleAnswerText&quot;:&quot;Uzbek&quot;},{&quot;possibleAnswerCode&quot;:&quot;ZQP20051336&quot;,&quot;possibleAnswerText&quot;:&quot;Vai&quot;},{&quot;possibleAnswerCode&quot;:&quot;ZQP20051337&quot;,&quot;possibleAnswerText&quot;:&quot;Valencian&quot;},{&quot;possibleAnswerCode&quot;:&quot;ZQP20051338&quot;,&quot;possibleAnswerText&quot;:&quot;Venda&quot;},{&quot;possibleAnswerCode&quot;:&quot;ZQP20051339&quot;,&quot;possibleAnswerText&quot;:&quot;Vietnamese&quot;},{&quot;possibleAnswerCode&quot;:&quot;ZQP20051340&quot;,&quot;possibleAnswerText&quot;:&quot;Volapük&quot;},{&quot;possibleAnswerCode&quot;:&quot;ZQP20051341&quot;,&quot;possibleAnswerText&quot;:&quot;Votic&quot;},{&quot;possibleAnswerCode&quot;:&quot;ZQP20051342&quot;,&quot;possibleAnswerText&quot;:&quot;Wakashan languages&quot;},{&quot;possibleAnswerCode&quot;:&quot;ZQP20051343&quot;,&quot;possibleAnswerText&quot;:&quot;Walloon&quot;},{&quot;possibleAnswerCode&quot;:&quot;ZQP20051344&quot;,&quot;possibleAnswerText&quot;:&quot;Waray&quot;},{&quot;possibleAnswerCode&quot;:&quot;ZQP20051345&quot;,&quot;possibleAnswerText&quot;:&quot;Washo&quot;},{&quot;possibleAnswerCode&quot;:&quot;ZQP20051346&quot;,&quot;possibleAnswerText&quot;:&quot;Welsh&quot;},{&quot;possibleAnswerCode&quot;:&quot;ZQP20051347&quot;,&quot;possibleAnswerText&quot;:&quot;Western Frisian&quot;},{&quot;possibleAnswerCode&quot;:&quot;ZQP20051348&quot;,&quot;possibleAnswerText&quot;:&quot;Western Pahari languages&quot;},{&quot;possibleAnswerCode&quot;:&quot;ZQP20051349&quot;,&quot;possibleAnswerText&quot;:&quot;Wolaitta&quot;},{&quot;possibleAnswerCode&quot;:&quot;ZQP20051350&quot;,&quot;possibleAnswerText&quot;:&quot;Wolaytta&quot;},{&quot;possibleAnswerCode&quot;:&quot;ZQP20051351&quot;,&quot;possibleAnswerText&quot;:&quot;Wolof&quot;},{&quot;possibleAnswerCode&quot;:&quot;ZQP20051352&quot;,&quot;possibleAnswerText&quot;:&quot;Xhosa&quot;},{&quot;possibleAnswerCode&quot;:&quot;ZQP20051353&quot;,&quot;possibleAnswerText&quot;:&quot;Yakut&quot;},{&quot;possibleAnswerCode&quot;:&quot;ZQP20051354&quot;,&quot;possibleAnswerText&quot;:&quot;Yao&quot;},{&quot;possibleAnswerCode&quot;:&quot;ZQP20051355&quot;,&quot;possibleAnswerText&quot;:&quot;Yapese&quot;},{&quot;possibleAnswerCode&quot;:&quot;ZQP20051356&quot;,&quot;possibleAnswerText&quot;:&quot;Yiddish&quot;},{&quot;possibleAnswerCode&quot;:&quot;ZQP20051357&quot;,&quot;possibleAnswerText&quot;:&quot;Yoruba&quot;},{&quot;possibleAnswerCode&quot;:&quot;ZQP20051358&quot;,&quot;possibleAnswerText&quot;:&quot;Yupik languages&quot;},{&quot;possibleAnswerCode&quot;:&quot;ZQP20051359&quot;,&quot;possibleAnswerText&quot;:&quot;Zande languages&quot;},{&quot;possibleAnswerCode&quot;:&quot;ZQP20051360&quot;,&quot;possibleAnswerText&quot;:&quot;Zapotec&quot;},{&quot;possibleAnswerCode&quot;:&quot;ZQP20051361&quot;,&quot;possibleAnswerText&quot;:&quot;Zaza&quot;},{&quot;possibleAnswerCode&quot;:&quot;ZQP20051362&quot;,&quot;possibleAnswerText&quot;:&quot;Zazaki&quot;},{&quot;possibleAnswerCode&quot;:&quot;ZQP20051363&quot;,&quot;possibleAnswerText&quot;:&quot;Zenaga&quot;},{&quot;possibleAnswerCode&quot;:&quot;ZQP20051364&quot;,&quot;possibleAnswerText&quot;:&quot;Zhuang&quot;},{&quot;possibleAnswerCode&quot;:&quot;ZQP20051365&quot;,&quot;possibleAnswerText&quot;:&quot;Zulu&quot;},{&quot;possibleAnswerCode&quot;:&quot;ZQP20051366&quot;,&quot;possibleAnswerText&quot;:&quot;Zuni&quot;}]},{&quot;questionType&quot;:&quot;NUMBER&quot;,&quot;questionCode&quot;:&quot;ZQQ20050009&quot;,&quot;questionText&quot;:&quot;What is the number of employees/workers between 15 and 17  working at this site ?&quot;,&quot;sectorProfiles&quot;:[&quot;BIGAGRI&quot;,&quot;FISHVESL&quot;,&quot;MANUFACT&quot;,&quot;SMALLAGRI&quot;],&quot;possibleAnswers&quot;:[]},{&quot;questionType&quot;:&quot;NUMBER&quot;,&quot;questionCode&quot;:&quot;ZQQ20050010&quot;,&quot;questionText&quot;:&quot;What is the number of employees/workers over 18  working at this site ?&quot;,&quot;sectorProfiles&quot;:[&quot;BIGAGRI&quot;,&quot;FISHVESL&quot;,&quot;MANUFACT&quot;,&quot;SMALLAGRI&quot;],&quot;possibleAnswers&quot;:[]}]},{&quot;subSectionCode&quot;:&quot;ZQU20050004&quot;,&quot;subSectionName&quot;:&quot;Site Information&quot;,&quot;questions&quot;:[{&quot;questionType&quot;:&quot;NUMBER&quot;,&quot;questionCode&quot;:&quot;ZQQ20050011&quot;,&quot;questionText&quot;:&quot;What is the size of the site?&quot;,&quot;sectorProfiles&quot;:[&quot;BIGAGRI&quot;,&quot;FISHVESL&quot;,&quot;SMALLAGRI&quot;],&quot;possibleAnswers&quot;:[]},{&quot;questionType&quot;:&quot;SINGLE_CHOICE&quot;,&quot;questionCode&quot;:&quot;ZQQ20050012&quot;,&quot;questionText&quot;:&quot;Please select units:&quot;,&quot;sectorProfiles&quot;:[&quot;BIGAGRI&quot;,&quot;FISHVESL&quot;,&quot;SMALLAGRI&quot;],&quot;possibleAnswers&quot;:[{&quot;possibleAnswerCode&quot;:&quot;ZQP20051367&quot;,&quot;possibleAnswerText&quot;:&quot;m²&quot;},{&quot;possibleAnswerCode&quot;:&quot;ZQP20051368&quot;,&quot;possibleAnswerText&quot;:&quot;ft²&quot;},{&quot;possibleAnswerCode&quot;:&quot;ZQP20051369&quot;,&quot;possibleAnswerText&quot;:&quot;acres&quot;},{&quot;possibleAnswerCode&quot;:&quot;ZQP20051370&quot;,&quot;possibleAnswerText&quot;:&quot;hectares&quot;}]},{&quot;questionType&quot;:&quot;SINGLE_CHOICE&quot;,&quot;questionCode&quot;:&quot;ZQQ20050013&quot;,&quot;questionText&quot;:&quot;Are you the legal owner of this Site?&quot;,&quot;sectorProfiles&quot;:[&quot;MANUFACT&quot;],&quot;possibleAnswers&quot;:[{&quot;possibleAnswerCode&quot;:&quot;ZQP20051371&quot;,&quot;possibleAnswerText&quot;:&quot;Yes&quot;},{&quot;possibleAnswerCode&quot;:&quot;ZQP20051372&quot;,&quot;possibleAnswerText&quot;:&quot;No, we are renting Site&quot;},{&quot;possibleAnswerCode&quot;:&quot;ZQP20051373&quot;,&quot;possibleAnswerText&quot;:&quot;Other&quot;}]},{&quot;questionType&quot;:&quot;FREE_TEXT&quot;,&quot;questionCode&quot;:&quot;ZQQ20050014&quot;,&quot;questionText&quot;:&quot;Please specify&quot;,&quot;sectorProfiles&quot;:[&quot;TRIGGER&quot;],&quot;possibleAnswers&quot;:[]},{&quot;questionType&quot;:&quot;SINGLE_CHOICE&quot;,&quot;questionCode&quot;:&quot;ZQQ20050015&quot;,&quot;questionText&quot;:&quot;Who occupies this Site?&quot;,&quot;sectorProfiles&quot;:[&quot;MANUFACT&quot;],&quot;possibleAnswers&quot;:[{&quot;possibleAnswerCode&quot;:&quot;ZQP20051374&quot;,&quot;possibleAnswerText&quot;:&quot;Only my Company&quot;},{&quot;possibleAnswerCode&quot;:&quot;ZQP20051375&quot;,&quot;possibleAnswerText&quot;:&quot;Multi-factory building&quot;},{&quot;possibleAnswerCode&quot;:&quot;ZQP20051376&quot;,&quot;possibleAnswerText&quot;:&quot;Multipurpose building&quot;},{&quot;possibleAnswerCode&quot;:&quot;ZQP20051377&quot;,&quot;possibleAnswerText&quot;:&quot;Other&quot;}]},{&quot;questionType&quot;:&quot;FREE_TEXT&quot;,&quot;questionCode&quot;:&quot;ZQQ20050016&quot;,&quot;questionText&quot;:&quot;Please specify&quot;,&quot;sectorProfiles&quot;:[&quot;TRIGGER&quot;],&quot;possibleAnswers&quot;:[]},{&quot;questionType&quot;:&quot;NUMBER&quot;,&quot;questionCode&quot;:&quot;ZQQ20050017&quot;,&quot;questionText&quot;:&quot;How many floors are in your building (if there is more than one building belonging to the Site, please state the number of floors in the tallest building)?&quot;,&quot;sectorProfiles&quot;:[&quot;MANUFACT&quot;],&quot;possibleAnswers&quot;:[]},{&quot;questionType&quot;:&quot;SINGLE_CHOICE&quot;,&quot;questionCode&quot;:&quot;ZQQ20050018&quot;,&quot;questionText&quot;:&quot;Do you possess all the appropriate building plans, permits, licenses, inspection reports as required by Local Law?&quot;,&quot;sectorProfiles&quot;:[&quot;MANUFACT&quot;],&quot;possibleAnswers&quot;:[{&quot;possibleAnswerCode&quot;:&quot;ZQP20051378&quot;,&quot;possibleAnswerText&quot;:&quot;Yes, we have original documents&quot;},{&quot;possibleAnswerCode&quot;:&quot;ZQP20051379&quot;,&quot;possibleAnswerText&quot;:&quot;Yes, we have copies only&quot;},{&quot;possibleAnswerCode&quot;:&quot;ZQP20051380&quot;,&quot;possibleAnswerText&quot;:&quot;No&quot;},{&quot;possibleAnswerCode&quot;:&quot;ZQP20051381&quot;,&quot;possibleAnswerText&quot;:&quot;Don&apos;t know&quot;}]},{&quot;questionType&quot;:&quot;SINGLE_CHOICE&quot;,&quot;questionCode&quot;:&quot;ZQQ20050019&quot;,&quot;questionText&quot;:&quot;Do you wish to upload the relevant documents?&quot;,&quot;sectorProfiles&quot;:[&quot;MANUFACT&quot;],&quot;possibleAnswers&quot;:[{&quot;possibleAnswerCode&quot;:&quot;ZQP20051382&quot;,&quot;possibleAnswerText&quot;:&quot;Yes&quot;},{&quot;possibleAnswerCode&quot;:&quot;ZQP20051383&quot;,&quot;possibleAnswerText&quot;:&quot;No&quot;}]},{&quot;questionType&quot;:&quot;ATTACHMENT&quot;,&quot;questionCode&quot;:&quot;ZQQ20050020&quot;,&quot;questionText&quot;:&quot;Please upload&quot;,&quot;sectorProfiles&quot;:[&quot;TRIGGER&quot;],&quot;possibleAnswers&quot;:[]}]},{&quot;subSectionCode&quot;:&quot;ZQU20050005&quot;,&quot;subSectionName&quot;:&quot;Certification and Best Practice&quot;,&quot;questions&quot;:[{&quot;questionType&quot;:&quot;MULTIPLE_CHOICE&quot;,&quot;questionCode&quot;:&quot;ZQQ20050021&quot;,&quot;questionText&quot;:&quot;Is the site certified or independently monitored to one of the following standards? Please select all applicable answers.&quot;,&quot;sectorProfiles&quot;:[&quot;BIGAGRI&quot;,&quot;HEAVMANU&quot;,&quot;INTERMEDI&quot;,&quot;MANUFACT&quot;,&quot;SERVPROV&quot;],&quot;possibleAnswers&quot;:[{&quot;possibleAnswerCode&quot;:&quot;ZQP20051384&quot;,&quot;possibleAnswerText&quot;:&quot;No&quot;},{&quot;possibleAnswerCode&quot;:&quot;ZQP20051385&quot;,&quot;possibleAnswerText&quot;:&quot;British Retail Consortium (BRC)&quot;},{&quot;possibleAnswerCode&quot;:&quot;ZQP20051386&quot;,&quot;possibleAnswerText&quot;:&quot;Certificate of Systems&quot;},{&quot;possibleAnswerCode&quot;:&quot;ZQP20051387&quot;,&quot;possibleAnswerText&quot;:&quot;Ethical Tea Partnership (ETP)&quot;},{&quot;possibleAnswerCode&quot;:&quot;ZQP20051388&quot;,&quot;possibleAnswerText&quot;:&quot;Ethical Trading Initiative (ETI)&quot;},{&quot;possibleAnswerCode&quot;:&quot;ZQP20051389&quot;,&quot;possibleAnswerText&quot;:&quot;Eurep GAP (agricultural products)&quot;},{&quot;possibleAnswerCode&quot;:&quot;ZQP20051390&quot;,&quot;possibleAnswerText&quot;:&quot;Fair Factories Clearinghouse&quot;},{&quot;possibleAnswerCode&quot;:&quot;ZQP20051391&quot;,&quot;possibleAnswerText&quot;:&quot;Fair Labour Organisation&quot;},{&quot;possibleAnswerCode&quot;:&quot;ZQP20051392&quot;,&quot;possibleAnswerText&quot;:&quot;Fairtrade Labelling Organizations International&quot;},{&quot;possibleAnswerCode&quot;:&quot;ZQP20051393&quot;,&quot;possibleAnswerText&quot;:&quot;Field to Fork&quot;},{&quot;possibleAnswerCode&quot;:&quot;ZQP20051394&quot;,&quot;possibleAnswerText&quot;:&quot;Food Product Certifications (e.g. Kosher, Halal)&quot;},{&quot;possibleAnswerCode&quot;:&quot;ZQP20051395&quot;,&quot;possibleAnswerText&quot;:&quot;Forest Stewardship Council (FSC)&quot;},{&quot;possibleAnswerCode&quot;:&quot;ZQP20051396&quot;,&quot;possibleAnswerText&quot;:&quot;Freedom Food&quot;},{&quot;possibleAnswerCode&quot;:&quot;ZQP20051397&quot;,&quot;possibleAnswerText&quot;:&quot;Global e-Sustainability Initiative (GeSI)&quot;},{&quot;possibleAnswerCode&quot;:&quot;ZQP20051398&quot;,&quot;possibleAnswerText&quot;:&quot;Global GAP (agricultural products)&quot;},{&quot;possibleAnswerCode&quot;:&quot;ZQP20051399&quot;,&quot;possibleAnswerText&quot;:&quot;Global Reporting Initiative (GRI) reporting guidelines&quot;},{&quot;possibleAnswerCode&quot;:&quot;ZQP20051400&quot;,&quot;possibleAnswerText&quot;:&quot;Goods Manufacturing Practices (GMP)&quot;},{&quot;possibleAnswerCode&quot;:&quot;ZQP20051401&quot;,&quot;possibleAnswerText&quot;:&quot;Hazard Analysis Critical Control Points (HACCP)&quot;},{&quot;possibleAnswerCode&quot;:&quot;ZQP20051402&quot;,&quot;possibleAnswerText&quot;:&quot;International Council of Toy Industries (ICTI)&quot;},{&quot;possibleAnswerCode&quot;:&quot;ZQP20051403&quot;,&quot;possibleAnswerText&quot;:&quot;Investors in People&quot;},{&quot;possibleAnswerCode&quot;:&quot;ZQP20051404&quot;,&quot;possibleAnswerText&quot;:&quot;ISO 14001&quot;},{&quot;possibleAnswerCode&quot;:&quot;ZQP20051405&quot;,&quot;possibleAnswerText&quot;:&quot;ISO 14064&quot;},{&quot;possibleAnswerCode&quot;:&quot;ZQP20051406&quot;,&quot;possibleAnswerText&quot;:&quot;ISO 22000&quot;},{&quot;possibleAnswerCode&quot;:&quot;ZQP20051407&quot;,&quot;possibleAnswerText&quot;:&quot;ISO 27000&quot;},{&quot;possibleAnswerCode&quot;:&quot;ZQP20051408&quot;,&quot;possibleAnswerText&quot;:&quot;ISO 65&quot;},{&quot;possibleAnswerCode&quot;:&quot;ZQP20051409&quot;,&quot;possibleAnswerText&quot;:&quot;ISO 9000&quot;},{&quot;possibleAnswerCode&quot;:&quot;ZQP20051410&quot;,&quot;possibleAnswerText&quot;:&quot;KAT&quot;},{&quot;possibleAnswerCode&quot;:&quot;ZQP20051411&quot;,&quot;possibleAnswerText&quot;:&quot;LEAF Audit&quot;},{&quot;possibleAnswerCode&quot;:&quot;ZQP20051412&quot;,&quot;possibleAnswerText&quot;:&quot;LEAF Mark Certification Standard&quot;},{&quot;possibleAnswerCode&quot;:&quot;ZQP20051413&quot;,&quot;possibleAnswerText&quot;:&quot;Lion Quality&quot;},{&quot;possibleAnswerCode&quot;:&quot;ZQP20051414&quot;,&quot;possibleAnswerText&quot;:&quot;Marine Stewardship Council&quot;},{&quot;possibleAnswerCode&quot;:&quot;ZQP20051415&quot;,&quot;possibleAnswerText&quot;:&quot;ALP Agency Labour Audit Tool&quot;},{&quot;possibleAnswerCode&quot;:&quot;ZQP20051416&quot;,&quot;possibleAnswerText&quot;:&quot;No Sweat Shop Label&quot;},{&quot;possibleAnswerCode&quot;:&quot;ZQP20051417&quot;,&quot;possibleAnswerText&quot;:&quot;Nurture&quot;},{&quot;possibleAnswerCode&quot;:&quot;ZQP20051418&quot;,&quot;possibleAnswerText&quot;:&quot;OHSAS 18001&quot;},{&quot;possibleAnswerCode&quot;:&quot;ZQP20051419&quot;,&quot;possibleAnswerText&quot;:&quot;Other&quot;},{&quot;possibleAnswerCode&quot;:&quot;ZQP20051420&quot;,&quot;possibleAnswerText&quot;:&quot;Rainforest Alliance&quot;},{&quot;possibleAnswerCode&quot;:&quot;ZQP20051421&quot;,&quot;possibleAnswerText&quot;:&quot;Red Tractor&quot;},{&quot;possibleAnswerCode&quot;:&quot;ZQP20051422&quot;,&quot;possibleAnswerText&quot;:&quot;Responsible Jewellery Council Chain-of-Custody Certification&quot;},{&quot;possibleAnswerCode&quot;:&quot;ZQP20051423&quot;,&quot;possibleAnswerText&quot;:&quot;Responsible Jewellery Council Code of Practices (Member Certification)&quot;},{&quot;possibleAnswerCode&quot;:&quot;ZQP20051424&quot;,&quot;possibleAnswerText&quot;:&quot;Roundtable on Sustainable Palm Oil&quot;},{&quot;possibleAnswerCode&quot;:&quot;ZQP20051425&quot;,&quot;possibleAnswerText&quot;:&quot;Rugmark Label&quot;},{&quot;possibleAnswerCode&quot;:&quot;ZQP20051426&quot;,&quot;possibleAnswerText&quot;:&quot;SA 8000&quot;},{&quot;possibleAnswerCode&quot;:&quot;ZQP20051427&quot;,&quot;possibleAnswerText&quot;:&quot;SANS 16001&quot;},{&quot;possibleAnswerCode&quot;:&quot;ZQP20051428&quot;,&quot;possibleAnswerText&quot;:&quot;Soil Association&quot;},{&quot;possibleAnswerCode&quot;:&quot;ZQP20051429&quot;,&quot;possibleAnswerText&quot;:&quot;World Cocoa Foundation (WCF)&quot;},{&quot;possibleAnswerCode&quot;:&quot;ZQP20051430&quot;,&quot;possibleAnswerText&quot;:&quot;WRAP - Worldwide Responsible Accredited Production&quot;}]},{&quot;questionType&quot;:&quot;FREE_TEXT&quot;,&quot;questionCode&quot;:&quot;ZQQ20050022&quot;,&quot;questionText&quot;:&quot;Please specify&quot;,&quot;sectorProfiles&quot;:[&quot;TRIGGER&quot;],&quot;possibleAnswers&quot;:[]},{&quot;questionType&quot;:&quot;ATTACHMENT&quot;,&quot;questionCode&quot;:&quot;ZQQ20050023&quot;,&quot;questionText&quot;:&quot;Please upload any relevant certifications&quot;,&quot;sectorProfiles&quot;:[&quot;TRIGGER&quot;],&quot;possibleAnswers&quot;:[]},{&quot;questionType&quot;:&quot;ATTACHMENT&quot;,&quot;questionCode&quot;:&quot;ZQQ20050024&quot;,&quot;questionText&quot;:&quot;Please upload any relevant policies and procedures relating to: labour standards, health &amp; safety, [business ethics] and environment to show how you ensure standards at your site&quot;,&quot;sectorProfiles&quot;:[&quot;BIGAGRI&quot;,&quot;INTERMEDI&quot;,&quot;MANUFACT&quot;,&quot;SERVPROV&quot;],&quot;possibleAnswers&quot;:[]},{&quot;questionType&quot;:&quot;MULTIPLE_CHOICE&quot;,&quot;questionCode&quot;:&quot;ZQQ20050025&quot;,&quot;questionText&quot;:&quot;Do you have a written procedure to assess and address risk across your [supply chain]?  Please select all applicable answers.&quot;,&quot;sectorProfiles&quot;:[&quot;INTERMEDI&quot;],&quot;possibleAnswers&quot;:[{&quot;possibleAnswerCode&quot;:&quot;ZQP20051431&quot;,&quot;possibleAnswerText&quot;:&quot;No&quot;},{&quot;possibleAnswerCode&quot;:&quot;ZQP20051432&quot;,&quot;possibleAnswerText&quot;:&quot;Yes, no implementation in place&quot;},{&quot;possibleAnswerCode&quot;:&quot;ZQP20051433&quot;,&quot;possibleAnswerText&quot;:&quot;Yes, communicated to relevant employees/Workers&quot;},{&quot;possibleAnswerCode&quot;:&quot;ZQP20051434&quot;,&quot;possibleAnswerText&quot;:&quot;Yes, monitored by managers&quot;}]}]},{&quot;subSectionCode&quot;:&quot;ZQU20050006&quot;,&quot;subSectionName&quot;:&quot;Applicable Laws&quot;,&quot;questions&quot;:[{&quot;questionType&quot;:&quot;MULTIPLE_CHOICE&quot;,&quot;questionCode&quot;:&quot;ZQQ20050026&quot;,&quot;questionText&quot;:&quot;How do you stay up to date with local laws /regulations and any changes to ensure that your site of employment is compliant?  Please select all applicable answers.&quot;,&quot;sectorProfiles&quot;:[&quot;BIGAGRI&quot;,&quot;HEAVMANU&quot;,&quot;INTERMEDI&quot;,&quot;MANUFACT&quot;,&quot;SERVPROV&quot;],&quot;possibleAnswers&quot;:[{&quot;possibleAnswerCode&quot;:&quot;ZQP20051435&quot;,&quot;possibleAnswerText&quot;:&quot;We are not aware of relevant local laws and regulations&quot;},{&quot;possibleAnswerCode&quot;:&quot;ZQP20051436&quot;,&quot;possibleAnswerText&quot;:&quot;We are aware of local laws/ regulations but don&apos;t use any information to stay up to date&quot;},{&quot;possibleAnswerCode&quot;:&quot;ZQP20051437&quot;,&quot;possibleAnswerText&quot;:&quot;Government website&quot;},{&quot;possibleAnswerCode&quot;:&quot;ZQP20051438&quot;,&quot;possibleAnswerText&quot;:&quot;Government offices / communications&quot;},{&quot;possibleAnswerCode&quot;:&quot;ZQP20051439&quot;,&quot;possibleAnswerText&quot;:&quot;Consultant&quot;},{&quot;possibleAnswerCode&quot;:&quot;ZQP20051440&quot;,&quot;possibleAnswerText&quot;:&quot;Internet&quot;},{&quot;possibleAnswerCode&quot;:&quot;ZQP20051441&quot;,&quot;possibleAnswerText&quot;:&quot;Health and Safety Executive&quot;},{&quot;possibleAnswerCode&quot;:&quot;ZQP20051442&quot;,&quot;possibleAnswerText&quot;:&quot;Customer Briefings&quot;},{&quot;possibleAnswerCode&quot;:&quot;ZQP20051443&quot;,&quot;possibleAnswerText&quot;:&quot;ISO Briefings&quot;},{&quot;possibleAnswerCode&quot;:&quot;ZQP20051444&quot;,&quot;possibleAnswerText&quot;:&quot;CSR team established in factory&quot;},{&quot;possibleAnswerCode&quot;:&quot;ZQP20051445&quot;,&quot;possibleAnswerText&quot;:&quot;Management team brief workforce&quot;},{&quot;possibleAnswerCode&quot;:&quot;ZQP20051446&quot;,&quot;possibleAnswerText&quot;:&quot;Appointed employee / team&quot;},{&quot;possibleAnswerCode&quot;:&quot;ZQP20051447&quot;,&quot;possibleAnswerText&quot;:&quot;Magazine Subscription&quot;},{&quot;possibleAnswerCode&quot;:&quot;ZQP20051448&quot;,&quot;possibleAnswerText&quot;:&quot;Industry Body Briefings&quot;},{&quot;possibleAnswerCode&quot;:&quot;ZQP20051449&quot;,&quot;possibleAnswerText&quot;:&quot;Other (please specify)&quot;}]},{&quot;questionType&quot;:&quot;FREE_TEXT&quot;,&quot;questionCode&quot;:&quot;ZQQ20050027&quot;,&quot;questionText&quot;:&quot;Please specify&quot;,&quot;sectorProfiles&quot;:[&quot;TRIGGER&quot;],&quot;possibleAnswers&quot;:[]},{&quot;questionType&quot;:&quot;MULTIPLE_CHOICE&quot;,&quot;questionCode&quot;:&quot;ZQQ20050028&quot;,&quot;questionText&quot;:&quot;How do you stay up to date with local laws / regulations and any changes to ensure that your [supply chain] is compliant?  Please select all applicable answers.&quot;,&quot;sectorProfiles&quot;:[&quot;INTERMEDI&quot;],&quot;possibleAnswers&quot;:[{&quot;possibleAnswerCode&quot;:&quot;ZQP20051450&quot;,&quot;possibleAnswerText&quot;:&quot;We are not aware of relevant local laws and regulations&quot;},{&quot;possibleAnswerCode&quot;:&quot;ZQP20051451&quot;,&quot;possibleAnswerText&quot;:&quot;We are aware of local laws/ regulations but don&apos;t use any information to stay up to date&quot;},{&quot;possibleAnswerCode&quot;:&quot;ZQP20051452&quot;,&quot;possibleAnswerText&quot;:&quot;Government website&quot;},{&quot;possibleAnswerCode&quot;:&quot;ZQP20051453&quot;,&quot;possibleAnswerText&quot;:&quot;Government offices / communications&quot;},{&quot;possibleAnswerCode&quot;:&quot;ZQP20051454&quot;,&quot;possibleAnswerText&quot;:&quot;Consultant&quot;},{&quot;possibleAnswerCode&quot;:&quot;ZQP20051455&quot;,&quot;possibleAnswerText&quot;:&quot;Internet&quot;},{&quot;possibleAnswerCode&quot;:&quot;ZQP20051456&quot;,&quot;possibleAnswerText&quot;:&quot;Health and Safety Executive&quot;},{&quot;possibleAnswerCode&quot;:&quot;ZQP20051457&quot;,&quot;possibleAnswerText&quot;:&quot;Customer Briefings&quot;},{&quot;possibleAnswerCode&quot;:&quot;ZQP20051458&quot;,&quot;possibleAnswerText&quot;:&quot;ISO Briefings&quot;},{&quot;possibleAnswerCode&quot;:&quot;ZQP20051459&quot;,&quot;possibleAnswerText&quot;:&quot;CSR team established in factory&quot;},{&quot;possibleAnswerCode&quot;:&quot;ZQP20051460&quot;,&quot;possibleAnswerText&quot;:&quot;Management team brief workforce&quot;},{&quot;possibleAnswerCode&quot;:&quot;ZQP20051461&quot;,&quot;possibleAnswerText&quot;:&quot;Appointed employee / team&quot;},{&quot;possibleAnswerCode&quot;:&quot;ZQP20051462&quot;,&quot;possibleAnswerText&quot;:&quot;Magazine Subscription&quot;},{&quot;possibleAnswerCode&quot;:&quot;ZQP20051463&quot;,&quot;possibleAnswerText&quot;:&quot;Industry Body Briefings&quot;},{&quot;possibleAnswerCode&quot;:&quot;ZQP20051464&quot;,&quot;possibleAnswerText&quot;:&quot;Other (please specify)&quot;}]},{&quot;questionType&quot;:&quot;FREE_TEXT&quot;,&quot;questionCode&quot;:&quot;ZQQ20050029&quot;,&quot;questionText&quot;:&quot;Please specify&quot;,&quot;sectorProfiles&quot;:[&quot;TRIGGER&quot;],&quot;possibleAnswers&quot;:[]},{&quot;questionType&quot;:&quot;SINGLE_CHOICE&quot;,&quot;questionCode&quot;:&quot;ZQQ20050030&quot;,&quot;questionText&quot;:&quot;Has the site received an official notice or prosecution for any non-compliances with legislation, regulation, consent or permits (within the last three years)?&quot;,&quot;sectorProfiles&quot;:[&quot;BIGAGRI&quot;,&quot;HEAVMANU&quot;,&quot;MANUFACT&quot;,&quot;SERVPROV&quot;],&quot;possibleAnswers&quot;:[{&quot;possibleAnswerCode&quot;:&quot;ZQP20051465&quot;,&quot;possibleAnswerText&quot;:&quot;Yes&quot;},{&quot;possibleAnswerCode&quot;:&quot;ZQP20051466&quot;,&quot;possibleAnswerText&quot;:&quot;No&quot;}]},{&quot;questionType&quot;:&quot;MULTIPLE_CHOICE&quot;,&quot;questionCode&quot;:&quot;ZQQ20050031&quot;,&quot;questionText&quot;:&quot;If yes, please specify the area(s).  Please select all applicable answers.&quot;,&quot;sectorProfiles&quot;:[&quot;TRIGGER&quot;],&quot;possibleAnswers&quot;:[{&quot;possibleAnswerCode&quot;:&quot;ZQP20051467&quot;,&quot;possibleAnswerText&quot;:&quot;Bribery&quot;},{&quot;possibleAnswerCode&quot;:&quot;ZQP20051468&quot;,&quot;possibleAnswerText&quot;:&quot;Building and/or Site Safety&quot;},{&quot;possibleAnswerCode&quot;:&quot;ZQP20051469&quot;,&quot;possibleAnswerText&quot;:&quot;Environment&quot;},{&quot;possibleAnswerCode&quot;:&quot;ZQP20051470&quot;,&quot;possibleAnswerText&quot;:&quot;Health &amp; Safety&quot;},{&quot;possibleAnswerCode&quot;:&quot;ZQP20051471&quot;,&quot;possibleAnswerText&quot;:&quot;Human rights&quot;},{&quot;possibleAnswerCode&quot;:&quot;ZQP20051472&quot;,&quot;possibleAnswerText&quot;:&quot;Labour standards&quot;},{&quot;possibleAnswerCode&quot;:&quot;ZQP20051473&quot;,&quot;possibleAnswerText&quot;:&quot;Other  (please specify)&quot;}]},{&quot;questionType&quot;:&quot;FREE_TEXT&quot;,&quot;questionCode&quot;:&quot;ZQQ20050032&quot;,&quot;questionText&quot;:&quot;Please specify&quot;,&quot;sectorProfiles&quot;:[&quot;TRIGGER&quot;],&quot;possibleAnswers&quot;:[]},{&quot;questionType&quot;:&quot;FREE_TEXT&quot;,&quot;questionCode&quot;:&quot;ZQQ20050033&quot;,&quot;questionText&quot;:&quot;If yes, what action did you take?&quot;,&quot;sectorProfiles&quot;:[&quot;TRIGGER&quot;],&quot;possibleAnswers&quot;:[]},{&quot;questionType&quot;:&quot;SINGLE_CHOICE&quot;,&quot;questionCode&quot;:&quot;ZQQ20050034&quot;,&quot;questionText&quot;:&quot;Has the site obtained all the relevant and appropriate licences as required by law e.g. license to operate, [waste] disposal etc.?&quot;,&quot;sectorProfiles&quot;:[&quot;BIGAGRI&quot;,&quot;FISHVESL&quot;,&quot;HEAVMANU&quot;,&quot;MANUFACT&quot;,&quot;SERVPROV&quot;,&quot;SMALLAGRI&quot;],&quot;possibleAnswers&quot;:[{&quot;possibleAnswerCode&quot;:&quot;ZQP20051474&quot;,&quot;possibleAnswerText&quot;:&quot;Yes&quot;},{&quot;possibleAnswerCode&quot;:&quot;ZQP20051475&quot;,&quot;possibleAnswerText&quot;:&quot;No&quot;}]}]},{&quot;subSectionCode&quot;:&quot;ZQU20050007&quot;,&quot;subSectionName&quot;:&quot;Supplier Management&quot;,&quot;questions&quot;:[{&quot;questionType&quot;:&quot;SINGLE_CHOICE&quot;,&quot;questionCode&quot;:&quot;ZQQ20050042&quot;,&quot;questionText&quot;:&quot;Do you require your suppliers to have [ethical/ social audit]s?&quot;,&quot;sectorProfiles&quot;:[&quot;INTERMEDI&quot;],&quot;possibleAnswers&quot;:[{&quot;possibleAnswerCode&quot;:&quot;ZQP20051494&quot;,&quot;possibleAnswerText&quot;:&quot;No, we do not audit suppliers&quot;},{&quot;possibleAnswerCode&quot;:&quot;ZQP20051495&quot;,&quot;possibleAnswerText&quot;:&quot;Yes, on customer request&quot;},{&quot;possibleAnswerCode&quot;:&quot;ZQP20051496&quot;,&quot;possibleAnswerText&quot;:&quot;Yes, high risk suppliers only&quot;},{&quot;possibleAnswerCode&quot;:&quot;ZQP20051497&quot;,&quot;possibleAnswerText&quot;:&quot;Yes, all suppliers&quot;}]},{&quot;questionType&quot;:&quot;SINGLE_CHOICE&quot;,&quot;questionCode&quot;:&quot;ZQQ20050035&quot;,&quot;questionText&quot;:&quot;Do you visit your suppliers for monitoring purposes?&quot;,&quot;sectorProfiles&quot;:[&quot;INTERMEDI&quot;],&quot;possibleAnswers&quot;:[{&quot;possibleAnswerCode&quot;:&quot;ZQP20051476&quot;,&quot;possibleAnswerText&quot;:&quot;No&quot;},{&quot;possibleAnswerCode&quot;:&quot;ZQP20051477&quot;,&quot;possibleAnswerText&quot;:&quot;Yes, some&quot;},{&quot;possibleAnswerCode&quot;:&quot;ZQP20051478&quot;,&quot;possibleAnswerText&quot;:&quot;Yes, all&quot;}]},{&quot;questionType&quot;:&quot;SINGLE_CHOICE&quot;,&quot;questionCode&quot;:&quot;ZQQ20050036&quot;,&quot;questionText&quot;:&quot;If yes, how frequently do you visit them in Peak Season/Production?&quot;,&quot;sectorProfiles&quot;:[&quot;TRIGGER&quot;],&quot;possibleAnswers&quot;:[{&quot;possibleAnswerCode&quot;:&quot;ZQP20051479&quot;,&quot;possibleAnswerText&quot;:&quot;Daily&quot;},{&quot;possibleAnswerCode&quot;:&quot;ZQP20051480&quot;,&quot;possibleAnswerText&quot;:&quot;Weekly&quot;},{&quot;possibleAnswerCode&quot;:&quot;ZQP20051481&quot;,&quot;possibleAnswerText&quot;:&quot;Monthly&quot;},{&quot;possibleAnswerCode&quot;:&quot;ZQP20051482&quot;,&quot;possibleAnswerText&quot;:&quot;Annually&quot;},{&quot;possibleAnswerCode&quot;:&quot;ZQP20051483&quot;,&quot;possibleAnswerText&quot;:&quot;Other&quot;}]},{&quot;questionType&quot;:&quot;FREE_TEXT&quot;,&quot;questionCode&quot;:&quot;ZQQ20050037&quot;,&quot;questionText&quot;:&quot;Please specify&quot;,&quot;sectorProfiles&quot;:[&quot;TRIGGER&quot;],&quot;possibleAnswers&quot;:[]},{&quot;questionType&quot;:&quot;SINGLE_CHOICE&quot;,&quot;questionCode&quot;:&quot;ZQQ20050038&quot;,&quot;questionText&quot;:&quot;If yes, how frequently do you visit them in Low Season/Production?&quot;,&quot;sectorProfiles&quot;:[&quot;TRIGGER&quot;],&quot;possibleAnswers&quot;:[{&quot;possibleAnswerCode&quot;:&quot;ZQP20051484&quot;,&quot;possibleAnswerText&quot;:&quot;Daily&quot;},{&quot;possibleAnswerCode&quot;:&quot;ZQP20051485&quot;,&quot;possibleAnswerText&quot;:&quot;Weekly&quot;},{&quot;possibleAnswerCode&quot;:&quot;ZQP20051486&quot;,&quot;possibleAnswerText&quot;:&quot;Monthly&quot;},{&quot;possibleAnswerCode&quot;:&quot;ZQP20051487&quot;,&quot;possibleAnswerText&quot;:&quot;Annually&quot;},{&quot;possibleAnswerCode&quot;:&quot;ZQP20051488&quot;,&quot;possibleAnswerText&quot;:&quot;Other&quot;}]},{&quot;questionType&quot;:&quot;FREE_TEXT&quot;,&quot;questionCode&quot;:&quot;ZQQ20050039&quot;,&quot;questionText&quot;:&quot;Please specify&quot;,&quot;sectorProfiles&quot;:[&quot;TRIGGER&quot;],&quot;possibleAnswers&quot;:[]},{&quot;questionType&quot;:&quot;MULTIPLE_CHOICE&quot;,&quot;questionCode&quot;:&quot;ZQQ20050040&quot;,&quot;questionText&quot;:&quot;Do you provide any support or expertise to your suppliers?  Please select all applicable answers.&quot;,&quot;sectorProfiles&quot;:[&quot;INTERMEDI&quot;],&quot;possibleAnswers&quot;:[{&quot;possibleAnswerCode&quot;:&quot;ZQP20051489&quot;,&quot;possibleAnswerText&quot;:&quot;Technical Expertise&quot;},{&quot;possibleAnswerCode&quot;:&quot;ZQP20051490&quot;,&quot;possibleAnswerText&quot;:&quot;Social/ Welfare Expertise&quot;},{&quot;possibleAnswerCode&quot;:&quot;ZQP20051491&quot;,&quot;possibleAnswerText&quot;:&quot;Financial Support&quot;},{&quot;possibleAnswerCode&quot;:&quot;ZQP20051492&quot;,&quot;possibleAnswerText&quot;:&quot;Other Expertise&quot;},{&quot;possibleAnswerCode&quot;:&quot;ZQP20051493&quot;,&quot;possibleAnswerText&quot;:&quot;Other Support&quot;}]},{&quot;questionType&quot;:&quot;FREE_TEXT&quot;,&quot;questionCode&quot;:&quot;ZQQ20050041&quot;,&quot;questionText&quot;:&quot;Please provide details&quot;,&quot;sectorProfiles&quot;:[&quot;INTERMEDI&quot;],&quot;possibleAnswers&quot;:[]},{&quot;questionType&quot;:&quot;SINGLE_CHOICE&quot;,&quot;questionCode&quot;:&quot;ZQQ20050043&quot;,&quot;questionText&quot;:&quot;What type of [audit]is carried out?&quot;,&quot;sectorProfiles&quot;:[&quot;TRIGGER&quot;],&quot;possibleAnswers&quot;:[{&quot;possibleAnswerCode&quot;:&quot;ZQP20051498&quot;,&quot;possibleAnswerText&quot;:&quot;1st Party&quot;},{&quot;possibleAnswerCode&quot;:&quot;ZQP20051499&quot;,&quot;possibleAnswerText&quot;:&quot;2nd Party&quot;},{&quot;possibleAnswerCode&quot;:&quot;ZQP20051500&quot;,&quot;possibleAnswerText&quot;:&quot;3rd Party&quot;},{&quot;possibleAnswerCode&quot;:&quot;ZQP20051501&quot;,&quot;possibleAnswerText&quot;:&quot;3rd Party SMETA&quot;}]},{&quot;questionType&quot;:&quot;SINGLE_CHOICE&quot;,&quot;questionCode&quot;:&quot;ZQQ20050044&quot;,&quot;questionText&quot;:&quot;What percentage of your suppliers are audited?&quot;,&quot;sectorProfiles&quot;:[&quot;TRIGGER&quot;],&quot;possibleAnswers&quot;:[{&quot;possibleAnswerCode&quot;:&quot;ZQP20051502&quot;,&quot;possibleAnswerText&quot;:&quot;&lt;25%&quot;},{&quot;possibleAnswerCode&quot;:&quot;ZQP20051503&quot;,&quot;possibleAnswerText&quot;:&quot;25-50%&quot;},{&quot;possibleAnswerCode&quot;:&quot;ZQP20051504&quot;,&quot;possibleAnswerText&quot;:&quot;51-75%&quot;},{&quot;possibleAnswerCode&quot;:&quot;ZQP20051505&quot;,&quot;possibleAnswerText&quot;:&quot;&gt;75%&quot;}]},{&quot;questionType&quot;:&quot;MULTIPLE_CHOICE&quot;,&quot;questionCode&quot;:&quot;ZQQ20050045&quot;,&quot;questionText&quot;:&quot;What countries do you purchase from?  Please select all applicable answers.&quot;,&quot;sectorProfiles&quot;:[&quot;INTERMEDI&quot;],&quot;possibleAnswers&quot;:[{&quot;possibleAnswerCode&quot;:&quot;ZQP20051506&quot;,&quot;possibleAnswerText&quot;:&quot;AFGHANISTAN&quot;},{&quot;possibleAnswerCode&quot;:&quot;ZQP20051507&quot;,&quot;possibleAnswerText&quot;:&quot;ÅLAND ISLANDS&quot;},{&quot;possibleAnswerCode&quot;:&quot;ZQP20051508&quot;,&quot;possibleAnswerText&quot;:&quot;ALBANIA&quot;},{&quot;possibleAnswerCode&quot;:&quot;ZQP20051509&quot;,&quot;possibleAnswerText&quot;:&quot;ALGERIA&quot;},{&quot;possibleAnswerCode&quot;:&quot;ZQP20051510&quot;,&quot;possibleAnswerText&quot;:&quot;AMERICAN SAMOA&quot;},{&quot;possibleAnswerCode&quot;:&quot;ZQP20051511&quot;,&quot;possibleAnswerText&quot;:&quot;ANDORRA&quot;},{&quot;possibleAnswerCode&quot;:&quot;ZQP20051512&quot;,&quot;possibleAnswerText&quot;:&quot;ANGOLA&quot;},{&quot;possibleAnswerCode&quot;:&quot;ZQP20051513&quot;,&quot;possibleAnswerText&quot;:&quot;ANGUILLA&quot;},{&quot;possibleAnswerCode&quot;:&quot;ZQP20051514&quot;,&quot;possibleAnswerText&quot;:&quot;ANTARCTICA&quot;},{&quot;possibleAnswerCode&quot;:&quot;ZQP20051515&quot;,&quot;possibleAnswerText&quot;:&quot;ANTIGUA AND BARBUDA&quot;},{&quot;possibleAnswerCode&quot;:&quot;ZQP20051516&quot;,&quot;possibleAnswerText&quot;:&quot;ARGENTINA&quot;},{&quot;possibleAnswerCode&quot;:&quot;ZQP20051517&quot;,&quot;possibleAnswerText&quot;:&quot;ARMENIA&quot;},{&quot;possibleAnswerCode&quot;:&quot;ZQP20051518&quot;,&quot;possibleAnswerText&quot;:&quot;ARUBA&quot;},{&quot;possibleAnswerCode&quot;:&quot;ZQP20051519&quot;,&quot;possibleAnswerText&quot;:&quot;AUSTRALIA&quot;},{&quot;possibleAnswerCode&quot;:&quot;ZQP20051520&quot;,&quot;possibleAnswerText&quot;:&quot;AUSTRIA&quot;},{&quot;possibleAnswerCode&quot;:&quot;ZQP20051521&quot;,&quot;possibleAnswerText&quot;:&quot;AZERBAIJAN&quot;},{&quot;possibleAnswerCode&quot;:&quot;ZQP20051522&quot;,&quot;possibleAnswerText&quot;:&quot;BAHAMAS&quot;},{&quot;possibleAnswerCode&quot;:&quot;ZQP20051523&quot;,&quot;possibleAnswerText&quot;:&quot;BAHRAIN&quot;},{&quot;possibleAnswerCode&quot;:&quot;ZQP20051524&quot;,&quot;possibleAnswerText&quot;:&quot;BANGLADESH&quot;},{&quot;possibleAnswerCode&quot;:&quot;ZQP20051525&quot;,&quot;possibleAnswerText&quot;:&quot;BARBADOS&quot;},{&quot;possibleAnswerCode&quot;:&quot;ZQP20051526&quot;,&quot;possibleAnswerText&quot;:&quot;BELARUS&quot;},{&quot;possibleAnswerCode&quot;:&quot;ZQP20051527&quot;,&quot;possibleAnswerText&quot;:&quot;BELGIUM&quot;},{&quot;possibleAnswerCode&quot;:&quot;ZQP20051528&quot;,&quot;possibleAnswerText&quot;:&quot;BELIZE&quot;},{&quot;possibleAnswerCode&quot;:&quot;ZQP20051529&quot;,&quot;possibleAnswerText&quot;:&quot;BENIN&quot;},{&quot;possibleAnswerCode&quot;:&quot;ZQP20051530&quot;,&quot;possibleAnswerText&quot;:&quot;BERMUDA&quot;},{&quot;possibleAnswerCode&quot;:&quot;ZQP20051531&quot;,&quot;possibleAnswerText&quot;:&quot;BHUTAN&quot;},{&quot;possibleAnswerCode&quot;:&quot;ZQP20051532&quot;,&quot;possibleAnswerText&quot;:&quot;BOLIVIA, PLURINATIONAL STATE OF&quot;},{&quot;possibleAnswerCode&quot;:&quot;ZQP20051533&quot;,&quot;possibleAnswerText&quot;:&quot;BONAIRE, SAINT EUSTATIUS AND SABA&quot;},{&quot;possibleAnswerCode&quot;:&quot;ZQP20051534&quot;,&quot;possibleAnswerText&quot;:&quot;BOSNIA AND HERZEGOVINA&quot;},{&quot;possibleAnswerCode&quot;:&quot;ZQP20051535&quot;,&quot;possibleAnswerText&quot;:&quot;BOTSWANA&quot;},{&quot;possibleAnswerCode&quot;:&quot;ZQP20051536&quot;,&quot;possibleAnswerText&quot;:&quot;BOUVET ISLAND&quot;},{&quot;possibleAnswerCode&quot;:&quot;ZQP20051537&quot;,&quot;possibleAnswerText&quot;:&quot;BRAZIL&quot;},{&quot;possibleAnswerCode&quot;:&quot;ZQP20051538&quot;,&quot;possibleAnswerText&quot;:&quot;BRITISH INDIAN OCEAN TERRITORY&quot;},{&quot;possibleAnswerCode&quot;:&quot;ZQP20051539&quot;,&quot;possibleAnswerText&quot;:&quot;BRUNEI DARUSSALAM&quot;},{&quot;possibleAnswerCode&quot;:&quot;ZQP20051540&quot;,&quot;possibleAnswerText&quot;:&quot;BULGARIA&quot;},{&quot;possibleAnswerCode&quot;:&quot;ZQP20051541&quot;,&quot;possibleAnswerText&quot;:&quot;BURKINA FASO&quot;},{&quot;possibleAnswerCode&quot;:&quot;ZQP20051542&quot;,&quot;possibleAnswerText&quot;:&quot;BURUNDI&quot;},{&quot;possibleAnswerCode&quot;:&quot;ZQP20051543&quot;,&quot;possibleAnswerText&quot;:&quot;CAMBODIA&quot;},{&quot;possibleAnswerCode&quot;:&quot;ZQP20051544&quot;,&quot;possibleAnswerText&quot;:&quot;CAMEROON&quot;},{&quot;possibleAnswerCode&quot;:&quot;ZQP20051545&quot;,&quot;possibleAnswerText&quot;:&quot;CANADA&quot;},{&quot;possibleAnswerCode&quot;:&quot;ZQP20051546&quot;,&quot;possibleAnswerText&quot;:&quot;CAPE VERDE&quot;},{&quot;possibleAnswerCode&quot;:&quot;ZQP20051547&quot;,&quot;possibleAnswerText&quot;:&quot;CAYMAN ISLANDS&quot;},{&quot;possibleAnswerCode&quot;:&quot;ZQP20051548&quot;,&quot;possibleAnswerText&quot;:&quot;CENTRAL AFRICAN REPUBLIC&quot;},{&quot;possibleAnswerCode&quot;:&quot;ZQP20051549&quot;,&quot;possibleAnswerText&quot;:&quot;CHAD&quot;},{&quot;possibleAnswerCode&quot;:&quot;ZQP20051550&quot;,&quot;possibleAnswerText&quot;:&quot;CHILE&quot;},{&quot;possibleAnswerCode&quot;:&quot;ZQP20051551&quot;,&quot;possibleAnswerText&quot;:&quot;CHINA&quot;},{&quot;possibleAnswerCode&quot;:&quot;ZQP20051552&quot;,&quot;possibleAnswerText&quot;:&quot;CHRISTMAS ISLAND&quot;},{&quot;possibleAnswerCode&quot;:&quot;ZQP20051553&quot;,&quot;possibleAnswerText&quot;:&quot;COCOS (KEELING) ISLANDS&quot;},{&quot;possibleAnswerCode&quot;:&quot;ZQP20051554&quot;,&quot;possibleAnswerText&quot;:&quot;COLOMBIA&quot;},{&quot;possibleAnswerCode&quot;:&quot;ZQP20051555&quot;,&quot;possibleAnswerText&quot;:&quot;COMOROS&quot;},{&quot;possibleAnswerCode&quot;:&quot;ZQP20051556&quot;,&quot;possibleAnswerText&quot;:&quot;CONGO&quot;},{&quot;possibleAnswerCode&quot;:&quot;ZQP20051557&quot;,&quot;possibleAnswerText&quot;:&quot;CONGO, THE DEMOCRATIC REPUBLIC OF THE&quot;},{&quot;possibleAnswerCode&quot;:&quot;ZQP20051558&quot;,&quot;possibleAnswerText&quot;:&quot;COOK ISLANDS&quot;},{&quot;possibleAnswerCode&quot;:&quot;ZQP20051559&quot;,&quot;possibleAnswerText&quot;:&quot;COSTA RICA&quot;},{&quot;possibleAnswerCode&quot;:&quot;ZQP20051560&quot;,&quot;possibleAnswerText&quot;:&quot;COTE D&apos;IVOIRE&quot;},{&quot;possibleAnswerCode&quot;:&quot;ZQP20051561&quot;,&quot;possibleAnswerText&quot;:&quot;CROATIA&quot;},{&quot;possibleAnswerCode&quot;:&quot;ZQP20051562&quot;,&quot;possibleAnswerText&quot;:&quot;CUBA&quot;},{&quot;possibleAnswerCode&quot;:&quot;ZQP20051563&quot;,&quot;possibleAnswerText&quot;:&quot;CURACAO&quot;},{&quot;possibleAnswerCode&quot;:&quot;ZQP20051564&quot;,&quot;possibleAnswerText&quot;:&quot;CYPRUS&quot;},{&quot;possibleAnswerCode&quot;:&quot;ZQP20051565&quot;,&quot;possibleAnswerText&quot;:&quot;CZECH REPUBLIC&quot;},{&quot;possibleAnswerCode&quot;:&quot;ZQP20051566&quot;,&quot;possibleAnswerText&quot;:&quot;DENMARK&quot;},{&quot;possibleAnswerCode&quot;:&quot;ZQP20051567&quot;,&quot;possibleAnswerText&quot;:&quot;DJIBOUTI&quot;},{&quot;possibleAnswerCode&quot;:&quot;ZQP20051568&quot;,&quot;possibleAnswerText&quot;:&quot;DOMINICA&quot;},{&quot;possibleAnswerCode&quot;:&quot;ZQP20051569&quot;,&quot;possibleAnswerText&quot;:&quot;DOMINICAN REPUBLIC&quot;},{&quot;possibleAnswerCode&quot;:&quot;ZQP20051570&quot;,&quot;possibleAnswerText&quot;:&quot;ECUADOR&quot;},{&quot;possibleAnswerCode&quot;:&quot;ZQP20051571&quot;,&quot;possibleAnswerText&quot;:&quot;EGYPT&quot;},{&quot;possibleAnswerCode&quot;:&quot;ZQP20051572&quot;,&quot;possibleAnswerText&quot;:&quot;EL SALVADOR&quot;},{&quot;possibleAnswerCode&quot;:&quot;ZQP20051573&quot;,&quot;possibleAnswerText&quot;:&quot;EQUATORIAL GUINEA&quot;},{&quot;possibleAnswerCode&quot;:&quot;ZQP20051574&quot;,&quot;possibleAnswerText&quot;:&quot;ERITREA&quot;},{&quot;possibleAnswerCode&quot;:&quot;ZQP20051575&quot;,&quot;possibleAnswerText&quot;:&quot;ESTONIA&quot;},{&quot;possibleAnswerCode&quot;:&quot;ZQP20051576&quot;,&quot;possibleAnswerText&quot;:&quot;ETHIOPIA&quot;},{&quot;possibleAnswerCode&quot;:&quot;ZQP20051577&quot;,&quot;possibleAnswerText&quot;:&quot;FALKLAND ISLANDS (MALVINAS)&quot;},{&quot;possibleAnswerCode&quot;:&quot;ZQP20051578&quot;,&quot;possibleAnswerText&quot;:&quot;FAROE ISLANDS&quot;},{&quot;possibleAnswerCode&quot;:&quot;ZQP20051579&quot;,&quot;possibleAnswerText&quot;:&quot;FIJI&quot;},{&quot;possibleAnswerCode&quot;:&quot;ZQP20051580&quot;,&quot;possibleAnswerText&quot;:&quot;FINLAND&quot;},{&quot;possibleAnswerCode&quot;:&quot;ZQP20051581&quot;,&quot;possibleAnswerText&quot;:&quot;FRANCE&quot;},{&quot;possibleAnswerCode&quot;:&quot;ZQP20051582&quot;,&quot;possibleAnswerText&quot;:&quot;FRENCH GUIANA&quot;},{&quot;possibleAnswerCode&quot;:&quot;ZQP20051583&quot;,&quot;possibleAnswerText&quot;:&quot;FRENCH POLYNESIA&quot;},{&quot;possibleAnswerCode&quot;:&quot;ZQP20051584&quot;,&quot;possibleAnswerText&quot;:&quot;FRENCH SOUTHERN TERRITORIES&quot;},{&quot;possibleAnswerCode&quot;:&quot;ZQP20051585&quot;,&quot;possibleAnswerText&quot;:&quot;GABON&quot;},{&quot;possibleAnswerCode&quot;:&quot;ZQP20051586&quot;,&quot;possibleAnswerText&quot;:&quot;GAMBIA&quot;},{&quot;possibleAnswerCode&quot;:&quot;ZQP20051587&quot;,&quot;possibleAnswerText&quot;:&quot;GEORGIA&quot;},{&quot;possibleAnswerCode&quot;:&quot;ZQP20051588&quot;,&quot;possibleAnswerText&quot;:&quot;GERMANY&quot;},{&quot;possibleAnswerCode&quot;:&quot;ZQP20051589&quot;,&quot;possibleAnswerText&quot;:&quot;GHANA&quot;},{&quot;possibleAnswerCode&quot;:&quot;ZQP20051590&quot;,&quot;possibleAnswerText&quot;:&quot;GIBRALTAR&quot;},{&quot;possibleAnswerCode&quot;:&quot;ZQP20051591&quot;,&quot;possibleAnswerText&quot;:&quot;GREECE&quot;},{&quot;possibleAnswerCode&quot;:&quot;ZQP20051592&quot;,&quot;possibleAnswerText&quot;:&quot;GREENLAND&quot;},{&quot;possibleAnswerCode&quot;:&quot;ZQP20051593&quot;,&quot;possibleAnswerText&quot;:&quot;GRENADA&quot;},{&quot;possibleAnswerCode&quot;:&quot;ZQP20051594&quot;,&quot;possibleAnswerText&quot;:&quot;GUADELOUPE&quot;},{&quot;possibleAnswerCode&quot;:&quot;ZQP20051595&quot;,&quot;possibleAnswerText&quot;:&quot;GUAM&quot;},{&quot;possibleAnswerCode&quot;:&quot;ZQP20051596&quot;,&quot;possibleAnswerText&quot;:&quot;GUATEMALA&quot;},{&quot;possibleAnswerCode&quot;:&quot;ZQP20051597&quot;,&quot;possibleAnswerText&quot;:&quot;GUERNSEY&quot;},{&quot;possibleAnswerCode&quot;:&quot;ZQP20051598&quot;,&quot;possibleAnswerText&quot;:&quot;GUINEA&quot;},{&quot;possibleAnswerCode&quot;:&quot;ZQP20051599&quot;,&quot;possibleAnswerText&quot;:&quot;GUINEA-BISSAU&quot;},{&quot;possibleAnswerCode&quot;:&quot;ZQP20051600&quot;,&quot;possibleAnswerText&quot;:&quot;GUYANA&quot;},{&quot;possibleAnswerCode&quot;:&quot;ZQP20051601&quot;,&quot;possibleAnswerText&quot;:&quot;HAITI&quot;},{&quot;possibleAnswerCode&quot;:&quot;ZQP20051602&quot;,&quot;possibleAnswerText&quot;:&quot;HEARD ISLAND AND MCDONALD ISLANDS&quot;},{&quot;possibleAnswerCode&quot;:&quot;ZQP20051603&quot;,&quot;possibleAnswerText&quot;:&quot;HOLY SEE (VATICAN CITY STATE)&quot;},{&quot;possibleAnswerCode&quot;:&quot;ZQP20051604&quot;,&quot;possibleAnswerText&quot;:&quot;HONDURAS&quot;},{&quot;possibleAnswerCode&quot;:&quot;ZQP20051605&quot;,&quot;possibleAnswerText&quot;:&quot;HONG KONG&quot;},{&quot;possibleAnswerCode&quot;:&quot;ZQP20051606&quot;,&quot;possibleAnswerText&quot;:&quot;HUNGARY&quot;},{&quot;possibleAnswerCode&quot;:&quot;ZQP20051607&quot;,&quot;possibleAnswerText&quot;:&quot;ICELAND&quot;},{&quot;possibleAnswerCode&quot;:&quot;ZQP20051608&quot;,&quot;possibleAnswerText&quot;:&quot;INDIA&quot;},{&quot;possibleAnswerCode&quot;:&quot;ZQP20051609&quot;,&quot;possibleAnswerText&quot;:&quot;INDONESIA&quot;},{&quot;possibleAnswerCode&quot;:&quot;ZQP20051610&quot;,&quot;possibleAnswerText&quot;:&quot;IRAN, ISLAMIC REPUBLIC OF&quot;},{&quot;possibleAnswerCode&quot;:&quot;ZQP20051611&quot;,&quot;possibleAnswerText&quot;:&quot;IRAQ&quot;},{&quot;possibleAnswerCode&quot;:&quot;ZQP20051612&quot;,&quot;possibleAnswerText&quot;:&quot;IRELAND&quot;},{&quot;possibleAnswerCode&quot;:&quot;ZQP20051613&quot;,&quot;possibleAnswerText&quot;:&quot;ISLE OF MAN&quot;},{&quot;possibleAnswerCode&quot;:&quot;ZQP20051614&quot;,&quot;possibleAnswerText&quot;:&quot;ISRAEL&quot;},{&quot;possibleAnswerCode&quot;:&quot;ZQP20051615&quot;,&quot;possibleAnswerText&quot;:&quot;ITALY&quot;},{&quot;possibleAnswerCode&quot;:&quot;ZQP20051616&quot;,&quot;possibleAnswerText&quot;:&quot;JAMAICA&quot;},{&quot;possibleAnswerCode&quot;:&quot;ZQP20051617&quot;,&quot;possibleAnswerText&quot;:&quot;JAPAN&quot;},{&quot;possibleAnswerCode&quot;:&quot;ZQP20051618&quot;,&quot;possibleAnswerText&quot;:&quot;JERSEY&quot;},{&quot;possibleAnswerCode&quot;:&quot;ZQP20051619&quot;,&quot;possibleAnswerText&quot;:&quot;JORDAN&quot;},{&quot;possibleAnswerCode&quot;:&quot;ZQP20051620&quot;,&quot;possibleAnswerText&quot;:&quot;KAZAKHSTAN&quot;},{&quot;possibleAnswerCode&quot;:&quot;ZQP20051621&quot;,&quot;possibleAnswerText&quot;:&quot;KENYA&quot;},{&quot;possibleAnswerCode&quot;:&quot;ZQP20051622&quot;,&quot;possibleAnswerText&quot;:&quot;KIRIBATI&quot;},{&quot;possibleAnswerCode&quot;:&quot;ZQP20051623&quot;,&quot;possibleAnswerText&quot;:&quot;KOREA, DEMOCRATIC PEOPLE&apos;S REPUBLIC OF&quot;},{&quot;possibleAnswerCode&quot;:&quot;ZQP20051624&quot;,&quot;possibleAnswerText&quot;:&quot;KOREA, REPUBLIC OF&quot;},{&quot;possibleAnswerCode&quot;:&quot;ZQP20051625&quot;,&quot;possibleAnswerText&quot;:&quot;KUWAIT&quot;},{&quot;possibleAnswerCode&quot;:&quot;ZQP20051626&quot;,&quot;possibleAnswerText&quot;:&quot;KYRGYZSTAN&quot;},{&quot;possibleAnswerCode&quot;:&quot;ZQP20051627&quot;,&quot;possibleAnswerText&quot;:&quot;LAO PEOPLE&apos;S DEMOCRATIC REPUBLIC&quot;},{&quot;possibleAnswerCode&quot;:&quot;ZQP20051628&quot;,&quot;possibleAnswerText&quot;:&quot;LATVIA&quot;},{&quot;possibleAnswerCode&quot;:&quot;ZQP20051629&quot;,&quot;possibleAnswerText&quot;:&quot;LEBANON&quot;},{&quot;possibleAnswerCode&quot;:&quot;ZQP20051630&quot;,&quot;possibleAnswerText&quot;:&quot;LESOTHO&quot;},{&quot;possibleAnswerCode&quot;:&quot;ZQP20051631&quot;,&quot;possibleAnswerText&quot;:&quot;LIBERIA&quot;},{&quot;possibleAnswerCode&quot;:&quot;ZQP20051632&quot;,&quot;possibleAnswerText&quot;:&quot;LIBYAN ARAB JAMAHIRIYA&quot;},{&quot;possibleAnswerCode&quot;:&quot;ZQP20051633&quot;,&quot;possibleAnswerText&quot;:&quot;LIECHTENSTEIN&quot;},{&quot;possibleAnswerCode&quot;:&quot;ZQP20051634&quot;,&quot;possibleAnswerText&quot;:&quot;LITHUANIA&quot;},{&quot;possibleAnswerCode&quot;:&quot;ZQP20051635&quot;,&quot;possibleAnswerText&quot;:&quot;LUXEMBOURG&quot;},{&quot;possibleAnswerCode&quot;:&quot;ZQP20051636&quot;,&quot;possibleAnswerText&quot;:&quot;MACAO&quot;},{&quot;possibleAnswerCode&quot;:&quot;ZQP20051637&quot;,&quot;possibleAnswerText&quot;:&quot;MACEDONIA, THE FORMER YUGOSLAV REPUBLIC OF&quot;},{&quot;possibleAnswerCode&quot;:&quot;ZQP20051638&quot;,&quot;possibleAnswerText&quot;:&quot;MADAGASCAR&quot;},{&quot;possibleAnswerCode&quot;:&quot;ZQP20051639&quot;,&quot;possibleAnswerText&quot;:&quot;MALAWI&quot;},{&quot;possibleAnswerCode&quot;:&quot;ZQP20051640&quot;,&quot;possibleAnswerText&quot;:&quot;MALAYSIA&quot;},{&quot;possibleAnswerCode&quot;:&quot;ZQP20051641&quot;,&quot;possibleAnswerText&quot;:&quot;MALDIVES&quot;},{&quot;possibleAnswerCode&quot;:&quot;ZQP20051642&quot;,&quot;possibleAnswerText&quot;:&quot;MALI&quot;},{&quot;possibleAnswerCode&quot;:&quot;ZQP20051643&quot;,&quot;possibleAnswerText&quot;:&quot;MALTA&quot;},{&quot;possibleAnswerCode&quot;:&quot;ZQP20051644&quot;,&quot;possibleAnswerText&quot;:&quot;MARSHALL ISLANDS&quot;},{&quot;possibleAnswerCode&quot;:&quot;ZQP20051645&quot;,&quot;possibleAnswerText&quot;:&quot;MARTINIQUE&quot;},{&quot;possibleAnswerCode&quot;:&quot;ZQP20051646&quot;,&quot;possibleAnswerText&quot;:&quot;MAURITANIA&quot;},{&quot;possibleAnswerCode&quot;:&quot;ZQP20051647&quot;,&quot;possibleAnswerText&quot;:&quot;MAURITIUS&quot;},{&quot;possibleAnswerCode&quot;:&quot;ZQP20051648&quot;,&quot;possibleAnswerText&quot;:&quot;MAYOTTE&quot;},{&quot;possibleAnswerCode&quot;:&quot;ZQP20051649&quot;,&quot;possibleAnswerText&quot;:&quot;MEXICO&quot;},{&quot;possibleAnswerCode&quot;:&quot;ZQP20051650&quot;,&quot;possibleAnswerText&quot;:&quot;MICRONESIA, FEDERATED STATES OF&quot;},{&quot;possibleAnswerCode&quot;:&quot;ZQP20051651&quot;,&quot;possibleAnswerText&quot;:&quot;MOLDOVA, REPUBLIC OF&quot;},{&quot;possibleAnswerCode&quot;:&quot;ZQP20051652&quot;,&quot;possibleAnswerText&quot;:&quot;MONACO&quot;},{&quot;possibleAnswerCode&quot;:&quot;ZQP20051653&quot;,&quot;possibleAnswerText&quot;:&quot;MONGOLIA&quot;},{&quot;possibleAnswerCode&quot;:&quot;ZQP20051654&quot;,&quot;possibleAnswerText&quot;:&quot;MONTENEGRO&quot;},{&quot;possibleAnswerCode&quot;:&quot;ZQP20051655&quot;,&quot;possibleAnswerText&quot;:&quot;MONTSERRAT&quot;},{&quot;possibleAnswerCode&quot;:&quot;ZQP20051656&quot;,&quot;possibleAnswerText&quot;:&quot;MOROCCO&quot;},{&quot;possibleAnswerCode&quot;:&quot;ZQP20051657&quot;,&quot;possibleAnswerText&quot;:&quot;MOZAMBIQUE&quot;},{&quot;possibleAnswerCode&quot;:&quot;ZQP20051658&quot;,&quot;possibleAnswerText&quot;:&quot;MYANMAR&quot;},{&quot;possibleAnswerCode&quot;:&quot;ZQP20051659&quot;,&quot;possibleAnswerText&quot;:&quot;NAMIBIA&quot;},{&quot;possibleAnswerCode&quot;:&quot;ZQP20051660&quot;,&quot;possibleAnswerText&quot;:&quot;NAURU&quot;},{&quot;possibleAnswerCode&quot;:&quot;ZQP20051661&quot;,&quot;possibleAnswerText&quot;:&quot;NEPAL&quot;},{&quot;possibleAnswerCode&quot;:&quot;ZQP20051662&quot;,&quot;possibleAnswerText&quot;:&quot;NETHERLANDS&quot;},{&quot;possibleAnswerCode&quot;:&quot;ZQP20051663&quot;,&quot;possibleAnswerText&quot;:&quot;NEW CALEDONIA&quot;},{&quot;possibleAnswerCode&quot;:&quot;ZQP20051664&quot;,&quot;possibleAnswerText&quot;:&quot;NEW ZEALAND&quot;},{&quot;possibleAnswerCode&quot;:&quot;ZQP20051665&quot;,&quot;possibleAnswerText&quot;:&quot;NICARAGUA&quot;},{&quot;possibleAnswerCode&quot;:&quot;ZQP20051666&quot;,&quot;possibleAnswerText&quot;:&quot;NIGER&quot;},{&quot;possibleAnswerCode&quot;:&quot;ZQP20051667&quot;,&quot;possibleAnswerText&quot;:&quot;NIGERIA&quot;},{&quot;possibleAnswerCode&quot;:&quot;ZQP20051668&quot;,&quot;possibleAnswerText&quot;:&quot;NIUE&quot;},{&quot;possibleAnswerCode&quot;:&quot;ZQP20051669&quot;,&quot;possibleAnswerText&quot;:&quot;NORFOLK ISLAND&quot;},{&quot;possibleAnswerCode&quot;:&quot;ZQP20051670&quot;,&quot;possibleAnswerText&quot;:&quot;NORTHERN MARIANA ISLANDS&quot;},{&quot;possibleAnswerCode&quot;:&quot;ZQP20051671&quot;,&quot;possibleAnswerText&quot;:&quot;NORWAY&quot;},{&quot;possibleAnswerCode&quot;:&quot;ZQP20051672&quot;,&quot;possibleAnswerText&quot;:&quot;OMAN&quot;},{&quot;possibleAnswerCode&quot;:&quot;ZQP20051673&quot;,&quot;possibleAnswerText&quot;:&quot;PAKISTAN&quot;},{&quot;possibleAnswerCode&quot;:&quot;ZQP20051674&quot;,&quot;possibleAnswerText&quot;:&quot;PALAU&quot;},{&quot;possibleAnswerCode&quot;:&quot;ZQP20051675&quot;,&quot;possibleAnswerText&quot;:&quot;PALESTINIAN TERRITORY, OCCUPIED&quot;},{&quot;possibleAnswerCode&quot;:&quot;ZQP20051676&quot;,&quot;possibleAnswerText&quot;:&quot;PANAMA&quot;},{&quot;possibleAnswerCode&quot;:&quot;ZQP20051677&quot;,&quot;possibleAnswerText&quot;:&quot;PAPUA NEW GUINEA&quot;},{&quot;possibleAnswerCode&quot;:&quot;ZQP20051678&quot;,&quot;possibleAnswerText&quot;:&quot;PARAGUAY&quot;},{&quot;possibleAnswerCode&quot;:&quot;ZQP20051679&quot;,&quot;possibleAnswerText&quot;:&quot;PERU&quot;},{&quot;possibleAnswerCode&quot;:&quot;ZQP20051680&quot;,&quot;possibleAnswerText&quot;:&quot;PHILIPPINES&quot;},{&quot;possibleAnswerCode&quot;:&quot;ZQP20051681&quot;,&quot;possibleAnswerText&quot;:&quot;PITCAIRN&quot;},{&quot;possibleAnswerCode&quot;:&quot;ZQP20051682&quot;,&quot;possibleAnswerText&quot;:&quot;POLAND&quot;},{&quot;possibleAnswerCode&quot;:&quot;ZQP20051683&quot;,&quot;possibleAnswerText&quot;:&quot;PORTUGAL&quot;},{&quot;possibleAnswerCode&quot;:&quot;ZQP20051684&quot;,&quot;possibleAnswerText&quot;:&quot;PUERTO RICO&quot;},{&quot;possibleAnswerCode&quot;:&quot;ZQP20051685&quot;,&quot;possibleAnswerText&quot;:&quot;QATAR&quot;},{&quot;possibleAnswerCode&quot;:&quot;ZQP20051686&quot;,&quot;possibleAnswerText&quot;:&quot;REUNION&quot;},{&quot;possibleAnswerCode&quot;:&quot;ZQP20051687&quot;,&quot;possibleAnswerText&quot;:&quot;ROMANIA&quot;},{&quot;possibleAnswerCode&quot;:&quot;ZQP20051688&quot;,&quot;possibleAnswerText&quot;:&quot;RUSSIAN FEDERATION&quot;},{&quot;possibleAnswerCode&quot;:&quot;ZQP20051689&quot;,&quot;possibleAnswerText&quot;:&quot;RWANDA&quot;},{&quot;possibleAnswerCode&quot;:&quot;ZQP20051690&quot;,&quot;possibleAnswerText&quot;:&quot;SAINT BARTHELEMY&quot;},{&quot;possibleAnswerCode&quot;:&quot;ZQP20051691&quot;,&quot;possibleAnswerText&quot;:&quot;SAINT HELENA, ASCENSION AND TRISTAN DA CUNHA&quot;},{&quot;possibleAnswerCode&quot;:&quot;ZQP20051692&quot;,&quot;possibleAnswerText&quot;:&quot;SAINT KITTS AND NEVIS&quot;},{&quot;possibleAnswerCode&quot;:&quot;ZQP20051693&quot;,&quot;possibleAnswerText&quot;:&quot;SAINT LUCIA&quot;},{&quot;possibleAnswerCode&quot;:&quot;ZQP20051694&quot;,&quot;possibleAnswerText&quot;:&quot;SAINT MARTIN (FRENCH PART)&quot;},{&quot;possibleAnswerCode&quot;:&quot;ZQP20051695&quot;,&quot;possibleAnswerText&quot;:&quot;SAINT PIERRE AND MIQUELON&quot;},{&quot;possibleAnswerCode&quot;:&quot;ZQP20051696&quot;,&quot;possibleAnswerText&quot;:&quot;SAINT VINCENT AND THE GRENADINES&quot;},{&quot;possibleAnswerCode&quot;:&quot;ZQP20051697&quot;,&quot;possibleAnswerText&quot;:&quot;SAMOA&quot;},{&quot;possibleAnswerCode&quot;:&quot;ZQP20051698&quot;,&quot;possibleAnswerText&quot;:&quot;SAN MARINO&quot;},{&quot;possibleAnswerCode&quot;:&quot;ZQP20051699&quot;,&quot;possibleAnswerText&quot;:&quot;SAO TOME AND PRINCIPE&quot;},{&quot;possibleAnswerCode&quot;:&quot;ZQP20051700&quot;,&quot;possibleAnswerText&quot;:&quot;SAUDI ARABIA&quot;},{&quot;possibleAnswerCode&quot;:&quot;ZQP20051701&quot;,&quot;possibleAnswerText&quot;:&quot;SENEGAL&quot;},{&quot;possibleAnswerCode&quot;:&quot;ZQP20051702&quot;,&quot;possibleAnswerText&quot;:&quot;SERBIA&quot;},{&quot;possibleAnswerCode&quot;:&quot;ZQP20051703&quot;,&quot;possibleAnswerText&quot;:&quot;SEYCHELLES&quot;},{&quot;possibleAnswerCode&quot;:&quot;ZQP20051704&quot;,&quot;possibleAnswerText&quot;:&quot;SIERRA LEONE&quot;},{&quot;possibleAnswerCode&quot;:&quot;ZQP20051705&quot;,&quot;possibleAnswerText&quot;:&quot;SINGAPORE&quot;},{&quot;possibleAnswerCode&quot;:&quot;ZQP20051706&quot;,&quot;possibleAnswerText&quot;:&quot;SINT MAARTEN (DUTCH PART)&quot;},{&quot;possibleAnswerCode&quot;:&quot;ZQP20051707&quot;,&quot;possibleAnswerText&quot;:&quot;SLOVAKIA&quot;},{&quot;possibleAnswerCode&quot;:&quot;ZQP20051708&quot;,&quot;possibleAnswerText&quot;:&quot;SLOVENIA&quot;},{&quot;possibleAnswerCode&quot;:&quot;ZQP20051709&quot;,&quot;possibleAnswerText&quot;:&quot;SOLOMON ISLANDS&quot;},{&quot;possibleAnswerCode&quot;:&quot;ZQP20051710&quot;,&quot;possibleAnswerText&quot;:&quot;SOMALIA&quot;},{&quot;possibleAnswerCode&quot;:&quot;ZQP20051711&quot;,&quot;possibleAnswerText&quot;:&quot;SOUTH AFRICA&quot;},{&quot;possibleAnswerCode&quot;:&quot;ZQP20051712&quot;,&quot;possibleAnswerText&quot;:&quot;SOUTH GEORGIA AND THE SOUTH SANDWICH ISLANDS&quot;},{&quot;possibleAnswerCode&quot;:&quot;ZQP20051713&quot;,&quot;possibleAnswerText&quot;:&quot;SPAIN&quot;},{&quot;possibleAnswerCode&quot;:&quot;ZQP20051714&quot;,&quot;possibleAnswerText&quot;:&quot;SRI LANKA&quot;},{&quot;possibleAnswerCode&quot;:&quot;ZQP20051715&quot;,&quot;possibleAnswerText&quot;:&quot;SUDAN&quot;},{&quot;possibleAnswerCode&quot;:&quot;ZQP20051716&quot;,&quot;possibleAnswerText&quot;:&quot;SURINAME&quot;},{&quot;possibleAnswerCode&quot;:&quot;ZQP20051717&quot;,&quot;possibleAnswerText&quot;:&quot;SVALBARD AND JAN MAYEN&quot;},{&quot;possibleAnswerCode&quot;:&quot;ZQP20051718&quot;,&quot;possibleAnswerText&quot;:&quot;SWAZILAND&quot;},{&quot;possibleAnswerCode&quot;:&quot;ZQP20051719&quot;,&quot;possibleAnswerText&quot;:&quot;SWEDEN&quot;},{&quot;possibleAnswerCode&quot;:&quot;ZQP20051720&quot;,&quot;possibleAnswerText&quot;:&quot;SWITZERLAND&quot;},{&quot;possibleAnswerCode&quot;:&quot;ZQP20051721&quot;,&quot;possibleAnswerText&quot;:&quot;SYRIAN ARAB REPUBLIC&quot;},{&quot;possibleAnswerCode&quot;:&quot;ZQP20051722&quot;,&quot;possibleAnswerText&quot;:&quot;TAIWAN, PROVINCE OF CHINA&quot;},{&quot;possibleAnswerCode&quot;:&quot;ZQP20051723&quot;,&quot;possibleAnswerText&quot;:&quot;TAJIKISTAN&quot;},{&quot;possibleAnswerCode&quot;:&quot;ZQP20051724&quot;,&quot;possibleAnswerText&quot;:&quot;TANZANIA, UNITED REPUBLIC OF&quot;},{&quot;possibleAnswerCode&quot;:&quot;ZQP20051725&quot;,&quot;possibleAnswerText&quot;:&quot;THAILAND&quot;},{&quot;possibleAnswerCode&quot;:&quot;ZQP20051726&quot;,&quot;possibleAnswerText&quot;:&quot;TIMOR-LESTE&quot;},{&quot;possibleAnswerCode&quot;:&quot;ZQP20051727&quot;,&quot;possibleAnswerText&quot;:&quot;TOGO&quot;},{&quot;possibleAnswerCode&quot;:&quot;ZQP20051728&quot;,&quot;possibleAnswerText&quot;:&quot;TOKELAU&quot;},{&quot;possibleAnswerCode&quot;:&quot;ZQP20051729&quot;,&quot;possibleAnswerText&quot;:&quot;TONGA&quot;},{&quot;possibleAnswerCode&quot;:&quot;ZQP20051730&quot;,&quot;possibleAnswerText&quot;:&quot;TRINIDAD AND TOBAGO&quot;},{&quot;possibleAnswerCode&quot;:&quot;ZQP20051731&quot;,&quot;possibleAnswerText&quot;:&quot;TUNISIA&quot;},{&quot;possibleAnswerCode&quot;:&quot;ZQP20051732&quot;,&quot;possibleAnswerText&quot;:&quot;TURKEY&quot;},{&quot;possibleAnswerCode&quot;:&quot;ZQP20051733&quot;,&quot;possibleAnswerText&quot;:&quot;TURKMENISTAN&quot;},{&quot;possibleAnswerCode&quot;:&quot;ZQP20051734&quot;,&quot;possibleAnswerText&quot;:&quot;TURKS AND CAICOS ISLANDS&quot;},{&quot;possibleAnswerCode&quot;:&quot;ZQP20051735&quot;,&quot;possibleAnswerText&quot;:&quot;TUVALU&quot;},{&quot;possibleAnswerCode&quot;:&quot;ZQP20051736&quot;,&quot;possibleAnswerText&quot;:&quot;UGANDA&quot;},{&quot;possibleAnswerCode&quot;:&quot;ZQP20051737&quot;,&quot;possibleAnswerText&quot;:&quot;UKRAINE&quot;},{&quot;possibleAnswerCode&quot;:&quot;ZQP20051738&quot;,&quot;possibleAnswerText&quot;:&quot;UNITED ARAB EMIRATES&quot;},{&quot;possibleAnswerCode&quot;:&quot;ZQP20051739&quot;,&quot;possibleAnswerText&quot;:&quot;UNITED KINGDOM&quot;},{&quot;possibleAnswerCode&quot;:&quot;ZQP20051740&quot;,&quot;possibleAnswerText&quot;:&quot;UNITED STATES&quot;},{&quot;possibleAnswerCode&quot;:&quot;ZQP20051741&quot;,&quot;possibleAnswerText&quot;:&quot;UNITED STATES MINOR OUTLYING ISLANDS&quot;},{&quot;possibleAnswerCode&quot;:&quot;ZQP20051742&quot;,&quot;possibleAnswerText&quot;:&quot;URUGUAY&quot;},{&quot;possibleAnswerCode&quot;:&quot;ZQP20051743&quot;,&quot;possibleAnswerText&quot;:&quot;UZBEKISTAN&quot;},{&quot;possibleAnswerCode&quot;:&quot;ZQP20051744&quot;,&quot;possibleAnswerText&quot;:&quot;VANUATU&quot;},{&quot;possibleAnswerCode&quot;:&quot;ZQP20051745&quot;,&quot;possibleAnswerText&quot;:&quot;VENEZUELA, BOLIVARIAN REPUBLIC OF&quot;},{&quot;possibleAnswerCode&quot;:&quot;ZQP20051746&quot;,&quot;possibleAnswerText&quot;:&quot;VIET NAM&quot;},{&quot;possibleAnswerCode&quot;:&quot;ZQP20051747&quot;,&quot;possibleAnswerText&quot;:&quot;VIRGIN ISLANDS, BRITISH&quot;},{&quot;possibleAnswerCode&quot;:&quot;ZQP20051748&quot;,&quot;possibleAnswerText&quot;:&quot;VIRGIN ISLANDS, U.S.&quot;},{&quot;possibleAnswerCode&quot;:&quot;ZQP20051749&quot;,&quot;possibleAnswerText&quot;:&quot;WALLIS AND FUTUNA&quot;},{&quot;possibleAnswerCode&quot;:&quot;ZQP20051750&quot;,&quot;possibleAnswerText&quot;:&quot;WESTERN SAHARA&quot;},{&quot;possibleAnswerCode&quot;:&quot;ZQP20051751&quot;,&quot;possibleAnswerText&quot;:&quot;YEMEN&quot;},{&quot;possibleAnswerCode&quot;:&quot;ZQP20051752&quot;,&quot;possibleAnswerText&quot;:&quot;ZAMBIA&quot;},{&quot;possibleAnswerCode&quot;:&quot;ZQP20051753&quot;,&quot;possibleAnswerText&quot;:&quot;ZIMBABWE&quot;}]},{&quot;questionType&quot;:&quot;MULTIPLE_CHOICE&quot;,&quot;questionCode&quot;:&quot;ZQQ20050046&quot;,&quot;questionText&quot;:&quot;Are you and/or your suppliers involved in projects or efforts to improve the local community of your suppliers?  please select all applicable answers.&quot;,&quot;sectorProfiles&quot;:[&quot;INTERMEDI&quot;],&quot;possibleAnswers&quot;:[{&quot;possibleAnswerCode&quot;:&quot;ZQP20051754&quot;,&quot;possibleAnswerText&quot;:&quot;No&quot;},{&quot;possibleAnswerCode&quot;:&quot;ZQP20051755&quot;,&quot;possibleAnswerText&quot;:&quot;Community Volunteering&quot;},{&quot;possibleAnswerCode&quot;:&quot;ZQP20051756&quot;,&quot;possibleAnswerText&quot;:&quot;Donations to Charities&quot;},{&quot;possibleAnswerCode&quot;:&quot;ZQP20051757&quot;,&quot;possibleAnswerText&quot;:&quot;Education&quot;},{&quot;possibleAnswerCode&quot;:&quot;ZQP20051758&quot;,&quot;possibleAnswerText&quot;:&quot;Involvement with Local NGO&quot;},{&quot;possibleAnswerCode&quot;:&quot;ZQP20051759&quot;,&quot;possibleAnswerText&quot;:&quot;Recycling Initiatives&quot;},{&quot;possibleAnswerCode&quot;:&quot;ZQP20051760&quot;,&quot;possibleAnswerText&quot;:&quot;Reforestation,&quot;},{&quot;possibleAnswerCode&quot;:&quot;ZQP20051761&quot;,&quot;possibleAnswerText&quot;:&quot;Wildlife Corridors&quot;},{&quot;possibleAnswerCode&quot;:&quot;ZQP20051762&quot;,&quot;possibleAnswerText&quot;:&quot;Other (Please Specify)&quot;}]},{&quot;questionType&quot;:&quot;FREE_TEXT&quot;,&quot;questionCode&quot;:&quot;ZQQ20050047&quot;,&quot;questionText&quot;:&quot;Please specify&quot;,&quot;sectorProfiles&quot;:[&quot;TRIGGER&quot;],&quot;possibleAnswers&quot;:[]}]}]},{&quot;sectionCode&quot;:&quot;ZQS20050002&quot;,&quot;sectionName&quot;:&quot;Labour&quot;,&quot;subSections&quot;:[{&quot;subSectionCode&quot;:&quot;ZQU20050008&quot;,&quot;subSectionName&quot;:&quot;Management Systems&quot;,&quot;questions&quot;:[{&quot;questionType&quot;:&quot;MULTIPLE_CHOICE&quot;,&quot;questionCode&quot;:&quot;ZQQ20050048&quot;,&quot;questionText&quot;:&quot;Do you have a written policy that clearly defines your company&apos;s approach to managing human resources and labour issues?&quot;,&quot;sectorProfiles&quot;:[&quot;BIGAGRI&quot;,&quot;HEAVMANU&quot;,&quot;INTERMEDI&quot;,&quot;MANUFACT&quot;,&quot;OFFICEHQ&quot;,&quot;SERVPROV&quot;],&quot;possibleAnswers&quot;:[{&quot;possibleAnswerCode&quot;:&quot;ZQP20051763&quot;,&quot;possibleAnswerText&quot;:&quot;No&quot;},{&quot;possibleAnswerCode&quot;:&quot;ZQP20051764&quot;,&quot;possibleAnswerText&quot;:&quot;Yes&quot;},{&quot;possibleAnswerCode&quot;:&quot;ZQP20051765&quot;,&quot;possibleAnswerText&quot;:&quot;Yes, we communicate to and train our staff&quot;},{&quot;possibleAnswerCode&quot;:&quot;ZQP20051766&quot;,&quot;possibleAnswerText&quot;:&quot;Yes and we monitor it against targets&quot;},{&quot;possibleAnswerCode&quot;:&quot;ZQP20051767&quot;,&quot;possibleAnswerText&quot;:&quot;Yes and we report externally&quot;}]},{&quot;questionType&quot;:&quot;MULTIPLE_CHOICE&quot;,&quot;questionCode&quot;:&quot;ZQQ20050049&quot;,&quot;questionText&quot;:&quot;If yes, what does the policy cover? Please select all applicable answers.&quot;,&quot;sectorProfiles&quot;:[&quot;TRIGGER&quot;],&quot;possibleAnswers&quot;:[{&quot;possibleAnswerCode&quot;:&quot;ZQP20051768&quot;,&quot;possibleAnswerText&quot;:&quot;Children and young employees/workers&quot;},{&quot;possibleAnswerCode&quot;:&quot;ZQP20051769&quot;,&quot;possibleAnswerText&quot;:&quot;Discipline and grievance&quot;},{&quot;possibleAnswerCode&quot;:&quot;ZQP20051770&quot;,&quot;possibleAnswerText&quot;:&quot;Employment is freely chosen (forced labour/human trafficking)&quot;},{&quot;possibleAnswerCode&quot;:&quot;ZQP20051771&quot;,&quot;possibleAnswerText&quot;:&quot;Freedom of Association and Collective Bargaining&quot;},{&quot;possibleAnswerCode&quot;:&quot;ZQP20051772&quot;,&quot;possibleAnswerText&quot;:&quot;Living Accommodation&quot;},{&quot;possibleAnswerCode&quot;:&quot;ZQP20051773&quot;,&quot;possibleAnswerText&quot;:&quot;Non-discrimination&quot;},{&quot;possibleAnswerCode&quot;:&quot;ZQP20051774&quot;,&quot;possibleAnswerText&quot;:&quot;Overtime&quot;},{&quot;possibleAnswerCode&quot;:&quot;ZQP20051775&quot;,&quot;possibleAnswerText&quot;:&quot;Regular Employment&quot;},{&quot;possibleAnswerCode&quot;:&quot;ZQP20051776&quot;,&quot;possibleAnswerText&quot;:&quot;Wages&quot;},{&quot;possibleAnswerCode&quot;:&quot;ZQP20051777&quot;,&quot;possibleAnswerText&quot;:&quot;Wages&quot;},{&quot;possibleAnswerCode&quot;:&quot;ZQP20051778&quot;,&quot;possibleAnswerText&quot;:&quot;Working Hours&quot;}]},{&quot;questionType&quot;:&quot;MULTIPLE_CHOICE&quot;,&quot;questionCode&quot;:&quot;ZQQ20050050&quot;,&quot;questionText&quot;:&quot;Do you have a written procedure to evaluate and select your suppliers based on their ability to meet your defined standards?  please select all applicable answers.&quot;,&quot;sectorProfiles&quot;:[&quot;HEAVMANU&quot;,&quot;INTERMEDI&quot;,&quot;MANUFACT&quot;],&quot;possibleAnswers&quot;:[{&quot;possibleAnswerCode&quot;:&quot;ZQP20051779&quot;,&quot;possibleAnswerText&quot;:&quot;No&quot;},{&quot;possibleAnswerCode&quot;:&quot;ZQP20051780&quot;,&quot;possibleAnswerText&quot;:&quot;Yes, No implementation in place&quot;},{&quot;possibleAnswerCode&quot;:&quot;ZQP20051781&quot;,&quot;possibleAnswerText&quot;:&quot;Yes, communicated to relevant employees/Workers&quot;},{&quot;possibleAnswerCode&quot;:&quot;ZQP20051782&quot;,&quot;possibleAnswerText&quot;:&quot;Yes, monitored by managers&quot;},{&quot;possibleAnswerCode&quot;:&quot;ZQP20051783&quot;,&quot;possibleAnswerText&quot;:&quot;Yes, training is provided to all relevant employees / workers&quot;}]},{&quot;questionType&quot;:&quot;MULTIPLE_CHOICE&quot;,&quot;questionCode&quot;:&quot;ZQQ20050051&quot;,&quot;questionText&quot;:&quot;How do you communicate labour requirements, laws and standards  to your suppliers?  Please select all applicable answers.&quot;,&quot;sectorProfiles&quot;:[&quot;INTERMEDI&quot;],&quot;possibleAnswers&quot;:[{&quot;possibleAnswerCode&quot;:&quot;ZQP20051784&quot;,&quot;possibleAnswerText&quot;:&quot;We don&apos;t communicate this&quot;},{&quot;possibleAnswerCode&quot;:&quot;ZQP20051785&quot;,&quot;possibleAnswerText&quot;:&quot;Letters, emails and other external communications&quot;},{&quot;possibleAnswerCode&quot;:&quot;ZQP20051786&quot;,&quot;possibleAnswerText&quot;:&quot;Individual meetings&quot;},{&quot;possibleAnswerCode&quot;:&quot;ZQP20051787&quot;,&quot;possibleAnswerText&quot;:&quot;Documented training&quot;},{&quot;possibleAnswerCode&quot;:&quot;ZQP20051788&quot;,&quot;possibleAnswerText&quot;:&quot;Other&quot;}]},{&quot;questionType&quot;:&quot;FREE_TEXT&quot;,&quot;questionCode&quot;:&quot;ZQQ20050052&quot;,&quot;questionText&quot;:&quot;Please specify&quot;,&quot;sectorProfiles&quot;:[&quot;TRIGGER&quot;],&quot;possibleAnswers&quot;:[]},{&quot;questionType&quot;:&quot;MULTIPLE_CHOICE&quot;,&quot;questionCode&quot;:&quot;ZQQ20050053&quot;,&quot;questionText&quot;:&quot;How do you check your suppliers meet labour requirements, laws and standards?  Please select all applicable answers.&quot;,&quot;sectorProfiles&quot;:[&quot;INTERMEDI&quot;],&quot;possibleAnswers&quot;:[{&quot;possibleAnswerCode&quot;:&quot;ZQP20051789&quot;,&quot;possibleAnswerText&quot;:&quot;No action&quot;},{&quot;possibleAnswerCode&quot;:&quot;ZQP20051790&quot;,&quot;possibleAnswerText&quot;:&quot;We audit suppliers ourselves&quot;},{&quot;possibleAnswerCode&quot;:&quot;ZQP20051791&quot;,&quot;possibleAnswerText&quot;:&quot;We commission or accept audits from external third party&quot;},{&quot;possibleAnswerCode&quot;:&quot;ZQP20051792&quot;,&quot;possibleAnswerText&quot;:&quot;We request copies of recognised certification&quot;},{&quot;possibleAnswerCode&quot;:&quot;ZQP20051793&quot;,&quot;possibleAnswerText&quot;:&quot;Other&quot;}]},{&quot;questionType&quot;:&quot;FREE_TEXT&quot;,&quot;questionCode&quot;:&quot;ZQQ20050054&quot;,&quot;questionText&quot;:&quot;Please specify&quot;,&quot;sectorProfiles&quot;:[&quot;TRIGGER&quot;],&quot;possibleAnswers&quot;:[]},{&quot;questionType&quot;:&quot;SINGLE_CHOICE&quot;,&quot;questionCode&quot;:&quot;ZQQ20050055&quot;,&quot;questionText&quot;:&quot;Do you have a formal process (e.g. helplines and whistleblower channels) for employees/workers and/or suppliers to obtain advice or report any confidential concerns?&quot;,&quot;sectorProfiles&quot;:[&quot;BIGAGRI&quot;,&quot;HEAVMANU&quot;,&quot;INTERMEDI&quot;,&quot;MANUFACT&quot;,&quot;SERVPROV&quot;],&quot;possibleAnswers&quot;:[{&quot;possibleAnswerCode&quot;:&quot;ZQP20051794&quot;,&quot;possibleAnswerText&quot;:&quot;Yes&quot;},{&quot;possibleAnswerCode&quot;:&quot;ZQP20051795&quot;,&quot;possibleAnswerText&quot;:&quot;No&quot;}]},{&quot;questionType&quot;:&quot;SINGLE_CHOICE&quot;,&quot;questionCode&quot;:&quot;ZQQ20050056&quot;,&quot;questionText&quot;:&quot;Do you have a senior manager responsible for ensuring the requirements of the labour standards and ethical trading policy are met?&quot;,&quot;sectorProfiles&quot;:[&quot;BIGAGRI&quot;,&quot;HEAVMANU&quot;,&quot;INTERMEDI&quot;,&quot;MANUFACT&quot;,&quot;SERVPROV&quot;],&quot;possibleAnswers&quot;:[{&quot;possibleAnswerCode&quot;:&quot;ZQP20051796&quot;,&quot;possibleAnswerText&quot;:&quot;No&quot;},{&quot;possibleAnswerCode&quot;:&quot;ZQP20051797&quot;,&quot;possibleAnswerText&quot;:&quot;Yes&quot;},{&quot;possibleAnswerCode&quot;:&quot;ZQP20051798&quot;,&quot;possibleAnswerText&quot;:&quot;Yes, at executive/ board level/owner level&quot;}]},{&quot;questionType&quot;:&quot;SINGLE_CHOICE&quot;,&quot;questionCode&quot;:&quot;ZQQ20050057&quot;,&quot;questionText&quot;:&quot;Do you have a system in place to check that your employees/workers or subcontracted employees/workers are working according to your labour standards policies?&quot;,&quot;sectorProfiles&quot;:[&quot;SERVPROV&quot;],&quot;possibleAnswers&quot;:[{&quot;possibleAnswerCode&quot;:&quot;ZQP20051799&quot;,&quot;possibleAnswerText&quot;:&quot;Yes&quot;},{&quot;possibleAnswerCode&quot;:&quot;ZQP20051800&quot;,&quot;possibleAnswerText&quot;:&quot;No&quot;}]},{&quot;questionType&quot;:&quot;ATTACHMENT&quot;,&quot;questionCode&quot;:&quot;ZQQ20050058&quot;,&quot;questionText&quot;:&quot;Please upload any relevant policies and procedures for how your company ensures management of labour standards within your [supply chain]&quot;,&quot;sectorProfiles&quot;:[&quot;INTERMEDI&quot;],&quot;possibleAnswers&quot;:[]}]},{&quot;subSectionCode&quot;:&quot;ZQU20050009&quot;,&quot;subSectionName&quot;:&quot;Employment is Freely Chosen&quot;,&quot;questions&quot;:[{&quot;questionType&quot;:&quot;SINGLE_CHOICE&quot;,&quot;questionCode&quot;:&quot;ZQQ20050059&quot;,&quot;questionText&quot;:&quot;Do you have a written policy that requires all employees/workers to have employment agreements (e.g. contracts)?&quot;,&quot;sectorProfiles&quot;:[&quot;BIGAGRI&quot;,&quot;MANUFACT&quot;,&quot;OFFICEHQ&quot;],&quot;possibleAnswers&quot;:[{&quot;possibleAnswerCode&quot;:&quot;ZQP20051801&quot;,&quot;possibleAnswerText&quot;:&quot;Yes&quot;},{&quot;possibleAnswerCode&quot;:&quot;ZQP20051802&quot;,&quot;possibleAnswerText&quot;:&quot;No&quot;}]},{&quot;questionType&quot;:&quot;SINGLE_CHOICE&quot;,&quot;questionCode&quot;:&quot;ZQQ20050060&quot;,&quot;questionText&quot;:&quot;Do you have a signed copy of an employment agreement (e.g. Contract, LETTER OF APPOINTMENT) with each employee / worker employed directly by you?&quot;,&quot;sectorProfiles&quot;:[&quot;BIGAGRI&quot;,&quot;FISHVESL&quot;,&quot;MANUFACT&quot;,&quot;SERVPROV&quot;,&quot;SMALLAGRI&quot;],&quot;possibleAnswers&quot;:[{&quot;possibleAnswerCode&quot;:&quot;ZQP20051803&quot;,&quot;possibleAnswerText&quot;:&quot;Yes&quot;},{&quot;possibleAnswerCode&quot;:&quot;ZQP20051804&quot;,&quot;possibleAnswerText&quot;:&quot;No&quot;},{&quot;possibleAnswerCode&quot;:&quot;ZQP20051805&quot;,&quot;possibleAnswerText&quot;:&quot;No, not legally required&quot;}]},{&quot;questionType&quot;:&quot;SINGLE_CHOICE&quot;,&quot;questionCode&quot;:&quot;ZQQ20050061&quot;,&quot;questionText&quot;:&quot;Do all employees/workers employed directly by you have a signed copy of their contract/letter of employment they can understand&quot;,&quot;sectorProfiles&quot;:[&quot;TRIGGER&quot;],&quot;possibleAnswers&quot;:[{&quot;possibleAnswerCode&quot;:&quot;ZQP20051806&quot;,&quot;possibleAnswerText&quot;:&quot;Yes&quot;},{&quot;possibleAnswerCode&quot;:&quot;ZQP20051807&quot;,&quot;possibleAnswerText&quot;:&quot;No&quot;}]},{&quot;questionType&quot;:&quot;SINGLE_CHOICE&quot;,&quot;questionCode&quot;:&quot;ZQQ20050062&quot;,&quot;questionText&quot;:&quot;Are all employees/workers free to leave the site during non-[working hours] or at the end of a shift (this includes workers who live on site)?&quot;,&quot;sectorProfiles&quot;:[&quot;BIGAGRI&quot;,&quot;FISHVESL&quot;,&quot;HEAVMANU&quot;,&quot;MANUFACT&quot;,&quot;SERVPROV&quot;,&quot;SMALLAGRI&quot;],&quot;possibleAnswers&quot;:[{&quot;possibleAnswerCode&quot;:&quot;ZQP20051808&quot;,&quot;possibleAnswerText&quot;:&quot;Yes&quot;},{&quot;possibleAnswerCode&quot;:&quot;ZQP20051809&quot;,&quot;possibleAnswerText&quot;:&quot;No&quot;}]},{&quot;questionType&quot;:&quot;SINGLE_CHOICE&quot;,&quot;questionCode&quot;:&quot;ZQQ20050063&quot;,&quot;questionText&quot;:&quot;Are all employees/workers free to leave your employment if they give reasonable notice?&quot;,&quot;sectorProfiles&quot;:[&quot;BIGAGRI&quot;,&quot;FISHVESL&quot;,&quot;HEAVMANU&quot;,&quot;MANUFACT&quot;,&quot;SERVPROV&quot;,&quot;SMALLAGRI&quot;],&quot;possibleAnswers&quot;:[{&quot;possibleAnswerCode&quot;:&quot;ZQP20051810&quot;,&quot;possibleAnswerText&quot;:&quot;Yes&quot;},{&quot;possibleAnswerCode&quot;:&quot;ZQP20051811&quot;,&quot;possibleAnswerText&quot;:&quot;No&quot;}]},{&quot;questionType&quot;:&quot;SINGLE_CHOICE&quot;,&quot;questionCode&quot;:&quot;ZQQ20050064&quot;,&quot;questionText&quot;:&quot;Do you hold any direct or indirect employee/worker identification cards or passports?&quot;,&quot;sectorProfiles&quot;:[&quot;BIGAGRI&quot;,&quot;FISHVESL&quot;,&quot;MANUFACT&quot;,&quot;SERVPROV&quot;,&quot;SMALLAGRI&quot;],&quot;possibleAnswers&quot;:[{&quot;possibleAnswerCode&quot;:&quot;ZQP20051812&quot;,&quot;possibleAnswerText&quot;:&quot;No&quot;},{&quot;possibleAnswerCode&quot;:&quot;ZQP20051813&quot;,&quot;possibleAnswerText&quot;:&quot;Yes - Originals&quot;},{&quot;possibleAnswerCode&quot;:&quot;ZQP20051814&quot;,&quot;possibleAnswerText&quot;:&quot;Yes - Copies&quot;}]},{&quot;questionType&quot;:&quot;SINGLE_CHOICE&quot;,&quot;questionCode&quot;:&quot;ZQQ20050065&quot;,&quot;questionText&quot;:&quot;If originals: Is holding original identification papers a legal requirement in your country?&quot;,&quot;sectorProfiles&quot;:[&quot;TRIGGER&quot;],&quot;possibleAnswers&quot;:[{&quot;possibleAnswerCode&quot;:&quot;ZQP20051815&quot;,&quot;possibleAnswerText&quot;:&quot;Yes&quot;},{&quot;possibleAnswerCode&quot;:&quot;ZQP20051816&quot;,&quot;possibleAnswerText&quot;:&quot;No&quot;}]},{&quot;questionType&quot;:&quot;SINGLE_CHOICE&quot;,&quot;questionCode&quot;:&quot;ZQQ20050066&quot;,&quot;questionText&quot;:&quot;If originals: Can employees/workers access their identification cards or passports when needed?&quot;,&quot;sectorProfiles&quot;:[&quot;TRIGGER&quot;],&quot;possibleAnswers&quot;:[{&quot;possibleAnswerCode&quot;:&quot;ZQP20051817&quot;,&quot;possibleAnswerText&quot;:&quot;Yes&quot;},{&quot;possibleAnswerCode&quot;:&quot;ZQP20051818&quot;,&quot;possibleAnswerText&quot;:&quot;No&quot;}]},{&quot;questionType&quot;:&quot;SINGLE_CHOICE&quot;,&quot;questionCode&quot;:&quot;ZQQ20050067&quot;,&quot;questionText&quot;:&quot;Are employees required to make deposits of money or valuable items to secure work or in return for any work related items?&quot;,&quot;sectorProfiles&quot;:[&quot;BIGAGRI&quot;,&quot;FISHVESL&quot;,&quot;MANUFACT&quot;,&quot;SERVPROV&quot;,&quot;SMALLAGRI&quot;],&quot;possibleAnswers&quot;:[{&quot;possibleAnswerCode&quot;:&quot;ZQP20051819&quot;,&quot;possibleAnswerText&quot;:&quot;No&quot;},{&quot;possibleAnswerCode&quot;:&quot;ZQP20051820&quot;,&quot;possibleAnswerText&quot;:&quot;Yes&quot;},{&quot;possibleAnswerCode&quot;:&quot;ZQP20051821&quot;,&quot;possibleAnswerText&quot;:&quot;Yes - End of Employment Payment Scheme&quot;},{&quot;possibleAnswerCode&quot;:&quot;ZQP20051822&quot;,&quot;possibleAnswerText&quot;:&quot;Yes - For Personal Protective Equipment&quot;},{&quot;possibleAnswerCode&quot;:&quot;ZQP20051823&quot;,&quot;possibleAnswerText&quot;:&quot;Yes - ID card&quot;},{&quot;possibleAnswerCode&quot;:&quot;ZQP20051824&quot;,&quot;possibleAnswerText&quot;:&quot;Yes - Recruitment Fees to Obtain Work&quot;},{&quot;possibleAnswerCode&quot;:&quot;ZQP20051825&quot;,&quot;possibleAnswerText&quot;:&quot;Yes - Tools&quot;},{&quot;possibleAnswerCode&quot;:&quot;ZQP20051826&quot;,&quot;possibleAnswerText&quot;:&quot;Yes - Uniform&quot;},{&quot;possibleAnswerCode&quot;:&quot;ZQP20051827&quot;,&quot;possibleAnswerText&quot;:&quot;Yes - Other&quot;}]},{&quot;questionType&quot;:&quot;FREE_TEXT&quot;,&quot;questionCode&quot;:&quot;ZQQ20050068&quot;,&quot;questionText&quot;:&quot;Please specify&quot;,&quot;sectorProfiles&quot;:[&quot;TRIGGER&quot;],&quot;possibleAnswers&quot;:[]},{&quot;questionType&quot;:&quot;SINGLE_CHOICE&quot;,&quot;questionCode&quot;:&quot;ZQQ20050069&quot;,&quot;questionText&quot;:&quot;Do you make loans or advances on pay to employees / workers?&quot;,&quot;sectorProfiles&quot;:[&quot;BIGAGRI&quot;,&quot;MANUFACT&quot;,&quot;SERVPROV&quot;],&quot;possibleAnswers&quot;:[{&quot;possibleAnswerCode&quot;:&quot;ZQP20051828&quot;,&quot;possibleAnswerText&quot;:&quot;Yes&quot;},{&quot;possibleAnswerCode&quot;:&quot;ZQP20051829&quot;,&quot;possibleAnswerText&quot;:&quot;No&quot;}]},{&quot;questionType&quot;:&quot;MULTIPLE_CHOICE&quot;,&quot;questionCode&quot;:&quot;ZQQ20050070&quot;,&quot;questionText&quot;:&quot;If yes, how do you agree and communicate the terms and conditions of loan repayment to employees/workers?  please select all applicable answers.&quot;,&quot;sectorProfiles&quot;:[&quot;TRIGGER&quot;],&quot;possibleAnswers&quot;:[{&quot;possibleAnswerCode&quot;:&quot;ZQP20051830&quot;,&quot;possibleAnswerText&quot;:&quot;We don&apos;t communicate this&quot;},{&quot;possibleAnswerCode&quot;:&quot;ZQP20051831&quot;,&quot;possibleAnswerText&quot;:&quot;Intranet, notice board or other internal communications&quot;},{&quot;possibleAnswerCode&quot;:&quot;ZQP20051832&quot;,&quot;possibleAnswerText&quot;:&quot;Individual meetings&quot;},{&quot;possibleAnswerCode&quot;:&quot;ZQP20051833&quot;,&quot;possibleAnswerText&quot;:&quot;Signed Agreement&quot;},{&quot;possibleAnswerCode&quot;:&quot;ZQP20051834&quot;,&quot;possibleAnswerText&quot;:&quot;Other&quot;},{&quot;possibleAnswerCode&quot;:&quot;ZQP20051835&quot;,&quot;possibleAnswerText&quot;:&quot;We don&apos;t agree terms&quot;}]},{&quot;questionType&quot;:&quot;FREE_TEXT&quot;,&quot;questionCode&quot;:&quot;ZQQ20050071&quot;,&quot;questionText&quot;:&quot;Please specify&quot;,&quot;sectorProfiles&quot;:[&quot;TRIGGER&quot;],&quot;possibleAnswers&quot;:[]},{&quot;questionType&quot;:&quot;SINGLE_CHOICE&quot;,&quot;questionCode&quot;:&quot;ZQQ20050072&quot;,&quot;questionText&quot;:&quot;Do you use any employees/workers who are prisoners?&quot;,&quot;sectorProfiles&quot;:[&quot;BIGAGRI&quot;,&quot;FISHVESL&quot;,&quot;HEAVMANU&quot;,&quot;MANUFACT&quot;,&quot;SERVPROV&quot;,&quot;SMALLAGRI&quot;],&quot;possibleAnswers&quot;:[{&quot;possibleAnswerCode&quot;:&quot;ZQP20051836&quot;,&quot;possibleAnswerText&quot;:&quot;Yes&quot;},{&quot;possibleAnswerCode&quot;:&quot;ZQP20051837&quot;,&quot;possibleAnswerText&quot;:&quot;No&quot;}]},{&quot;questionType&quot;:&quot;FREE_TEXT&quot;,&quot;questionCode&quot;:&quot;ZQQ20050073&quot;,&quot;questionText&quot;:&quot;If yes,  please provide details of employment&quot;,&quot;sectorProfiles&quot;:[&quot;TRIGGER&quot;],&quot;possibleAnswers&quot;:[]}]},{&quot;subSectionCode&quot;:&quot;ZQU20050010&quot;,&quot;subSectionName&quot;:&quot;Freedom of Association and Collective Bargaining&quot;,&quot;questions&quot;:[{&quot;questionType&quot;:&quot;MULTIPLE_CHOICE&quot;,&quot;questionCode&quot;:&quot;ZQQ20050074&quot;,&quot;questionText&quot;:&quot;Do you have a written policy that addresses [freedom of association] and collective bargaining for all employees/workers?&quot;,&quot;sectorProfiles&quot;:[&quot;BIGAGRI&quot;,&quot;HEAVMANU&quot;,&quot;MANUFACT&quot;,&quot;OFFICEHQ&quot;,&quot;SERVPROV&quot;],&quot;possibleAnswers&quot;:[{&quot;possibleAnswerCode&quot;:&quot;ZQP20051838&quot;,&quot;possibleAnswerText&quot;:&quot;No&quot;},{&quot;possibleAnswerCode&quot;:&quot;ZQP20051839&quot;,&quot;possibleAnswerText&quot;:&quot;Yes, Freedom of Association and Collective Bargaining&quot;},{&quot;possibleAnswerCode&quot;:&quot;ZQP20051840&quot;,&quot;possibleAnswerText&quot;:&quot;Yes, Freedom of Association only&quot;},{&quot;possibleAnswerCode&quot;:&quot;ZQP20051841&quot;,&quot;possibleAnswerText&quot;:&quot;Yes, Collective Bargaining only&quot;}]},{&quot;questionType&quot;:&quot;SINGLE_CHOICE&quot;,&quot;questionCode&quot;:&quot;ZQQ20050075&quot;,&quot;questionText&quot;:&quot;Do you allow employees/workers to join [trade unions] of their choice?&quot;,&quot;sectorProfiles&quot;:[&quot;BIGAGRI&quot;,&quot;FISHVESL&quot;,&quot;MANUFACT&quot;,&quot;SERVPROV&quot;,&quot;SMALLAGRI&quot;],&quot;possibleAnswers&quot;:[{&quot;possibleAnswerCode&quot;:&quot;ZQP20051842&quot;,&quot;possibleAnswerText&quot;:&quot;Yes&quot;},{&quot;possibleAnswerCode&quot;:&quot;ZQP20051843&quot;,&quot;possibleAnswerText&quot;:&quot;No&quot;}]},{&quot;questionType&quot;:&quot;SINGLE_CHOICE&quot;,&quot;questionCode&quot;:&quot;ZQQ20050076&quot;,&quot;questionText&quot;:&quot;Do you allow employees/workers to join worker organisations of their choice (other than [trade unions])?&quot;,&quot;sectorProfiles&quot;:[&quot;BIGAGRI&quot;,&quot;MANUFACT&quot;,&quot;SERVPROV&quot;],&quot;possibleAnswers&quot;:[{&quot;possibleAnswerCode&quot;:&quot;ZQP20051844&quot;,&quot;possibleAnswerText&quot;:&quot;Yes&quot;},{&quot;possibleAnswerCode&quot;:&quot;ZQP20051845&quot;,&quot;possibleAnswerText&quot;:&quot;No&quot;}]},{&quot;questionType&quot;:&quot;SINGLE_CHOICE&quot;,&quot;questionCode&quot;:&quot;ZQQ20050077&quot;,&quot;questionText&quot;:&quot;Do you have any [trade unions] or workers committees in your workplace that represent the views/rights of employees/workers?&quot;,&quot;sectorProfiles&quot;:[&quot;BIGAGRI&quot;,&quot;MANUFACT&quot;,&quot;SERVPROV&quot;],&quot;possibleAnswers&quot;:[{&quot;possibleAnswerCode&quot;:&quot;ZQP20051846&quot;,&quot;possibleAnswerText&quot;:&quot;Yes&quot;},{&quot;possibleAnswerCode&quot;:&quot;ZQP20051847&quot;,&quot;possibleAnswerText&quot;:&quot;No&quot;}]},{&quot;questionType&quot;:&quot;MULTIPLE_CHOICE&quot;,&quot;questionCode&quot;:&quot;ZQQ20050078&quot;,&quot;questionText&quot;:&quot;If yes, what organisations for worker representation exist on site? Please select all applicable answers.&quot;,&quot;sectorProfiles&quot;:[&quot;TRIGGER&quot;],&quot;possibleAnswers&quot;:[{&quot;possibleAnswerCode&quot;:&quot;ZQP20051848&quot;,&quot;possibleAnswerText&quot;:&quot;Dormitory Committee&quot;},{&quot;possibleAnswerCode&quot;:&quot;ZQP20051849&quot;,&quot;possibleAnswerText&quot;:&quot;Government Union&quot;},{&quot;possibleAnswerCode&quot;:&quot;ZQP20051850&quot;,&quot;possibleAnswerText&quot;:&quot;Health &amp; Safety committee&quot;},{&quot;possibleAnswerCode&quot;:&quot;ZQP20051851&quot;,&quot;possibleAnswerText&quot;:&quot;Independent Trade Union&quot;},{&quot;possibleAnswerCode&quot;:&quot;ZQP20051852&quot;,&quot;possibleAnswerText&quot;:&quot;Workers Committee&quot;},{&quot;possibleAnswerCode&quot;:&quot;ZQP20051853&quot;,&quot;possibleAnswerText&quot;:&quot;Fair Trade&quot;},{&quot;possibleAnswerCode&quot;:&quot;ZQP20051854&quot;,&quot;possibleAnswerText&quot;:&quot;Joint Bodies&quot;},{&quot;possibleAnswerCode&quot;:&quot;ZQP20051855&quot;,&quot;possibleAnswerText&quot;:&quot;Premium Committee&quot;},{&quot;possibleAnswerCode&quot;:&quot;ZQP20051856&quot;,&quot;possibleAnswerText&quot;:&quot;Other&quot;}]},{&quot;questionType&quot;:&quot;FREE_TEXT&quot;,&quot;questionCode&quot;:&quot;ZQQ20050079&quot;,&quot;questionText&quot;:&quot;Please specify&quot;,&quot;sectorProfiles&quot;:[&quot;TRIGGER&quot;],&quot;possibleAnswers&quot;:[]},{&quot;questionType&quot;:&quot;SINGLE_CHOICE&quot;,&quot;questionCode&quot;:&quot;ZQQ20050080&quot;,&quot;questionText&quot;:&quot;If yes, are employee / worker representatives democratically elected by the workforce?&quot;,&quot;sectorProfiles&quot;:[&quot;TRIGGER&quot;],&quot;possibleAnswers&quot;:[{&quot;possibleAnswerCode&quot;:&quot;ZQP20051857&quot;,&quot;possibleAnswerText&quot;:&quot;Yes&quot;},{&quot;possibleAnswerCode&quot;:&quot;ZQP20051858&quot;,&quot;possibleAnswerText&quot;:&quot;No&quot;}]},{&quot;questionType&quot;:&quot;SINGLE_CHOICE&quot;,&quot;questionCode&quot;:&quot;ZQQ20050081&quot;,&quot;questionText&quot;:&quot;If yes, are employee / worker representatives allowed to carry out their duties within [working hours] without losing pay?&quot;,&quot;sectorProfiles&quot;:[&quot;TRIGGER&quot;],&quot;possibleAnswers&quot;:[{&quot;possibleAnswerCode&quot;:&quot;ZQP20051859&quot;,&quot;possibleAnswerText&quot;:&quot;Yes&quot;},{&quot;possibleAnswerCode&quot;:&quot;ZQP20051860&quot;,&quot;possibleAnswerText&quot;:&quot;No&quot;}]},{&quot;questionType&quot;:&quot;SINGLE_CHOICE&quot;,&quot;questionCode&quot;:&quot;ZQQ20050082&quot;,&quot;questionText&quot;:&quot;How often do you have meetings with [trade unions] or worker committee representatives in your workplace?&quot;,&quot;sectorProfiles&quot;:[&quot;TRIGGER&quot;],&quot;possibleAnswers&quot;:[{&quot;possibleAnswerCode&quot;:&quot;ZQP20051861&quot;,&quot;possibleAnswerText&quot;:&quot;Weekly&quot;},{&quot;possibleAnswerCode&quot;:&quot;ZQP20051862&quot;,&quot;possibleAnswerText&quot;:&quot;Monthly&quot;},{&quot;possibleAnswerCode&quot;:&quot;ZQP20051863&quot;,&quot;possibleAnswerText&quot;:&quot;2 Monthly&quot;},{&quot;possibleAnswerCode&quot;:&quot;ZQP20051864&quot;,&quot;possibleAnswerText&quot;:&quot;Quarterly&quot;},{&quot;possibleAnswerCode&quot;:&quot;ZQP20051865&quot;,&quot;possibleAnswerText&quot;:&quot;Six-Monthly&quot;},{&quot;possibleAnswerCode&quot;:&quot;ZQP20051866&quot;,&quot;possibleAnswerText&quot;:&quot;Yearly&quot;},{&quot;possibleAnswerCode&quot;:&quot;ZQP20051867&quot;,&quot;possibleAnswerText&quot;:&quot;Other&quot;},{&quot;possibleAnswerCode&quot;:&quot;ZQP20051868&quot;,&quot;possibleAnswerText&quot;:&quot;Never&quot;}]},{&quot;questionType&quot;:&quot;SINGLE_CHOICE&quot;,&quot;questionCode&quot;:&quot;ZQQ20050083&quot;,&quot;questionText&quot;:&quot;Do you recognise collective bargaining by majority representation?&quot;,&quot;sectorProfiles&quot;:[&quot;TRIGGER&quot;],&quot;possibleAnswers&quot;:[{&quot;possibleAnswerCode&quot;:&quot;ZQP20051869&quot;,&quot;possibleAnswerText&quot;:&quot;Yes&quot;},{&quot;possibleAnswerCode&quot;:&quot;ZQP20051870&quot;,&quot;possibleAnswerText&quot;:&quot;No&quot;}]},{&quot;questionType&quot;:&quot;SINGLE_CHOICE&quot;,&quot;questionCode&quot;:&quot;ZQQ20050084&quot;,&quot;questionText&quot;:&quot;Do you have [collective bargaining agreement]s?&quot;,&quot;sectorProfiles&quot;:[&quot;BIGAGRI&quot;,&quot;HEAVMANU&quot;,&quot;MANUFACT&quot;,&quot;SERVPROV&quot;],&quot;possibleAnswers&quot;:[{&quot;possibleAnswerCode&quot;:&quot;ZQP20051871&quot;,&quot;possibleAnswerText&quot;:&quot;Yes&quot;},{&quot;possibleAnswerCode&quot;:&quot;ZQP20051872&quot;,&quot;possibleAnswerText&quot;:&quot;No&quot;},{&quot;possibleAnswerCode&quot;:&quot;ZQP20051873&quot;,&quot;possibleAnswerText&quot;:&quot;Other&quot;}]},{&quot;questionType&quot;:&quot;FREE_TEXT&quot;,&quot;questionCode&quot;:&quot;ZQQ20050085&quot;,&quot;questionText&quot;:&quot;Please specify&quot;,&quot;sectorProfiles&quot;:[&quot;TRIGGER&quot;],&quot;possibleAnswers&quot;:[]},{&quot;questionType&quot;:&quot;MULTIPLE_CHOICE&quot;,&quot;questionCode&quot;:&quot;ZQQ20050086&quot;,&quot;questionText&quot;:&quot;If yes, which workers are covered by [collective bargaining agreement]s? Please select all applicable answers.&quot;,&quot;sectorProfiles&quot;:[&quot;TRIGGER&quot;],&quot;possibleAnswers&quot;:[{&quot;possibleAnswerCode&quot;:&quot;ZQP20051874&quot;,&quot;possibleAnswerText&quot;:&quot;Casual&quot;},{&quot;possibleAnswerCode&quot;:&quot;ZQP20051875&quot;,&quot;possibleAnswerText&quot;:&quot;Homeworkers&quot;},{&quot;possibleAnswerCode&quot;:&quot;ZQP20051876&quot;,&quot;possibleAnswerText&quot;:&quot;Hourly paid&quot;},{&quot;possibleAnswerCode&quot;:&quot;ZQP20051877&quot;,&quot;possibleAnswerText&quot;:&quot;Outworkers&quot;},{&quot;possibleAnswerCode&quot;:&quot;ZQP20051878&quot;,&quot;possibleAnswerText&quot;:&quot;Permanent&quot;},{&quot;possibleAnswerCode&quot;:&quot;ZQP20051879&quot;,&quot;possibleAnswerText&quot;:&quot;Piece rate&quot;},{&quot;possibleAnswerCode&quot;:&quot;ZQP20051880&quot;,&quot;possibleAnswerText&quot;:&quot;Seasonal&quot;},{&quot;possibleAnswerCode&quot;:&quot;ZQP20051881&quot;,&quot;possibleAnswerText&quot;:&quot;Temporary&quot;}]}]},{&quot;subSectionCode&quot;:&quot;ZQU20050011&quot;,&quot;subSectionName&quot;:&quot;Living Accomodation&quot;,&quot;questions&quot;:[{&quot;questionType&quot;:&quot;SINGLE_CHOICE&quot;,&quot;questionCode&quot;:&quot;ZQQ20050087&quot;,&quot;questionText&quot;:&quot;Do you provide [living accommodation] for employees/workers?&quot;,&quot;sectorProfiles&quot;:[&quot;BIGAGRI&quot;,&quot;FISHVESL&quot;,&quot;HEAVMANU&quot;,&quot;MANUFACT&quot;,&quot;SERVPROV&quot;,&quot;SMALLAGRI&quot;],&quot;possibleAnswers&quot;:[{&quot;possibleAnswerCode&quot;:&quot;ZQP20051882&quot;,&quot;possibleAnswerText&quot;:&quot;Yes&quot;},{&quot;possibleAnswerCode&quot;:&quot;ZQP20051883&quot;,&quot;possibleAnswerText&quot;:&quot;No&quot;}]},{&quot;questionType&quot;:&quot;SINGLE_CHOICE&quot;,&quot;questionCode&quot;:&quot;ZQQ20050088&quot;,&quot;questionText&quot;:&quot;If yes, is [living accommodation] in a separate building from the production or warehouse area?&quot;,&quot;sectorProfiles&quot;:[&quot;TRIGGER&quot;],&quot;possibleAnswers&quot;:[{&quot;possibleAnswerCode&quot;:&quot;ZQP20051884&quot;,&quot;possibleAnswerText&quot;:&quot;No&quot;},{&quot;possibleAnswerCode&quot;:&quot;ZQP20051885&quot;,&quot;possibleAnswerText&quot;:&quot;Yes, on site but separate&quot;},{&quot;possibleAnswerCode&quot;:&quot;ZQP20051886&quot;,&quot;possibleAnswerText&quot;:&quot;Yes, not on site&quot;}]},{&quot;questionType&quot;:&quot;SINGLE_CHOICE&quot;,&quot;questionCode&quot;:&quot;ZQQ20050089&quot;,&quot;questionText&quot;:&quot;Do employees/workers have to pay for [living accommodation]?&quot;,&quot;sectorProfiles&quot;:[&quot;TRIGGER&quot;],&quot;possibleAnswers&quot;:[{&quot;possibleAnswerCode&quot;:&quot;ZQP20051887&quot;,&quot;possibleAnswerText&quot;:&quot;Yes&quot;},{&quot;possibleAnswerCode&quot;:&quot;ZQP20051888&quot;,&quot;possibleAnswerText&quot;:&quot;No&quot;}]},{&quot;questionType&quot;:&quot;SINGLE_CHOICE&quot;,&quot;questionCode&quot;:&quot;ZQQ20050090&quot;,&quot;questionText&quot;:&quot;Is married/family [living accommodation] sufficiently separate from the worksite to ensure that children cannot enter production or warehouse areas?&quot;,&quot;sectorProfiles&quot;:[&quot;TRIGGER&quot;],&quot;possibleAnswers&quot;:[{&quot;possibleAnswerCode&quot;:&quot;ZQP20051889&quot;,&quot;possibleAnswerText&quot;:&quot;Yes&quot;},{&quot;possibleAnswerCode&quot;:&quot;ZQP20051890&quot;,&quot;possibleAnswerText&quot;:&quot;No&quot;},{&quot;possibleAnswerCode&quot;:&quot;ZQP20051891&quot;,&quot;possibleAnswerText&quot;:&quot;N/A&quot;}]},{&quot;questionType&quot;:&quot;MULTIPLE_CHOICE&quot;,&quot;questionCode&quot;:&quot;ZQQ20050091&quot;,&quot;questionText&quot;:&quot;Do children living on site have access to schools, childcare and/or medical care?  Please select all applicable answers.&quot;,&quot;sectorProfiles&quot;:[&quot;TRIGGER&quot;],&quot;possibleAnswers&quot;:[{&quot;possibleAnswerCode&quot;:&quot;ZQP20051892&quot;,&quot;possibleAnswerText&quot;:&quot;N/A&quot;},{&quot;possibleAnswerCode&quot;:&quot;ZQP20051893&quot;,&quot;possibleAnswerText&quot;:&quot;No&quot;},{&quot;possibleAnswerCode&quot;:&quot;ZQP20051894&quot;,&quot;possibleAnswerText&quot;:&quot;Yes, childcare&quot;},{&quot;possibleAnswerCode&quot;:&quot;ZQP20051895&quot;,&quot;possibleAnswerText&quot;:&quot;Yes, schools&quot;},{&quot;possibleAnswerCode&quot;:&quot;ZQP20051896&quot;,&quot;possibleAnswerText&quot;:&quot;Yes, medical care&quot;}]},{&quot;questionType&quot;:&quot;SINGLE_CHOICE&quot;,&quot;questionCode&quot;:&quot;ZQQ20050092&quot;,&quot;questionText&quot;:&quot;How often do you practice your emergency evacuation procedure?&quot;,&quot;sectorProfiles&quot;:[&quot;TRIGGER&quot;],&quot;possibleAnswers&quot;:[{&quot;possibleAnswerCode&quot;:&quot;ZQP20051897&quot;,&quot;possibleAnswerText&quot;:&quot;We do not have one&quot;},{&quot;possibleAnswerCode&quot;:&quot;ZQP20051898&quot;,&quot;possibleAnswerText&quot;:&quot;We do not practice the emergency evacuation procedure&quot;},{&quot;possibleAnswerCode&quot;:&quot;ZQP20051899&quot;,&quot;possibleAnswerText&quot;:&quot;Once a year&quot;},{&quot;possibleAnswerCode&quot;:&quot;ZQP20051900&quot;,&quot;possibleAnswerText&quot;:&quot;Twice a year&quot;},{&quot;possibleAnswerCode&quot;:&quot;ZQP20051901&quot;,&quot;possibleAnswerText&quot;:&quot;More than twice a year&quot;}]},{&quot;questionType&quot;:&quot;FREE_TEXT&quot;,&quot;questionCode&quot;:&quot;ZQQ20050093&quot;,&quot;questionText&quot;:&quot;Please specify&quot;,&quot;sectorProfiles&quot;:[&quot;TRIGGER&quot;],&quot;possibleAnswers&quot;:[]},{&quot;questionType&quot;:&quot;SINGLE_CHOICE&quot;,&quot;questionCode&quot;:&quot;ZQQ20050094&quot;,&quot;questionText&quot;:&quot;Do you have emergency alarms (e.g. fire, typhoon etc.) that can be heard in all areas of the [living accommodation]?&quot;,&quot;sectorProfiles&quot;:[&quot;TRIGGER&quot;],&quot;possibleAnswers&quot;:[{&quot;possibleAnswerCode&quot;:&quot;ZQP20051902&quot;,&quot;possibleAnswerText&quot;:&quot;Yes&quot;},{&quot;possibleAnswerCode&quot;:&quot;ZQP20051903&quot;,&quot;possibleAnswerText&quot;:&quot;No&quot;}]},{&quot;questionType&quot;:&quot;SINGLE_CHOICE&quot;,&quot;questionCode&quot;:&quot;ZQQ20050095&quot;,&quot;questionText&quot;:&quot;If yes, how often do you test the emergency alarms?&quot;,&quot;sectorProfiles&quot;:[&quot;TRIGGER&quot;],&quot;possibleAnswers&quot;:[{&quot;possibleAnswerCode&quot;:&quot;ZQP20051904&quot;,&quot;possibleAnswerText&quot;:&quot;We do not test emergency alarms&quot;},{&quot;possibleAnswerCode&quot;:&quot;ZQP20051905&quot;,&quot;possibleAnswerText&quot;:&quot;Once a year&quot;},{&quot;possibleAnswerCode&quot;:&quot;ZQP20051906&quot;,&quot;possibleAnswerText&quot;:&quot;Twice a year&quot;},{&quot;possibleAnswerCode&quot;:&quot;ZQP20051907&quot;,&quot;possibleAnswerText&quot;:&quot;More than twice a year&quot;},{&quot;possibleAnswerCode&quot;:&quot;ZQP20051908&quot;,&quot;possibleAnswerText&quot;:&quot;Other&quot;}]},{&quot;questionType&quot;:&quot;FREE_TEXT&quot;,&quot;questionCode&quot;:&quot;ZQQ20050096&quot;,&quot;questionText&quot;:&quot;Please specify&quot;,&quot;sectorProfiles&quot;:[&quot;TRIGGER&quot;],&quot;possibleAnswers&quot;:[]},{&quot;questionType&quot;:&quot;SINGLE_CHOICE&quot;,&quot;questionCode&quot;:&quot;ZQQ20050097&quot;,&quot;questionText&quot;:&quot;Are there at least two clearly marked emergency exits from each floor of [living accommodation] blocks?&quot;,&quot;sectorProfiles&quot;:[&quot;TRIGGER&quot;],&quot;possibleAnswers&quot;:[{&quot;possibleAnswerCode&quot;:&quot;ZQP20051909&quot;,&quot;possibleAnswerText&quot;:&quot;Yes&quot;},{&quot;possibleAnswerCode&quot;:&quot;ZQP20051910&quot;,&quot;possibleAnswerText&quot;:&quot;No&quot;}]},{&quot;questionType&quot;:&quot;SINGLE_CHOICE&quot;,&quot;questionCode&quot;:&quot;ZQQ20050098&quot;,&quot;questionText&quot;:&quot;Are all emergency exits unlocked and unblocked at all times?&quot;,&quot;sectorProfiles&quot;:[&quot;TRIGGER&quot;],&quot;possibleAnswers&quot;:[{&quot;possibleAnswerCode&quot;:&quot;ZQP20051911&quot;,&quot;possibleAnswerText&quot;:&quot;Yes&quot;},{&quot;possibleAnswerCode&quot;:&quot;ZQP20051912&quot;,&quot;possibleAnswerText&quot;:&quot;No&quot;}]},{&quot;questionType&quot;:&quot;SINGLE_CHOICE&quot;,&quot;questionCode&quot;:&quot;ZQQ20050099&quot;,&quot;questionText&quot;:&quot;Do you have at least the minimum legal number of fire extinguishers, hoses or fire blankets in [living accommodation] areas?&quot;,&quot;sectorProfiles&quot;:[&quot;TRIGGER&quot;],&quot;possibleAnswers&quot;:[{&quot;possibleAnswerCode&quot;:&quot;ZQP20051913&quot;,&quot;possibleAnswerText&quot;:&quot;Yes&quot;},{&quot;possibleAnswerCode&quot;:&quot;ZQP20051914&quot;,&quot;possibleAnswerText&quot;:&quot;No&quot;}]},{&quot;questionType&quot;:&quot;SINGLE_CHOICE&quot;,&quot;questionCode&quot;:&quot;ZQQ20050100&quot;,&quot;questionText&quot;:&quot;Is fire equipment tested at least annually?&quot;,&quot;sectorProfiles&quot;:[&quot;TRIGGER&quot;],&quot;possibleAnswers&quot;:[{&quot;possibleAnswerCode&quot;:&quot;ZQP20051915&quot;,&quot;possibleAnswerText&quot;:&quot;Yes&quot;},{&quot;possibleAnswerCode&quot;:&quot;ZQP20051916&quot;,&quot;possibleAnswerText&quot;:&quot;No&quot;}]},{&quot;questionType&quot;:&quot;SINGLE_CHOICE&quot;,&quot;questionCode&quot;:&quot;ZQQ20050101&quot;,&quot;questionText&quot;:&quot;Are there an adequate number of clean and hygienic toilets and washrooms in [living accommodation]?&quot;,&quot;sectorProfiles&quot;:[&quot;TRIGGER&quot;],&quot;possibleAnswers&quot;:[{&quot;possibleAnswerCode&quot;:&quot;ZQP20051917&quot;,&quot;possibleAnswerText&quot;:&quot;Yes&quot;},{&quot;possibleAnswerCode&quot;:&quot;ZQP20051918&quot;,&quot;possibleAnswerText&quot;:&quot;No&quot;}]},{&quot;questionType&quot;:&quot;SINGLE_CHOICE&quot;,&quot;questionCode&quot;:&quot;ZQQ20050102&quot;,&quot;questionText&quot;:&quot;Is clean drinking water accessible in [living accommodation] at all times?&quot;,&quot;sectorProfiles&quot;:[&quot;TRIGGER&quot;],&quot;possibleAnswers&quot;:[{&quot;possibleAnswerCode&quot;:&quot;ZQP20051919&quot;,&quot;possibleAnswerText&quot;:&quot;Yes&quot;},{&quot;possibleAnswerCode&quot;:&quot;ZQP20051920&quot;,&quot;possibleAnswerText&quot;:&quot;No&quot;}]}]},{&quot;subSectionCode&quot;:&quot;ZQU20050012&quot;,&quot;subSectionName&quot;:&quot;Children and Young Employees&quot;,&quot;questions&quot;:[{&quot;questionType&quot;:&quot;MULTIPLE_CHOICE&quot;,&quot;questionCode&quot;:&quot;ZQQ20050103&quot;,&quot;questionText&quot;:&quot;Do you have a written policy on the prevention and elimination of child labour?  Please select all applicable answers.&quot;,&quot;sectorProfiles&quot;:[&quot;TRIGGER&quot;],&quot;possibleAnswers&quot;:[{&quot;possibleAnswerCode&quot;:&quot;ZQP20051921&quot;,&quot;possibleAnswerText&quot;:&quot;No&quot;},{&quot;possibleAnswerCode&quot;:&quot;ZQP20051922&quot;,&quot;possibleAnswerText&quot;:&quot;Yes&quot;},{&quot;possibleAnswerCode&quot;:&quot;ZQP20051923&quot;,&quot;possibleAnswerText&quot;:&quot;Yes, it requires that we comply with national law&quot;},{&quot;possibleAnswerCode&quot;:&quot;ZQP20051924&quot;,&quot;possibleAnswerText&quot;:&quot;Yes, it requires monitoring of performance&quot;},{&quot;possibleAnswerCode&quot;:&quot;ZQP20051925&quot;,&quot;possibleAnswerText&quot;:&quot;Yes, it requires continuous improvement&quot;}]},{&quot;questionType&quot;:&quot;SINGLE_CHOICE&quot;,&quot;questionCode&quot;:&quot;ZQQ20050104&quot;,&quot;questionText&quot;:&quot;What is the minimum legal age for working in your country?&quot;,&quot;sectorProfiles&quot;:[&quot;BIGAGRI&quot;,&quot;FISHVESL&quot;,&quot;HEAVMANU&quot;,&quot;MANUFACT&quot;,&quot;SMALLAGRI&quot;],&quot;possibleAnswers&quot;:[{&quot;possibleAnswerCode&quot;:&quot;ZQP46522424&quot;,&quot;possibleAnswerText&quot;:&quot;#MISSING LABEL#&quot;},{&quot;possibleAnswerCode&quot;:&quot;ZQP46522425&quot;,&quot;possibleAnswerText&quot;:&quot;#MISSING LABEL#&quot;},{&quot;possibleAnswerCode&quot;:&quot;ZQP20051926&quot;,&quot;possibleAnswerText&quot;:&quot;None&quot;},{&quot;possibleAnswerCode&quot;:&quot;ZQP20051927&quot;,&quot;possibleAnswerText&quot;:&quot;12 yrs&quot;},{&quot;possibleAnswerCode&quot;:&quot;ZQP20051928&quot;,&quot;possibleAnswerText&quot;:&quot;13 yrs&quot;},{&quot;possibleAnswerCode&quot;:&quot;ZQP20051929&quot;,&quot;possibleAnswerText&quot;:&quot;14 yrs&quot;},{&quot;possibleAnswerCode&quot;:&quot;ZQP20051930&quot;,&quot;possibleAnswerText&quot;:&quot;15 yrs&quot;},{&quot;possibleAnswerCode&quot;:&quot;ZQP20051931&quot;,&quot;possibleAnswerText&quot;:&quot;16 yrs&quot;},{&quot;possibleAnswerCode&quot;:&quot;ZQP20051932&quot;,&quot;possibleAnswerText&quot;:&quot;17 yrs&quot;},{&quot;possibleAnswerCode&quot;:&quot;ZQP20051933&quot;,&quot;possibleAnswerText&quot;:&quot;18 yrs&quot;},{&quot;possibleAnswerCode&quot;:&quot;ZQP20051934&quot;,&quot;possibleAnswerText&quot;:&quot;Don&apos;t know&quot;}]},{&quot;questionType&quot;:&quot;SINGLE_CHOICE&quot;,&quot;questionCode&quot;:&quot;ZQQ20050105&quot;,&quot;questionText&quot;:&quot;Do you have personnel records which include copies of evidence of the date of birth of each employee/worker at this site?&quot;,&quot;sectorProfiles&quot;:[&quot;BIGAGRI&quot;,&quot;HEAVMANU&quot;,&quot;MANUFACT&quot;,&quot;SERVPROV&quot;],&quot;possibleAnswers&quot;:[{&quot;possibleAnswerCode&quot;:&quot;ZQP20051935&quot;,&quot;possibleAnswerText&quot;:&quot;No&quot;},{&quot;possibleAnswerCode&quot;:&quot;ZQP20051936&quot;,&quot;possibleAnswerText&quot;:&quot;Yes&quot;},{&quot;possibleAnswerCode&quot;:&quot;ZQP20051937&quot;,&quot;possibleAnswerText&quot;:&quot;Yes, we check all ID of all employees/workers before recruiting&quot;}]},{&quot;questionType&quot;:&quot;MULTIPLE_CHOICE&quot;,&quot;questionCode&quot;:&quot;ZQQ20050106&quot;,&quot;questionText&quot;:&quot;If yes, what evidence do you hold?  Please select all applicable answers.&quot;,&quot;sectorProfiles&quot;:[&quot;TRIGGER&quot;],&quot;possibleAnswers&quot;:[{&quot;possibleAnswerCode&quot;:&quot;ZQP20051938&quot;,&quot;possibleAnswerText&quot;:&quot;Birth certificate&quot;},{&quot;possibleAnswerCode&quot;:&quot;ZQP20051939&quot;,&quot;possibleAnswerText&quot;:&quot;Family book&quot;},{&quot;possibleAnswerCode&quot;:&quot;ZQP20051940&quot;,&quot;possibleAnswerText&quot;:&quot;ID card&quot;},{&quot;possibleAnswerCode&quot;:&quot;ZQP20051941&quot;,&quot;possibleAnswerText&quot;:&quot;Medical certificate&quot;},{&quot;possibleAnswerCode&quot;:&quot;ZQP20051942&quot;,&quot;possibleAnswerText&quot;:&quot;Ration book&quot;},{&quot;possibleAnswerCode&quot;:&quot;ZQP20051943&quot;,&quot;possibleAnswerText&quot;:&quot;School leaving certificate&quot;},{&quot;possibleAnswerCode&quot;:&quot;ZQP20051944&quot;,&quot;possibleAnswerText&quot;:&quot;Other&quot;}]},{&quot;questionType&quot;:&quot;FREE_TEXT&quot;,&quot;questionCode&quot;:&quot;ZQQ20050107&quot;,&quot;questionText&quot;:&quot;Please specify&quot;,&quot;sectorProfiles&quot;:[&quot;TRIGGER&quot;],&quot;possibleAnswers&quot;:[]},{&quot;questionType&quot;:&quot;SINGLE_CHOICE&quot;,&quot;questionCode&quot;:&quot;ZQQ20050108&quot;,&quot;questionText&quot;:&quot;Have you ever discovered employees/workers under the minimum legal working age in your workplace?&quot;,&quot;sectorProfiles&quot;:[&quot;TRIGGER&quot;],&quot;possibleAnswers&quot;:[{&quot;possibleAnswerCode&quot;:&quot;ZQP20051945&quot;,&quot;possibleAnswerText&quot;:&quot;Yes&quot;},{&quot;possibleAnswerCode&quot;:&quot;ZQP20051946&quot;,&quot;possibleAnswerText&quot;:&quot;No&quot;}]},{&quot;questionType&quot;:&quot;FREE_TEXT&quot;,&quot;questionCode&quot;:&quot;ZQQ20050109&quot;,&quot;questionText&quot;:&quot;If yes, what action did you take?&quot;,&quot;sectorProfiles&quot;:[&quot;TRIGGER&quot;],&quot;possibleAnswers&quot;:[]},{&quot;questionType&quot;:&quot;SINGLE_CHOICE&quot;,&quot;questionCode&quot;:&quot;ZQQ20050110&quot;,&quot;questionText&quot;:&quot;Do you have any employees/workers at this site, above the legal minimum age of employment but under the age of 18?&quot;,&quot;sectorProfiles&quot;:[&quot;TRIGGER&quot;],&quot;possibleAnswers&quot;:[{&quot;possibleAnswerCode&quot;:&quot;ZQP20051947&quot;,&quot;possibleAnswerText&quot;:&quot;No&quot;},{&quot;possibleAnswerCode&quot;:&quot;ZQP20051948&quot;,&quot;possibleAnswerText&quot;:&quot;Yes&quot;},{&quot;possibleAnswerCode&quot;:&quot;ZQP20051949&quot;,&quot;possibleAnswerText&quot;:&quot;Yes, we keep a list of all employees and workers under 18&quot;}]},{&quot;questionType&quot;:&quot;SINGLE_CHOICE&quot;,&quot;questionCode&quot;:&quot;ZQQ20050111&quot;,&quot;questionText&quot;:&quot;If yes, do employees/workers over the legal minimum age but under 18 work [overtime] or at night?&quot;,&quot;sectorProfiles&quot;:[&quot;TRIGGER&quot;],&quot;possibleAnswers&quot;:[{&quot;possibleAnswerCode&quot;:&quot;ZQP20051950&quot;,&quot;possibleAnswerText&quot;:&quot;Yes&quot;},{&quot;possibleAnswerCode&quot;:&quot;ZQP20051951&quot;,&quot;possibleAnswerText&quot;:&quot;No&quot;}]},{&quot;questionType&quot;:&quot;SINGLE_CHOICE&quot;,&quot;questionCode&quot;:&quot;ZQQ20050112&quot;,&quot;questionText&quot;:&quot;If yes, do workers over the legal minimum age but under 18 do [hazardous jobs]?&quot;,&quot;sectorProfiles&quot;:[&quot;TRIGGER&quot;],&quot;possibleAnswers&quot;:[{&quot;possibleAnswerCode&quot;:&quot;ZQP20051952&quot;,&quot;possibleAnswerText&quot;:&quot;Yes&quot;},{&quot;possibleAnswerCode&quot;:&quot;ZQP20051953&quot;,&quot;possibleAnswerText&quot;:&quot;No&quot;}]},{&quot;questionType&quot;:&quot;SINGLE_CHOICE&quot;,&quot;questionCode&quot;:&quot;ZQQ20050113&quot;,&quot;questionText&quot;:&quot;Do you have controls to prohibit and prevent under-age employees / workers under 18 years old working with heavy or high risk machinery?&quot;,&quot;sectorProfiles&quot;:[&quot;TRIGGER&quot;],&quot;possibleAnswers&quot;:[{&quot;possibleAnswerCode&quot;:&quot;ZQP20051954&quot;,&quot;possibleAnswerText&quot;:&quot;Yes&quot;},{&quot;possibleAnswerCode&quot;:&quot;ZQP20051955&quot;,&quot;possibleAnswerText&quot;:&quot;No&quot;}]},{&quot;questionType&quot;:&quot;SINGLE_CHOICE&quot;,&quot;questionCode&quot;:&quot;ZQQ20050114&quot;,&quot;questionText&quot;:&quot;If yes, do employees/workers over the legal minimum age but under 18 yrs have regular medical examinations?&quot;,&quot;sectorProfiles&quot;:[&quot;TRIGGER&quot;],&quot;possibleAnswers&quot;:[{&quot;possibleAnswerCode&quot;:&quot;ZQP20051956&quot;,&quot;possibleAnswerText&quot;:&quot;No&quot;},{&quot;possibleAnswerCode&quot;:&quot;ZQP20051957&quot;,&quot;possibleAnswerText&quot;:&quot;No, not a legal requirement&quot;},{&quot;possibleAnswerCode&quot;:&quot;ZQP20051958&quot;,&quot;possibleAnswerText&quot;:&quot;Yes&quot;},{&quot;possibleAnswerCode&quot;:&quot;ZQP20051959&quot;,&quot;possibleAnswerText&quot;:&quot;Yes, these are formally documented&quot;}]},{&quot;questionType&quot;:&quot;FREE_TEXT&quot;,&quot;questionCode&quot;:&quot;ZQQ20050115&quot;,&quot;questionText&quot;:&quot;How do you ensure that workers providing your service provision meet the required standards for age of working ?&quot;,&quot;sectorProfiles&quot;:[&quot;TRIGGER&quot;],&quot;possibleAnswers&quot;:[]}]},{&quot;subSectionCode&quot;:&quot;ZQU20050013&quot;,&quot;subSectionName&quot;:&quot;Wages&quot;,&quot;questions&quot;:[{&quot;questionType&quot;:&quot;SINGLE_CHOICE&quot;,&quot;questionCode&quot;:&quot;ZQQ20050141&quot;,&quot;questionText&quot;:&quot;Are all employees/workers paid a premium  rate for [overtime]?&quot;,&quot;sectorProfiles&quot;:[&quot;BIGAGRI&quot;,&quot;HEAVMANU&quot;,&quot;MANUFACT&quot;,&quot;SERVPROV&quot;],&quot;possibleAnswers&quot;:[{&quot;possibleAnswerCode&quot;:&quot;ZQP20052169&quot;,&quot;possibleAnswerText&quot;:&quot;No&quot;},{&quot;possibleAnswerCode&quot;:&quot;ZQP20052170&quot;,&quot;possibleAnswerText&quot;:&quot;Yes, less than 1.25 times&quot;},{&quot;possibleAnswerCode&quot;:&quot;ZQP20052171&quot;,&quot;possibleAnswerText&quot;:&quot;Yes, 1.25 - 1.5 times&quot;},{&quot;possibleAnswerCode&quot;:&quot;ZQP20052172&quot;,&quot;possibleAnswerText&quot;:&quot;Yes, greater than 1.5 times&quot;}]},{&quot;questionType&quot;:&quot;DERIVED&quot;,&quot;questionCode&quot;:&quot;ZQQ20050351&quot;,&quot;questionText&quot;:&quot;What proportion of the [legal minimum wage] does the lowest paid [seasonal worker] earn for [standard working hours]?&quot;,&quot;sectorProfiles&quot;:[&quot;BIGAGRI&quot;,&quot;MANUFACT&quot;,&quot;SERVPROV&quot;,&quot;SMALLAGRI&quot;],&quot;possibleAnswers&quot;:[]},{&quot;questionType&quot;:&quot;SINGLE_CHOICE&quot;,&quot;questionCode&quot;:&quot;ZQQ20050119&quot;,&quot;questionText&quot;:&quot;Is there a [legal minimum wage] that is applicable to your site, set by law or collective agreement?&quot;,&quot;sectorProfiles&quot;:[&quot;BIGAGRI&quot;,&quot;FISHVESL&quot;,&quot;HEAVMANU&quot;,&quot;MANUFACT&quot;,&quot;SERVPROV&quot;,&quot;SMALLAGRI&quot;],&quot;possibleAnswers&quot;:[{&quot;possibleAnswerCode&quot;:&quot;ZQP20052132&quot;,&quot;possibleAnswerText&quot;:&quot;Yes&quot;},{&quot;possibleAnswerCode&quot;:&quot;ZQP20052133&quot;,&quot;possibleAnswerText&quot;:&quot;No&quot;}]},{&quot;questionType&quot;:&quot;SINGLE_CHOICE&quot;,&quot;questionCode&quot;:&quot;ZQQ20050137&quot;,&quot;questionText&quot;:&quot;Do you make deductions from employees/workers&apos; [wages]?&quot;,&quot;sectorProfiles&quot;:[&quot;BIGAGRI&quot;,&quot;MANUFACT&quot;,&quot;SERVPROV&quot;],&quot;possibleAnswers&quot;:[{&quot;possibleAnswerCode&quot;:&quot;ZQP20052153&quot;,&quot;possibleAnswerText&quot;:&quot;Yes&quot;},{&quot;possibleAnswerCode&quot;:&quot;ZQP20052154&quot;,&quot;possibleAnswerText&quot;:&quot;No&quot;}]},{&quot;questionType&quot;:&quot;SINGLE_CHOICE&quot;,&quot;questionCode&quot;:&quot;ZQQ20050140&quot;,&quot;questionText&quot;:&quot;Do employees/workers receive payslips that explain how their [wages] are calculated and any deductions made?&quot;,&quot;sectorProfiles&quot;:[&quot;BIGAGRI&quot;,&quot;MANUFACT&quot;,&quot;SERVPROV&quot;],&quot;possibleAnswers&quot;:[{&quot;possibleAnswerCode&quot;:&quot;ZQP20052166&quot;,&quot;possibleAnswerText&quot;:&quot;No&quot;},{&quot;possibleAnswerCode&quot;:&quot;ZQP20052167&quot;,&quot;possibleAnswerText&quot;:&quot;Yes&quot;},{&quot;possibleAnswerCode&quot;:&quot;ZQP20052168&quot;,&quot;possibleAnswerText&quot;:&quot;Yes, payslips are given to employees/workers at least once a month&quot;}]},{&quot;questionType&quot;:&quot;DERIVED&quot;,&quot;questionCode&quot;:&quot;ZQQ20050350&quot;,&quot;questionText&quot;:&quot;What proportion of the [legal minimum wage] does the lowest paid [casual worker] earn for [standard working hours]?&quot;,&quot;sectorProfiles&quot;:[&quot;BIGAGRI&quot;,&quot;MANUFACT&quot;,&quot;SERVPROV&quot;,&quot;SMALLAGRI&quot;],&quot;possibleAnswers&quot;:[]},{&quot;questionType&quot;:&quot;DERIVED&quot;,&quot;questionCode&quot;:&quot;ZQQ20050349&quot;,&quot;questionText&quot;:&quot;What proportion of the [legal minimum wage] does the lowest paid [permanent worker] earn for [standard working hours]?&quot;,&quot;sectorProfiles&quot;:[&quot;BIGAGRI&quot;,&quot;MANUFACT&quot;,&quot;SERVPROV&quot;,&quot;SMALLAGRI&quot;],&quot;possibleAnswers&quot;:[]},{&quot;questionType&quot;:&quot;FREE_TEXT&quot;,&quot;questionCode&quot;:&quot;ZQQ20050116&quot;,&quot;questionText&quot;:&quot;How do you ensure that all direct and indirect employees/ workers are paid according to applicable laws ?&quot;,&quot;sectorProfiles&quot;:[&quot;BIGAGRI&quot;,&quot;FISHVESL&quot;,&quot;HEAVMANU&quot;,&quot;MANUFACT&quot;,&quot;SERVPROV&quot;,&quot;SMALLAGRI&quot;],&quot;possibleAnswers&quot;:[]},{&quot;questionType&quot;:&quot;SINGLE_CHOICE&quot;,&quot;questionCode&quot;:&quot;ZQQ20050117&quot;,&quot;questionText&quot;:&quot;In what currency do you wish to specify all [wages] in this section?&quot;,&quot;sectorProfiles&quot;:[&quot;BIGAGRI&quot;,&quot;FISHVESL&quot;,&quot;MANUFACT&quot;,&quot;SERVPROV&quot;,&quot;SMALLAGRI&quot;],&quot;possibleAnswers&quot;:[{&quot;possibleAnswerCode&quot;:&quot;ZQP20051960&quot;,&quot;possibleAnswerText&quot;:&quot;US Dollar . USD&quot;},{&quot;possibleAnswerCode&quot;:&quot;ZQP20051961&quot;,&quot;possibleAnswerText&quot;:&quot;Euro . EUR&quot;},{&quot;possibleAnswerCode&quot;:&quot;ZQP20051962&quot;,&quot;possibleAnswerText&quot;:&quot;Afghanistan Afghani . AFA&quot;},{&quot;possibleAnswerCode&quot;:&quot;ZQP20051963&quot;,&quot;possibleAnswerText&quot;:&quot;Albanian Lek . ALL&quot;},{&quot;possibleAnswerCode&quot;:&quot;ZQP20051964&quot;,&quot;possibleAnswerText&quot;:&quot;Algerian Dinar . DZD&quot;},{&quot;possibleAnswerCode&quot;:&quot;ZQP20051965&quot;,&quot;possibleAnswerText&quot;:&quot;Andorran Franc . ADF&quot;},{&quot;possibleAnswerCode&quot;:&quot;ZQP20051966&quot;,&quot;possibleAnswerText&quot;:&quot;Andorran Peseta . ADP&quot;},{&quot;possibleAnswerCode&quot;:&quot;ZQP20051967&quot;,&quot;possibleAnswerText&quot;:&quot;Angolan New Kwanza . AON&quot;},{&quot;possibleAnswerCode&quot;:&quot;ZQP20051968&quot;,&quot;possibleAnswerText&quot;:&quot;Argentine Peso . ARS&quot;},{&quot;possibleAnswerCode&quot;:&quot;ZQP20051969&quot;,&quot;possibleAnswerText&quot;:&quot;Aruban Florin . AWG&quot;},{&quot;possibleAnswerCode&quot;:&quot;ZQP20051970&quot;,&quot;possibleAnswerText&quot;:&quot;Australian Dollar . AUD&quot;},{&quot;possibleAnswerCode&quot;:&quot;ZQP20051971&quot;,&quot;possibleAnswerText&quot;:&quot;Bahamian Dollar . BSD&quot;},{&quot;possibleAnswerCode&quot;:&quot;ZQP20051972&quot;,&quot;possibleAnswerText&quot;:&quot;Bahraini Dinar . BHD&quot;},{&quot;possibleAnswerCode&quot;:&quot;ZQP20051973&quot;,&quot;possibleAnswerText&quot;:&quot;Bangladeshi Taka . BDT&quot;},{&quot;possibleAnswerCode&quot;:&quot;ZQP20051974&quot;,&quot;possibleAnswerText&quot;:&quot;Barbados Dollar . BBD&quot;},{&quot;possibleAnswerCode&quot;:&quot;ZQP20051975&quot;,&quot;possibleAnswerText&quot;:&quot;Belarus Ruble . BYR&quot;},{&quot;possibleAnswerCode&quot;:&quot;ZQP20051976&quot;,&quot;possibleAnswerText&quot;:&quot;Belize Dollar . BZD&quot;},{&quot;possibleAnswerCode&quot;:&quot;ZQP20051977&quot;,&quot;possibleAnswerText&quot;:&quot;Bermudian Dollar . BMD&quot;},{&quot;possibleAnswerCode&quot;:&quot;ZQP20051978&quot;,&quot;possibleAnswerText&quot;:&quot;Bhutan Ngultrum . BTN&quot;},{&quot;possibleAnswerCode&quot;:&quot;ZQP20051979&quot;,&quot;possibleAnswerText&quot;:&quot;Bolivian Boliviano . BOB&quot;},{&quot;possibleAnswerCode&quot;:&quot;ZQP20051980&quot;,&quot;possibleAnswerText&quot;:&quot;Bosnia and Herzegovina Convertible Marka . BAM&quot;},{&quot;possibleAnswerCode&quot;:&quot;ZQP20051981&quot;,&quot;possibleAnswerText&quot;:&quot;Botswana Pula . BWP&quot;},{&quot;possibleAnswerCode&quot;:&quot;ZQP20051982&quot;,&quot;possibleAnswerText&quot;:&quot;Brazilian Real . BRL&quot;},{&quot;possibleAnswerCode&quot;:&quot;ZQP20051983&quot;,&quot;possibleAnswerText&quot;:&quot;British Pound . GBP&quot;},{&quot;possibleAnswerCode&quot;:&quot;ZQP20051984&quot;,&quot;possibleAnswerText&quot;:&quot;Brunei Dollar . BND&quot;},{&quot;possibleAnswerCode&quot;:&quot;ZQP20051985&quot;,&quot;possibleAnswerText&quot;:&quot;Bulgarian Lev . BGL&quot;},{&quot;possibleAnswerCode&quot;:&quot;ZQP20051986&quot;,&quot;possibleAnswerText&quot;:&quot;Burma (Myanmar) Kyat . MMK&quot;},{&quot;possibleAnswerCode&quot;:&quot;ZQP20051987&quot;,&quot;possibleAnswerText&quot;:&quot;Burundi Franc . BIF&quot;},{&quot;possibleAnswerCode&quot;:&quot;ZQP20051988&quot;,&quot;possibleAnswerText&quot;:&quot;Cambodian Riel . KHR&quot;},{&quot;possibleAnswerCode&quot;:&quot;ZQP20051989&quot;,&quot;possibleAnswerText&quot;:&quot;Canadian Dollar . CAD&quot;},{&quot;possibleAnswerCode&quot;:&quot;ZQP20051990&quot;,&quot;possibleAnswerText&quot;:&quot;Cape Verde Escudo . CVE&quot;},{&quot;possibleAnswerCode&quot;:&quot;ZQP20051991&quot;,&quot;possibleAnswerText&quot;:&quot;Cayman Islands Dollar . KYD&quot;},{&quot;possibleAnswerCode&quot;:&quot;ZQP20051992&quot;,&quot;possibleAnswerText&quot;:&quot;CFA Franc BCEAO . XOF&quot;},{&quot;possibleAnswerCode&quot;:&quot;ZQP20051993&quot;,&quot;possibleAnswerText&quot;:&quot;CFA Franc BEAC . XAF&quot;},{&quot;possibleAnswerCode&quot;:&quot;ZQP20051994&quot;,&quot;possibleAnswerText&quot;:&quot;CFP Franc . XPF&quot;},{&quot;possibleAnswerCode&quot;:&quot;ZQP20051995&quot;,&quot;possibleAnswerText&quot;:&quot;Chilean Peso . CLP&quot;},{&quot;possibleAnswerCode&quot;:&quot;ZQP20051996&quot;,&quot;possibleAnswerText&quot;:&quot;Chinese Yuan Renminbi . CNY&quot;},{&quot;possibleAnswerCode&quot;:&quot;ZQP20051997&quot;,&quot;possibleAnswerText&quot;:&quot;Colombian Peso . COP&quot;},{&quot;possibleAnswerCode&quot;:&quot;ZQP20051998&quot;,&quot;possibleAnswerText&quot;:&quot;Comoros Franc . KMF&quot;},{&quot;possibleAnswerCode&quot;:&quot;ZQP20051999&quot;,&quot;possibleAnswerText&quot;:&quot;Costa Rican Colon . CRC&quot;},{&quot;possibleAnswerCode&quot;:&quot;ZQP20052000&quot;,&quot;possibleAnswerText&quot;:&quot;Croatian Kuna . HRK&quot;},{&quot;possibleAnswerCode&quot;:&quot;ZQP20052001&quot;,&quot;possibleAnswerText&quot;:&quot;Cuban Peso . CUP&quot;},{&quot;possibleAnswerCode&quot;:&quot;ZQP20052002&quot;,&quot;possibleAnswerText&quot;:&quot;Cyprus Pound . CYP&quot;},{&quot;possibleAnswerCode&quot;:&quot;ZQP20052003&quot;,&quot;possibleAnswerText&quot;:&quot;Czech Koruna . CZK&quot;},{&quot;possibleAnswerCode&quot;:&quot;ZQP20052004&quot;,&quot;possibleAnswerText&quot;:&quot;Danish Krone . DKK&quot;},{&quot;possibleAnswerCode&quot;:&quot;ZQP20052005&quot;,&quot;possibleAnswerText&quot;:&quot;Djibouti Franc . DJF&quot;},{&quot;possibleAnswerCode&quot;:&quot;ZQP20052006&quot;,&quot;possibleAnswerText&quot;:&quot;Dominican R. Peso . DOP&quot;},{&quot;possibleAnswerCode&quot;:&quot;ZQP20052007&quot;,&quot;possibleAnswerText&quot;:&quot;East Caribbean Dollar . XCD&quot;},{&quot;possibleAnswerCode&quot;:&quot;ZQP20052008&quot;,&quot;possibleAnswerText&quot;:&quot;ECU . XEU&quot;},{&quot;possibleAnswerCode&quot;:&quot;ZQP20052009&quot;,&quot;possibleAnswerText&quot;:&quot;Ecuador Sucre . ECS&quot;},{&quot;possibleAnswerCode&quot;:&quot;ZQP20052010&quot;,&quot;possibleAnswerText&quot;:&quot;Egyptian Pound . EGP&quot;},{&quot;possibleAnswerCode&quot;:&quot;ZQP20052011&quot;,&quot;possibleAnswerText&quot;:&quot;El Salvador Colon . SVC&quot;},{&quot;possibleAnswerCode&quot;:&quot;ZQP20052012&quot;,&quot;possibleAnswerText&quot;:&quot;Estonian Kroon . EEK&quot;},{&quot;possibleAnswerCode&quot;:&quot;ZQP20052013&quot;,&quot;possibleAnswerText&quot;:&quot;Ethiopian Birr . ETB&quot;},{&quot;possibleAnswerCode&quot;:&quot;ZQP20052014&quot;,&quot;possibleAnswerText&quot;:&quot;Falkland Islands Pound . FKP&quot;},{&quot;possibleAnswerCode&quot;:&quot;ZQP20052015&quot;,&quot;possibleAnswerText&quot;:&quot;Fiji Dollar . FJD&quot;},{&quot;possibleAnswerCode&quot;:&quot;ZQP20052016&quot;,&quot;possibleAnswerText&quot;:&quot;Gambian Dalasi . GMD&quot;},{&quot;possibleAnswerCode&quot;:&quot;ZQP20052017&quot;,&quot;possibleAnswerText&quot;:&quot;Ghanaian Cedi . GHC&quot;},{&quot;possibleAnswerCode&quot;:&quot;ZQP20052018&quot;,&quot;possibleAnswerText&quot;:&quot;Gibraltar Pound . GIP&quot;},{&quot;possibleAnswerCode&quot;:&quot;ZQP20052019&quot;,&quot;possibleAnswerText&quot;:&quot;Gold (oz.) . XAU&quot;},{&quot;possibleAnswerCode&quot;:&quot;ZQP20052020&quot;,&quot;possibleAnswerText&quot;:&quot;Guatemalan Quetzal . GTQ&quot;},{&quot;possibleAnswerCode&quot;:&quot;ZQP20052021&quot;,&quot;possibleAnswerText&quot;:&quot;Guinea Franc . GNF&quot;},{&quot;possibleAnswerCode&quot;:&quot;ZQP20052022&quot;,&quot;possibleAnswerText&quot;:&quot;Guyanese Dollar . GYD&quot;},{&quot;possibleAnswerCode&quot;:&quot;ZQP20052023&quot;,&quot;possibleAnswerText&quot;:&quot;Haitian Gourde . HTG&quot;},{&quot;possibleAnswerCode&quot;:&quot;ZQP20052024&quot;,&quot;possibleAnswerText&quot;:&quot;Honduran Lempira . HNL&quot;},{&quot;possibleAnswerCode&quot;:&quot;ZQP20052025&quot;,&quot;possibleAnswerText&quot;:&quot;Hong Kong Dollar . HKD&quot;},{&quot;possibleAnswerCode&quot;:&quot;ZQP20052026&quot;,&quot;possibleAnswerText&quot;:&quot;Hungarian Forint . HUF&quot;},{&quot;possibleAnswerCode&quot;:&quot;ZQP20052027&quot;,&quot;possibleAnswerText&quot;:&quot;Iceland Krona . ISK&quot;},{&quot;possibleAnswerCode&quot;:&quot;ZQP20052028&quot;,&quot;possibleAnswerText&quot;:&quot;Indian Rupee . INR&quot;},{&quot;possibleAnswerCode&quot;:&quot;ZQP20052029&quot;,&quot;possibleAnswerText&quot;:&quot;Indonesian Rupiah . IDR&quot;},{&quot;possibleAnswerCode&quot;:&quot;ZQP20052030&quot;,&quot;possibleAnswerText&quot;:&quot;Iranian Rial . IRR&quot;},{&quot;possibleAnswerCode&quot;:&quot;ZQP20052031&quot;,&quot;possibleAnswerText&quot;:&quot;Iraqi Dinar . IQD&quot;},{&quot;possibleAnswerCode&quot;:&quot;ZQP20052032&quot;,&quot;possibleAnswerText&quot;:&quot;Israeli New Shekel . ILS&quot;},{&quot;possibleAnswerCode&quot;:&quot;ZQP20052033&quot;,&quot;possibleAnswerText&quot;:&quot;Italian Lira . ITL&quot;},{&quot;possibleAnswerCode&quot;:&quot;ZQP20052034&quot;,&quot;possibleAnswerText&quot;:&quot;Jamaican Dollar . JMD&quot;},{&quot;possibleAnswerCode&quot;:&quot;ZQP20052035&quot;,&quot;possibleAnswerText&quot;:&quot;Japanese Yen . JPY&quot;},{&quot;possibleAnswerCode&quot;:&quot;ZQP20052036&quot;,&quot;possibleAnswerText&quot;:&quot;Jordanian Dinar . JOD&quot;},{&quot;possibleAnswerCode&quot;:&quot;ZQP20052037&quot;,&quot;possibleAnswerText&quot;:&quot;Kazakhstan Tenge . KZT&quot;},{&quot;possibleAnswerCode&quot;:&quot;ZQP20052038&quot;,&quot;possibleAnswerText&quot;:&quot;Kenyan Shilling . KES&quot;},{&quot;possibleAnswerCode&quot;:&quot;ZQP20052039&quot;,&quot;possibleAnswerText&quot;:&quot;Kuwaiti Dinar . KWD&quot;},{&quot;possibleAnswerCode&quot;:&quot;ZQP20052040&quot;,&quot;possibleAnswerText&quot;:&quot;Lao Kip . LAK&quot;},{&quot;possibleAnswerCode&quot;:&quot;ZQP20052041&quot;,&quot;possibleAnswerText&quot;:&quot;Latvian Lats . LVL&quot;},{&quot;possibleAnswerCode&quot;:&quot;ZQP20052042&quot;,&quot;possibleAnswerText&quot;:&quot;Lebanese Pound . LBP&quot;},{&quot;possibleAnswerCode&quot;:&quot;ZQP20052043&quot;,&quot;possibleAnswerText&quot;:&quot;Lesotho Loti . LSL&quot;},{&quot;possibleAnswerCode&quot;:&quot;ZQP20052044&quot;,&quot;possibleAnswerText&quot;:&quot;Liberian Dollar . LRD&quot;},{&quot;possibleAnswerCode&quot;:&quot;ZQP20052045&quot;,&quot;possibleAnswerText&quot;:&quot;Libyan Dinar . LYD&quot;},{&quot;possibleAnswerCode&quot;:&quot;ZQP20052046&quot;,&quot;possibleAnswerText&quot;:&quot;Lithuanian Litas . LTL&quot;},{&quot;possibleAnswerCode&quot;:&quot;ZQP20052047&quot;,&quot;possibleAnswerText&quot;:&quot;Macau Pataca . MOP&quot;},{&quot;possibleAnswerCode&quot;:&quot;ZQP20052048&quot;,&quot;possibleAnswerText&quot;:&quot;Macedonian Denar . MKD&quot;},{&quot;possibleAnswerCode&quot;:&quot;ZQP20052049&quot;,&quot;possibleAnswerText&quot;:&quot;Madagascan Ariary . MGA&quot;},{&quot;possibleAnswerCode&quot;:&quot;ZQP20052050&quot;,&quot;possibleAnswerText&quot;:&quot;Malagasy Franc . MGF&quot;},{&quot;possibleAnswerCode&quot;:&quot;ZQP20052051&quot;,&quot;possibleAnswerText&quot;:&quot;Malawi Kwacha . MWK&quot;},{&quot;possibleAnswerCode&quot;:&quot;ZQP20052052&quot;,&quot;possibleAnswerText&quot;:&quot;Malaysian Ringgit . MYR&quot;},{&quot;possibleAnswerCode&quot;:&quot;ZQP20052053&quot;,&quot;possibleAnswerText&quot;:&quot;Maldive Rufiyaa . MVR&quot;},{&quot;possibleAnswerCode&quot;:&quot;ZQP20052054&quot;,&quot;possibleAnswerText&quot;:&quot;Maltese Lira . MTL&quot;},{&quot;possibleAnswerCode&quot;:&quot;ZQP20052055&quot;,&quot;possibleAnswerText&quot;:&quot;Mauritanian Ouguiya . MRO&quot;},{&quot;possibleAnswerCode&quot;:&quot;ZQP20052056&quot;,&quot;possibleAnswerText&quot;:&quot;Mauritius Rupee . MUR&quot;},{&quot;possibleAnswerCode&quot;:&quot;ZQP20052057&quot;,&quot;possibleAnswerText&quot;:&quot;Mexican Peso . MXN&quot;},{&quot;possibleAnswerCode&quot;:&quot;ZQP20052058&quot;,&quot;possibleAnswerText&quot;:&quot;Moldova Leu . MDL&quot;},{&quot;possibleAnswerCode&quot;:&quot;ZQP20052059&quot;,&quot;possibleAnswerText&quot;:&quot;Mongolian Tugrik . MNT&quot;},{&quot;possibleAnswerCode&quot;:&quot;ZQP20052060&quot;,&quot;possibleAnswerText&quot;:&quot;Moroccan Dirham . MAD&quot;},{&quot;possibleAnswerCode&quot;:&quot;ZQP20052061&quot;,&quot;possibleAnswerText&quot;:&quot;Mozambique Metical . MZM&quot;},{&quot;possibleAnswerCode&quot;:&quot;ZQP20052062&quot;,&quot;possibleAnswerText&quot;:&quot;Namibia Dollar . NAD&quot;},{&quot;possibleAnswerCode&quot;:&quot;ZQP20052063&quot;,&quot;possibleAnswerText&quot;:&quot;Nepalese Rupee . NPR&quot;},{&quot;possibleAnswerCode&quot;:&quot;ZQP20052064&quot;,&quot;possibleAnswerText&quot;:&quot;New Zealand Dollar . NZD&quot;},{&quot;possibleAnswerCode&quot;:&quot;ZQP20052065&quot;,&quot;possibleAnswerText&quot;:&quot;Nicaraguan Cordoba Oro . NIO&quot;},{&quot;possibleAnswerCode&quot;:&quot;ZQP20052066&quot;,&quot;possibleAnswerText&quot;:&quot;Nigerian Naira . NGN&quot;},{&quot;possibleAnswerCode&quot;:&quot;ZQP20052067&quot;,&quot;possibleAnswerText&quot;:&quot;NL Antillian Guilder . ANG&quot;},{&quot;possibleAnswerCode&quot;:&quot;ZQP20052068&quot;,&quot;possibleAnswerText&quot;:&quot;North Korean Won . KPW&quot;},{&quot;possibleAnswerCode&quot;:&quot;ZQP20052069&quot;,&quot;possibleAnswerText&quot;:&quot;Norwegian Kroner . NOK&quot;},{&quot;possibleAnswerCode&quot;:&quot;ZQP20052070&quot;,&quot;possibleAnswerText&quot;:&quot;Omani Rial . OMR&quot;},{&quot;possibleAnswerCode&quot;:&quot;ZQP20052071&quot;,&quot;possibleAnswerText&quot;:&quot;Pakistan Rupee . PKR&quot;},{&quot;possibleAnswerCode&quot;:&quot;ZQP20052072&quot;,&quot;possibleAnswerText&quot;:&quot;Palladium (oz.) . XPD&quot;},{&quot;possibleAnswerCode&quot;:&quot;ZQP20052073&quot;,&quot;possibleAnswerText&quot;:&quot;Panamanian Balboa . PAB&quot;},{&quot;possibleAnswerCode&quot;:&quot;ZQP20052074&quot;,&quot;possibleAnswerText&quot;:&quot;Papua New Guinea Kina . PGK&quot;},{&quot;possibleAnswerCode&quot;:&quot;ZQP20052075&quot;,&quot;possibleAnswerText&quot;:&quot;Paraguay Guarani . PYG&quot;},{&quot;possibleAnswerCode&quot;:&quot;ZQP20052076&quot;,&quot;possibleAnswerText&quot;:&quot;Peruvian Nuevo Sol . PEN&quot;},{&quot;possibleAnswerCode&quot;:&quot;ZQP20052077&quot;,&quot;possibleAnswerText&quot;:&quot;Philippine Peso . PHP&quot;},{&quot;possibleAnswerCode&quot;:&quot;ZQP20052078&quot;,&quot;possibleAnswerText&quot;:&quot;Platinum (oz.) . XPT&quot;},{&quot;possibleAnswerCode&quot;:&quot;ZQP20052079&quot;,&quot;possibleAnswerText&quot;:&quot;Polish Zloty . PLN&quot;},{&quot;possibleAnswerCode&quot;:&quot;ZQP20052080&quot;,&quot;possibleAnswerText&quot;:&quot;Qatari Rial . QAR&quot;},{&quot;possibleAnswerCode&quot;:&quot;ZQP20052081&quot;,&quot;possibleAnswerText&quot;:&quot;Romanian Lei . ROL&quot;},{&quot;possibleAnswerCode&quot;:&quot;ZQP20052082&quot;,&quot;possibleAnswerText&quot;:&quot;Russian Rouble . RUB&quot;},{&quot;possibleAnswerCode&quot;:&quot;ZQP20052083&quot;,&quot;possibleAnswerText&quot;:&quot;Samoan Tala . WST&quot;},{&quot;possibleAnswerCode&quot;:&quot;ZQP20052084&quot;,&quot;possibleAnswerText&quot;:&quot;Sao Tome/Principe Dobra . STD&quot;},{&quot;possibleAnswerCode&quot;:&quot;ZQP20052085&quot;,&quot;possibleAnswerText&quot;:&quot;Saudi Riyal . SAR&quot;},{&quot;possibleAnswerCode&quot;:&quot;ZQP20052086&quot;,&quot;possibleAnswerText&quot;:&quot;Serbia Dinar . RSD&quot;},{&quot;possibleAnswerCode&quot;:&quot;ZQP20052087&quot;,&quot;possibleAnswerText&quot;:&quot;Seychelles Rupee . SCR&quot;},{&quot;possibleAnswerCode&quot;:&quot;ZQP20052088&quot;,&quot;possibleAnswerText&quot;:&quot;Sierra Leone Leone . SLL&quot;},{&quot;possibleAnswerCode&quot;:&quot;ZQP20052089&quot;,&quot;possibleAnswerText&quot;:&quot;Silver (oz.) . XAG&quot;},{&quot;possibleAnswerCode&quot;:&quot;ZQP20052090&quot;,&quot;possibleAnswerText&quot;:&quot;Singapore Dollar . SGD&quot;},{&quot;possibleAnswerCode&quot;:&quot;ZQP20052091&quot;,&quot;possibleAnswerText&quot;:&quot;Slovak Koruna . SKK&quot;},{&quot;possibleAnswerCode&quot;:&quot;ZQP20052092&quot;,&quot;possibleAnswerText&quot;:&quot;Slovenian Tolar . SIT&quot;},{&quot;possibleAnswerCode&quot;:&quot;ZQP20052093&quot;,&quot;possibleAnswerText&quot;:&quot;Solomon Islands Dollar . SBD&quot;},{&quot;possibleAnswerCode&quot;:&quot;ZQP20052094&quot;,&quot;possibleAnswerText&quot;:&quot;Somali Shilling . SOS&quot;},{&quot;possibleAnswerCode&quot;:&quot;ZQP20052095&quot;,&quot;possibleAnswerText&quot;:&quot;South African Rand . ZAR&quot;},{&quot;possibleAnswerCode&quot;:&quot;ZQP20052096&quot;,&quot;possibleAnswerText&quot;:&quot;South-Korean Won . KRW&quot;},{&quot;possibleAnswerCode&quot;:&quot;ZQP20052097&quot;,&quot;possibleAnswerText&quot;:&quot;Sri Lanka Rupee . LKR&quot;},{&quot;possibleAnswerCode&quot;:&quot;ZQP20052098&quot;,&quot;possibleAnswerText&quot;:&quot;St. Helena Pound . SHP&quot;},{&quot;possibleAnswerCode&quot;:&quot;ZQP20052099&quot;,&quot;possibleAnswerText&quot;:&quot;Sudanese Dinar . SDD&quot;},{&quot;possibleAnswerCode&quot;:&quot;ZQP20052100&quot;,&quot;possibleAnswerText&quot;:&quot;Sudanese Pound . SDP&quot;},{&quot;possibleAnswerCode&quot;:&quot;ZQP20052101&quot;,&quot;possibleAnswerText&quot;:&quot;Suriname Guilder . SRG&quot;},{&quot;possibleAnswerCode&quot;:&quot;ZQP20052102&quot;,&quot;possibleAnswerText&quot;:&quot;Swaziland Lilangeni . SZL&quot;},{&quot;possibleAnswerCode&quot;:&quot;ZQP20052103&quot;,&quot;possibleAnswerText&quot;:&quot;Swedish Krona . SEK&quot;},{&quot;possibleAnswerCode&quot;:&quot;ZQP20052104&quot;,&quot;possibleAnswerText&quot;:&quot;Swiss Franc . CHF&quot;},{&quot;possibleAnswerCode&quot;:&quot;ZQP20052105&quot;,&quot;possibleAnswerText&quot;:&quot;Syrian Pound . SYP&quot;},{&quot;possibleAnswerCode&quot;:&quot;ZQP20052106&quot;,&quot;possibleAnswerText&quot;:&quot;Taiwan Dollar . TWD&quot;},{&quot;possibleAnswerCode&quot;:&quot;ZQP20052107&quot;,&quot;possibleAnswerText&quot;:&quot;Tanzanian Shilling . TZS&quot;},{&quot;possibleAnswerCode&quot;:&quot;ZQP20052108&quot;,&quot;possibleAnswerText&quot;:&quot;Thai Baht . THB&quot;},{&quot;possibleAnswerCode&quot;:&quot;ZQP20052109&quot;,&quot;possibleAnswerText&quot;:&quot;Tonga Pa&apos;anga . TOP&quot;},{&quot;possibleAnswerCode&quot;:&quot;ZQP20052110&quot;,&quot;possibleAnswerText&quot;:&quot;Trinidad/Tobago Dollar . TTD&quot;},{&quot;possibleAnswerCode&quot;:&quot;ZQP20052111&quot;,&quot;possibleAnswerText&quot;:&quot;Tunisian Dinar . TND&quot;},{&quot;possibleAnswerCode&quot;:&quot;ZQP20052112&quot;,&quot;possibleAnswerText&quot;:&quot;Turkish Lira . TRL&quot;},{&quot;possibleAnswerCode&quot;:&quot;ZQP20052113&quot;,&quot;possibleAnswerText&quot;:&quot;Turkmenistan Manat . TMM&quot;},{&quot;possibleAnswerCode&quot;:&quot;ZQP20052114&quot;,&quot;possibleAnswerText&quot;:&quot;Uganda Shilling . UGS&quot;},{&quot;possibleAnswerCode&quot;:&quot;ZQP20052115&quot;,&quot;possibleAnswerText&quot;:&quot;Ukraine Hryvnia . UAH&quot;},{&quot;possibleAnswerCode&quot;:&quot;ZQP20052116&quot;,&quot;possibleAnswerText&quot;:&quot;Uruguayan Peso . UYP&quot;},{&quot;possibleAnswerCode&quot;:&quot;ZQP20052117&quot;,&quot;possibleAnswerText&quot;:&quot;Utd. Arab Emir. Dirham . AED&quot;},{&quot;possibleAnswerCode&quot;:&quot;ZQP20052118&quot;,&quot;possibleAnswerText&quot;:&quot;Uzbekistan Som . UZS&quot;},{&quot;possibleAnswerCode&quot;:&quot;ZQP20052119&quot;,&quot;possibleAnswerText&quot;:&quot;Vanuatu Vatu . VUV&quot;},{&quot;possibleAnswerCode&quot;:&quot;ZQP20052120&quot;,&quot;possibleAnswerText&quot;:&quot;Venezuelan Bolivar . VEB&quot;},{&quot;possibleAnswerCode&quot;:&quot;ZQP20052121&quot;,&quot;possibleAnswerText&quot;:&quot;Vietnamese Dong . VND&quot;},{&quot;possibleAnswerCode&quot;:&quot;ZQP20052122&quot;,&quot;possibleAnswerText&quot;:&quot;Yemen Rial . YER&quot;},{&quot;possibleAnswerCode&quot;:&quot;ZQP20052123&quot;,&quot;possibleAnswerText&quot;:&quot;Yugoslav Dinar . YUN&quot;},{&quot;possibleAnswerCode&quot;:&quot;ZQP20052124&quot;,&quot;possibleAnswerText&quot;:&quot;Zambian Kwacha . ZMK&quot;},{&quot;possibleAnswerCode&quot;:&quot;ZQP20052125&quot;,&quot;possibleAnswerText&quot;:&quot;Zimbabwe Dollar . ZWD&quot;}]},{&quot;questionType&quot;:&quot;SINGLE_CHOICE&quot;,&quot;questionCode&quot;:&quot;ZQQ20050118&quot;,&quot;questionText&quot;:&quot;For what payment period do you wish to specify all [wages] in this section?&quot;,&quot;sectorProfiles&quot;:[&quot;BIGAGRI&quot;,&quot;FISHVESL&quot;,&quot;MANUFACT&quot;,&quot;SERVPROV&quot;,&quot;SMALLAGRI&quot;],&quot;possibleAnswers&quot;:[{&quot;possibleAnswerCode&quot;:&quot;ZQP20052126&quot;,&quot;possibleAnswerText&quot;:&quot;Per day&quot;},{&quot;possibleAnswerCode&quot;:&quot;ZQP20052127&quot;,&quot;possibleAnswerText&quot;:&quot;Per hour&quot;},{&quot;possibleAnswerCode&quot;:&quot;ZQP20052128&quot;,&quot;possibleAnswerText&quot;:&quot;Per month&quot;},{&quot;possibleAnswerCode&quot;:&quot;ZQP20052129&quot;,&quot;possibleAnswerText&quot;:&quot;Per piece&quot;},{&quot;possibleAnswerCode&quot;:&quot;ZQP20052130&quot;,&quot;possibleAnswerText&quot;:&quot;Per week&quot;},{&quot;possibleAnswerCode&quot;:&quot;ZQP20052131&quot;,&quot;possibleAnswerText&quot;:&quot;Per two weeks&quot;}]},{&quot;questionType&quot;:&quot;NUMBER&quot;,&quot;questionCode&quot;:&quot;ZQQ20050120&quot;,&quot;questionText&quot;:&quot;What is the minimum legal wage rate for [standard working hours] for your site location?&quot;,&quot;sectorProfiles&quot;:[&quot;TRIGGER&quot;],&quot;possibleAnswers&quot;:[]},{&quot;questionType&quot;:&quot;MULTIPLE_CHOICE&quot;,&quot;questionCode&quot;:&quot;ZQQ20050121&quot;,&quot;questionText&quot;:&quot;What types of workers are employed at this site?&quot;,&quot;sectorProfiles&quot;:[&quot;BIGAGRI&quot;,&quot;FISHVESL&quot;,&quot;MANUFACT&quot;,&quot;SERVPROV&quot;,&quot;SMALLAGRI&quot;],&quot;possibleAnswers&quot;:[{&quot;possibleAnswerCode&quot;:&quot;ZQP20052134&quot;,&quot;possibleAnswerText&quot;:&quot;Permanent&quot;},{&quot;possibleAnswerCode&quot;:&quot;ZQP20052135&quot;,&quot;possibleAnswerText&quot;:&quot;Casual&quot;},{&quot;possibleAnswerCode&quot;:&quot;ZQP20052136&quot;,&quot;possibleAnswerText&quot;:&quot;Seasonal&quot;},{&quot;possibleAnswerCode&quot;:&quot;ZQP20052137&quot;,&quot;possibleAnswerText&quot;:&quot;Homeworkers&quot;},{&quot;possibleAnswerCode&quot;:&quot;ZQP20052138&quot;,&quot;possibleAnswerText&quot;:&quot;Trainees&quot;},{&quot;possibleAnswerCode&quot;:&quot;ZQP20052139&quot;,&quot;possibleAnswerText&quot;:&quot;Piece Rate&quot;},{&quot;possibleAnswerCode&quot;:&quot;ZQP20052140&quot;,&quot;possibleAnswerText&quot;:&quot;Temporary&quot;}]},{&quot;questionType&quot;:&quot;NUMBER&quot;,&quot;questionCode&quot;:&quot;ZQQ20050122&quot;,&quot;questionText&quot;:&quot;How much does the lowest paid [permanent worker] at this site earn for [standard working hours]?&quot;,&quot;sectorProfiles&quot;:[&quot;TRIGGER&quot;],&quot;possibleAnswers&quot;:[]},{&quot;questionType&quot;:&quot;NUMBER&quot;,&quot;questionCode&quot;:&quot;ZQQ20050123&quot;,&quot;questionText&quot;:&quot;How much does the lowest paid [casual worker] at this site earn for [standard working hours]?&quot;,&quot;sectorProfiles&quot;:[&quot;TRIGGER&quot;],&quot;possibleAnswers&quot;:[]},{&quot;questionType&quot;:&quot;NUMBER&quot;,&quot;questionCode&quot;:&quot;ZQQ20050124&quot;,&quot;questionText&quot;:&quot;How much does the lowest paid [seasonal worker] at this site earn for [standard working hours]?&quot;,&quot;sectorProfiles&quot;:[&quot;TRIGGER&quot;],&quot;possibleAnswers&quot;:[]},{&quot;questionType&quot;:&quot;NUMBER&quot;,&quot;questionCode&quot;:&quot;ZQQ20050125&quot;,&quot;questionText&quot;:&quot;How much does the lowest paid homeworker at this site earn for [standard working hours]?&quot;,&quot;sectorProfiles&quot;:[&quot;TRIGGER&quot;],&quot;possibleAnswers&quot;:[]},{&quot;questionType&quot;:&quot;NUMBER&quot;,&quot;questionCode&quot;:&quot;ZQQ20050126&quot;,&quot;questionText&quot;:&quot;How much does the lowest paid trainee worker at this site earn for [standard working hours]?&quot;,&quot;sectorProfiles&quot;:[&quot;TRIGGER&quot;],&quot;possibleAnswers&quot;:[]},{&quot;questionType&quot;:&quot;NUMBER&quot;,&quot;questionCode&quot;:&quot;ZQQ20050127&quot;,&quot;questionText&quot;:&quot;How much does the lowest  paid piece rate worker at this site earn per piece?&quot;,&quot;sectorProfiles&quot;:[&quot;TRIGGER&quot;],&quot;possibleAnswers&quot;:[]},{&quot;questionType&quot;:&quot;NUMBER&quot;,&quot;questionCode&quot;:&quot;ZQQ20050128&quot;,&quot;questionText&quot;:&quot;How much does the lowest paid temporary worker at this site earn for [standard working hours]?&quot;,&quot;sectorProfiles&quot;:[&quot;TRIGGER&quot;],&quot;possibleAnswers&quot;:[]},{&quot;questionType&quot;:&quot;SINGLE_CHOICE&quot;,&quot;questionCode&quot;:&quot;ZQQ20050129&quot;,&quot;questionText&quot;:&quot;Do all workers at your site receive paid Annual leave as specified by national law&quot;,&quot;sectorProfiles&quot;:[&quot;BIGAGRI&quot;,&quot;MANUFACT&quot;,&quot;SERVPROV&quot;],&quot;possibleAnswers&quot;:[{&quot;possibleAnswerCode&quot;:&quot;ZQP20052141&quot;,&quot;possibleAnswerText&quot;:&quot;Yes&quot;},{&quot;possibleAnswerCode&quot;:&quot;ZQP20052142&quot;,&quot;possibleAnswerText&quot;:&quot;No&quot;},{&quot;possibleAnswerCode&quot;:&quot;ZQP20052143&quot;,&quot;possibleAnswerText&quot;:&quot;There is no national law&quot;}]},{&quot;questionType&quot;:&quot;NUMBER&quot;,&quot;questionCode&quot;:&quot;ZQQ20050130&quot;,&quot;questionText&quot;:&quot;Number of days (if this varies e.g. by worker type orlength of employment, please enter minimum value)&quot;,&quot;sectorProfiles&quot;:[&quot;TRIGGER&quot;],&quot;possibleAnswers&quot;:[]},{&quot;questionType&quot;:&quot;SINGLE_CHOICE&quot;,&quot;questionCode&quot;:&quot;ZQQ20050131&quot;,&quot;questionText&quot;:&quot;Do all workers at your site receive paid Maternity leave as specified by national law&quot;,&quot;sectorProfiles&quot;:[&quot;BIGAGRI&quot;,&quot;MANUFACT&quot;,&quot;SERVPROV&quot;],&quot;possibleAnswers&quot;:[{&quot;possibleAnswerCode&quot;:&quot;ZQP20052144&quot;,&quot;possibleAnswerText&quot;:&quot;Yes&quot;},{&quot;possibleAnswerCode&quot;:&quot;ZQP20052145&quot;,&quot;possibleAnswerText&quot;:&quot;No&quot;},{&quot;possibleAnswerCode&quot;:&quot;ZQP20052146&quot;,&quot;possibleAnswerText&quot;:&quot;There is no national law&quot;}]},{&quot;questionType&quot;:&quot;NUMBER&quot;,&quot;questionCode&quot;:&quot;ZQQ20050132&quot;,&quot;questionText&quot;:&quot;Number of days&quot;,&quot;sectorProfiles&quot;:[&quot;TRIGGER&quot;],&quot;possibleAnswers&quot;:[]},{&quot;questionType&quot;:&quot;SINGLE_CHOICE&quot;,&quot;questionCode&quot;:&quot;ZQQ20050133&quot;,&quot;questionText&quot;:&quot;Do all workers at your site receive paid Sick leave as specified by national law&quot;,&quot;sectorProfiles&quot;:[&quot;BIGAGRI&quot;,&quot;MANUFACT&quot;,&quot;SERVPROV&quot;],&quot;possibleAnswers&quot;:[{&quot;possibleAnswerCode&quot;:&quot;ZQP20052147&quot;,&quot;possibleAnswerText&quot;:&quot;Yes&quot;},{&quot;possibleAnswerCode&quot;:&quot;ZQP20052148&quot;,&quot;possibleAnswerText&quot;:&quot;No&quot;},{&quot;possibleAnswerCode&quot;:&quot;ZQP20052149&quot;,&quot;possibleAnswerText&quot;:&quot;There is no national law&quot;}]},{&quot;questionType&quot;:&quot;NUMBER&quot;,&quot;questionCode&quot;:&quot;ZQQ20050134&quot;,&quot;questionText&quot;:&quot;Number of days&quot;,&quot;sectorProfiles&quot;:[&quot;TRIGGER&quot;],&quot;possibleAnswers&quot;:[]},{&quot;questionType&quot;:&quot;SINGLE_CHOICE&quot;,&quot;questionCode&quot;:&quot;ZQQ20050135&quot;,&quot;questionText&quot;:&quot;Do all workers at your site receive paid Paternity leave as specified by national law&quot;,&quot;sectorProfiles&quot;:[&quot;BIGAGRI&quot;,&quot;MANUFACT&quot;,&quot;SERVPROV&quot;],&quot;possibleAnswers&quot;:[{&quot;possibleAnswerCode&quot;:&quot;ZQP20052150&quot;,&quot;possibleAnswerText&quot;:&quot;Yes&quot;},{&quot;possibleAnswerCode&quot;:&quot;ZQP20052151&quot;,&quot;possibleAnswerText&quot;:&quot;No&quot;},{&quot;possibleAnswerCode&quot;:&quot;ZQP20052152&quot;,&quot;possibleAnswerText&quot;:&quot;There is no national law&quot;}]},{&quot;questionType&quot;:&quot;NUMBER&quot;,&quot;questionCode&quot;:&quot;ZQQ20050136&quot;,&quot;questionText&quot;:&quot;Number of days&quot;,&quot;sectorProfiles&quot;:[&quot;TRIGGER&quot;],&quot;possibleAnswers&quot;:[]},{&quot;questionType&quot;:&quot;MULTIPLE_CHOICE&quot;,&quot;questionCode&quot;:&quot;ZQQ20050138&quot;,&quot;questionText&quot;:&quot;What deductions do you make from employees/workers?  Please select all applicable answers.&quot;,&quot;sectorProfiles&quot;:[&quot;TRIGGER&quot;],&quot;possibleAnswers&quot;:[{&quot;possibleAnswerCode&quot;:&quot;ZQP20052155&quot;,&quot;possibleAnswerText&quot;:&quot;None&quot;},{&quot;possibleAnswerCode&quot;:&quot;ZQP20052156&quot;,&quot;possibleAnswerText&quot;:&quot;Taxes&quot;},{&quot;possibleAnswerCode&quot;:&quot;ZQP20052157&quot;,&quot;possibleAnswerText&quot;:&quot;National/local health insurances&quot;},{&quot;possibleAnswerCode&quot;:&quot;ZQP20052158&quot;,&quot;possibleAnswerText&quot;:&quot;Fines&quot;},{&quot;possibleAnswerCode&quot;:&quot;ZQP20052159&quot;,&quot;possibleAnswerText&quot;:&quot;Loans&quot;},{&quot;possibleAnswerCode&quot;:&quot;ZQP20052160&quot;,&quot;possibleAnswerText&quot;:&quot;Social security&quot;},{&quot;possibleAnswerCode&quot;:&quot;ZQP20052161&quot;,&quot;possibleAnswerText&quot;:&quot;Accommodation fees&quot;},{&quot;possibleAnswerCode&quot;:&quot;ZQP20052162&quot;,&quot;possibleAnswerText&quot;:&quot;Food&quot;},{&quot;possibleAnswerCode&quot;:&quot;ZQP20052163&quot;,&quot;possibleAnswerText&quot;:&quot;Saving schemes&quot;},{&quot;possibleAnswerCode&quot;:&quot;ZQP20052164&quot;,&quot;possibleAnswerText&quot;:&quot;Transport fees&quot;},{&quot;possibleAnswerCode&quot;:&quot;ZQP20052165&quot;,&quot;possibleAnswerText&quot;:&quot;Other&quot;}]},{&quot;questionType&quot;:&quot;FREE_TEXT&quot;,&quot;questionCode&quot;:&quot;ZQQ20050139&quot;,&quot;questionText&quot;:&quot;Please specify&quot;,&quot;sectorProfiles&quot;:[&quot;TRIGGER&quot;],&quot;possibleAnswers&quot;:[]},{&quot;questionType&quot;:&quot;SINGLE_CHOICE&quot;,&quot;questionCode&quot;:&quot;ZQQ20050142&quot;,&quot;questionText&quot;:&quot;Is insurance cover in place to protect employees/workers for injury or accidents while at work?&quot;,&quot;sectorProfiles&quot;:[&quot;BIGAGRI&quot;,&quot;MANUFACT&quot;,&quot;SERVPROV&quot;],&quot;possibleAnswers&quot;:[{&quot;possibleAnswerCode&quot;:&quot;ZQP20052173&quot;,&quot;possibleAnswerText&quot;:&quot;No&quot;},{&quot;possibleAnswerCode&quot;:&quot;ZQP20052174&quot;,&quot;possibleAnswerText&quot;:&quot;Yes&quot;},{&quot;possibleAnswerCode&quot;:&quot;ZQP20052175&quot;,&quot;possibleAnswerText&quot;:&quot;Yes, employees/workers pay extra for insurance&quot;},{&quot;possibleAnswerCode&quot;:&quot;ZQP20052176&quot;,&quot;possibleAnswerText&quot;:&quot;Yes, insurance is paid by the company&quot;}]},{&quot;questionType&quot;:&quot;MULTIPLE_CHOICE&quot;,&quot;questionCode&quot;:&quot;ZQQ20050143&quot;,&quot;questionText&quot;:&quot;How are wages set at this facility? Please select all applicable answers&quot;,&quot;sectorProfiles&quot;:[&quot;BIGAGRI&quot;,&quot;FISHVESL&quot;,&quot;HEAVMANU&quot;,&quot;INTERMEDI&quot;,&quot;MANUFACT&quot;,&quot;SERVPROV&quot;,&quot;SMALLAGRI&quot;],&quot;possibleAnswers&quot;:[{&quot;possibleAnswerCode&quot;:&quot;ZQP20052177&quot;,&quot;possibleAnswerText&quot;:&quot;Set according to local law&quot;},{&quot;possibleAnswerCode&quot;:&quot;ZQP20052178&quot;,&quot;possibleAnswerText&quot;:&quot;Minimum wage or wages board&quot;},{&quot;possibleAnswerCode&quot;:&quot;ZQP20052179&quot;,&quot;possibleAnswerText&quot;:&quot;Collective bargaining with a recognised trade union or workers committee&quot;},{&quot;possibleAnswerCode&quot;:&quot;ZQP20052180&quot;,&quot;possibleAnswerText&quot;:&quot;National or regional collective bargaining&quot;},{&quot;possibleAnswerCode&quot;:&quot;ZQP20052181&quot;,&quot;possibleAnswerText&quot;:&quot;Determined by management&quot;},{&quot;possibleAnswerCode&quot;:&quot;ZQP20052182&quot;,&quot;possibleAnswerText&quot;:&quot;Determined by management above the minimum wage&quot;},{&quot;possibleAnswerCode&quot;:&quot;ZQP20052183&quot;,&quot;possibleAnswerText&quot;:&quot;Set according to living wages&quot;},{&quot;possibleAnswerCode&quot;:&quot;ZQP20052184&quot;,&quot;possibleAnswerText&quot;:&quot;Other&quot;}]},{&quot;questionType&quot;:&quot;FREE_TEXT&quot;,&quot;questionCode&quot;:&quot;ZQQ20050144&quot;,&quot;questionText&quot;:&quot;Please specify&quot;,&quot;sectorProfiles&quot;:[&quot;TRIGGER&quot;],&quot;possibleAnswers&quot;:[]},{&quot;questionType&quot;:&quot;MULTIPLE_CHOICE&quot;,&quot;questionCode&quot;:&quot;ZQQ20050145&quot;,&quot;questionText&quot;:&quot;Have wages been compared with credible benchmarks of [living wage] for an individual? Please select applicable answers.&quot;,&quot;sectorProfiles&quot;:[&quot;TRIGGER&quot;],&quot;possibleAnswers&quot;:[{&quot;possibleAnswerCode&quot;:&quot;ZQP20052185&quot;,&quot;possibleAnswerText&quot;:&quot;No&quot;},{&quot;possibleAnswerCode&quot;:&quot;ZQP20052186&quot;,&quot;possibleAnswerText&quot;:&quot;Don&apos;t know&quot;},{&quot;possibleAnswerCode&quot;:&quot;ZQP20052187&quot;,&quot;possibleAnswerText&quot;:&quot;ISEAL/Anker Benchmarks&quot;},{&quot;possibleAnswerCode&quot;:&quot;ZQP20052188&quot;,&quot;possibleAnswerText&quot;:&quot;Asia Floor Wage&quot;},{&quot;possibleAnswerCode&quot;:&quot;ZQP20052189&quot;,&quot;possibleAnswerText&quot;:&quot;Figures provided by Unions&quot;},{&quot;possibleAnswerCode&quot;:&quot;ZQP20052190&quot;,&quot;possibleAnswerText&quot;:&quot;Living Wage Foundation UK&quot;},{&quot;possibleAnswerCode&quot;:&quot;ZQP20052191&quot;,&quot;possibleAnswerText&quot;:&quot;Fair Wear Wage Ladder&quot;},{&quot;possibleAnswerCode&quot;:&quot;ZQP20052192&quot;,&quot;possibleAnswerText&quot;:&quot;Fairtrade Foundation&quot;},{&quot;possibleAnswerCode&quot;:&quot;ZQP20052193&quot;,&quot;possibleAnswerText&quot;:&quot;Other&quot;}]},{&quot;questionType&quot;:&quot;FREE_TEXT&quot;,&quot;questionCode&quot;:&quot;ZQQ20050146&quot;,&quot;questionText&quot;:&quot;Please specify&quot;,&quot;sectorProfiles&quot;:[&quot;TRIGGER&quot;],&quot;possibleAnswers&quot;:[]},{&quot;questionType&quot;:&quot;DERIVED&quot;,&quot;questionCode&quot;:&quot;ZQQ20050352&quot;,&quot;questionText&quot;:&quot;What proportion of the [legal minimum wage] does the lowest paid homeworker earn for [standard working hours]?&quot;,&quot;sectorProfiles&quot;:[&quot;BIGAGRI&quot;,&quot;MANUFACT&quot;,&quot;SERVPROV&quot;,&quot;SMALLAGRI&quot;],&quot;possibleAnswers&quot;:[]},{&quot;questionType&quot;:&quot;DERIVED&quot;,&quot;questionCode&quot;:&quot;ZQQ20050353&quot;,&quot;questionText&quot;:&quot;What proportion of the [legal minimum wage] does the lowest paid trainee worker earn for [standard working hours]?&quot;,&quot;sectorProfiles&quot;:[&quot;BIGAGRI&quot;,&quot;MANUFACT&quot;,&quot;SERVPROV&quot;,&quot;SMALLAGRI&quot;],&quot;possibleAnswers&quot;:[]}]},{&quot;subSectionCode&quot;:&quot;ZQU20050014&quot;,&quot;subSectionName&quot;:&quot;Working Hours&quot;,&quot;questions&quot;:[{&quot;questionType&quot;:&quot;SINGLE_CHOICE&quot;,&quot;questionCode&quot;:&quot;ZQQ20050147&quot;,&quot;questionText&quot;:&quot;Do you have a procedure to ensure all [working hours] and [overtime] are as according to law ?&quot;,&quot;sectorProfiles&quot;:[&quot;BIGAGRI&quot;,&quot;HEAVMANU&quot;,&quot;MANUFACT&quot;,&quot;SERVPROV&quot;],&quot;possibleAnswers&quot;:[{&quot;possibleAnswerCode&quot;:&quot;ZQP20052194&quot;,&quot;possibleAnswerText&quot;:&quot;Yes&quot;},{&quot;possibleAnswerCode&quot;:&quot;ZQP20052195&quot;,&quot;possibleAnswerText&quot;:&quot;No&quot;}]},{&quot;questionType&quot;:&quot;NUMBER&quot;,&quot;questionCode&quot;:&quot;ZQQ20050148&quot;,&quot;questionText&quot;:&quot;What is the [legal maximum working week] (including [overtime]) for an employee / worker for this site location?&quot;,&quot;sectorProfiles&quot;:[&quot;BIGAGRI&quot;,&quot;HEAVMANU&quot;,&quot;MANUFACT&quot;,&quot;SERVPROV&quot;],&quot;possibleAnswers&quot;:[]},{&quot;questionType&quot;:&quot;NUMBER&quot;,&quot;questionCode&quot;:&quot;ZQQ20050149&quot;,&quot;questionText&quot;:&quot;How many hours does an employee / worker work in a [standard working week]?&quot;,&quot;sectorProfiles&quot;:[&quot;BIGAGRI&quot;,&quot;HEAVMANU&quot;,&quot;MANUFACT&quot;,&quot;SERVPROV&quot;],&quot;possibleAnswers&quot;:[]},{&quot;questionType&quot;:&quot;NUMBER&quot;,&quot;questionCode&quot;:&quot;ZQQ20050150&quot;,&quot;questionText&quot;:&quot;What is the maximum number of [overtime] hours that an employee / worker works in a week?&quot;,&quot;sectorProfiles&quot;:[&quot;BIGAGRI&quot;,&quot;MANUFACT&quot;,&quot;SERVPROV&quot;],&quot;possibleAnswers&quot;:[]},{&quot;questionType&quot;:&quot;SINGLE_CHOICE&quot;,&quot;questionCode&quot;:&quot;ZQQ20050151&quot;,&quot;questionText&quot;:&quot;Do any employees/workers exceed the maximum legal hours for the working week (including [overtime])?&quot;,&quot;sectorProfiles&quot;:[&quot;BIGAGRI&quot;,&quot;HEAVMANU&quot;,&quot;MANUFACT&quot;,&quot;SERVPROV&quot;],&quot;possibleAnswers&quot;:[{&quot;possibleAnswerCode&quot;:&quot;ZQP20052196&quot;,&quot;possibleAnswerText&quot;:&quot;Yes&quot;},{&quot;possibleAnswerCode&quot;:&quot;ZQP20052197&quot;,&quot;possibleAnswerText&quot;:&quot;No&quot;},{&quot;possibleAnswerCode&quot;:&quot;ZQP20052198&quot;,&quot;possibleAnswerText&quot;:&quot;N/A&quot;}]},{&quot;questionType&quot;:&quot;SINGLE_CHOICE&quot;,&quot;questionCode&quot;:&quot;ZQQ20050152&quot;,&quot;questionText&quot;:&quot;How do you record [working hours] of direct employees / workers at this site?&quot;,&quot;sectorProfiles&quot;:[&quot;BIGAGRI&quot;,&quot;MANUFACT&quot;,&quot;SERVPROV&quot;],&quot;possibleAnswers&quot;:[{&quot;possibleAnswerCode&quot;:&quot;ZQP20052199&quot;,&quot;possibleAnswerText&quot;:&quot;Manually&quot;},{&quot;possibleAnswerCode&quot;:&quot;ZQP20052200&quot;,&quot;possibleAnswerText&quot;:&quot;Swipe Card&quot;},{&quot;possibleAnswerCode&quot;:&quot;ZQP20052201&quot;,&quot;possibleAnswerText&quot;:&quot;Time Clock&quot;},{&quot;possibleAnswerCode&quot;:&quot;ZQP20052202&quot;,&quot;possibleAnswerText&quot;:&quot;Timesheets&quot;},{&quot;possibleAnswerCode&quot;:&quot;ZQP20052203&quot;,&quot;possibleAnswerText&quot;:&quot;Fingerprint&quot;},{&quot;possibleAnswerCode&quot;:&quot;ZQP20052204&quot;,&quot;possibleAnswerText&quot;:&quot;Other&quot;},{&quot;possibleAnswerCode&quot;:&quot;ZQP20052205&quot;,&quot;possibleAnswerText&quot;:&quot;We don&apos;t do this&quot;}]},{&quot;questionType&quot;:&quot;FREE_TEXT&quot;,&quot;questionCode&quot;:&quot;ZQQ20050153&quot;,&quot;questionText&quot;:&quot;Please specify&quot;,&quot;sectorProfiles&quot;:[&quot;TRIGGER&quot;],&quot;possibleAnswers&quot;:[]},{&quot;questionType&quot;:&quot;SINGLE_CHOICE&quot;,&quot;questionCode&quot;:&quot;ZQQ20050154&quot;,&quot;questionText&quot;:&quot;Do all direct employees/workers at this site get at least one day off in every seven-day period (or equivalent)?&quot;,&quot;sectorProfiles&quot;:[&quot;BIGAGRI&quot;,&quot;MANUFACT&quot;,&quot;SERVPROV&quot;],&quot;possibleAnswers&quot;:[{&quot;possibleAnswerCode&quot;:&quot;ZQP20052206&quot;,&quot;possibleAnswerText&quot;:&quot;Yes&quot;},{&quot;possibleAnswerCode&quot;:&quot;ZQP20052207&quot;,&quot;possibleAnswerText&quot;:&quot;No&quot;}]},{&quot;questionType&quot;:&quot;SINGLE_CHOICE&quot;,&quot;questionCode&quot;:&quot;ZQQ20050155&quot;,&quot;questionText&quot;:&quot;Do all direct employees/workers at this site get the correct number and duration of breaks according to law?&quot;,&quot;sectorProfiles&quot;:[&quot;BIGAGRI&quot;,&quot;HEAVMANU&quot;,&quot;MANUFACT&quot;,&quot;SERVPROV&quot;],&quot;possibleAnswers&quot;:[{&quot;possibleAnswerCode&quot;:&quot;ZQP20052208&quot;,&quot;possibleAnswerText&quot;:&quot;No&quot;},{&quot;possibleAnswerCode&quot;:&quot;ZQP20052209&quot;,&quot;possibleAnswerText&quot;:&quot;Yes&quot;},{&quot;possibleAnswerCode&quot;:&quot;ZQP20052210&quot;,&quot;possibleAnswerText&quot;:&quot;Do not know&quot;},{&quot;possibleAnswerCode&quot;:&quot;ZQP20052211&quot;,&quot;possibleAnswerText&quot;:&quot;N/A - No national law&quot;}]},{&quot;questionType&quot;:&quot;SINGLE_CHOICE&quot;,&quot;questionCode&quot;:&quot;ZQQ20050156&quot;,&quot;questionText&quot;:&quot;Is overtime voluntary?&quot;,&quot;sectorProfiles&quot;:[&quot;BIGAGRI&quot;,&quot;HEAVMANU&quot;,&quot;MANUFACT&quot;,&quot;SERVPROV&quot;],&quot;possibleAnswers&quot;:[{&quot;possibleAnswerCode&quot;:&quot;ZQP20052212&quot;,&quot;possibleAnswerText&quot;:&quot;Yes&quot;},{&quot;possibleAnswerCode&quot;:&quot;ZQP20052213&quot;,&quot;possibleAnswerText&quot;:&quot;No&quot;},{&quot;possibleAnswerCode&quot;:&quot;ZQP20052214&quot;,&quot;possibleAnswerText&quot;:&quot;Other&quot;}]},{&quot;questionType&quot;:&quot;FREE_TEXT&quot;,&quot;questionCode&quot;:&quot;ZQQ20050157&quot;,&quot;questionText&quot;:&quot;Please specify&quot;,&quot;sectorProfiles&quot;:[&quot;TRIGGER&quot;],&quot;possibleAnswers&quot;:[]},{&quot;questionType&quot;:&quot;FREE_TEXT&quot;,&quot;questionCode&quot;:&quot;ZQQ20050158&quot;,&quot;questionText&quot;:&quot;How do employees / workers request not to work [overtime]?&quot;,&quot;sectorProfiles&quot;:[&quot;TRIGGER&quot;],&quot;possibleAnswers&quot;:[]},{&quot;questionType&quot;:&quot;FREE_TEXT&quot;,&quot;questionCode&quot;:&quot;ZQQ20050159&quot;,&quot;questionText&quot;:&quot;How do you ensure that [indirectly employed]  workers providing your services have working conditions according to law, including hours, breaks, leave, [wages], benefits etc.?&quot;,&quot;sectorProfiles&quot;:[&quot;SERVPROV&quot;],&quot;possibleAnswers&quot;:[]},{&quot;questionType&quot;:&quot;DERIVED&quot;,&quot;questionCode&quot;:&quot;ZQQ20050354&quot;,&quot;questionText&quot;:&quot;What is the total number of hours worked by an employee in a week as a proportion of the legal maximum?&quot;,&quot;sectorProfiles&quot;:[&quot;BIGAGRI&quot;,&quot;HEAVMANU&quot;,&quot;MANUFACT&quot;,&quot;SERVPROV&quot;],&quot;possibleAnswers&quot;:[]}]},{&quot;subSectionCode&quot;:&quot;ZQU20050015&quot;,&quot;subSectionName&quot;:&quot;Non-Discrimination&quot;,&quot;questions&quot;:[{&quot;questionType&quot;:&quot;SINGLE_CHOICE&quot;,&quot;questionCode&quot;:&quot;ZQQ20050160&quot;,&quot;questionText&quot;:&quot;Do you have a written [equal opportunities policy]?&quot;,&quot;sectorProfiles&quot;:[&quot;BIGAGRI&quot;,&quot;HEAVMANU&quot;,&quot;MANUFACT&quot;,&quot;SERVPROV&quot;],&quot;possibleAnswers&quot;:[{&quot;possibleAnswerCode&quot;:&quot;ZQP20052215&quot;,&quot;possibleAnswerText&quot;:&quot;Yes&quot;},{&quot;possibleAnswerCode&quot;:&quot;ZQP20052216&quot;,&quot;possibleAnswerText&quot;:&quot;No&quot;}]},{&quot;questionType&quot;:&quot;SINGLE_CHOICE&quot;,&quot;questionCode&quot;:&quot;ZQQ20050161&quot;,&quot;questionText&quot;:&quot;Do you have a written procedure for hiring and promotion that ensures equal opportunity and prevents discrimination?&quot;,&quot;sectorProfiles&quot;:[&quot;BIGAGRI&quot;,&quot;HEAVMANU&quot;,&quot;MANUFACT&quot;,&quot;SERVPROV&quot;],&quot;possibleAnswers&quot;:[{&quot;possibleAnswerCode&quot;:&quot;ZQP20052217&quot;,&quot;possibleAnswerText&quot;:&quot;Yes&quot;},{&quot;possibleAnswerCode&quot;:&quot;ZQP20052218&quot;,&quot;possibleAnswerText&quot;:&quot;No&quot;}]},{&quot;questionType&quot;:&quot;MULTIPLE_CHOICE&quot;,&quot;questionCode&quot;:&quot;ZQQ20050162&quot;,&quot;questionText&quot;:&quot;How do you communicate your [equal opportunities policy] and /or procedure?  Please select all applicable answers.&quot;,&quot;sectorProfiles&quot;:[&quot;TRIGGER&quot;],&quot;possibleAnswers&quot;:[{&quot;possibleAnswerCode&quot;:&quot;ZQP20052219&quot;,&quot;possibleAnswerText&quot;:&quot;We don&apos;t communicate this&quot;},{&quot;possibleAnswerCode&quot;:&quot;ZQP20052220&quot;,&quot;possibleAnswerText&quot;:&quot;Intranet, notice board or other internal communications&quot;},{&quot;possibleAnswerCode&quot;:&quot;ZQP20052221&quot;,&quot;possibleAnswerText&quot;:&quot;Individual meetings&quot;},{&quot;possibleAnswerCode&quot;:&quot;ZQP20052222&quot;,&quot;possibleAnswerText&quot;:&quot;Signed Agreement&quot;},{&quot;possibleAnswerCode&quot;:&quot;ZQP20052223&quot;,&quot;possibleAnswerText&quot;:&quot;Other&quot;},{&quot;possibleAnswerCode&quot;:&quot;ZQP20052224&quot;,&quot;possibleAnswerText&quot;:&quot;We don&apos;t agree terms&quot;}]},{&quot;questionType&quot;:&quot;FREE_TEXT&quot;,&quot;questionCode&quot;:&quot;ZQQ20050163&quot;,&quot;questionText&quot;:&quot;Please specify&quot;,&quot;sectorProfiles&quot;:[&quot;TRIGGER&quot;],&quot;possibleAnswers&quot;:[]},{&quot;questionType&quot;:&quot;SINGLE_CHOICE&quot;,&quot;questionCode&quot;:&quot;ZQQ20050164&quot;,&quot;questionText&quot;:&quot;Do you have a [non-discrimination] policy covering health related issues e.g. Tuberculosis, HIV, disability etc.&quot;,&quot;sectorProfiles&quot;:[&quot;BIGAGRI&quot;,&quot;MANUFACT&quot;,&quot;OFFICEHQ&quot;,&quot;SERVPROV&quot;],&quot;possibleAnswers&quot;:[{&quot;possibleAnswerCode&quot;:&quot;ZQP20052225&quot;,&quot;possibleAnswerText&quot;:&quot;Yes&quot;},{&quot;possibleAnswerCode&quot;:&quot;ZQP20052226&quot;,&quot;possibleAnswerText&quot;:&quot;No&quot;}]},{&quot;questionType&quot;:&quot;SINGLE_CHOICE&quot;,&quot;questionCode&quot;:&quot;ZQQ20050165&quot;,&quot;questionText&quot;:&quot;Do all employees/workers receive equal pay for equal work?&quot;,&quot;sectorProfiles&quot;:[&quot;BIGAGRI&quot;,&quot;MANUFACT&quot;,&quot;SERVPROV&quot;],&quot;possibleAnswers&quot;:[{&quot;possibleAnswerCode&quot;:&quot;ZQP20052227&quot;,&quot;possibleAnswerText&quot;:&quot;Yes&quot;},{&quot;possibleAnswerCode&quot;:&quot;ZQP20052228&quot;,&quot;possibleAnswerText&quot;:&quot;No&quot;}]},{&quot;questionType&quot;:&quot;SINGLE_CHOICE&quot;,&quot;questionCode&quot;:&quot;ZQQ20050166&quot;,&quot;questionText&quot;:&quot;How do you ensure that any [indirectly employed] workers providing  your service provision meet the required standards of [non-discrimination] ?&quot;,&quot;sectorProfiles&quot;:[&quot;SERVPROV&quot;],&quot;possibleAnswers&quot;:[{&quot;possibleAnswerCode&quot;:&quot;ZQP20052229&quot;,&quot;possibleAnswerText&quot;:&quot;We do not have any methods in place&quot;},{&quot;possibleAnswerCode&quot;:&quot;ZQP20052230&quot;,&quot;possibleAnswerText&quot;:&quot;We require documentation&quot;},{&quot;possibleAnswerCode&quot;:&quot;ZQP20052231&quot;,&quot;possibleAnswerText&quot;:&quot;Other&quot;}]},{&quot;questionType&quot;:&quot;FREE_TEXT&quot;,&quot;questionCode&quot;:&quot;ZQQ20050167&quot;,&quot;questionText&quot;:&quot;Please specify&quot;,&quot;sectorProfiles&quot;:[&quot;TRIGGER&quot;],&quot;possibleAnswers&quot;:[]},{&quot;questionType&quot;:&quot;SINGLE_CHOICE&quot;,&quot;questionCode&quot;:&quot;ZQQ20050168&quot;,&quot;questionText&quot;:&quot;Is pregnancy testing part of your recruitment process?&quot;,&quot;sectorProfiles&quot;:[&quot;BIGAGRI&quot;,&quot;MANUFACT&quot;,&quot;SERVPROV&quot;],&quot;possibleAnswers&quot;:[{&quot;possibleAnswerCode&quot;:&quot;ZQP20052232&quot;,&quot;possibleAnswerText&quot;:&quot;Yes&quot;},{&quot;possibleAnswerCode&quot;:&quot;ZQP20052233&quot;,&quot;possibleAnswerText&quot;:&quot;No&quot;}]},{&quot;questionType&quot;:&quot;SINGLE_CHOICE&quot;,&quot;questionCode&quot;:&quot;ZQQ20050169&quot;,&quot;questionText&quot;:&quot;Do you dismiss employees/workers who become pregnant?&quot;,&quot;sectorProfiles&quot;:[&quot;BIGAGRI&quot;,&quot;MANUFACT&quot;,&quot;SERVPROV&quot;],&quot;possibleAnswers&quot;:[{&quot;possibleAnswerCode&quot;:&quot;ZQP20052234&quot;,&quot;possibleAnswerText&quot;:&quot;Yes&quot;},{&quot;possibleAnswerCode&quot;:&quot;ZQP20052235&quot;,&quot;possibleAnswerText&quot;:&quot;No&quot;}]},{&quot;questionType&quot;:&quot;SINGLE_CHOICE&quot;,&quot;questionCode&quot;:&quot;ZQQ20050170&quot;,&quot;questionText&quot;:&quot;Do you have special arrangements for pregnant employees/workers in the workplace e.g. regular breaks, appropriate shifts etc.?&quot;,&quot;sectorProfiles&quot;:[&quot;BIGAGRI&quot;,&quot;MANUFACT&quot;,&quot;SERVPROV&quot;],&quot;possibleAnswers&quot;:[{&quot;possibleAnswerCode&quot;:&quot;ZQP20052236&quot;,&quot;possibleAnswerText&quot;:&quot;Yes&quot;},{&quot;possibleAnswerCode&quot;:&quot;ZQP20052237&quot;,&quot;possibleAnswerText&quot;:&quot;No&quot;}]},{&quot;questionType&quot;:&quot;FREE_TEXT&quot;,&quot;questionCode&quot;:&quot;ZQQ20050171&quot;,&quot;questionText&quot;:&quot;If yes, please provide details&quot;,&quot;sectorProfiles&quot;:[&quot;TRIGGER&quot;],&quot;possibleAnswers&quot;:[]},{&quot;questionType&quot;:&quot;SINGLE_CHOICE&quot;,&quot;questionCode&quot;:&quot;ZQQ20050172&quot;,&quot;questionText&quot;:&quot;Are employees/workers able to return to their jobs after having a baby?&quot;,&quot;sectorProfiles&quot;:[&quot;BIGAGRI&quot;,&quot;MANUFACT&quot;,&quot;SERVPROV&quot;],&quot;possibleAnswers&quot;:[{&quot;possibleAnswerCode&quot;:&quot;ZQP20052238&quot;,&quot;possibleAnswerText&quot;:&quot;No&quot;},{&quot;possibleAnswerCode&quot;:&quot;ZQP20052239&quot;,&quot;possibleAnswerText&quot;:&quot;Yes, but different jobs&quot;},{&quot;possibleAnswerCode&quot;:&quot;ZQP20052240&quot;,&quot;possibleAnswerText&quot;:&quot;Yes, the same jobs&quot;}]}]},{&quot;subSectionCode&quot;:&quot;ZQU20050016&quot;,&quot;subSectionName&quot;:&quot;Regular EMployment&quot;,&quot;questions&quot;:[{&quot;questionType&quot;:&quot;SINGLE_CHOICE&quot;,&quot;questionCode&quot;:&quot;ZQQ20050173&quot;,&quot;questionText&quot;:&quot;Do all employees/workers at this site have valid documents proving right to work in the country?&quot;,&quot;sectorProfiles&quot;:[&quot;BIGAGRI&quot;,&quot;FISHVESL&quot;,&quot;MANUFACT&quot;,&quot;SERVPROV&quot;,&quot;SMALLAGRI&quot;],&quot;possibleAnswers&quot;:[{&quot;possibleAnswerCode&quot;:&quot;ZQP20052241&quot;,&quot;possibleAnswerText&quot;:&quot;No&quot;},{&quot;possibleAnswerCode&quot;:&quot;ZQP20052242&quot;,&quot;possibleAnswerText&quot;:&quot;Yes&quot;},{&quot;possibleAnswerCode&quot;:&quot;ZQP20052243&quot;,&quot;possibleAnswerText&quot;:&quot;Do not know&quot;}]},{&quot;questionType&quot;:&quot;MULTIPLE_CHOICE&quot;,&quot;questionCode&quot;:&quot;ZQQ20050174&quot;,&quot;questionText&quot;:&quot;What benefits are provided in line with legal requirements?  Please select all applicable answers.&quot;,&quot;sectorProfiles&quot;:[&quot;BIGAGRI&quot;,&quot;MANUFACT&quot;,&quot;SERVPROV&quot;],&quot;possibleAnswers&quot;:[{&quot;possibleAnswerCode&quot;:&quot;ZQP20052244&quot;,&quot;possibleAnswerText&quot;:&quot;None&quot;},{&quot;possibleAnswerCode&quot;:&quot;ZQP20052245&quot;,&quot;possibleAnswerText&quot;:&quot;Social insurance&quot;},{&quot;possibleAnswerCode&quot;:&quot;ZQP20052246&quot;,&quot;possibleAnswerText&quot;:&quot;Health care&quot;},{&quot;possibleAnswerCode&quot;:&quot;ZQP20052247&quot;,&quot;possibleAnswerText&quot;:&quot;Travel&quot;},{&quot;possibleAnswerCode&quot;:&quot;ZQP20052248&quot;,&quot;possibleAnswerText&quot;:&quot;Bonus&quot;},{&quot;possibleAnswerCode&quot;:&quot;ZQP20052249&quot;,&quot;possibleAnswerText&quot;:&quot;Subsidised schooling&quot;},{&quot;possibleAnswerCode&quot;:&quot;ZQP20052250&quot;,&quot;possibleAnswerText&quot;:&quot;Other&quot;},{&quot;possibleAnswerCode&quot;:&quot;ZQP20052251&quot;,&quot;possibleAnswerText&quot;:&quot;There are no legal requirements&quot;}]},{&quot;questionType&quot;:&quot;FREE_TEXT&quot;,&quot;questionCode&quot;:&quot;ZQQ20050175&quot;,&quot;questionText&quot;:&quot;Please specify&quot;,&quot;sectorProfiles&quot;:[&quot;TRIGGER&quot;],&quot;possibleAnswers&quot;:[]},{&quot;questionType&quot;:&quot;SINGLE_CHOICE&quot;,&quot;questionCode&quot;:&quot;ZQQ20050176&quot;,&quot;questionText&quot;:&quot;Do all  employees/workers at this site, receive pay and benefits in line with the law?&quot;,&quot;sectorProfiles&quot;:[&quot;BIGAGRI&quot;,&quot;FISHVESL&quot;,&quot;MANUFACT&quot;,&quot;SERVPROV&quot;,&quot;SMALLAGRI&quot;],&quot;possibleAnswers&quot;:[{&quot;possibleAnswerCode&quot;:&quot;ZQP20052252&quot;,&quot;possibleAnswerText&quot;:&quot;No&quot;},{&quot;possibleAnswerCode&quot;:&quot;ZQP20052253&quot;,&quot;possibleAnswerText&quot;:&quot;Yes, all employees&quot;}]},{&quot;questionType&quot;:&quot;SINGLE_CHOICE&quot;,&quot;questionCode&quot;:&quot;ZQQ20050177&quot;,&quot;questionText&quot;:&quot;Do you keep an up-to-date register of all employees/workers directly employed by you, including permanent, casual, temporary and seasonal and those on fixed or short term contracts?&quot;,&quot;sectorProfiles&quot;:[&quot;BIGAGRI&quot;,&quot;FISHVESL&quot;,&quot;MANUFACT&quot;,&quot;SERVPROV&quot;,&quot;SMALLAGRI&quot;],&quot;possibleAnswers&quot;:[{&quot;possibleAnswerCode&quot;:&quot;ZQP20052254&quot;,&quot;possibleAnswerText&quot;:&quot;Yes&quot;},{&quot;possibleAnswerCode&quot;:&quot;ZQP20052255&quot;,&quot;possibleAnswerText&quot;:&quot;No&quot;}]},{&quot;questionType&quot;:&quot;SINGLE_CHOICE&quot;,&quot;questionCode&quot;:&quot;ZQQ20050178&quot;,&quot;questionText&quot;:&quot;Do you use agencies/[labour provider]s?&quot;,&quot;sectorProfiles&quot;:[&quot;BIGAGRI&quot;,&quot;FISHVESL&quot;,&quot;MANUFACT&quot;,&quot;SERVPROV&quot;,&quot;SMALLAGRI&quot;],&quot;possibleAnswers&quot;:[{&quot;possibleAnswerCode&quot;:&quot;ZQP20052256&quot;,&quot;possibleAnswerText&quot;:&quot;Yes&quot;},{&quot;possibleAnswerCode&quot;:&quot;ZQP20052257&quot;,&quot;possibleAnswerText&quot;:&quot;No&quot;}]},{&quot;questionType&quot;:&quot;FREE_TEXT&quot;,&quot;questionCode&quot;:&quot;ZQQ20050179&quot;,&quot;questionText&quot;:&quot;Please provide the names of the labour providers that you use on a regular basis&quot;,&quot;sectorProfiles&quot;:[&quot;TRIGGER&quot;],&quot;possibleAnswers&quot;:[]},{&quot;questionType&quot;:&quot;MULTIPLE_CHOICE&quot;,&quot;questionCode&quot;:&quot;ZQQ20050180&quot;,&quot;questionText&quot;:&quot;If yes, do you have any systems in place to check that the agencies/ [labour provider]s that you use meet labour standard requirements?  Please select all applicable answers.&quot;,&quot;sectorProfiles&quot;:[&quot;TRIGGER&quot;],&quot;possibleAnswers&quot;:[{&quot;possibleAnswerCode&quot;:&quot;ZQP20052258&quot;,&quot;possibleAnswerText&quot;:&quot;No&quot;},{&quot;possibleAnswerCode&quot;:&quot;ZQP20052259&quot;,&quot;possibleAnswerText&quot;:&quot;Yes&quot;},{&quot;possibleAnswerCode&quot;:&quot;ZQP20052260&quot;,&quot;possibleAnswerText&quot;:&quot;Yes, we regularly check our labour providers meet these requirements&quot;},{&quot;possibleAnswerCode&quot;:&quot;ZQP20052261&quot;,&quot;possibleAnswerText&quot;:&quot;Yes, they are certified to international labour standards e.g. SA 8000&quot;},{&quot;possibleAnswerCode&quot;:&quot;ZQP20052262&quot;,&quot;possibleAnswerText&quot;:&quot;Yes, they are certified to GLA standards&quot;},{&quot;possibleAnswerCode&quot;:&quot;ZQP20052263&quot;,&quot;possibleAnswerText&quot;:&quot;Yes, certified to national standard&quot;}]},{&quot;questionType&quot;:&quot;SINGLE_CHOICE&quot;,&quot;questionCode&quot;:&quot;ZQQ20050181&quot;,&quot;questionText&quot;:&quot;If yes, do all agencies/ [labour provider]s have documents proving that each employee/worker has the right to  work in the country?&quot;,&quot;sectorProfiles&quot;:[&quot;TRIGGER&quot;],&quot;possibleAnswers&quot;:[{&quot;possibleAnswerCode&quot;:&quot;ZQP20052264&quot;,&quot;possibleAnswerText&quot;:&quot;Yes&quot;},{&quot;possibleAnswerCode&quot;:&quot;ZQP20052265&quot;,&quot;possibleAnswerText&quot;:&quot;No&quot;}]},{&quot;questionType&quot;:&quot;FREE_TEXT&quot;,&quot;questionCode&quot;:&quot;ZQQ20050182&quot;,&quot;questionText&quot;:&quot;How do you check that the documents held by the [labour provider] are genuine?&quot;,&quot;sectorProfiles&quot;:[&quot;TRIGGER&quot;],&quot;possibleAnswers&quot;:[]},{&quot;questionType&quot;:&quot;SINGLE_CHOICE&quot;,&quot;questionCode&quot;:&quot;ZQQ20050183&quot;,&quot;questionText&quot;:&quot;If yes, before commencing work each day, do all agencies/ [labour provider]s provide you with a fully completed and signed list of agency employees/workers?&quot;,&quot;sectorProfiles&quot;:[&quot;TRIGGER&quot;],&quot;possibleAnswers&quot;:[{&quot;possibleAnswerCode&quot;:&quot;ZQP20052266&quot;,&quot;possibleAnswerText&quot;:&quot;Yes&quot;},{&quot;possibleAnswerCode&quot;:&quot;ZQP20052267&quot;,&quot;possibleAnswerText&quot;:&quot;No&quot;}]},{&quot;questionType&quot;:&quot;SINGLE_CHOICE&quot;,&quot;questionCode&quot;:&quot;ZQQ20050184&quot;,&quot;questionText&quot;:&quot;Do you have an agreement that specifies rates of pay and health and safety responsibilities of each party, the agency/[labour provider] and the labour user ?&quot;,&quot;sectorProfiles&quot;:[&quot;TRIGGER&quot;],&quot;possibleAnswers&quot;:[{&quot;possibleAnswerCode&quot;:&quot;ZQP20052268&quot;,&quot;possibleAnswerText&quot;:&quot;Yes&quot;},{&quot;possibleAnswerCode&quot;:&quot;ZQP20052269&quot;,&quot;possibleAnswerText&quot;:&quot;No&quot;}]},{&quot;questionType&quot;:&quot;SINGLE_CHOICE&quot;,&quot;questionCode&quot;:&quot;ZQQ20050185&quot;,&quot;questionText&quot;:&quot;Do you have documents proving that each of the employees/workers supplied by you has the right to work in the country?&quot;,&quot;sectorProfiles&quot;:[&quot;SERVPROV&quot;],&quot;possibleAnswers&quot;:[{&quot;possibleAnswerCode&quot;:&quot;ZQP20052270&quot;,&quot;possibleAnswerText&quot;:&quot;Yes&quot;},{&quot;possibleAnswerCode&quot;:&quot;ZQP20052271&quot;,&quot;possibleAnswerText&quot;:&quot;No&quot;}]},{&quot;questionType&quot;:&quot;FREE_TEXT&quot;,&quot;questionCode&quot;:&quot;ZQQ20050186&quot;,&quot;questionText&quot;:&quot;If yes, how do you check that the documents you hold are genuine&quot;,&quot;sectorProfiles&quot;:[&quot;TRIGGER&quot;],&quot;possibleAnswers&quot;:[]},{&quot;questionType&quot;:&quot;SINGLE_CHOICE&quot;,&quot;questionCode&quot;:&quot;ZQQ20050187&quot;,&quot;questionText&quot;:&quot;Before commencing work each day, do you provide the labour user with a fully completed and signed list of agency employees/workers?&quot;,&quot;sectorProfiles&quot;:[&quot;SERVPROV&quot;],&quot;possibleAnswers&quot;:[{&quot;possibleAnswerCode&quot;:&quot;ZQP20052272&quot;,&quot;possibleAnswerText&quot;:&quot;Yes&quot;},{&quot;possibleAnswerCode&quot;:&quot;ZQP20052273&quot;,&quot;possibleAnswerText&quot;:&quot;No&quot;}]},{&quot;questionType&quot;:&quot;SINGLE_CHOICE&quot;,&quot;questionCode&quot;:&quot;ZQQ20050188&quot;,&quot;questionText&quot;:&quot;Do you have an agreement that specifies rates of pay and health and safety responsibilities of both your company and the labour user ?&quot;,&quot;sectorProfiles&quot;:[&quot;SERVPROV&quot;],&quot;possibleAnswers&quot;:[{&quot;possibleAnswerCode&quot;:&quot;ZQP20052274&quot;,&quot;possibleAnswerText&quot;:&quot;Yes&quot;},{&quot;possibleAnswerCode&quot;:&quot;ZQP20052275&quot;,&quot;possibleAnswerText&quot;:&quot;No&quot;}]}]},{&quot;subSectionCode&quot;:&quot;ZQU20050017&quot;,&quot;subSectionName&quot;:&quot;Discipline and Grievance&quot;,&quot;questions&quot;:[{&quot;questionType&quot;:&quot;SINGLE_CHOICE&quot;,&quot;questionCode&quot;:&quot;ZQQ20050189&quot;,&quot;questionText&quot;:&quot;Do you have a written disciplinary procedure?&quot;,&quot;sectorProfiles&quot;:[&quot;BIGAGRI&quot;,&quot;HEAVMANU&quot;,&quot;MANUFACT&quot;,&quot;SERVPROV&quot;],&quot;possibleAnswers&quot;:[{&quot;possibleAnswerCode&quot;:&quot;ZQP20052276&quot;,&quot;possibleAnswerText&quot;:&quot;Yes&quot;},{&quot;possibleAnswerCode&quot;:&quot;ZQP20052277&quot;,&quot;possibleAnswerText&quot;:&quot;No&quot;}]},{&quot;questionType&quot;:&quot;SINGLE_CHOICE&quot;,&quot;questionCode&quot;:&quot;ZQQ20050190&quot;,&quot;questionText&quot;:&quot;Do you have a written [grievance procedure]?&quot;,&quot;sectorProfiles&quot;:[&quot;BIGAGRI&quot;,&quot;HEAVMANU&quot;,&quot;MANUFACT&quot;,&quot;SERVPROV&quot;],&quot;possibleAnswers&quot;:[{&quot;possibleAnswerCode&quot;:&quot;ZQP20052278&quot;,&quot;possibleAnswerText&quot;:&quot;Yes&quot;},{&quot;possibleAnswerCode&quot;:&quot;ZQP20052279&quot;,&quot;possibleAnswerText&quot;:&quot;No&quot;}]},{&quot;questionType&quot;:&quot;SINGLE_CHOICE&quot;,&quot;questionCode&quot;:&quot;ZQQ20050191&quot;,&quot;questionText&quot;:&quot;Do supervisors and managers receive training on disciplinary and [grievance procedure]s?&quot;,&quot;sectorProfiles&quot;:[&quot;BIGAGRI&quot;,&quot;MANUFACT&quot;,&quot;SERVPROV&quot;],&quot;possibleAnswers&quot;:[{&quot;possibleAnswerCode&quot;:&quot;ZQP20052280&quot;,&quot;possibleAnswerText&quot;:&quot;No&quot;},{&quot;possibleAnswerCode&quot;:&quot;ZQP20052281&quot;,&quot;possibleAnswerText&quot;:&quot;Yes&quot;},{&quot;possibleAnswerCode&quot;:&quot;ZQP20052282&quot;,&quot;possibleAnswerText&quot;:&quot;Yes, training is formally documented&quot;}]},{&quot;questionType&quot;:&quot;SINGLE_CHOICE&quot;,&quot;questionCode&quot;:&quot;ZQQ20050192&quot;,&quot;questionText&quot;:&quot;Do you keep records of disciplinary actions taken and [grievance procedure]s?&quot;,&quot;sectorProfiles&quot;:[&quot;BIGAGRI&quot;,&quot;MANUFACT&quot;,&quot;SERVPROV&quot;],&quot;possibleAnswers&quot;:[{&quot;possibleAnswerCode&quot;:&quot;ZQP20052283&quot;,&quot;possibleAnswerText&quot;:&quot;No&quot;},{&quot;possibleAnswerCode&quot;:&quot;ZQP20052284&quot;,&quot;possibleAnswerText&quot;:&quot;Yes&quot;},{&quot;possibleAnswerCode&quot;:&quot;ZQP20052285&quot;,&quot;possibleAnswerText&quot;:&quot;Yes, an internal system is available for taking records&quot;}]},{&quot;questionType&quot;:&quot;SINGLE_CHOICE&quot;,&quot;questionCode&quot;:&quot;ZQQ20050193&quot;,&quot;questionText&quot;:&quot;Do you have a written procedure to prevent harassment or bullying in any form?&quot;,&quot;sectorProfiles&quot;:[&quot;BIGAGRI&quot;,&quot;HEAVMANU&quot;,&quot;MANUFACT&quot;,&quot;SERVPROV&quot;],&quot;possibleAnswers&quot;:[{&quot;possibleAnswerCode&quot;:&quot;ZQP20052286&quot;,&quot;possibleAnswerText&quot;:&quot;Yes&quot;},{&quot;possibleAnswerCode&quot;:&quot;ZQP20052287&quot;,&quot;possibleAnswerText&quot;:&quot;No&quot;}]},{&quot;questionType&quot;:&quot;MULTIPLE_CHOICE&quot;,&quot;questionCode&quot;:&quot;ZQQ20050194&quot;,&quot;questionText&quot;:&quot;Do you conduct [physical searches] of employees/workers?&quot;,&quot;sectorProfiles&quot;:[&quot;BIGAGRI&quot;,&quot;MANUFACT&quot;,&quot;SERVPROV&quot;],&quot;possibleAnswers&quot;:[{&quot;possibleAnswerCode&quot;:&quot;ZQP20052288&quot;,&quot;possibleAnswerText&quot;:&quot;No&quot;},{&quot;possibleAnswerCode&quot;:&quot;ZQP20052289&quot;,&quot;possibleAnswerText&quot;:&quot;Yes&quot;},{&quot;possibleAnswerCode&quot;:&quot;ZQP20052290&quot;,&quot;possibleAnswerText&quot;:&quot;Yes, as recognised in contracts of employment&quot;},{&quot;possibleAnswerCode&quot;:&quot;ZQP20052291&quot;,&quot;possibleAnswerText&quot;:&quot;Yes, with permission of employees&quot;}]},{&quot;questionType&quot;:&quot;SINGLE_CHOICE&quot;,&quot;questionCode&quot;:&quot;ZQQ20050195&quot;,&quot;questionText&quot;:&quot;Do you have a confidential means for employees/workers to report any discrimination or harassment e.g. help line or whistleblowing procedure?&quot;,&quot;sectorProfiles&quot;:[&quot;BIGAGRI&quot;,&quot;HEAVMANU&quot;,&quot;MANUFACT&quot;,&quot;SERVPROV&quot;],&quot;possibleAnswers&quot;:[{&quot;possibleAnswerCode&quot;:&quot;ZQP20052292&quot;,&quot;possibleAnswerText&quot;:&quot;Yes&quot;},{&quot;possibleAnswerCode&quot;:&quot;ZQP20052293&quot;,&quot;possibleAnswerText&quot;:&quot;No&quot;}]}]},{&quot;subSectionCode&quot;:&quot;ZQU20050018&quot;,&quot;subSectionName&quot;:&quot;Smallholders&quot;,&quot;questions&quot;:[{&quot;questionType&quot;:&quot;SINGLE_CHOICE&quot;,&quot;questionCode&quot;:&quot;ZQQ20050196&quot;,&quot;questionText&quot;:&quot;Do you have [smallholder]s in your [supply chain]?&quot;,&quot;sectorProfiles&quot;:[&quot;BIGAGRI&quot;,&quot;FISHVESL&quot;,&quot;INTERMEDI&quot;,&quot;MANUFACT&quot;,&quot;SMALLAGRI&quot;],&quot;possibleAnswers&quot;:[{&quot;possibleAnswerCode&quot;:&quot;ZQP20052294&quot;,&quot;possibleAnswerText&quot;:&quot;Yes&quot;},{&quot;possibleAnswerCode&quot;:&quot;ZQP20052295&quot;,&quot;possibleAnswerText&quot;:&quot;No&quot;}]},{&quot;questionType&quot;:&quot;MULTIPLE_CHOICE&quot;,&quot;questionCode&quot;:&quot;ZQQ20050197&quot;,&quot;questionText&quot;:&quot;How do you support [smallholder]s to achieve [ethical requirements]?  Please select all applicable answers.&quot;,&quot;sectorProfiles&quot;:[&quot;TRIGGER&quot;],&quot;possibleAnswers&quot;:[{&quot;possibleAnswerCode&quot;:&quot;ZQP20052296&quot;,&quot;possibleAnswerText&quot;:&quot;We don&apos;t support smallholders&quot;},{&quot;possibleAnswerCode&quot;:&quot;ZQP20052297&quot;,&quot;possibleAnswerText&quot;:&quot;Individual meetings&quot;},{&quot;possibleAnswerCode&quot;:&quot;ZQP20052298&quot;,&quot;possibleAnswerText&quot;:&quot;Documented training&quot;},{&quot;possibleAnswerCode&quot;:&quot;ZQP20052299&quot;,&quot;possibleAnswerText&quot;:&quot;Documents and workbooks&quot;},{&quot;possibleAnswerCode&quot;:&quot;ZQP20052300&quot;,&quot;possibleAnswerText&quot;:&quot;Other&quot;}]},{&quot;questionType&quot;:&quot;FREE_TEXT&quot;,&quot;questionCode&quot;:&quot;ZQQ20050198&quot;,&quot;questionText&quot;:&quot;Please specify&quot;,&quot;sectorProfiles&quot;:[&quot;TRIGGER&quot;],&quot;possibleAnswers&quot;:[]}]},{&quot;subSectionCode&quot;:&quot;ZQU20050019&quot;,&quot;subSectionName&quot;:&quot;Homeworkers&quot;,&quot;questions&quot;:[{&quot;questionType&quot;:&quot;SINGLE_CHOICE&quot;,&quot;questionCode&quot;:&quot;ZQQ20050199&quot;,&quot;questionText&quot;:&quot;Do you have [homeworkers] in your [supply chain]?&quot;,&quot;sectorProfiles&quot;:[&quot;INTERMEDI&quot;,&quot;MANUFACT&quot;],&quot;possibleAnswers&quot;:[{&quot;possibleAnswerCode&quot;:&quot;ZQP20052301&quot;,&quot;possibleAnswerText&quot;:&quot;Yes&quot;},{&quot;possibleAnswerCode&quot;:&quot;ZQP20052302&quot;,&quot;possibleAnswerText&quot;:&quot;No&quot;}]},{&quot;questionType&quot;:&quot;SINGLE_CHOICE&quot;,&quot;questionCode&quot;:&quot;ZQQ20050200&quot;,&quot;questionText&quot;:&quot;Do you have a written policy that ensures fair working conditions and rights of [homeworkers]?&quot;,&quot;sectorProfiles&quot;:[&quot;TRIGGER&quot;],&quot;possibleAnswers&quot;:[{&quot;possibleAnswerCode&quot;:&quot;ZQP20052303&quot;,&quot;possibleAnswerText&quot;:&quot;Yes&quot;},{&quot;possibleAnswerCode&quot;:&quot;ZQP20052304&quot;,&quot;possibleAnswerText&quot;:&quot;No&quot;}]},{&quot;questionType&quot;:&quot;SINGLE_CHOICE&quot;,&quot;questionCode&quot;:&quot;ZQQ20050201&quot;,&quot;questionText&quot;:&quot;Do you have a written procedure on how to ensure [homeworkers] have fair working conditions and rights?&quot;,&quot;sectorProfiles&quot;:[&quot;TRIGGER&quot;],&quot;possibleAnswers&quot;:[{&quot;possibleAnswerCode&quot;:&quot;ZQP20052305&quot;,&quot;possibleAnswerText&quot;:&quot;Yes&quot;},{&quot;possibleAnswerCode&quot;:&quot;ZQP20052306&quot;,&quot;possibleAnswerText&quot;:&quot;No&quot;}]},{&quot;questionType&quot;:&quot;SINGLE_CHOICE&quot;,&quot;questionCode&quot;:&quot;ZQQ20050202&quot;,&quot;questionText&quot;:&quot;Do [homeworkers] receive at least the [legal minimum wage] equivalent for the hours they work ?&quot;,&quot;sectorProfiles&quot;:[&quot;TRIGGER&quot;],&quot;possibleAnswers&quot;:[{&quot;possibleAnswerCode&quot;:&quot;ZQP20052307&quot;,&quot;possibleAnswerText&quot;:&quot;No&quot;},{&quot;possibleAnswerCode&quot;:&quot;ZQP20052308&quot;,&quot;possibleAnswerText&quot;:&quot;Yes&quot;},{&quot;possibleAnswerCode&quot;:&quot;ZQP20052309&quot;,&quot;possibleAnswerText&quot;:&quot;Do not know&quot;}]},{&quot;questionType&quot;:&quot;SINGLE_CHOICE&quot;,&quot;questionCode&quot;:&quot;ZQQ20050203&quot;,&quot;questionText&quot;:&quot;Do you evaluate health and safety risks for [homeworkers] at the location where the product is made?&quot;,&quot;sectorProfiles&quot;:[&quot;TRIGGER&quot;],&quot;possibleAnswers&quot;:[{&quot;possibleAnswerCode&quot;:&quot;ZQP20052310&quot;,&quot;possibleAnswerText&quot;:&quot;No&quot;},{&quot;possibleAnswerCode&quot;:&quot;ZQP20052311&quot;,&quot;possibleAnswerText&quot;:&quot;Yes&quot;},{&quot;possibleAnswerCode&quot;:&quot;ZQP20052312&quot;,&quot;possibleAnswerText&quot;:&quot;Yes, records kept by our office&quot;},{&quot;possibleAnswerCode&quot;:&quot;ZQP20052313&quot;,&quot;possibleAnswerText&quot;:&quot;Yes, records kept by home workers&quot;}]}]},{&quot;subSectionCode&quot;:&quot;ZQU20050020&quot;,&quot;subSectionName&quot;:&quot;Sourcing&quot;,&quot;questions&quot;:[{&quot;questionType&quot;:&quot;MULTIPLE_CHOICE&quot;,&quot;questionCode&quot;:&quot;ZQQ20050204&quot;,&quot;questionText&quot;:&quot;Are any of these [minerals] present in any of the products that you manufacture or supply? Please select all applicable answers&quot;,&quot;sectorProfiles&quot;:[&quot;HEAVMANU&quot;,&quot;MANUFACT&quot;],&quot;possibleAnswers&quot;:[{&quot;possibleAnswerCode&quot;:&quot;ZQP20052314&quot;,&quot;possibleAnswerText&quot;:&quot;Tin&quot;},{&quot;possibleAnswerCode&quot;:&quot;ZQP20052315&quot;,&quot;possibleAnswerText&quot;:&quot;Tungsten&quot;},{&quot;possibleAnswerCode&quot;:&quot;ZQP20052316&quot;,&quot;possibleAnswerText&quot;:&quot;Tantalum&quot;},{&quot;possibleAnswerCode&quot;:&quot;ZQP20052317&quot;,&quot;possibleAnswerText&quot;:&quot;Gold&quot;},{&quot;possibleAnswerCode&quot;:&quot;ZQP20052318&quot;,&quot;possibleAnswerText&quot;:&quot;Don&apos;t Know&quot;},{&quot;possibleAnswerCode&quot;:&quot;ZQP20052319&quot;,&quot;possibleAnswerText&quot;:&quot;None of the above&quot;}]},{&quot;questionType&quot;:&quot;MULTIPLE_CHOICE&quot;,&quot;questionCode&quot;:&quot;ZQQ20050205&quot;,&quot;questionText&quot;:&quot;Are any of these [minerals] sourced from any of the following countries?  Please select all applicable answers&quot;,&quot;sectorProfiles&quot;:[&quot;TRIGGER&quot;],&quot;possibleAnswers&quot;:[{&quot;possibleAnswerCode&quot;:&quot;ZQP20052320&quot;,&quot;possibleAnswerText&quot;:&quot;Angola&quot;},{&quot;possibleAnswerCode&quot;:&quot;ZQP20052321&quot;,&quot;possibleAnswerText&quot;:&quot;Burundi&quot;},{&quot;possibleAnswerCode&quot;:&quot;ZQP20052322&quot;,&quot;possibleAnswerText&quot;:&quot;Central African Republic&quot;},{&quot;possibleAnswerCode&quot;:&quot;ZQP20052323&quot;,&quot;possibleAnswerText&quot;:&quot;The Republic of the Congo&quot;},{&quot;possibleAnswerCode&quot;:&quot;ZQP20052324&quot;,&quot;possibleAnswerText&quot;:&quot;Democratic Republic of the Congo&quot;},{&quot;possibleAnswerCode&quot;:&quot;ZQP20052325&quot;,&quot;possibleAnswerText&quot;:&quot;Rwanda&quot;},{&quot;possibleAnswerCode&quot;:&quot;ZQP20052326&quot;,&quot;possibleAnswerText&quot;:&quot;South Sudan&quot;},{&quot;possibleAnswerCode&quot;:&quot;ZQP20052327&quot;,&quot;possibleAnswerText&quot;:&quot;Tanzania&quot;},{&quot;possibleAnswerCode&quot;:&quot;ZQP20052328&quot;,&quot;possibleAnswerText&quot;:&quot;Uganda&quot;},{&quot;possibleAnswerCode&quot;:&quot;ZQP20052329&quot;,&quot;possibleAnswerText&quot;:&quot;Zambia&quot;},{&quot;possibleAnswerCode&quot;:&quot;ZQP20052330&quot;,&quot;possibleAnswerText&quot;:&quot;Don&apos;t know&quot;},{&quot;possibleAnswerCode&quot;:&quot;ZQP20052331&quot;,&quot;possibleAnswerText&quot;:&quot;None of the above&quot;}]},{&quot;questionType&quot;:&quot;MULTIPLE_CHOICE&quot;,&quot;questionCode&quot;:&quot;ZQQ20050206&quot;,&quot;questionText&quot;:&quot;How do you confirm that the metals listed above are from a non-conflict zone source or are responsibly sourced from a conflict zone? Please select all applicable answers&quot;,&quot;sectorProfiles&quot;:[&quot;TRIGGER&quot;],&quot;possibleAnswers&quot;:[{&quot;possibleAnswerCode&quot;:&quot;ZQP20052332&quot;,&quot;possibleAnswerText&quot;:&quot;We don&apos;t&quot;},{&quot;possibleAnswerCode&quot;:&quot;ZQP20052333&quot;,&quot;possibleAnswerText&quot;:&quot;Sourcing directly from Audited Refiners/Smelters&quot;},{&quot;possibleAnswerCode&quot;:&quot;ZQP20052334&quot;,&quot;possibleAnswerText&quot;:&quot;Information from suppliers&quot;},{&quot;possibleAnswerCode&quot;:&quot;ZQP20052335&quot;,&quot;possibleAnswerText&quot;:&quot;Contractual requirements on suppliers&quot;},{&quot;possibleAnswerCode&quot;:&quot;ZQP20052336&quot;,&quot;possibleAnswerText&quot;:&quot;Traceability/Chain of Custody Audits&quot;},{&quot;possibleAnswerCode&quot;:&quot;ZQP20052337&quot;,&quot;possibleAnswerText&quot;:&quot;Other&quot;}]},{&quot;questionType&quot;:&quot;FREE_TEXT&quot;,&quot;questionCode&quot;:&quot;ZQQ20050207&quot;,&quot;questionText&quot;:&quot;Please specify&quot;,&quot;sectorProfiles&quot;:[&quot;TRIGGER&quot;],&quot;possibleAnswers&quot;:[]}]},{&quot;subSectionCode&quot;:&quot;ZQU20050021&quot;,&quot;subSectionName&quot;:&quot;Human Rights&quot;,&quot;questions&quot;:[{&quot;questionType&quot;:&quot;SINGLE_CHOICE&quot;,&quot;questionCode&quot;:&quot;ZQQ20050208&quot;,&quot;questionText&quot;:&quot;Do you have a policy in which your company commits to respecting all human rights?&quot;,&quot;sectorProfiles&quot;:[&quot;BIGAGRI&quot;,&quot;FISHVESL&quot;,&quot;HEAVMANU&quot;,&quot;INTERMEDI&quot;,&quot;MANUFACT&quot;,&quot;SERVPROV&quot;,&quot;SMALLAGRI&quot;],&quot;possibleAnswers&quot;:[{&quot;possibleAnswerCode&quot;:&quot;ZQP20052338&quot;,&quot;possibleAnswerText&quot;:&quot;No&quot;},{&quot;possibleAnswerCode&quot;:&quot;ZQP20052339&quot;,&quot;possibleAnswerText&quot;:&quot;Don&apos;t know&quot;},{&quot;possibleAnswerCode&quot;:&quot;ZQP20052340&quot;,&quot;possibleAnswerText&quot;:&quot;Yes, all workplace-related human rights&quot;},{&quot;possibleAnswerCode&quot;:&quot;ZQP20052341&quot;,&quot;possibleAnswerText&quot;:&quot;Yes, all internationally recognised human rights&quot;}]},{&quot;questionType&quot;:&quot;SINGLE_CHOICE&quot;,&quot;questionCode&quot;:&quot;ZQQ20050209&quot;,&quot;questionText&quot;:&quot;Do you have a procedure to identify, assess and remedy (as appropriate) the impacts of your business on all human rights?&quot;,&quot;sectorProfiles&quot;:[&quot;BIGAGRI&quot;,&quot;FISHVESL&quot;,&quot;HEAVMANU&quot;,&quot;INTERMEDI&quot;,&quot;MANUFACT&quot;,&quot;SERVPROV&quot;,&quot;SMALLAGRI&quot;],&quot;possibleAnswers&quot;:[{&quot;possibleAnswerCode&quot;:&quot;ZQP20052342&quot;,&quot;possibleAnswerText&quot;:&quot;No&quot;},{&quot;possibleAnswerCode&quot;:&quot;ZQP20052343&quot;,&quot;possibleAnswerText&quot;:&quot;Yes, on our own business operations, including the communities in which we operate&quot;},{&quot;possibleAnswerCode&quot;:&quot;ZQP20052344&quot;,&quot;possibleAnswerText&quot;:&quot;Yes, in our business relationships with suppliers&quot;},{&quot;possibleAnswerCode&quot;:&quot;ZQP20052345&quot;,&quot;possibleAnswerText&quot;:&quot;Yes, in all our business relationships&quot;}]},{&quot;questionType&quot;:&quot;SINGLE_CHOICE&quot;,&quot;questionCode&quot;:&quot;ZQQ20050210&quot;,&quot;questionText&quot;:&quot;If yes, have you developed action plans to address actual or potential impacts on human rights?&quot;,&quot;sectorProfiles&quot;:[&quot;TRIGGER&quot;],&quot;possibleAnswers&quot;:[{&quot;possibleAnswerCode&quot;:&quot;ZQP20052346&quot;,&quot;possibleAnswerText&quot;:&quot;No&quot;},{&quot;possibleAnswerCode&quot;:&quot;ZQP20052347&quot;,&quot;possibleAnswerText&quot;:&quot;Yes, they cover actual impacts on rights&quot;},{&quot;possibleAnswerCode&quot;:&quot;ZQP20052348&quot;,&quot;possibleAnswerText&quot;:&quot;Yes, they cover potential impacts on rights&quot;}]}]}]},{&quot;sectionCode&quot;:&quot;ZQS20050003&quot;,&quot;sectionName&quot;:&quot;Health and Safety&quot;,&quot;subSections&quot;:[{&quot;subSectionCode&quot;:&quot;ZQU20050022&quot;,&quot;subSectionName&quot;:&quot;Health and Safety Management&quot;,&quot;questions&quot;:[{&quot;questionType&quot;:&quot;SINGLE_CHOICE&quot;,&quot;questionCode&quot;:&quot;ZQQ20050226&quot;,&quot;questionText&quot;:&quot;Do you complete any health and safety risk assessments?&quot;,&quot;sectorProfiles&quot;:[&quot;BIGAGRI&quot;,&quot;HEAVMANU&quot;,&quot;MANUFACT&quot;,&quot;SERVPROV&quot;],&quot;possibleAnswers&quot;:[{&quot;possibleAnswerCode&quot;:&quot;ZQP20052404&quot;,&quot;possibleAnswerText&quot;:&quot;No&quot;},{&quot;possibleAnswerCode&quot;:&quot;ZQP20052405&quot;,&quot;possibleAnswerText&quot;:&quot;Yes&quot;},{&quot;possibleAnswerCode&quot;:&quot;ZQP20052406&quot;,&quot;possibleAnswerText&quot;:&quot;Yes, it is documented&quot;}]},{&quot;questionType&quot;:&quot;MULTIPLE_CHOICE&quot;,&quot;questionCode&quot;:&quot;ZQQ20050214&quot;,&quot;questionText&quot;:&quot;How do you ensure health &amp; safety requirements are communicated and understood by employees/ workers?  please select all applicable answers.&quot;,&quot;sectorProfiles&quot;:[&quot;BIGAGRI&quot;,&quot;FISHVESL&quot;,&quot;HEAVMANU&quot;,&quot;INTERMEDI&quot;,&quot;MANUFACT&quot;,&quot;SERVPROV&quot;,&quot;SMALLAGRI&quot;],&quot;possibleAnswers&quot;:[{&quot;possibleAnswerCode&quot;:&quot;ZQP20052366&quot;,&quot;possibleAnswerText&quot;:&quot;Documented training&quot;},{&quot;possibleAnswerCode&quot;:&quot;ZQP20052367&quot;,&quot;possibleAnswerText&quot;:&quot;Evacuation Maps are signposted throughout site&quot;},{&quot;possibleAnswerCode&quot;:&quot;ZQP20052368&quot;,&quot;possibleAnswerText&quot;:&quot;Individual meetings&quot;},{&quot;possibleAnswerCode&quot;:&quot;ZQP20052369&quot;,&quot;possibleAnswerText&quot;:&quot;Intranet, notice board or other internal communications&quot;},{&quot;possibleAnswerCode&quot;:&quot;ZQP20052370&quot;,&quot;possibleAnswerText&quot;:&quot;Materials in a language workers understand (where relevant)&quot;},{&quot;possibleAnswerCode&quot;:&quot;ZQP20052371&quot;,&quot;possibleAnswerText&quot;:&quot;Other&quot;},{&quot;possibleAnswerCode&quot;:&quot;ZQP20052372&quot;,&quot;possibleAnswerText&quot;:&quot;We don&apos;t communicate this&quot;}]},{&quot;questionType&quot;:&quot;MULTIPLE_CHOICE&quot;,&quot;questionCode&quot;:&quot;ZQQ20050211&quot;,&quot;questionText&quot;:&quot;Do you have a written policy on health and safety?  Please select all applicable answers.&quot;,&quot;sectorProfiles&quot;:[&quot;BIGAGRI&quot;,&quot;HEAVMANU&quot;,&quot;INTERMEDI&quot;,&quot;MANUFACT&quot;,&quot;OFFICEHQ&quot;,&quot;SERVPROV&quot;],&quot;possibleAnswers&quot;:[{&quot;possibleAnswerCode&quot;:&quot;ZQP20052349&quot;,&quot;possibleAnswerText&quot;:&quot;No&quot;},{&quot;possibleAnswerCode&quot;:&quot;ZQP20052350&quot;,&quot;possibleAnswerText&quot;:&quot;Yes&quot;},{&quot;possibleAnswerCode&quot;:&quot;ZQP20052351&quot;,&quot;possibleAnswerText&quot;:&quot;Yes, it requires that we comply with national law&quot;},{&quot;possibleAnswerCode&quot;:&quot;ZQP20052352&quot;,&quot;possibleAnswerText&quot;:&quot;Yes, it requires monitoring of performance&quot;},{&quot;possibleAnswerCode&quot;:&quot;ZQP20052353&quot;,&quot;possibleAnswerText&quot;:&quot;Yes, it requires continuous improvement&quot;},{&quot;possibleAnswerCode&quot;:&quot;ZQP20052354&quot;,&quot;possibleAnswerText&quot;:&quot;Yes, it requires that all employees and stakeholders meet our health and safety standards&quot;},{&quot;possibleAnswerCode&quot;:&quot;ZQP20052355&quot;,&quot;possibleAnswerText&quot;:&quot;Don&apos;t know&quot;}]},{&quot;questionType&quot;:&quot;MULTIPLE_CHOICE&quot;,&quot;questionCode&quot;:&quot;ZQQ20050212&quot;,&quot;questionText&quot;:&quot;If yes, what does the policy cover?  Please select all areas that are covered&quot;,&quot;sectorProfiles&quot;:[&quot;TRIGGER&quot;],&quot;possibleAnswers&quot;:[{&quot;possibleAnswerCode&quot;:&quot;ZQP20052356&quot;,&quot;possibleAnswerText&quot;:&quot;Fire safety&quot;},{&quot;possibleAnswerCode&quot;:&quot;ZQP20052357&quot;,&quot;possibleAnswerText&quot;:&quot;Use of personal protective equipment&quot;},{&quot;possibleAnswerCode&quot;:&quot;ZQP20052358&quot;,&quot;possibleAnswerText&quot;:&quot;Machinery and tools&quot;},{&quot;possibleAnswerCode&quot;:&quot;ZQP20052359&quot;,&quot;possibleAnswerText&quot;:&quot;Hazardous materials including chemicals and pesticides (processing, storage, handling, use and disposal)&quot;},{&quot;possibleAnswerCode&quot;:&quot;ZQP20052360&quot;,&quot;possibleAnswerText&quot;:&quot;Working at height&quot;},{&quot;possibleAnswerCode&quot;:&quot;ZQP20052361&quot;,&quot;possibleAnswerText&quot;:&quot;Manual handling&quot;},{&quot;possibleAnswerCode&quot;:&quot;ZQP20052362&quot;,&quot;possibleAnswerText&quot;:&quot;Repetitive (manual) work&quot;},{&quot;possibleAnswerCode&quot;:&quot;ZQP20052363&quot;,&quot;possibleAnswerText&quot;:&quot;Risk from vehicles&quot;}]},{&quot;questionType&quot;:&quot;SINGLE_CHOICE&quot;,&quot;questionCode&quot;:&quot;ZQQ20050213&quot;,&quot;questionText&quot;:&quot;Do you have a  written procedure to identify and assess health and safety risks?&quot;,&quot;sectorProfiles&quot;:[&quot;HEAVMANU&quot;,&quot;MANUFACT&quot;,&quot;SERVPROV&quot;],&quot;possibleAnswers&quot;:[{&quot;possibleAnswerCode&quot;:&quot;ZQP20052364&quot;,&quot;possibleAnswerText&quot;:&quot;Yes&quot;},{&quot;possibleAnswerCode&quot;:&quot;ZQP20052365&quot;,&quot;possibleAnswerText&quot;:&quot;No&quot;}]},{&quot;questionType&quot;:&quot;FREE_TEXT&quot;,&quot;questionCode&quot;:&quot;ZQQ20050215&quot;,&quot;questionText&quot;:&quot;Please specify&quot;,&quot;sectorProfiles&quot;:[&quot;TRIGGER&quot;],&quot;possibleAnswers&quot;:[]},{&quot;questionType&quot;:&quot;MULTIPLE_CHOICE&quot;,&quot;questionCode&quot;:&quot;ZQQ20050216&quot;,&quot;questionText&quot;:&quot;Do you have a written policy that requires your suppliers to meet defined health and safety laws and standards?  Please select all applicable answers.&quot;,&quot;sectorProfiles&quot;:[&quot;INTERMEDI&quot;,&quot;OFFICEHQ&quot;],&quot;possibleAnswers&quot;:[{&quot;possibleAnswerCode&quot;:&quot;ZQP20052373&quot;,&quot;possibleAnswerText&quot;:&quot;No&quot;},{&quot;possibleAnswerCode&quot;:&quot;ZQP20052374&quot;,&quot;possibleAnswerText&quot;:&quot;Yes&quot;},{&quot;possibleAnswerCode&quot;:&quot;ZQP20052375&quot;,&quot;possibleAnswerText&quot;:&quot;Yes, it requires that we comply with national law&quot;},{&quot;possibleAnswerCode&quot;:&quot;ZQP20052376&quot;,&quot;possibleAnswerText&quot;:&quot;Yes, it requires monitoring of performance&quot;},{&quot;possibleAnswerCode&quot;:&quot;ZQP20052377&quot;,&quot;possibleAnswerText&quot;:&quot;Yes, it requires continuous improvement&quot;}]},{&quot;questionType&quot;:&quot;MULTIPLE_CHOICE&quot;,&quot;questionCode&quot;:&quot;ZQQ20050217&quot;,&quot;questionText&quot;:&quot;Do you have a written procedure on how to evaluate and select your suppliers based on their ability to meet defined health and safety laws and standards?  Please select all applicable answers.&quot;,&quot;sectorProfiles&quot;:[&quot;INTERMEDI&quot;],&quot;possibleAnswers&quot;:[{&quot;possibleAnswerCode&quot;:&quot;ZQP20052378&quot;,&quot;possibleAnswerText&quot;:&quot;No&quot;},{&quot;possibleAnswerCode&quot;:&quot;ZQP20052379&quot;,&quot;possibleAnswerText&quot;:&quot;Yes, no implementation in place&quot;},{&quot;possibleAnswerCode&quot;:&quot;ZQP20052380&quot;,&quot;possibleAnswerText&quot;:&quot;Yes, communicated to relevant employees/Workers&quot;},{&quot;possibleAnswerCode&quot;:&quot;ZQP20052381&quot;,&quot;possibleAnswerText&quot;:&quot;Yes, monitored by managers&quot;}]},{&quot;questionType&quot;:&quot;MULTIPLE_CHOICE&quot;,&quot;questionCode&quot;:&quot;ZQQ20050218&quot;,&quot;questionText&quot;:&quot;How do you communicate defined health and safety laws and standards to suppliers?  Please select all applicable answers.&quot;,&quot;sectorProfiles&quot;:[&quot;INTERMEDI&quot;],&quot;possibleAnswers&quot;:[{&quot;possibleAnswerCode&quot;:&quot;ZQP20052382&quot;,&quot;possibleAnswerText&quot;:&quot;We don&apos;t communicate this&quot;},{&quot;possibleAnswerCode&quot;:&quot;ZQP20052383&quot;,&quot;possibleAnswerText&quot;:&quot;Letters, emails and other external communications&quot;},{&quot;possibleAnswerCode&quot;:&quot;ZQP20052384&quot;,&quot;possibleAnswerText&quot;:&quot;Individual meetings&quot;},{&quot;possibleAnswerCode&quot;:&quot;ZQP20052385&quot;,&quot;possibleAnswerText&quot;:&quot;Documented training&quot;},{&quot;possibleAnswerCode&quot;:&quot;ZQP20052386&quot;,&quot;possibleAnswerText&quot;:&quot;Other&quot;}]},{&quot;questionType&quot;:&quot;FREE_TEXT&quot;,&quot;questionCode&quot;:&quot;ZQQ20050219&quot;,&quot;questionText&quot;:&quot;Please specify&quot;,&quot;sectorProfiles&quot;:[&quot;TRIGGER&quot;],&quot;possibleAnswers&quot;:[]},{&quot;questionType&quot;:&quot;MULTIPLE_CHOICE&quot;,&quot;questionCode&quot;:&quot;ZQQ20050220&quot;,&quot;questionText&quot;:&quot;How do you check that suppliers meet defined health and safety laws and standards?  Please select all applicable answers.&quot;,&quot;sectorProfiles&quot;:[&quot;INTERMEDI&quot;],&quot;possibleAnswers&quot;:[{&quot;possibleAnswerCode&quot;:&quot;ZQP20052387&quot;,&quot;possibleAnswerText&quot;:&quot;No action&quot;},{&quot;possibleAnswerCode&quot;:&quot;ZQP20052388&quot;,&quot;possibleAnswerText&quot;:&quot;We audit suppliers ourselves&quot;},{&quot;possibleAnswerCode&quot;:&quot;ZQP20052389&quot;,&quot;possibleAnswerText&quot;:&quot;We commission or accept audits from external third party&quot;},{&quot;possibleAnswerCode&quot;:&quot;ZQP20052390&quot;,&quot;possibleAnswerText&quot;:&quot;We request copies of recognised certification&quot;},{&quot;possibleAnswerCode&quot;:&quot;ZQP20052391&quot;,&quot;possibleAnswerText&quot;:&quot;Other&quot;}]},{&quot;questionType&quot;:&quot;FREE_TEXT&quot;,&quot;questionCode&quot;:&quot;ZQQ20050221&quot;,&quot;questionText&quot;:&quot;Please specify&quot;,&quot;sectorProfiles&quot;:[&quot;TRIGGER&quot;],&quot;possibleAnswers&quot;:[]},{&quot;questionType&quot;:&quot;MULTIPLE_CHOICE&quot;,&quot;questionCode&quot;:&quot;ZQQ20050222&quot;,&quot;questionText&quot;:&quot;Do you have a procedure for responding to health and safety non-compliances found in suppliers?  Please select all applicable answers.&quot;,&quot;sectorProfiles&quot;:[&quot;INTERMEDI&quot;],&quot;possibleAnswers&quot;:[{&quot;possibleAnswerCode&quot;:&quot;ZQP20052392&quot;,&quot;possibleAnswerText&quot;:&quot;No&quot;},{&quot;possibleAnswerCode&quot;:&quot;ZQP20052393&quot;,&quot;possibleAnswerText&quot;:&quot;Yes&quot;},{&quot;possibleAnswerCode&quot;:&quot;ZQP20052394&quot;,&quot;possibleAnswerText&quot;:&quot;Yes, we actively favour compliant suppliers&quot;},{&quot;possibleAnswerCode&quot;:&quot;ZQP20052395&quot;,&quot;possibleAnswerText&quot;:&quot;Yes, we require suppliers to address non-compliances&quot;}]},{&quot;questionType&quot;:&quot;SINGLE_CHOICE&quot;,&quot;questionCode&quot;:&quot;ZQQ20050223&quot;,&quot;questionText&quot;:&quot;Do you have a dedicated senior manager and / or qualified safety officer responsible for health and safety?&quot;,&quot;sectorProfiles&quot;:[&quot;BIGAGRI&quot;,&quot;HEAVMANU&quot;,&quot;INTERMEDI&quot;,&quot;MANUFACT&quot;,&quot;SERVPROV&quot;],&quot;possibleAnswers&quot;:[{&quot;possibleAnswerCode&quot;:&quot;ZQP20052396&quot;,&quot;possibleAnswerText&quot;:&quot;No&quot;},{&quot;possibleAnswerCode&quot;:&quot;ZQP20052397&quot;,&quot;possibleAnswerText&quot;:&quot;Yes, senior manager&quot;},{&quot;possibleAnswerCode&quot;:&quot;ZQP20052398&quot;,&quot;possibleAnswerText&quot;:&quot;Yes, qualified safety officer&quot;},{&quot;possibleAnswerCode&quot;:&quot;ZQP20052399&quot;,&quot;possibleAnswerText&quot;:&quot;Yes, both&quot;}]},{&quot;questionType&quot;:&quot;SINGLE_CHOICE&quot;,&quot;questionCode&quot;:&quot;ZQQ20050224&quot;,&quot;questionText&quot;:&quot;Do you have a system in place to check that employees/workers providing your services at sites other than your own are meeting correct Health &amp; Safety standards ?&quot;,&quot;sectorProfiles&quot;:[&quot;SERVPROV&quot;],&quot;possibleAnswers&quot;:[{&quot;possibleAnswerCode&quot;:&quot;ZQP20052400&quot;,&quot;possibleAnswerText&quot;:&quot;Yes&quot;},{&quot;possibleAnswerCode&quot;:&quot;ZQP20052401&quot;,&quot;possibleAnswerText&quot;:&quot;No&quot;}]},{&quot;questionType&quot;:&quot;SINGLE_CHOICE&quot;,&quot;questionCode&quot;:&quot;ZQQ20050225&quot;,&quot;questionText&quot;:&quot;Do you have a health and safety committee that includes both management and employee representatives?&quot;,&quot;sectorProfiles&quot;:[&quot;BIGAGRI&quot;,&quot;INTERMEDI&quot;,&quot;MANUFACT&quot;,&quot;SERVPROV&quot;],&quot;possibleAnswers&quot;:[{&quot;possibleAnswerCode&quot;:&quot;ZQP20052402&quot;,&quot;possibleAnswerText&quot;:&quot;Yes&quot;},{&quot;possibleAnswerCode&quot;:&quot;ZQP20052403&quot;,&quot;possibleAnswerText&quot;:&quot;No&quot;}]},{&quot;questionType&quot;:&quot;MULTIPLE_CHOICE&quot;,&quot;questionCode&quot;:&quot;ZQQ20050227&quot;,&quot;questionText&quot;:&quot;If yes, please select all areas covered by risk assessments:  Please select all applicable answers.&quot;,&quot;sectorProfiles&quot;:[&quot;TRIGGER&quot;],&quot;possibleAnswers&quot;:[{&quot;possibleAnswerCode&quot;:&quot;ZQP20052407&quot;,&quot;possibleAnswerText&quot;:&quot;Fire safety&quot;},{&quot;possibleAnswerCode&quot;:&quot;ZQP20052408&quot;,&quot;possibleAnswerText&quot;:&quot;Hazardous materials including chemicals and pesticides (processing, storage, handling, use and disposal)&quot;},{&quot;possibleAnswerCode&quot;:&quot;ZQP20052409&quot;,&quot;possibleAnswerText&quot;:&quot;Machinery and tools&quot;},{&quot;possibleAnswerCode&quot;:&quot;ZQP20052410&quot;,&quot;possibleAnswerText&quot;:&quot;Manual handling&quot;},{&quot;possibleAnswerCode&quot;:&quot;ZQP20052411&quot;,&quot;possibleAnswerText&quot;:&quot;Repetitive (manual) work&quot;},{&quot;possibleAnswerCode&quot;:&quot;ZQP20052412&quot;,&quot;possibleAnswerText&quot;:&quot;Risk from vehicles&quot;},{&quot;possibleAnswerCode&quot;:&quot;ZQP20052413&quot;,&quot;possibleAnswerText&quot;:&quot;Use of personal protective equipment&quot;},{&quot;possibleAnswerCode&quot;:&quot;ZQP20052414&quot;,&quot;possibleAnswerText&quot;:&quot;Working at height&quot;}]},{&quot;questionType&quot;:&quot;SINGLE_CHOICE&quot;,&quot;questionCode&quot;:&quot;ZQQ20050228&quot;,&quot;questionText&quot;:&quot;If yes, were any high risk areas identified?&quot;,&quot;sectorProfiles&quot;:[&quot;TRIGGER&quot;],&quot;possibleAnswers&quot;:[{&quot;possibleAnswerCode&quot;:&quot;ZQP20052415&quot;,&quot;possibleAnswerText&quot;:&quot;Yes&quot;},{&quot;possibleAnswerCode&quot;:&quot;ZQP20052416&quot;,&quot;possibleAnswerText&quot;:&quot;No&quot;}]},{&quot;questionType&quot;:&quot;FREE_TEXT&quot;,&quot;questionCode&quot;:&quot;ZQQ20050229&quot;,&quot;questionText&quot;:&quot;If yes, please briefly summarise the key risk issues found in the risk assessment&quot;,&quot;sectorProfiles&quot;:[&quot;TRIGGER&quot;],&quot;possibleAnswers&quot;:[]},{&quot;questionType&quot;:&quot;SINGLE_CHOICE&quot;,&quot;questionCode&quot;:&quot;ZQQ20050230&quot;,&quot;questionText&quot;:&quot;If yes, have you developed action plans to address all identified high risk areas?  Please select all applicable answers.&quot;,&quot;sectorProfiles&quot;:[&quot;TRIGGER&quot;],&quot;possibleAnswers&quot;:[{&quot;possibleAnswerCode&quot;:&quot;ZQP20052417&quot;,&quot;possibleAnswerText&quot;:&quot;No&quot;},{&quot;possibleAnswerCode&quot;:&quot;ZQP20052418&quot;,&quot;possibleAnswerText&quot;:&quot;Yes&quot;},{&quot;possibleAnswerCode&quot;:&quot;ZQP20052419&quot;,&quot;possibleAnswerText&quot;:&quot;Yes, risk control or management is implemented&quot;},{&quot;possibleAnswerCode&quot;:&quot;ZQP20052420&quot;,&quot;possibleAnswerText&quot;:&quot;Yes, a risk mitigation or improvement plan is available&quot;}]},{&quot;questionType&quot;:&quot;MULTIPLE_CHOICE&quot;,&quot;questionCode&quot;:&quot;ZQQ20050231&quot;,&quot;questionText&quot;:&quot;Do you provide all employees/workers with personal protective equipment (e.g. clothing, shoes, gloves, hearing protection, eye protection, dust masks) if appropriate for the work they do?  Please select all applicable answers.&quot;,&quot;sectorProfiles&quot;:[&quot;BIGAGRI&quot;,&quot;FISHVESL&quot;,&quot;HEAVMANU&quot;,&quot;MANUFACT&quot;,&quot;SERVPROV&quot;,&quot;SMALLAGRI&quot;],&quot;possibleAnswers&quot;:[{&quot;possibleAnswerCode&quot;:&quot;ZQP20052421&quot;,&quot;possibleAnswerText&quot;:&quot;No&quot;},{&quot;possibleAnswerCode&quot;:&quot;ZQP20052422&quot;,&quot;possibleAnswerText&quot;:&quot;No, worker provides their own&quot;},{&quot;possibleAnswerCode&quot;:&quot;ZQP20052423&quot;,&quot;possibleAnswerText&quot;:&quot;Yes&quot;},{&quot;possibleAnswerCode&quot;:&quot;ZQP20052424&quot;,&quot;possibleAnswerText&quot;:&quot;Yes, and usage is enforced&quot;},{&quot;possibleAnswerCode&quot;:&quot;ZQP20052425&quot;,&quot;possibleAnswerText&quot;:&quot;Yes, provided free of charge&quot;}]},{&quot;questionType&quot;:&quot;SINGLE_CHOICE&quot;,&quot;questionCode&quot;:&quot;ZQQ20050232&quot;,&quot;questionText&quot;:&quot;Are all accidents and injuries recorded ?&quot;,&quot;sectorProfiles&quot;:[&quot;BIGAGRI&quot;,&quot;FISHVESL&quot;,&quot;HEAVMANU&quot;,&quot;INTERMEDI&quot;,&quot;MANUFACT&quot;,&quot;SERVPROV&quot;,&quot;SMALLAGRI&quot;],&quot;possibleAnswers&quot;:[{&quot;possibleAnswerCode&quot;:&quot;ZQP20052426&quot;,&quot;possibleAnswerText&quot;:&quot;No&quot;},{&quot;possibleAnswerCode&quot;:&quot;ZQP20052427&quot;,&quot;possibleAnswerText&quot;:&quot;Yes&quot;},{&quot;possibleAnswerCode&quot;:&quot;ZQP20052428&quot;,&quot;possibleAnswerText&quot;:&quot;Yes, we have an accident book to take record of all accidents&quot;}]},{&quot;questionType&quot;:&quot;MULTIPLE_CHOICE&quot;,&quot;questionCode&quot;:&quot;ZQQ20050233&quot;,&quot;questionText&quot;:&quot;Have steps been taken to reduce the risk of these accidents from happening again?  please select all applicable answers.&quot;,&quot;sectorProfiles&quot;:[&quot;TRIGGER&quot;],&quot;possibleAnswers&quot;:[{&quot;possibleAnswerCode&quot;:&quot;ZQP20052429&quot;,&quot;possibleAnswerText&quot;:&quot;No&quot;},{&quot;possibleAnswerCode&quot;:&quot;ZQP20052430&quot;,&quot;possibleAnswerText&quot;:&quot;Yes&quot;},{&quot;possibleAnswerCode&quot;:&quot;ZQP20052431&quot;,&quot;possibleAnswerText&quot;:&quot;Yes, all accidents are formally investigated and reported&quot;},{&quot;possibleAnswerCode&quot;:&quot;ZQP20052432&quot;,&quot;possibleAnswerText&quot;:&quot;Yes, we also have improvement plans in place&quot;}]},{&quot;questionType&quot;:&quot;NUMBER&quot;,&quot;questionCode&quot;:&quot;ZQQ20050234&quot;,&quot;questionText&quot;:&quot;How many accidents, however minor, have been recorded at this site in the last 12 months?&quot;,&quot;sectorProfiles&quot;:[&quot;TRIGGER&quot;],&quot;possibleAnswers&quot;:[]},{&quot;questionType&quot;:&quot;SINGLE_CHOICE&quot;,&quot;questionCode&quot;:&quot;ZQQ20050235&quot;,&quot;questionText&quot;:&quot;Do you have accessible first aid boxes in every area of your site of employment?&quot;,&quot;sectorProfiles&quot;:[&quot;BIGAGRI&quot;,&quot;FISHVESL&quot;,&quot;INTERMEDI&quot;,&quot;MANUFACT&quot;,&quot;SERVPROV&quot;,&quot;SMALLAGRI&quot;],&quot;possibleAnswers&quot;:[{&quot;possibleAnswerCode&quot;:&quot;ZQP20052433&quot;,&quot;possibleAnswerText&quot;:&quot;No&quot;},{&quot;possibleAnswerCode&quot;:&quot;ZQP20052434&quot;,&quot;possibleAnswerText&quot;:&quot;Yes&quot;},{&quot;possibleAnswerCode&quot;:&quot;ZQP20052435&quot;,&quot;possibleAnswerText&quot;:&quot;Yes, first aid boxes are checked regularly&quot;}]},{&quot;questionType&quot;:&quot;SINGLE_CHOICE&quot;,&quot;questionCode&quot;:&quot;ZQQ20050236&quot;,&quot;questionText&quot;:&quot;Is there a trained first aider present in each shift?&quot;,&quot;sectorProfiles&quot;:[&quot;BIGAGRI&quot;,&quot;INTERMEDI&quot;,&quot;MANUFACT&quot;],&quot;possibleAnswers&quot;:[{&quot;possibleAnswerCode&quot;:&quot;ZQP20052436&quot;,&quot;possibleAnswerText&quot;:&quot;No&quot;},{&quot;possibleAnswerCode&quot;:&quot;ZQP20052437&quot;,&quot;possibleAnswerText&quot;:&quot;Yes&quot;},{&quot;possibleAnswerCode&quot;:&quot;ZQP20052438&quot;,&quot;possibleAnswerText&quot;:&quot;Yes, list of trained first aiders is clearly displayed&quot;}]},{&quot;questionType&quot;:&quot;MULTIPLE_CHOICE&quot;,&quot;questionCode&quot;:&quot;ZQQ20050237&quot;,&quot;questionText&quot;:&quot;Do all employees/workers have access to further medical facilities (on site or off site) in the case of an emergency?  Please select all applicable answers.&quot;,&quot;sectorProfiles&quot;:[&quot;BIGAGRI&quot;,&quot;FISHVESL&quot;,&quot;HEAVMANU&quot;,&quot;MANUFACT&quot;,&quot;SMALLAGRI&quot;],&quot;possibleAnswers&quot;:[{&quot;possibleAnswerCode&quot;:&quot;ZQP20052439&quot;,&quot;possibleAnswerText&quot;:&quot;No&quot;},{&quot;possibleAnswerCode&quot;:&quot;ZQP20052440&quot;,&quot;possibleAnswerText&quot;:&quot;Yes&quot;},{&quot;possibleAnswerCode&quot;:&quot;ZQP20052441&quot;,&quot;possibleAnswerText&quot;:&quot;Yes, we have a medical room on site&quot;},{&quot;possibleAnswerCode&quot;:&quot;ZQP20052442&quot;,&quot;possibleAnswerText&quot;:&quot;Yes, emergency transport to medical facilities off-site is provided when required&quot;},{&quot;possibleAnswerCode&quot;:&quot;ZQP20052443&quot;,&quot;possibleAnswerText&quot;:&quot;Yes, other&quot;}]},{&quot;questionType&quot;:&quot;FREE_TEXT&quot;,&quot;questionCode&quot;:&quot;ZQQ20050238&quot;,&quot;questionText&quot;:&quot;Please specify&quot;,&quot;sectorProfiles&quot;:[&quot;TRIGGER&quot;],&quot;possibleAnswers&quot;:[]},{&quot;questionType&quot;:&quot;SINGLE_CHOICE&quot;,&quot;questionCode&quot;:&quot;ZQQ20050239&quot;,&quot;questionText&quot;:&quot;Do you have a systems in place to check that direct or indirect employees/workers providing your service at other sites are working in a safe environment ?&quot;,&quot;sectorProfiles&quot;:[&quot;SERVPROV&quot;],&quot;possibleAnswers&quot;:[{&quot;possibleAnswerCode&quot;:&quot;ZQP20052444&quot;,&quot;possibleAnswerText&quot;:&quot;Yes&quot;},{&quot;possibleAnswerCode&quot;:&quot;ZQP20052445&quot;,&quot;possibleAnswerText&quot;:&quot;No&quot;}]}]},{&quot;subSectionCode&quot;:&quot;ZQU20050023&quot;,&quot;subSectionName&quot;:&quot;Health and Safety Training&quot;,&quot;questions&quot;:[{&quot;questionType&quot;:&quot;SINGLE_CHOICE&quot;,&quot;questionCode&quot;:&quot;ZQQ20050240&quot;,&quot;questionText&quot;:&quot;Do all  employees/ workers receive health and safety training relevant to their jobs?&quot;,&quot;sectorProfiles&quot;:[&quot;BIGAGRI&quot;,&quot;FISHVESL&quot;,&quot;HEAVMANU&quot;,&quot;INTERMEDI&quot;,&quot;MANUFACT&quot;,&quot;SERVPROV&quot;,&quot;SMALLAGRI&quot;],&quot;possibleAnswers&quot;:[{&quot;possibleAnswerCode&quot;:&quot;ZQP20052446&quot;,&quot;possibleAnswerText&quot;:&quot;Yes&quot;},{&quot;possibleAnswerCode&quot;:&quot;ZQP20052447&quot;,&quot;possibleAnswerText&quot;:&quot;No&quot;},{&quot;possibleAnswerCode&quot;:&quot;ZQP20052448&quot;,&quot;possibleAnswerText&quot;:&quot;Yes, all training is recorded&quot;}]},{&quot;questionType&quot;:&quot;SINGLE_CHOICE&quot;,&quot;questionCode&quot;:&quot;ZQQ20050241&quot;,&quot;questionText&quot;:&quot;Do you have systems in place to check  that direct or indirect employees/workers providing  your services at other sites are receiving correct Health &amp; Safety training ?&quot;,&quot;sectorProfiles&quot;:[&quot;SERVPROV&quot;],&quot;possibleAnswers&quot;:[{&quot;possibleAnswerCode&quot;:&quot;ZQP20052449&quot;,&quot;possibleAnswerText&quot;:&quot;Yes&quot;},{&quot;possibleAnswerCode&quot;:&quot;ZQP20052450&quot;,&quot;possibleAnswerText&quot;:&quot;No&quot;}]}]},{&quot;subSectionCode&quot;:&quot;ZQU20050024&quot;,&quot;subSectionName&quot;:&quot;Emergency and Fire Safety&quot;,&quot;questions&quot;:[{&quot;questionType&quot;:&quot;SINGLE_CHOICE&quot;,&quot;questionCode&quot;:&quot;ZQQ20050242&quot;,&quot;questionText&quot;:&quot;Do you have a written procedure on emergency evacuation at this site - e.g. fire, accidental release of fumes in to the working areas etc.?&quot;,&quot;sectorProfiles&quot;:[&quot;BIGAGRI&quot;,&quot;HEAVMANU&quot;,&quot;INTERMEDI&quot;,&quot;MANUFACT&quot;,&quot;SERVPROV&quot;],&quot;possibleAnswers&quot;:[{&quot;possibleAnswerCode&quot;:&quot;ZQP20052451&quot;,&quot;possibleAnswerText&quot;:&quot;No&quot;},{&quot;possibleAnswerCode&quot;:&quot;ZQP20052452&quot;,&quot;possibleAnswerText&quot;:&quot;Yes&quot;},{&quot;possibleAnswerCode&quot;:&quot;ZQP20052453&quot;,&quot;possibleAnswerText&quot;:&quot;Yes, it requires the identification of a named and trained fire officer on each shift&quot;}]},{&quot;questionType&quot;:&quot;SINGLE_CHOICE&quot;,&quot;questionCode&quot;:&quot;ZQQ20050243&quot;,&quot;questionText&quot;:&quot;How often do you practice your emergency evacuation procedure?&quot;,&quot;sectorProfiles&quot;:[&quot;BIGAGRI&quot;,&quot;HEAVMANU&quot;,&quot;MANUFACT&quot;,&quot;SERVPROV&quot;],&quot;possibleAnswers&quot;:[{&quot;possibleAnswerCode&quot;:&quot;ZQP20052454&quot;,&quot;possibleAnswerText&quot;:&quot;We do not have one&quot;},{&quot;possibleAnswerCode&quot;:&quot;ZQP20052455&quot;,&quot;possibleAnswerText&quot;:&quot;We do not practice the emergency evacuation procedure&quot;},{&quot;possibleAnswerCode&quot;:&quot;ZQP20052456&quot;,&quot;possibleAnswerText&quot;:&quot;Once a year&quot;},{&quot;possibleAnswerCode&quot;:&quot;ZQP20052457&quot;,&quot;possibleAnswerText&quot;:&quot;Twice a year&quot;},{&quot;possibleAnswerCode&quot;:&quot;ZQP20052458&quot;,&quot;possibleAnswerText&quot;:&quot;More than twice a year&quot;}]},{&quot;questionType&quot;:&quot;FREE_TEXT&quot;,&quot;questionCode&quot;:&quot;ZQQ20050244&quot;,&quot;questionText&quot;:&quot;If more than twice a year please specify&quot;,&quot;sectorProfiles&quot;:[&quot;TRIGGER&quot;],&quot;possibleAnswers&quot;:[]},{&quot;questionType&quot;:&quot;MULTIPLE_CHOICE&quot;,&quot;questionCode&quot;:&quot;ZQQ20050245&quot;,&quot;questionText&quot;:&quot;How do you communicate the  emergency evacuation procedure to employees/workers (including new workers)?  Please select all applicable answers.&quot;,&quot;sectorProfiles&quot;:[&quot;TRIGGER&quot;],&quot;possibleAnswers&quot;:[{&quot;possibleAnswerCode&quot;:&quot;ZQP20052459&quot;,&quot;possibleAnswerText&quot;:&quot;Documented training&quot;},{&quot;possibleAnswerCode&quot;:&quot;ZQP20052460&quot;,&quot;possibleAnswerText&quot;:&quot;Evacuation Maps are signposted throughout site&quot;},{&quot;possibleAnswerCode&quot;:&quot;ZQP20052461&quot;,&quot;possibleAnswerText&quot;:&quot;Individual meetings&quot;},{&quot;possibleAnswerCode&quot;:&quot;ZQP20052462&quot;,&quot;possibleAnswerText&quot;:&quot;Intranet, notice board or other internal communications&quot;},{&quot;possibleAnswerCode&quot;:&quot;ZQP20052463&quot;,&quot;possibleAnswerText&quot;:&quot;Materials in a language workers understand (where relevant)&quot;},{&quot;possibleAnswerCode&quot;:&quot;ZQP20052464&quot;,&quot;possibleAnswerText&quot;:&quot;Other&quot;},{&quot;possibleAnswerCode&quot;:&quot;ZQP20052465&quot;,&quot;possibleAnswerText&quot;:&quot;We don&apos;t communicate this&quot;}]},{&quot;questionType&quot;:&quot;FREE_TEXT&quot;,&quot;questionCode&quot;:&quot;ZQQ20050246&quot;,&quot;questionText&quot;:&quot;Please specify&quot;,&quot;sectorProfiles&quot;:[&quot;TRIGGER&quot;],&quot;possibleAnswers&quot;:[]},{&quot;questionType&quot;:&quot;SINGLE_CHOICE&quot;,&quot;questionCode&quot;:&quot;ZQQ20050247&quot;,&quot;questionText&quot;:&quot;Do you have emergency alarms (e.g. fire) that can be clearly heard in all areas of the site?&quot;,&quot;sectorProfiles&quot;:[&quot;BIGAGRI&quot;,&quot;HEAVMANU&quot;,&quot;INTERMEDI&quot;,&quot;MANUFACT&quot;],&quot;possibleAnswers&quot;:[{&quot;possibleAnswerCode&quot;:&quot;ZQP20052466&quot;,&quot;possibleAnswerText&quot;:&quot;No&quot;},{&quot;possibleAnswerCode&quot;:&quot;ZQP20052467&quot;,&quot;possibleAnswerText&quot;:&quot;No, can only be heard clearly in some areas of site&quot;},{&quot;possibleAnswerCode&quot;:&quot;ZQP20052468&quot;,&quot;possibleAnswerText&quot;:&quot;Yes, can be heard clearly in all areas of site&quot;}]},{&quot;questionType&quot;:&quot;MULTIPLE_CHOICE&quot;,&quot;questionCode&quot;:&quot;ZQQ20050248&quot;,&quot;questionText&quot;:&quot;Are the emergency alarms tested periodically?&quot;,&quot;sectorProfiles&quot;:[&quot;TRIGGER&quot;],&quot;possibleAnswers&quot;:[{&quot;possibleAnswerCode&quot;:&quot;ZQP20052469&quot;,&quot;possibleAnswerText&quot;:&quot;No, we do not practice the emergency evacuation procedure&quot;},{&quot;possibleAnswerCode&quot;:&quot;ZQP20052470&quot;,&quot;possibleAnswerText&quot;:&quot;Yes, once a year&quot;},{&quot;possibleAnswerCode&quot;:&quot;ZQP20052471&quot;,&quot;possibleAnswerText&quot;:&quot;Yes, twice a year&quot;},{&quot;possibleAnswerCode&quot;:&quot;ZQP20052472&quot;,&quot;possibleAnswerText&quot;:&quot;Yes, more than twice a year&quot;}]},{&quot;questionType&quot;:&quot;SINGLE_CHOICE&quot;,&quot;questionCode&quot;:&quot;ZQQ20050249&quot;,&quot;questionText&quot;:&quot;Are there enough properly designed, maintained and marked fire exits to enable all employees / workers to evacuate buildings quickly and safely in an emergency?&quot;,&quot;sectorProfiles&quot;:[&quot;HEAVMANU&quot;,&quot;INTERMEDI&quot;,&quot;MANUFACT&quot;,&quot;SERVPROV&quot;],&quot;possibleAnswers&quot;:[{&quot;possibleAnswerCode&quot;:&quot;ZQP20052751&quot;,&quot;possibleAnswerText&quot;:&quot;No&quot;},{&quot;possibleAnswerCode&quot;:&quot;ZQP20052752&quot;,&quot;possibleAnswerText&quot;:&quot;Yes&quot;},{&quot;possibleAnswerCode&quot;:&quot;ZQP20052753&quot;,&quot;possibleAnswerText&quot;:&quot;Yes, in line with legal requirements&quot;}]},{&quot;questionType&quot;:&quot;SINGLE_CHOICE&quot;,&quot;questionCode&quot;:&quot;ZQQ20050250&quot;,&quot;questionText&quot;:&quot;Are all emergency exits unlocked and unblocked at all times?&quot;,&quot;sectorProfiles&quot;:[&quot;HEAVMANU&quot;,&quot;INTERMEDI&quot;,&quot;MANUFACT&quot;,&quot;SERVPROV&quot;],&quot;possibleAnswers&quot;:[{&quot;possibleAnswerCode&quot;:&quot;ZQP20052754&quot;,&quot;possibleAnswerText&quot;:&quot;Yes&quot;},{&quot;possibleAnswerCode&quot;:&quot;ZQP20052473&quot;,&quot;possibleAnswerText&quot;:&quot;No&quot;}]},{&quot;questionType&quot;:&quot;MULTIPLE_CHOICE&quot;,&quot;questionCode&quot;:&quot;ZQQ20050251&quot;,&quot;questionText&quot;:&quot;Do you have  at least the minimum legal or recommended number of fire extinguishers, hoses and fire blankets with clear operating instructions?  Please select all applicable answers.&quot;,&quot;sectorProfiles&quot;:[&quot;HEAVMANU&quot;,&quot;INTERMEDI&quot;,&quot;MANUFACT&quot;,&quot;SERVPROV&quot;],&quot;possibleAnswers&quot;:[{&quot;possibleAnswerCode&quot;:&quot;ZQP20052474&quot;,&quot;possibleAnswerText&quot;:&quot;Yes, we have the minimum required number of fire extinguishers&quot;},{&quot;possibleAnswerCode&quot;:&quot;ZQP20052475&quot;,&quot;possibleAnswerText&quot;:&quot;Yes, we have the minimum required number of fire hoses&quot;},{&quot;possibleAnswerCode&quot;:&quot;ZQP20052476&quot;,&quot;possibleAnswerText&quot;:&quot;Yes, we have the minimum required number of fire blankets&quot;},{&quot;possibleAnswerCode&quot;:&quot;ZQP20052477&quot;,&quot;possibleAnswerText&quot;:&quot;Yes, we check fire equipment regularly&quot;},{&quot;possibleAnswerCode&quot;:&quot;ZQP20052478&quot;,&quot;possibleAnswerText&quot;:&quot;We have personnel trained in using fire equipment&quot;},{&quot;possibleAnswerCode&quot;:&quot;ZQP20052479&quot;,&quot;possibleAnswerText&quot;:&quot;None of the above&quot;}]},{&quot;questionType&quot;:&quot;SINGLE_CHOICE&quot;,&quot;questionCode&quot;:&quot;ZQQ20050252&quot;,&quot;questionText&quot;:&quot;Is smoking banned in production and storage areas?&quot;,&quot;sectorProfiles&quot;:[&quot;HEAVMANU&quot;,&quot;MANUFACT&quot;,&quot;SERVPROV&quot;],&quot;possibleAnswers&quot;:[{&quot;possibleAnswerCode&quot;:&quot;ZQP20052480&quot;,&quot;possibleAnswerText&quot;:&quot;Yes&quot;},{&quot;possibleAnswerCode&quot;:&quot;ZQP20052481&quot;,&quot;possibleAnswerText&quot;:&quot;No&quot;}]},{&quot;questionType&quot;:&quot;SINGLE_CHOICE&quot;,&quot;questionCode&quot;:&quot;ZQQ20050253&quot;,&quot;questionText&quot;:&quot;Does the site have a valid fire inspection certificate issued by local fire service authority?&quot;,&quot;sectorProfiles&quot;:[&quot;HEAVMANU&quot;,&quot;MANUFACT&quot;],&quot;possibleAnswers&quot;:[{&quot;possibleAnswerCode&quot;:&quot;ZQP20052482&quot;,&quot;possibleAnswerText&quot;:&quot;Yes&quot;},{&quot;possibleAnswerCode&quot;:&quot;ZQP20052483&quot;,&quot;possibleAnswerText&quot;:&quot;No&quot;},{&quot;possibleAnswerCode&quot;:&quot;ZQP20052484&quot;,&quot;possibleAnswerText&quot;:&quot;Other&quot;}]},{&quot;questionType&quot;:&quot;FREE_TEXT&quot;,&quot;questionCode&quot;:&quot;ZQQ20050254&quot;,&quot;questionText&quot;:&quot;Please specify&quot;,&quot;sectorProfiles&quot;:[&quot;TRIGGER&quot;],&quot;possibleAnswers&quot;:[]}]},{&quot;subSectionCode&quot;:&quot;ZQU20050025&quot;,&quot;subSectionName&quot;:&quot;Machinery and Site Vehicles&quot;,&quot;questions&quot;:[{&quot;questionType&quot;:&quot;SINGLE_CHOICE&quot;,&quot;questionCode&quot;:&quot;ZQQ20050255&quot;,&quot;questionText&quot;:&quot;Do you operate machinery and/or vehicles in the course of your daily business?&quot;,&quot;sectorProfiles&quot;:[&quot;BIGAGRI&quot;,&quot;FISHVESL&quot;,&quot;HEAVMANU&quot;,&quot;MANUFACT&quot;,&quot;SERVPROV&quot;,&quot;SMALLAGRI&quot;],&quot;possibleAnswers&quot;:[{&quot;possibleAnswerCode&quot;:&quot;ZQP20052485&quot;,&quot;possibleAnswerText&quot;:&quot;Yes&quot;},{&quot;possibleAnswerCode&quot;:&quot;ZQP20052486&quot;,&quot;possibleAnswerText&quot;:&quot;No&quot;}]},{&quot;questionType&quot;:&quot;SINGLE_CHOICE&quot;,&quot;questionCode&quot;:&quot;ZQQ20050256&quot;,&quot;questionText&quot;:&quot;Do you have a written procedure on how to use each machine, tool and vehicle safely?&quot;,&quot;sectorProfiles&quot;:[&quot;TRIGGER&quot;],&quot;possibleAnswers&quot;:[{&quot;possibleAnswerCode&quot;:&quot;ZQP20052487&quot;,&quot;possibleAnswerText&quot;:&quot;Yes&quot;},{&quot;possibleAnswerCode&quot;:&quot;ZQP20052488&quot;,&quot;possibleAnswerText&quot;:&quot;No&quot;}]},{&quot;questionType&quot;:&quot;SINGLE_CHOICE&quot;,&quot;questionCode&quot;:&quot;ZQQ20050257&quot;,&quot;questionText&quot;:&quot;Are machines, tools and vehicles regularly maintained and repaired as required?&quot;,&quot;sectorProfiles&quot;:[&quot;TRIGGER&quot;],&quot;possibleAnswers&quot;:[{&quot;possibleAnswerCode&quot;:&quot;ZQP20052489&quot;,&quot;possibleAnswerText&quot;:&quot;Yes&quot;},{&quot;possibleAnswerCode&quot;:&quot;ZQP20052490&quot;,&quot;possibleAnswerText&quot;:&quot;No&quot;}]},{&quot;questionType&quot;:&quot;SINGLE_CHOICE&quot;,&quot;questionCode&quot;:&quot;ZQQ20050258&quot;,&quot;questionText&quot;:&quot;Do all machines and tools have adequate safety guards?&quot;,&quot;sectorProfiles&quot;:[&quot;TRIGGER&quot;],&quot;possibleAnswers&quot;:[{&quot;possibleAnswerCode&quot;:&quot;ZQP20052491&quot;,&quot;possibleAnswerText&quot;:&quot;Yes&quot;},{&quot;possibleAnswerCode&quot;:&quot;ZQP20052492&quot;,&quot;possibleAnswerText&quot;:&quot;No&quot;}]},{&quot;questionType&quot;:&quot;SINGLE_CHOICE&quot;,&quot;questionCode&quot;:&quot;ZQQ20050259&quot;,&quot;questionText&quot;:&quot;Is training provided for use of [heavy and high risk machinery]?&quot;,&quot;sectorProfiles&quot;:[&quot;TRIGGER&quot;],&quot;possibleAnswers&quot;:[{&quot;possibleAnswerCode&quot;:&quot;ZQP20052493&quot;,&quot;possibleAnswerText&quot;:&quot;No&quot;},{&quot;possibleAnswerCode&quot;:&quot;ZQP20052494&quot;,&quot;possibleAnswerText&quot;:&quot;Yes&quot;},{&quot;possibleAnswerCode&quot;:&quot;ZQP20052495&quot;,&quot;possibleAnswerText&quot;:&quot;Yes, training is compulsory&quot;}]},{&quot;questionType&quot;:&quot;SINGLE_CHOICE&quot;,&quot;questionCode&quot;:&quot;ZQQ20050260&quot;,&quot;questionText&quot;:&quot;Do you have systems in place to check  that direct or indirect employees/workers providing  your services at other sites are working with safe machinery ?&quot;,&quot;sectorProfiles&quot;:[&quot;SERVPROV&quot;],&quot;possibleAnswers&quot;:[{&quot;possibleAnswerCode&quot;:&quot;ZQP20052496&quot;,&quot;possibleAnswerText&quot;:&quot;Yes&quot;},{&quot;possibleAnswerCode&quot;:&quot;ZQP20052497&quot;,&quot;possibleAnswerText&quot;:&quot;No&quot;}]}]},{&quot;subSectionCode&quot;:&quot;ZQU20050026&quot;,&quot;subSectionName&quot;:&quot;Hazardous Materials&quot;,&quot;questions&quot;:[{&quot;questionType&quot;:&quot;SINGLE_CHOICE&quot;,&quot;questionCode&quot;:&quot;ZQQ20050261&quot;,&quot;questionText&quot;:&quot;Do you have a complete list of all chemicals used on site (including pesticides, fertilizers and cleaning fluids)? Please select from the following:&quot;,&quot;sectorProfiles&quot;:[&quot;BIGAGRI&quot;,&quot;FISHVESL&quot;,&quot;HEAVMANU&quot;,&quot;MANUFACT&quot;,&quot;SERVPROV&quot;,&quot;SMALLAGRI&quot;],&quot;possibleAnswers&quot;:[{&quot;possibleAnswerCode&quot;:&quot;ZQP20052498&quot;,&quot;possibleAnswerText&quot;:&quot;No&quot;},{&quot;possibleAnswerCode&quot;:&quot;ZQP20052499&quot;,&quot;possibleAnswerText&quot;:&quot;Yes&quot;},{&quot;possibleAnswerCode&quot;:&quot;ZQP20052500&quot;,&quot;possibleAnswerText&quot;:&quot;Yes, we have a record system that tracks the use of all chemicals&quot;},{&quot;possibleAnswerCode&quot;:&quot;ZQP20052501&quot;,&quot;possibleAnswerText&quot;:&quot;Yes, hazardous chemicals only&quot;},{&quot;possibleAnswerCode&quot;:&quot;ZQP20052502&quot;,&quot;possibleAnswerText&quot;:&quot;Don&apos;t Know&quot;}]},{&quot;questionType&quot;:&quot;SINGLE_CHOICE&quot;,&quot;questionCode&quot;:&quot;ZQQ20050262&quot;,&quot;questionText&quot;:&quot;Do you have an easily available material safety data sheet (MSDS) for each chemical?  Please select all applicable answers.&quot;,&quot;sectorProfiles&quot;:[&quot;BIGAGRI&quot;,&quot;HEAVMANU&quot;,&quot;MANUFACT&quot;,&quot;SERVPROV&quot;],&quot;possibleAnswers&quot;:[{&quot;possibleAnswerCode&quot;:&quot;ZQP20052503&quot;,&quot;possibleAnswerText&quot;:&quot;Yes, we have a material safety data sheet (MSDS) for each chemical&quot;},{&quot;possibleAnswerCode&quot;:&quot;ZQP20052504&quot;,&quot;possibleAnswerText&quot;:&quot;Yes, we have a material safety data sheet (MSDS) for each chemical, in all relevant languages&quot;},{&quot;possibleAnswerCode&quot;:&quot;ZQP20052505&quot;,&quot;possibleAnswerText&quot;:&quot;None of the above&quot;}]},{&quot;questionType&quot;:&quot;SINGLE_CHOICE&quot;,&quot;questionCode&quot;:&quot;ZQQ20050263&quot;,&quot;questionText&quot;:&quot;Do you use any hazardous materials on site (including chemicals, pesticides, fertilisers etc.)&quot;,&quot;sectorProfiles&quot;:[&quot;BIGAGRI&quot;,&quot;MANUFACT&quot;,&quot;SERVPROV&quot;],&quot;possibleAnswers&quot;:[{&quot;possibleAnswerCode&quot;:&quot;ZQP20052506&quot;,&quot;possibleAnswerText&quot;:&quot;Yes&quot;},{&quot;possibleAnswerCode&quot;:&quot;ZQP20052507&quot;,&quot;possibleAnswerText&quot;:&quot;No&quot;}]},{&quot;questionType&quot;:&quot;SINGLE_CHOICE&quot;,&quot;questionCode&quot;:&quot;ZQQ20050264&quot;,&quot;questionText&quot;:&quot;If yes, do you have a written procedure for the safe storage, use and disposal of hazardous materials (including chemicals and pesticides), in a language workers can understand?&quot;,&quot;sectorProfiles&quot;:[&quot;TRIGGER&quot;],&quot;possibleAnswers&quot;:[{&quot;possibleAnswerCode&quot;:&quot;ZQP20052508&quot;,&quot;possibleAnswerText&quot;:&quot;Yes&quot;},{&quot;possibleAnswerCode&quot;:&quot;ZQP20052509&quot;,&quot;possibleAnswerText&quot;:&quot;No&quot;}]},{&quot;questionType&quot;:&quot;SINGLE_CHOICE&quot;,&quot;questionCode&quot;:&quot;ZQQ20050265&quot;,&quot;questionText&quot;:&quot;Are hazardous materials stored safely? Please select all that apply&quot;,&quot;sectorProfiles&quot;:[&quot;TRIGGER&quot;],&quot;possibleAnswers&quot;:[{&quot;possibleAnswerCode&quot;:&quot;ZQP20052510&quot;,&quot;possibleAnswerText&quot;:&quot;Yes&quot;},{&quot;possibleAnswerCode&quot;:&quot;ZQP20052511&quot;,&quot;possibleAnswerText&quot;:&quot;No&quot;}]},{&quot;questionType&quot;:&quot;SINGLE_CHOICE&quot;,&quot;questionCode&quot;:&quot;ZQQ20050266&quot;,&quot;questionText&quot;:&quot;What facilities do you provide for workers dealing with hazardous materials?&quot;,&quot;sectorProfiles&quot;:[&quot;TRIGGER&quot;],&quot;possibleAnswers&quot;:[{&quot;possibleAnswerCode&quot;:&quot;ZQP20052512&quot;,&quot;possibleAnswerText&quot;:&quot;None&quot;},{&quot;possibleAnswerCode&quot;:&quot;ZQP20052513&quot;,&quot;possibleAnswerText&quot;:&quot;Yes, Shower/Washing and First Aid facilities are in the immediate location of activity&quot;},{&quot;possibleAnswerCode&quot;:&quot;ZQP20052514&quot;,&quot;possibleAnswerText&quot;:&quot;Yes, First Aid facilities are in the immediate location of activity&quot;},{&quot;possibleAnswerCode&quot;:&quot;ZQP20052515&quot;,&quot;possibleAnswerText&quot;:&quot;OTHER&quot;},{&quot;possibleAnswerCode&quot;:&quot;ZQP20052516&quot;,&quot;possibleAnswerText&quot;:&quot;Yes, shower/Washing facilities are in the immediate location of activity&quot;}]},{&quot;questionType&quot;:&quot;FREE_TEXT&quot;,&quot;questionCode&quot;:&quot;ZQQ20050267&quot;,&quot;questionText&quot;:&quot;Please specify&quot;,&quot;sectorProfiles&quot;:[&quot;TRIGGER&quot;],&quot;possibleAnswers&quot;:[]},{&quot;questionType&quot;:&quot;SINGLE_CHOICE&quot;,&quot;questionCode&quot;:&quot;ZQQ20050268&quot;,&quot;questionText&quot;:&quot;If yes, are all containers for hazardous materials labelled with instructions for storage, use and disposal in a language workers can understand?&quot;,&quot;sectorProfiles&quot;:[&quot;TRIGGER&quot;],&quot;possibleAnswers&quot;:[{&quot;possibleAnswerCode&quot;:&quot;ZQP20052518&quot;,&quot;possibleAnswerText&quot;:&quot;Yes&quot;},{&quot;possibleAnswerCode&quot;:&quot;ZQP20052519&quot;,&quot;possibleAnswerText&quot;:&quot;No&quot;}]},{&quot;questionType&quot;:&quot;SINGLE_CHOICE&quot;,&quot;questionCode&quot;:&quot;ZQQ20050269&quot;,&quot;questionText&quot;:&quot;Do you have procedures in place to deal with accidents and spillages of chemicals, fertilizers, fuels?&quot;,&quot;sectorProfiles&quot;:[&quot;TRIGGER&quot;],&quot;possibleAnswers&quot;:[{&quot;possibleAnswerCode&quot;:&quot;ZQP20052520&quot;,&quot;possibleAnswerText&quot;:&quot;Yes, it requires the identification of a named and trained officer on each shift&quot;},{&quot;possibleAnswerCode&quot;:&quot;ZQP20052521&quot;,&quot;possibleAnswerText&quot;:&quot;Yes&quot;},{&quot;possibleAnswerCode&quot;:&quot;ZQP20052522&quot;,&quot;possibleAnswerText&quot;:&quot;No&quot;}]},{&quot;questionType&quot;:&quot;SINGLE_CHOICE&quot;,&quot;questionCode&quot;:&quot;ZQQ20050270&quot;,&quot;questionText&quot;:&quot;Do you monitor air quality (e.g. for solvent and dust levels) as part of your Health and Safety risk assessment?&quot;,&quot;sectorProfiles&quot;:[&quot;HEAVMANU&quot;,&quot;MANUFACT&quot;,&quot;SERVPROV&quot;],&quot;possibleAnswers&quot;:[{&quot;possibleAnswerCode&quot;:&quot;ZQP20052523&quot;,&quot;possibleAnswerText&quot;:&quot;No&quot;},{&quot;possibleAnswerCode&quot;:&quot;ZQP20052524&quot;,&quot;possibleAnswerText&quot;:&quot;Yes&quot;},{&quot;possibleAnswerCode&quot;:&quot;ZQP20052525&quot;,&quot;possibleAnswerText&quot;:&quot;Yes, improvement plan is in place for identified risks&quot;},{&quot;possibleAnswerCode&quot;:&quot;ZQP20052526&quot;,&quot;possibleAnswerText&quot;:&quot;Yes, in accordance with law&quot;}]},{&quot;questionType&quot;:&quot;SINGLE_CHOICE&quot;,&quot;questionCode&quot;:&quot;ZQQ20050271&quot;,&quot;questionText&quot;:&quot;Do you allow undiluted pesticides in the field environment?&quot;,&quot;sectorProfiles&quot;:[&quot;BIGAGRI&quot;,&quot;SERVPROV&quot;],&quot;possibleAnswers&quot;:[{&quot;possibleAnswerCode&quot;:&quot;ZQP20052527&quot;,&quot;possibleAnswerText&quot;:&quot;Yes&quot;},{&quot;possibleAnswerCode&quot;:&quot;ZQP20052528&quot;,&quot;possibleAnswerText&quot;:&quot;No&quot;},{&quot;possibleAnswerCode&quot;:&quot;ZQP20052529&quot;,&quot;possibleAnswerText&quot;:&quot;N/A&quot;}]},{&quot;questionType&quot;:&quot;MULTIPLE_CHOICE&quot;,&quot;questionCode&quot;:&quot;ZQQ20050272&quot;,&quot;questionText&quot;:&quot;Do you have systems in place to check that permanent and temporary / subcontracted employees/workers providing your service at other sites, if working with chemicals, are doing so in a safe manner? Select all applicable&quot;,&quot;sectorProfiles&quot;:[&quot;SERVPROV&quot;],&quot;possibleAnswers&quot;:[{&quot;possibleAnswerCode&quot;:&quot;ZQP20052530&quot;,&quot;possibleAnswerText&quot;:&quot;No&quot;},{&quot;possibleAnswerCode&quot;:&quot;ZQP20052531&quot;,&quot;possibleAnswerText&quot;:&quot;N/A&quot;},{&quot;possibleAnswerCode&quot;:&quot;ZQP20052532&quot;,&quot;possibleAnswerText&quot;:&quot;Yes for own facility only&quot;},{&quot;possibleAnswerCode&quot;:&quot;ZQP20052533&quot;,&quot;possibleAnswerText&quot;:&quot;Yes for 3rd party sites only&quot;},{&quot;possibleAnswerCode&quot;:&quot;ZQP20052534&quot;,&quot;possibleAnswerText&quot;:&quot;Yes for permanent staff&quot;},{&quot;possibleAnswerCode&quot;:&quot;ZQP20052535&quot;,&quot;possibleAnswerText&quot;:&quot;Yes for subcontracted staff&quot;}]}]},{&quot;subSectionCode&quot;:&quot;ZQU20050027&quot;,&quot;subSectionName&quot;:&quot;Worker Health&quot;,&quot;questions&quot;:[{&quot;questionType&quot;:&quot;SINGLE_CHOICE&quot;,&quot;questionCode&quot;:&quot;ZQQ20050273&quot;,&quot;questionText&quot;:&quot;Have you identified the potential risks to worker health and well being associated with your operations?&quot;,&quot;sectorProfiles&quot;:[&quot;BIGAGRI&quot;,&quot;HEAVMANU&quot;,&quot;MANUFACT&quot;,&quot;SERVPROV&quot;],&quot;possibleAnswers&quot;:[{&quot;possibleAnswerCode&quot;:&quot;ZQP20052536&quot;,&quot;possibleAnswerText&quot;:&quot;Yes&quot;},{&quot;possibleAnswerCode&quot;:&quot;ZQP20052537&quot;,&quot;possibleAnswerText&quot;:&quot;No&quot;},{&quot;possibleAnswerCode&quot;:&quot;ZQP20052538&quot;,&quot;possibleAnswerText&quot;:&quot;Yes, contagious diseases checked in line with legal requirements&quot;}]},{&quot;questionType&quot;:&quot;SINGLE_CHOICE&quot;,&quot;questionCode&quot;:&quot;ZQQ20050274&quot;,&quot;questionText&quot;:&quot;Do you have a programme to prevent/ reduce occupational health risks to workers?&quot;,&quot;sectorProfiles&quot;:[&quot;BIGAGRI&quot;,&quot;FISHVESL&quot;,&quot;HEAVMANU&quot;,&quot;MANUFACT&quot;,&quot;SERVPROV&quot;,&quot;SMALLAGRI&quot;],&quot;possibleAnswers&quot;:[{&quot;possibleAnswerCode&quot;:&quot;ZQP20052539&quot;,&quot;possibleAnswerText&quot;:&quot;Yes&quot;},{&quot;possibleAnswerCode&quot;:&quot;ZQP20052540&quot;,&quot;possibleAnswerText&quot;:&quot;No&quot;},{&quot;possibleAnswerCode&quot;:&quot;ZQP20052541&quot;,&quot;possibleAnswerText&quot;:&quot;Yes, we provide medical care to all employees&quot;}]},{&quot;questionType&quot;:&quot;FREE_TEXT&quot;,&quot;questionCode&quot;:&quot;ZQQ20050275&quot;,&quot;questionText&quot;:&quot;If yes, what does it cover?&quot;,&quot;sectorProfiles&quot;:[&quot;TRIGGER&quot;],&quot;possibleAnswers&quot;:[]},{&quot;questionType&quot;:&quot;SINGLE_CHOICE&quot;,&quot;questionCode&quot;:&quot;ZQQ20050276&quot;,&quot;questionText&quot;:&quot;Do you ensure HIV status of employees/workers does not affect management decisions about job security, training, promotion or other work privileges (except  to protect health and safety of employees)?&quot;,&quot;sectorProfiles&quot;:[&quot;BIGAGRI&quot;,&quot;MANUFACT&quot;],&quot;possibleAnswers&quot;:[{&quot;possibleAnswerCode&quot;:&quot;ZQP20052542&quot;,&quot;possibleAnswerText&quot;:&quot;Yes - management are aware but ensure this does not affect business decisions&quot;},{&quot;possibleAnswerCode&quot;:&quot;ZQP20052543&quot;,&quot;possibleAnswerText&quot;:&quot;Yes - management are unaware of the status&quot;},{&quot;possibleAnswerCode&quot;:&quot;ZQP20052544&quot;,&quot;possibleAnswerText&quot;:&quot;Legally not allowed to enquire&quot;},{&quot;possibleAnswerCode&quot;:&quot;ZQP20052545&quot;,&quot;possibleAnswerText&quot;:&quot;No&quot;}]}]},{&quot;subSectionCode&quot;:&quot;ZQU20050028&quot;,&quot;subSectionName&quot;:&quot;Housekeeping and Hygiene&quot;,&quot;questions&quot;:[{&quot;questionType&quot;:&quot;SINGLE_CHOICE&quot;,&quot;questionCode&quot;:&quot;ZQQ20050277&quot;,&quot;questionText&quot;:&quot;How do you ensure your workplace remains clean and tidy to minimise risk of accidents&quot;,&quot;sectorProfiles&quot;:[&quot;INTERMEDI&quot;,&quot;MANUFACT&quot;,&quot;SERVPROV&quot;],&quot;possibleAnswers&quot;:[{&quot;possibleAnswerCode&quot;:&quot;ZQP20052546&quot;,&quot;possibleAnswerText&quot;:&quot;We don&apos;t&quot;},{&quot;possibleAnswerCode&quot;:&quot;ZQP20052547&quot;,&quot;possibleAnswerText&quot;:&quot;The site is regularly cleaned&quot;},{&quot;possibleAnswerCode&quot;:&quot;ZQP20052548&quot;,&quot;possibleAnswerText&quot;:&quot;We have clear guidelines and procedures for maintaining a clean and tidy workplace&quot;},{&quot;possibleAnswerCode&quot;:&quot;ZQP20052549&quot;,&quot;possibleAnswerText&quot;:&quot;We employ cleaning staff&quot;}]},{&quot;questionType&quot;:&quot;SINGLE_CHOICE&quot;,&quot;questionCode&quot;:&quot;ZQQ20050278&quot;,&quot;questionText&quot;:&quot;Do you provide unlimited access to clean drinking water during [working hours]?&quot;,&quot;sectorProfiles&quot;:[&quot;BIGAGRI&quot;,&quot;FISHVESL&quot;,&quot;INTERMEDI&quot;,&quot;MANUFACT&quot;,&quot;SERVPROV&quot;,&quot;SMALLAGRI&quot;],&quot;possibleAnswers&quot;:[{&quot;possibleAnswerCode&quot;:&quot;ZQP20052550&quot;,&quot;possibleAnswerText&quot;:&quot;Yes&quot;},{&quot;possibleAnswerCode&quot;:&quot;ZQP20052551&quot;,&quot;possibleAnswerText&quot;:&quot;No&quot;}]},{&quot;questionType&quot;:&quot;SINGLE_CHOICE&quot;,&quot;questionCode&quot;:&quot;ZQQ20050279&quot;,&quot;questionText&quot;:&quot;Do you provide at least 1 toilet for every 25 workers?&quot;,&quot;sectorProfiles&quot;:[&quot;INTERMEDI&quot;,&quot;MANUFACT&quot;,&quot;SERVPROV&quot;],&quot;possibleAnswers&quot;:[{&quot;possibleAnswerCode&quot;:&quot;ZQP20052552&quot;,&quot;possibleAnswerText&quot;:&quot;Yes&quot;},{&quot;possibleAnswerCode&quot;:&quot;ZQP20052553&quot;,&quot;possibleAnswerText&quot;:&quot;No&quot;}]},{&quot;questionType&quot;:&quot;SINGLE_CHOICE&quot;,&quot;questionCode&quot;:&quot;ZQQ20050280&quot;,&quot;questionText&quot;:&quot;If No: How many toilets do you provide for every 100 workers?&quot;,&quot;sectorProfiles&quot;:[&quot;TRIGGER&quot;],&quot;possibleAnswers&quot;:[{&quot;possibleAnswerCode&quot;:&quot;ZQP20052554&quot;,&quot;possibleAnswerText&quot;:&quot;1&quot;},{&quot;possibleAnswerCode&quot;:&quot;ZQP20052555&quot;,&quot;possibleAnswerText&quot;:&quot;2&quot;},{&quot;possibleAnswerCode&quot;:&quot;ZQP20052556&quot;,&quot;possibleAnswerText&quot;:&quot;3&quot;}]},{&quot;questionType&quot;:&quot;SINGLE_CHOICE&quot;,&quot;questionCode&quot;:&quot;ZQQ20050281&quot;,&quot;questionText&quot;:&quot;Are there separate toilets for men and women?&quot;,&quot;sectorProfiles&quot;:[&quot;INTERMEDI&quot;,&quot;MANUFACT&quot;,&quot;SERVPROV&quot;],&quot;possibleAnswers&quot;:[{&quot;possibleAnswerCode&quot;:&quot;ZQP20052557&quot;,&quot;possibleAnswerText&quot;:&quot;Yes&quot;},{&quot;possibleAnswerCode&quot;:&quot;ZQP20052558&quot;,&quot;possibleAnswerText&quot;:&quot;No&quot;}]},{&quot;questionType&quot;:&quot;SINGLE_CHOICE&quot;,&quot;questionCode&quot;:&quot;ZQQ20050282&quot;,&quot;questionText&quot;:&quot;Are the toilets regularly cleaned?&quot;,&quot;sectorProfiles&quot;:[&quot;INTERMEDI&quot;,&quot;MANUFACT&quot;,&quot;SERVPROV&quot;],&quot;possibleAnswers&quot;:[{&quot;possibleAnswerCode&quot;:&quot;ZQP20052559&quot;,&quot;possibleAnswerText&quot;:&quot;Yes&quot;},{&quot;possibleAnswerCode&quot;:&quot;ZQP20052560&quot;,&quot;possibleAnswerText&quot;:&quot;No&quot;}]},{&quot;questionType&quot;:&quot;SINGLE_CHOICE&quot;,&quot;questionCode&quot;:&quot;ZQQ20050283&quot;,&quot;questionText&quot;:&quot;Does the toilet area have adequate hand washing facilities (e.g. soap and running water)?&quot;,&quot;sectorProfiles&quot;:[&quot;INTERMEDI&quot;,&quot;MANUFACT&quot;,&quot;SERVPROV&quot;],&quot;possibleAnswers&quot;:[{&quot;possibleAnswerCode&quot;:&quot;ZQP20052561&quot;,&quot;possibleAnswerText&quot;:&quot;Yes&quot;},{&quot;possibleAnswerCode&quot;:&quot;ZQP20052562&quot;,&quot;possibleAnswerText&quot;:&quot;No&quot;}]},{&quot;questionType&quot;:&quot;SINGLE_CHOICE&quot;,&quot;questionCode&quot;:&quot;ZQQ20050284&quot;,&quot;questionText&quot;:&quot;Do you have  system in place to check that direct and indirect employees/workers providing your services are working in a work place which meets the required standards of housekeeping and hygiene?&quot;,&quot;sectorProfiles&quot;:[&quot;SERVPROV&quot;],&quot;possibleAnswers&quot;:[{&quot;possibleAnswerCode&quot;:&quot;ZQP20052563&quot;,&quot;possibleAnswerText&quot;:&quot;Yes&quot;},{&quot;possibleAnswerCode&quot;:&quot;ZQP20052564&quot;,&quot;possibleAnswerText&quot;:&quot;No&quot;}]}]}]},{&quot;sectionCode&quot;:&quot;ZQS20050004&quot;,&quot;sectionName&quot;:&quot;Business Ethics&quot;,&quot;subSections&quot;:[{&quot;subSectionCode&quot;:&quot;ZQU20050029&quot;,&quot;subSectionName&quot;:&quot;Management Systems&quot;,&quot;questions&quot;:[{&quot;questionType&quot;:&quot;MULTIPLE_CHOICE&quot;,&quot;questionCode&quot;:&quot;ZQQ20050285&quot;,&quot;questionText&quot;:&quot;Do you have a written [Business Ethics] or business integrity policy?  Please select all applicable answers.&quot;,&quot;sectorProfiles&quot;:[&quot;BIGAGRI&quot;,&quot;HEAVMANU&quot;,&quot;INTERMEDI&quot;,&quot;MANUFACT&quot;,&quot;OFFICEHQ&quot;,&quot;SERVPROV&quot;],&quot;possibleAnswers&quot;:[{&quot;possibleAnswerCode&quot;:&quot;ZQP20052565&quot;,&quot;possibleAnswerText&quot;:&quot;Don&apos;t know&quot;},{&quot;possibleAnswerCode&quot;:&quot;ZQP20052566&quot;,&quot;possibleAnswerText&quot;:&quot;No&quot;},{&quot;possibleAnswerCode&quot;:&quot;ZQP20052567&quot;,&quot;possibleAnswerText&quot;:&quot;Yes&quot;},{&quot;possibleAnswerCode&quot;:&quot;ZQP20052568&quot;,&quot;possibleAnswerText&quot;:&quot;Yes, it requires continuous improvement&quot;},{&quot;possibleAnswerCode&quot;:&quot;ZQP20052569&quot;,&quot;possibleAnswerText&quot;:&quot;Yes, it requires monitoring of performance&quot;},{&quot;possibleAnswerCode&quot;:&quot;ZQP20052570&quot;,&quot;possibleAnswerText&quot;:&quot;Yes, it requires that all employees and stakeholders meet our business practice standards&quot;},{&quot;possibleAnswerCode&quot;:&quot;ZQP20052571&quot;,&quot;possibleAnswerText&quot;:&quot;Yes, it requires that we comply with national law&quot;},{&quot;possibleAnswerCode&quot;:&quot;ZQP20052572&quot;,&quot;possibleAnswerText&quot;:&quot;Yes, it requires that we meet laws with international application e.g. UK Bribery Act, US Foreign Corrupt Practices Act&quot;}]},{&quot;questionType&quot;:&quot;MULTIPLE_CHOICE&quot;,&quot;questionCode&quot;:&quot;ZQQ20050286&quot;,&quot;questionText&quot;:&quot;If yes, what does the policy cover?  Please select all applicable answers.&quot;,&quot;sectorProfiles&quot;:[&quot;TRIGGER&quot;],&quot;possibleAnswers&quot;:[{&quot;possibleAnswerCode&quot;:&quot;ZQP20052573&quot;,&quot;possibleAnswerText&quot;:&quot;Risk management and compliance&quot;},{&quot;possibleAnswerCode&quot;:&quot;ZQP20052574&quot;,&quot;possibleAnswerText&quot;:&quot;Free and fair competition&quot;},{&quot;possibleAnswerCode&quot;:&quot;ZQP20052575&quot;,&quot;possibleAnswerText&quot;:&quot;Intellectual property&quot;},{&quot;possibleAnswerCode&quot;:&quot;ZQP20052576&quot;,&quot;possibleAnswerText&quot;:&quot;Privacy and data protection&quot;},{&quot;possibleAnswerCode&quot;:&quot;ZQP20052577&quot;,&quot;possibleAnswerText&quot;:&quot;Anti-corruption&quot;},{&quot;possibleAnswerCode&quot;:&quot;ZQP20052578&quot;,&quot;possibleAnswerText&quot;:&quot;Security services&quot;},{&quot;possibleAnswerCode&quot;:&quot;ZQP20052579&quot;,&quot;possibleAnswerText&quot;:&quot;Government  engagement / lobbying&quot;},{&quot;possibleAnswerCode&quot;:&quot;ZQP20052580&quot;,&quot;possibleAnswerText&quot;:&quot;Board diversity&quot;},{&quot;possibleAnswerCode&quot;:&quot;ZQP20052581&quot;,&quot;possibleAnswerText&quot;:&quot;Auditor independence&quot;},{&quot;possibleAnswerCode&quot;:&quot;ZQP20052582&quot;,&quot;possibleAnswerText&quot;:&quot;Management of supply chain&quot;},{&quot;possibleAnswerCode&quot;:&quot;ZQP20052583&quot;,&quot;possibleAnswerText&quot;:&quot;Political contributions/lobbying&quot;},{&quot;possibleAnswerCode&quot;:&quot;ZQP20052584&quot;,&quot;possibleAnswerText&quot;:&quot;OTHER&quot;}]},{&quot;questionType&quot;:&quot;FREE_TEXT&quot;,&quot;questionCode&quot;:&quot;ZQQ20050287&quot;,&quot;questionText&quot;:&quot;Please specify&quot;,&quot;sectorProfiles&quot;:[&quot;TRIGGER&quot;],&quot;possibleAnswers&quot;:[]},{&quot;questionType&quot;:&quot;SINGLE_CHOICE&quot;,&quot;questionCode&quot;:&quot;ZQQ20050288&quot;,&quot;questionText&quot;:&quot;Do you have a written policy that requires your suppliers to meet [business ethics] standards?&quot;,&quot;sectorProfiles&quot;:[&quot;INTERMEDI&quot;],&quot;possibleAnswers&quot;:[{&quot;possibleAnswerCode&quot;:&quot;ZQP20052585&quot;,&quot;possibleAnswerText&quot;:&quot;Yes&quot;},{&quot;possibleAnswerCode&quot;:&quot;ZQP20052586&quot;,&quot;possibleAnswerText&quot;:&quot;No&quot;}]},{&quot;questionType&quot;:&quot;MULTIPLE_CHOICE&quot;,&quot;questionCode&quot;:&quot;ZQQ20050289&quot;,&quot;questionText&quot;:&quot;How do you communicate [business ethics]standards for selecting suppliers to relevant employees/workers?  Please select all applicable answers.&quot;,&quot;sectorProfiles&quot;:[&quot;INTERMEDI&quot;],&quot;possibleAnswers&quot;:[{&quot;possibleAnswerCode&quot;:&quot;ZQP20052587&quot;,&quot;possibleAnswerText&quot;:&quot;We don&apos;t communicate this&quot;},{&quot;possibleAnswerCode&quot;:&quot;ZQP20052588&quot;,&quot;possibleAnswerText&quot;:&quot;Intranet, notice board or other internal communications&quot;},{&quot;possibleAnswerCode&quot;:&quot;ZQP20052589&quot;,&quot;possibleAnswerText&quot;:&quot;Individual meetings&quot;},{&quot;possibleAnswerCode&quot;:&quot;ZQP20052590&quot;,&quot;possibleAnswerText&quot;:&quot;Documented training&quot;},{&quot;possibleAnswerCode&quot;:&quot;ZQP20052591&quot;,&quot;possibleAnswerText&quot;:&quot;Materials in a language workers understand (where relevant)&quot;},{&quot;possibleAnswerCode&quot;:&quot;ZQP20052593&quot;,&quot;possibleAnswerText&quot;:&quot;Other&quot;}]},{&quot;questionType&quot;:&quot;FREE_TEXT&quot;,&quot;questionCode&quot;:&quot;ZQQ20050290&quot;,&quot;questionText&quot;:&quot;Please specify&quot;,&quot;sectorProfiles&quot;:[&quot;TRIGGER&quot;],&quot;possibleAnswers&quot;:[]},{&quot;questionType&quot;:&quot;MULTIPLE_CHOICE&quot;,&quot;questionCode&quot;:&quot;ZQQ20050291&quot;,&quot;questionText&quot;:&quot;How do you communicate your requirements on [business ethics] standards to suppliers?  Please select all applicable answers.&quot;,&quot;sectorProfiles&quot;:[&quot;INTERMEDI&quot;],&quot;possibleAnswers&quot;:[{&quot;possibleAnswerCode&quot;:&quot;ZQP20052594&quot;,&quot;possibleAnswerText&quot;:&quot;We don&apos;t communicate this&quot;},{&quot;possibleAnswerCode&quot;:&quot;ZQP20052595&quot;,&quot;possibleAnswerText&quot;:&quot;Letters, emails and other external communications&quot;},{&quot;possibleAnswerCode&quot;:&quot;ZQP20052596&quot;,&quot;possibleAnswerText&quot;:&quot;Individual meetings&quot;},{&quot;possibleAnswerCode&quot;:&quot;ZQP20052597&quot;,&quot;possibleAnswerText&quot;:&quot;Documented training&quot;},{&quot;possibleAnswerCode&quot;:&quot;ZQP20052598&quot;,&quot;possibleAnswerText&quot;:&quot;Other&quot;}]},{&quot;questionType&quot;:&quot;FREE_TEXT&quot;,&quot;questionCode&quot;:&quot;ZQQ20050292&quot;,&quot;questionText&quot;:&quot;Please specify&quot;,&quot;sectorProfiles&quot;:[&quot;TRIGGER&quot;],&quot;possibleAnswers&quot;:[]},{&quot;questionType&quot;:&quot;MULTIPLE_CHOICE&quot;,&quot;questionCode&quot;:&quot;ZQQ20050293&quot;,&quot;questionText&quot;:&quot;How do you check that suppliers meet [business ethics] standards?  Please select all applicable answers.&quot;,&quot;sectorProfiles&quot;:[&quot;INTERMEDI&quot;],&quot;possibleAnswers&quot;:[{&quot;possibleAnswerCode&quot;:&quot;ZQP20052599&quot;,&quot;possibleAnswerText&quot;:&quot;We don&apos;t check this&quot;},{&quot;possibleAnswerCode&quot;:&quot;ZQP20052600&quot;,&quot;possibleAnswerText&quot;:&quot;We audit suppliers ourselves&quot;},{&quot;possibleAnswerCode&quot;:&quot;ZQP20052601&quot;,&quot;possibleAnswerText&quot;:&quot;We commission or accept audits from external third parties&quot;},{&quot;possibleAnswerCode&quot;:&quot;ZQP20052602&quot;,&quot;possibleAnswerText&quot;:&quot;We request copies of recognised certification&quot;},{&quot;possibleAnswerCode&quot;:&quot;ZQP20052603&quot;,&quot;possibleAnswerText&quot;:&quot;Self Certification&quot;},{&quot;possibleAnswerCode&quot;:&quot;ZQP20052604&quot;,&quot;possibleAnswerText&quot;:&quot;Other&quot;}]},{&quot;questionType&quot;:&quot;FREE_TEXT&quot;,&quot;questionCode&quot;:&quot;ZQQ20050294&quot;,&quot;questionText&quot;:&quot;Please specify&quot;,&quot;sectorProfiles&quot;:[&quot;TRIGGER&quot;],&quot;possibleAnswers&quot;:[]},{&quot;questionType&quot;:&quot;MULTIPLE_CHOICE&quot;,&quot;questionCode&quot;:&quot;ZQQ20050295&quot;,&quot;questionText&quot;:&quot;Do you have a procedure for responding to [business ethics] non-compliances found in suppliers?  Please select all applicable answers.&quot;,&quot;sectorProfiles&quot;:[&quot;INTERMEDI&quot;],&quot;possibleAnswers&quot;:[{&quot;possibleAnswerCode&quot;:&quot;ZQP20052605&quot;,&quot;possibleAnswerText&quot;:&quot;No&quot;},{&quot;possibleAnswerCode&quot;:&quot;ZQP20052606&quot;,&quot;possibleAnswerText&quot;:&quot;Yes&quot;},{&quot;possibleAnswerCode&quot;:&quot;ZQP20052607&quot;,&quot;possibleAnswerText&quot;:&quot;Yes, we actively favour compliant suppliers&quot;},{&quot;possibleAnswerCode&quot;:&quot;ZQP20052608&quot;,&quot;possibleAnswerText&quot;:&quot;Yes, we require suppliers to address non-compliances&quot;}]},{&quot;questionType&quot;:&quot;SINGLE_CHOICE&quot;,&quot;questionCode&quot;:&quot;ZQQ20050296&quot;,&quot;questionText&quot;:&quot;Do you have a senior manager or ethics compliance manager responsible and accountable for [business ethics]?&quot;,&quot;sectorProfiles&quot;:[&quot;BIGAGRI&quot;,&quot;INTERMEDI&quot;,&quot;MANUFACT&quot;,&quot;SERVPROV&quot;],&quot;possibleAnswers&quot;:[{&quot;possibleAnswerCode&quot;:&quot;ZQP20052609&quot;,&quot;possibleAnswerText&quot;:&quot;No&quot;},{&quot;possibleAnswerCode&quot;:&quot;ZQP20052610&quot;,&quot;possibleAnswerText&quot;:&quot;Yes&quot;},{&quot;possibleAnswerCode&quot;:&quot;ZQP20052611&quot;,&quot;possibleAnswerText&quot;:&quot;Yes, at executive/ board level/owner level&quot;}]}]},{&quot;subSectionCode&quot;:&quot;ZQU20050030&quot;,&quot;subSectionName&quot;:&quot;Anti-corruption&quot;,&quot;questions&quot;:[{&quot;questionType&quot;:&quot;SINGLE_CHOICE&quot;,&quot;questionCode&quot;:&quot;ZQQ20050297&quot;,&quot;questionText&quot;:&quot;Do you have a written policy on prohibiting bribery, corruption and fraud within your business?&quot;,&quot;sectorProfiles&quot;:[&quot;BIGAGRI&quot;,&quot;HEAVMANU&quot;,&quot;INTERMEDI&quot;,&quot;MANUFACT&quot;,&quot;OFFICEHQ&quot;,&quot;SERVPROV&quot;],&quot;possibleAnswers&quot;:[{&quot;possibleAnswerCode&quot;:&quot;ZQP20052612&quot;,&quot;possibleAnswerText&quot;:&quot;Yes&quot;},{&quot;possibleAnswerCode&quot;:&quot;ZQP20052613&quot;,&quot;possibleAnswerText&quot;:&quot;No&quot;}]},{&quot;questionType&quot;:&quot;MULTIPLE_CHOICE&quot;,&quot;questionCode&quot;:&quot;ZQQ20050298&quot;,&quot;questionText&quot;:&quot;If yes, how do you communicate this to employees/workers within your company, business partners and stakeholders? please select all applicable answers.&quot;,&quot;sectorProfiles&quot;:[&quot;TRIGGER&quot;],&quot;possibleAnswers&quot;:[{&quot;possibleAnswerCode&quot;:&quot;ZQP20052614&quot;,&quot;possibleAnswerText&quot;:&quot;We don&apos;t communicate this&quot;},{&quot;possibleAnswerCode&quot;:&quot;ZQP20052615&quot;,&quot;possibleAnswerText&quot;:&quot;Letters, emails and other external communications&quot;},{&quot;possibleAnswerCode&quot;:&quot;ZQP20052616&quot;,&quot;possibleAnswerText&quot;:&quot;Individual meetings&quot;},{&quot;possibleAnswerCode&quot;:&quot;ZQP20052617&quot;,&quot;possibleAnswerText&quot;:&quot;Documented training&quot;},{&quot;possibleAnswerCode&quot;:&quot;ZQP20052618&quot;,&quot;possibleAnswerText&quot;:&quot;Other&quot;}]},{&quot;questionType&quot;:&quot;FREE_TEXT&quot;,&quot;questionCode&quot;:&quot;ZQQ20050299&quot;,&quot;questionText&quot;:&quot;Please specify&quot;,&quot;sectorProfiles&quot;:[&quot;TRIGGER&quot;],&quot;possibleAnswers&quot;:[]},{&quot;questionType&quot;:&quot;SINGLE_CHOICE&quot;,&quot;questionCode&quot;:&quot;ZQQ20050300&quot;,&quot;questionText&quot;:&quot;Do you train appropriate employees/ workers on how to avoid and address bribery and corruption?&quot;,&quot;sectorProfiles&quot;:[&quot;BIGAGRI&quot;,&quot;HEAVMANU&quot;,&quot;INTERMEDI&quot;,&quot;MANUFACT&quot;,&quot;SERVPROV&quot;],&quot;possibleAnswers&quot;:[{&quot;possibleAnswerCode&quot;:&quot;ZQP20052619&quot;,&quot;possibleAnswerText&quot;:&quot;Yes&quot;},{&quot;possibleAnswerCode&quot;:&quot;ZQP20052620&quot;,&quot;possibleAnswerText&quot;:&quot;No&quot;}]}]}]},{&quot;sectionCode&quot;:&quot;ZQS20050005&quot;,&quot;sectionName&quot;:&quot;Environment&quot;,&quot;subSections&quot;:[{&quot;subSectionCode&quot;:&quot;ZQU20050031&quot;,&quot;subSectionName&quot;:&quot;Management Systems&quot;,&quot;questions&quot;:[{&quot;questionType&quot;:&quot;SINGLE_CHOICE&quot;,&quot;questionCode&quot;:&quot;ZQQ20050308&quot;,&quot;questionText&quot;:&quot;Do you have a senior manager responsible for environmental management?&quot;,&quot;sectorProfiles&quot;:[&quot;BIGAGRI&quot;,&quot;HEAVMANU&quot;,&quot;MANUFACT&quot;,&quot;SERVPROV&quot;],&quot;possibleAnswers&quot;:[{&quot;possibleAnswerCode&quot;:&quot;ZQP20052648&quot;,&quot;possibleAnswerText&quot;:&quot;No&quot;},{&quot;possibleAnswerCode&quot;:&quot;ZQP20052649&quot;,&quot;possibleAnswerText&quot;:&quot;Yes&quot;},{&quot;possibleAnswerCode&quot;:&quot;ZQP20052650&quot;,&quot;possibleAnswerText&quot;:&quot;Yes, at executive/ board level/owner level&quot;}]},{&quot;questionType&quot;:&quot;SINGLE_CHOICE&quot;,&quot;questionCode&quot;:&quot;ZQQ20050301&quot;,&quot;questionText&quot;:&quot;Do you ensure that you meet all required local laws or regulations covering the environment?&quot;,&quot;sectorProfiles&quot;:[&quot;BIGAGRI&quot;,&quot;FISHVESL&quot;,&quot;HEAVMANU&quot;,&quot;MANUFACT&quot;,&quot;SERVPROV&quot;,&quot;SMALLAGRI&quot;],&quot;possibleAnswers&quot;:[{&quot;possibleAnswerCode&quot;:&quot;ZQP20052621&quot;,&quot;possibleAnswerText&quot;:&quot;We are not aware of local laws or regulations&quot;},{&quot;possibleAnswerCode&quot;:&quot;ZQP20052622&quot;,&quot;possibleAnswerText&quot;:&quot;No&quot;},{&quot;possibleAnswerCode&quot;:&quot;ZQP20052623&quot;,&quot;possibleAnswerText&quot;:&quot;Yes&quot;},{&quot;possibleAnswerCode&quot;:&quot;ZQP20052624&quot;,&quot;possibleAnswerText&quot;:&quot;N/A&quot;}]},{&quot;questionType&quot;:&quot;MULTIPLE_CHOICE&quot;,&quot;questionCode&quot;:&quot;ZQQ20050302&quot;,&quot;questionText&quot;:&quot;Do you have a written policy on environmental management?  Please select all applicable answers.&quot;,&quot;sectorProfiles&quot;:[&quot;BIGAGRI&quot;,&quot;HEAVMANU&quot;,&quot;INTERMEDI&quot;,&quot;MANUFACT&quot;,&quot;OFFICEHQ&quot;,&quot;SERVPROV&quot;],&quot;possibleAnswers&quot;:[{&quot;possibleAnswerCode&quot;:&quot;ZQP20052625&quot;,&quot;possibleAnswerText&quot;:&quot;No&quot;},{&quot;possibleAnswerCode&quot;:&quot;ZQP20052626&quot;,&quot;possibleAnswerText&quot;:&quot;Yes&quot;},{&quot;possibleAnswerCode&quot;:&quot;ZQP20052627&quot;,&quot;possibleAnswerText&quot;:&quot;Yes, it requires that we comply with national law&quot;},{&quot;possibleAnswerCode&quot;:&quot;ZQP20052628&quot;,&quot;possibleAnswerText&quot;:&quot;Yes, it requires monitoring of performance&quot;},{&quot;possibleAnswerCode&quot;:&quot;ZQP20052629&quot;,&quot;possibleAnswerText&quot;:&quot;Yes, it requires continuous improvement&quot;},{&quot;possibleAnswerCode&quot;:&quot;ZQP20052630&quot;,&quot;possibleAnswerText&quot;:&quot;Yes, it requires that all employees and stakeholders meet our environmental management standards&quot;},{&quot;possibleAnswerCode&quot;:&quot;ZQP20052631&quot;,&quot;possibleAnswerText&quot;:&quot;Don&apos;t know&quot;}]},{&quot;questionType&quot;:&quot;MULTIPLE_CHOICE&quot;,&quot;questionCode&quot;:&quot;ZQQ20050303&quot;,&quot;questionText&quot;:&quot;If yes, what does the policy cover? Please select all applicable answers.&quot;,&quot;sectorProfiles&quot;:[&quot;TRIGGER&quot;],&quot;possibleAnswers&quot;:[{&quot;possibleAnswerCode&quot;:&quot;ZQP20052632&quot;,&quot;possibleAnswerText&quot;:&quot;Biodiversity&quot;},{&quot;possibleAnswerCode&quot;:&quot;ZQP20052633&quot;,&quot;possibleAnswerText&quot;:&quot;Emissions, including greenhouse gas emissions&quot;},{&quot;possibleAnswerCode&quot;:&quot;ZQP20052634&quot;,&quot;possibleAnswerText&quot;:&quot;Energy and Climate&quot;},{&quot;possibleAnswerCode&quot;:&quot;ZQP20052635&quot;,&quot;possibleAnswerText&quot;:&quot;Pollution&quot;},{&quot;possibleAnswerCode&quot;:&quot;ZQP20052636&quot;,&quot;possibleAnswerText&quot;:&quot;Raw Materials&quot;},{&quot;possibleAnswerCode&quot;:&quot;ZQP20052637&quot;,&quot;possibleAnswerText&quot;:&quot;Renewable energy&quot;},{&quot;possibleAnswerCode&quot;:&quot;ZQP20052638&quot;,&quot;possibleAnswerText&quot;:&quot;Water&quot;}]},{&quot;questionType&quot;:&quot;MULTIPLE_CHOICE&quot;,&quot;questionCode&quot;:&quot;ZQQ20050304&quot;,&quot;questionText&quot;:&quot;Do you have a written procedure on how to identify and assess all of the environmental aspects of the sites activities, products and services?  Please select all applicable answers.&quot;,&quot;sectorProfiles&quot;:[&quot;BIGAGRI&quot;,&quot;HEAVMANU&quot;,&quot;MANUFACT&quot;,&quot;SERVPROV&quot;],&quot;possibleAnswers&quot;:[{&quot;possibleAnswerCode&quot;:&quot;ZQP20052639&quot;,&quot;possibleAnswerText&quot;:&quot;No&quot;},{&quot;possibleAnswerCode&quot;:&quot;ZQP20052640&quot;,&quot;possibleAnswerText&quot;:&quot;Yes, no implementation in place&quot;},{&quot;possibleAnswerCode&quot;:&quot;ZQP20052641&quot;,&quot;possibleAnswerText&quot;:&quot;Yes, communicated to relevant employees/Workers&quot;},{&quot;possibleAnswerCode&quot;:&quot;ZQP20052642&quot;,&quot;possibleAnswerText&quot;:&quot;Yes, monitored by managers&quot;}]},{&quot;questionType&quot;:&quot;SINGLE_CHOICE&quot;,&quot;questionCode&quot;:&quot;ZQQ20050305&quot;,&quot;questionText&quot;:&quot;Have you identified and assessed the significant environmental impacts of your business?&quot;,&quot;sectorProfiles&quot;:[&quot;BIGAGRI&quot;,&quot;HEAVMANU&quot;,&quot;MANUFACT&quot;,&quot;SERVPROV&quot;],&quot;possibleAnswers&quot;:[{&quot;possibleAnswerCode&quot;:&quot;ZQP20052643&quot;,&quot;possibleAnswerText&quot;:&quot;No&quot;},{&quot;possibleAnswerCode&quot;:&quot;ZQP20052644&quot;,&quot;possibleAnswerText&quot;:&quot;Yes&quot;},{&quot;possibleAnswerCode&quot;:&quot;ZQP20052645&quot;,&quot;possibleAnswerText&quot;:&quot;Yes, undertaken regularly and it is part of our formal business risk management process&quot;}]},{&quot;questionType&quot;:&quot;FREE_TEXT&quot;,&quot;questionCode&quot;:&quot;ZQQ20050306&quot;,&quot;questionText&quot;:&quot;If yes, please briefly summarise the key environmental impacts of this site&quot;,&quot;sectorProfiles&quot;:[&quot;TRIGGER&quot;],&quot;possibleAnswers&quot;:[]},{&quot;questionType&quot;:&quot;SINGLE_CHOICE&quot;,&quot;questionCode&quot;:&quot;ZQQ20050307&quot;,&quot;questionText&quot;:&quot;Do you have targets to reduce the environmental impacts of your site activities products and services?&quot;,&quot;sectorProfiles&quot;:[&quot;BIGAGRI&quot;,&quot;HEAVMANU&quot;,&quot;MANUFACT&quot;,&quot;SERVPROV&quot;],&quot;possibleAnswers&quot;:[{&quot;possibleAnswerCode&quot;:&quot;ZQP20052646&quot;,&quot;possibleAnswerText&quot;:&quot;Yes&quot;},{&quot;possibleAnswerCode&quot;:&quot;ZQP20052647&quot;,&quot;possibleAnswerText&quot;:&quot;No&quot;}]}]},{&quot;subSectionCode&quot;:&quot;ZQU20050032&quot;,&quot;subSectionName&quot;:&quot;Waste&quot;,&quot;questions&quot;:[{&quot;questionType&quot;:&quot;SINGLE_CHOICE&quot;,&quot;questionCode&quot;:&quot;ZQQ20050309&quot;,&quot;questionText&quot;:&quot;Do you have a written policy on [waste] management?&quot;,&quot;sectorProfiles&quot;:[&quot;BIGAGRI&quot;,&quot;HEAVMANU&quot;,&quot;MANUFACT&quot;,&quot;OFFICEHQ&quot;],&quot;possibleAnswers&quot;:[{&quot;possibleAnswerCode&quot;:&quot;ZQP20052651&quot;,&quot;possibleAnswerText&quot;:&quot;Yes&quot;},{&quot;possibleAnswerCode&quot;:&quot;ZQP20052652&quot;,&quot;possibleAnswerText&quot;:&quot;No&quot;}]},{&quot;questionType&quot;:&quot;SINGLE_CHOICE&quot;,&quot;questionCode&quot;:&quot;ZQQ20050310&quot;,&quot;questionText&quot;:&quot;Do you have a written procedure on how to store, discharge and dispose of [waste]?&quot;,&quot;sectorProfiles&quot;:[&quot;BIGAGRI&quot;,&quot;HEAVMANU&quot;,&quot;MANUFACT&quot;],&quot;possibleAnswers&quot;:[{&quot;possibleAnswerCode&quot;:&quot;ZQP20052653&quot;,&quot;possibleAnswerText&quot;:&quot;Yes&quot;},{&quot;possibleAnswerCode&quot;:&quot;ZQP20052654&quot;,&quot;possibleAnswerText&quot;:&quot;No&quot;}]},{&quot;questionType&quot;:&quot;MULTIPLE_CHOICE&quot;,&quot;questionCode&quot;:&quot;ZQQ20050311&quot;,&quot;questionText&quot;:&quot;What type of [waste] is produced on your site?  Please select all applicable answers.&quot;,&quot;sectorProfiles&quot;:[&quot;BIGAGRI&quot;,&quot;MANUFACT&quot;],&quot;possibleAnswers&quot;:[{&quot;possibleAnswerCode&quot;:&quot;ZQP20052655&quot;,&quot;possibleAnswerText&quot;:&quot;Residual (unsorted) waste&quot;},{&quot;possibleAnswerCode&quot;:&quot;ZQP20052656&quot;,&quot;possibleAnswerText&quot;:&quot;Recyclable waste&quot;},{&quot;possibleAnswerCode&quot;:&quot;ZQP20052657&quot;,&quot;possibleAnswerText&quot;:&quot;Biodegradable waste&quot;},{&quot;possibleAnswerCode&quot;:&quot;ZQP20052658&quot;,&quot;possibleAnswerText&quot;:&quot;Industrial waste&quot;},{&quot;possibleAnswerCode&quot;:&quot;ZQP20052659&quot;,&quot;possibleAnswerText&quot;:&quot;Hazardous waste&quot;},{&quot;possibleAnswerCode&quot;:&quot;ZQP20052660&quot;,&quot;possibleAnswerText&quot;:&quot;Sewage/wastewater&quot;},{&quot;possibleAnswerCode&quot;:&quot;ZQP20052661&quot;,&quot;possibleAnswerText&quot;:&quot;Animal by-products&quot;},{&quot;possibleAnswerCode&quot;:&quot;ZQP20052662&quot;,&quot;possibleAnswerText&quot;:&quot;Radioactive waste&quot;},{&quot;possibleAnswerCode&quot;:&quot;ZQP20052663&quot;,&quot;possibleAnswerText&quot;:&quot;Gaseous waste&quot;},{&quot;possibleAnswerCode&quot;:&quot;ZQP20052664&quot;,&quot;possibleAnswerText&quot;:&quot;Other&quot;},{&quot;possibleAnswerCode&quot;:&quot;ZQP20052665&quot;,&quot;possibleAnswerText&quot;:&quot;Don&apos;t know&quot;}]},{&quot;questionType&quot;:&quot;FREE_TEXT&quot;,&quot;questionCode&quot;:&quot;ZQQ20050312&quot;,&quot;questionText&quot;:&quot;Please specify&quot;,&quot;sectorProfiles&quot;:[&quot;TRIGGER&quot;],&quot;possibleAnswers&quot;:[]},{&quot;questionType&quot;:&quot;SINGLE_CHOICE&quot;,&quot;questionCode&quot;:&quot;ZQQ20050313&quot;,&quot;questionText&quot;:&quot;Are your site&apos;s [waste] storage containers in good condition and appropriate for the [waste] that is collected in them?&quot;,&quot;sectorProfiles&quot;:[&quot;BIGAGRI&quot;,&quot;HEAVMANU&quot;,&quot;MANUFACT&quot;],&quot;possibleAnswers&quot;:[{&quot;possibleAnswerCode&quot;:&quot;ZQP20052666&quot;,&quot;possibleAnswerText&quot;:&quot;Yes&quot;},{&quot;possibleAnswerCode&quot;:&quot;ZQP20052667&quot;,&quot;possibleAnswerText&quot;:&quot;No&quot;}]},{&quot;questionType&quot;:&quot;SINGLE_CHOICE&quot;,&quot;questionCode&quot;:&quot;ZQQ20050314&quot;,&quot;questionText&quot;:&quot;Do you have targets for reducing the level of [waste] produced from your site?&quot;,&quot;sectorProfiles&quot;:[&quot;BIGAGRI&quot;,&quot;HEAVMANU&quot;,&quot;MANUFACT&quot;],&quot;possibleAnswers&quot;:[{&quot;possibleAnswerCode&quot;:&quot;ZQP20052668&quot;,&quot;possibleAnswerText&quot;:&quot;Yes&quot;},{&quot;possibleAnswerCode&quot;:&quot;ZQP20052669&quot;,&quot;possibleAnswerText&quot;:&quot;No&quot;}]}]},{&quot;subSectionCode&quot;:&quot;ZQU20050033&quot;,&quot;subSectionName&quot;:&quot;Raw Materials&quot;,&quot;questions&quot;:[{&quot;questionType&quot;:&quot;MULTIPLE_CHOICE&quot;,&quot;questionCode&quot;:&quot;ZQQ20050315&quot;,&quot;questionText&quot;:&quot;Do you take environmental and [sustainability criteria] into account in the sourcing of raw materials?  Please select all applicable answers.&quot;,&quot;sectorProfiles&quot;:[&quot;HEAVMANU&quot;,&quot;MANUFACT&quot;],&quot;possibleAnswers&quot;:[{&quot;possibleAnswerCode&quot;:&quot;ZQP20052670&quot;,&quot;possibleAnswerText&quot;:&quot;We don&apos;t do this&quot;},{&quot;possibleAnswerCode&quot;:&quot;ZQP20052671&quot;,&quot;possibleAnswerText&quot;:&quot;We require suppliers to comply with our specification&quot;},{&quot;possibleAnswerCode&quot;:&quot;ZQP20052672&quot;,&quot;possibleAnswerText&quot;:&quot;We require suppliers to complete a self-assessment questionnaire&quot;},{&quot;possibleAnswerCode&quot;:&quot;ZQP20052673&quot;,&quot;possibleAnswerText&quot;:&quot;We audit suppliers ourselves&quot;},{&quot;possibleAnswerCode&quot;:&quot;ZQP20052674&quot;,&quot;possibleAnswerText&quot;:&quot;We commission audits from external third party&quot;},{&quot;possibleAnswerCode&quot;:&quot;ZQP20052675&quot;,&quot;possibleAnswerText&quot;:&quot;Other&quot;}]},{&quot;questionType&quot;:&quot;FREE_TEXT&quot;,&quot;questionCode&quot;:&quot;ZQQ20050316&quot;,&quot;questionText&quot;:&quot;Please specify&quot;,&quot;sectorProfiles&quot;:[&quot;TRIGGER&quot;],&quot;possibleAnswers&quot;:[]}]},{&quot;subSectionCode&quot;:&quot;ZQU20050034&quot;,&quot;subSectionName&quot;:&quot;Water&quot;,&quot;questions&quot;:[{&quot;questionType&quot;:&quot;SINGLE_CHOICE&quot;,&quot;questionCode&quot;:&quot;ZQQ20050317&quot;,&quot;questionText&quot;:&quot;Do you have a written policy on water management?&quot;,&quot;sectorProfiles&quot;:[&quot;BIGAGRI&quot;,&quot;HEAVMANU&quot;,&quot;MANUFACT&quot;,&quot;OFFICEHQ&quot;],&quot;possibleAnswers&quot;:[{&quot;possibleAnswerCode&quot;:&quot;ZQP20052676&quot;,&quot;possibleAnswerText&quot;:&quot;Yes&quot;},{&quot;possibleAnswerCode&quot;:&quot;ZQP20052677&quot;,&quot;possibleAnswerText&quot;:&quot;No&quot;},{&quot;possibleAnswerCode&quot;:&quot;ZQP20052678&quot;,&quot;possibleAnswerText&quot;:&quot;N/A&quot;}]},{&quot;questionType&quot;:&quot;MULTIPLE_CHOICE&quot;,&quot;questionCode&quot;:&quot;ZQQ20050318&quot;,&quot;questionText&quot;:&quot;Do you have targets for the reduction and re-use of water?  Please select all applicable answers.&quot;,&quot;sectorProfiles&quot;:[&quot;BIGAGRI&quot;,&quot;HEAVMANU&quot;,&quot;MANUFACT&quot;],&quot;possibleAnswers&quot;:[{&quot;possibleAnswerCode&quot;:&quot;ZQP20052679&quot;,&quot;possibleAnswerText&quot;:&quot;No&quot;},{&quot;possibleAnswerCode&quot;:&quot;ZQP20052680&quot;,&quot;possibleAnswerText&quot;:&quot;Yes, for the reduction of water&quot;},{&quot;possibleAnswerCode&quot;:&quot;ZQP20052681&quot;,&quot;possibleAnswerText&quot;:&quot;Yes, for the re-use of water&quot;},{&quot;possibleAnswerCode&quot;:&quot;ZQP20052682&quot;,&quot;possibleAnswerText&quot;:&quot;Yes, both&quot;}]},{&quot;questionType&quot;:&quot;SINGLE_CHOICE&quot;,&quot;questionCode&quot;:&quot;ZQQ20050319&quot;,&quot;questionText&quot;:&quot;Has your site assessed the impact of water usage on the [water catchment]&quot;,&quot;sectorProfiles&quot;:[&quot;BIGAGRI&quot;,&quot;MANUFACT&quot;],&quot;possibleAnswers&quot;:[{&quot;possibleAnswerCode&quot;:&quot;ZQP20052683&quot;,&quot;possibleAnswerText&quot;:&quot;Yes&quot;},{&quot;possibleAnswerCode&quot;:&quot;ZQP20052684&quot;,&quot;possibleAnswerText&quot;:&quot;No&quot;}]},{&quot;questionType&quot;:&quot;SINGLE_CHOICE&quot;,&quot;questionCode&quot;:&quot;ZQQ20050320&quot;,&quot;questionText&quot;:&quot;Is the site located in an area of [water stress] or shortage?&quot;,&quot;sectorProfiles&quot;:[&quot;BIGAGRI&quot;,&quot;MANUFACT&quot;],&quot;possibleAnswers&quot;:[{&quot;possibleAnswerCode&quot;:&quot;ZQP20052685&quot;,&quot;possibleAnswerText&quot;:&quot;Yes&quot;},{&quot;possibleAnswerCode&quot;:&quot;ZQP20052686&quot;,&quot;possibleAnswerText&quot;:&quot;No&quot;}]},{&quot;questionType&quot;:&quot;SINGLE_CHOICE&quot;,&quot;questionCode&quot;:&quot;ZQQ20050321&quot;,&quot;questionText&quot;:&quot;Do you actively manage your impact on water quality and [waste] water discharge?&quot;,&quot;sectorProfiles&quot;:[&quot;BIGAGRI&quot;,&quot;HEAVMANU&quot;,&quot;MANUFACT&quot;],&quot;possibleAnswers&quot;:[{&quot;possibleAnswerCode&quot;:&quot;ZQP20052687&quot;,&quot;possibleAnswerText&quot;:&quot;Yes&quot;},{&quot;possibleAnswerCode&quot;:&quot;ZQP20052688&quot;,&quot;possibleAnswerText&quot;:&quot;No&quot;}]}]},{&quot;subSectionCode&quot;:&quot;ZQU20050035&quot;,&quot;subSectionName&quot;:&quot;Pollution&quot;,&quot;questions&quot;:[{&quot;questionType&quot;:&quot;SINGLE_CHOICE&quot;,&quot;questionCode&quot;:&quot;ZQQ20050322&quot;,&quot;questionText&quot;:&quot;Do you have a procedure for the management of pollution incidents?&quot;,&quot;sectorProfiles&quot;:[&quot;BIGAGRI&quot;,&quot;HEAVMANU&quot;,&quot;MANUFACT&quot;],&quot;possibleAnswers&quot;:[{&quot;possibleAnswerCode&quot;:&quot;ZQP20052689&quot;,&quot;possibleAnswerText&quot;:&quot;Yes&quot;},{&quot;possibleAnswerCode&quot;:&quot;ZQP20052690&quot;,&quot;possibleAnswerText&quot;:&quot;No&quot;}]},{&quot;questionType&quot;:&quot;SINGLE_CHOICE&quot;,&quot;questionCode&quot;:&quot;ZQQ20050323&quot;,&quot;questionText&quot;:&quot;Have you identified and assessed the potential pollution risks involved in your processes that might generate contamination of the atmosphere, water, resources or ground?&quot;,&quot;sectorProfiles&quot;:[&quot;BIGAGRI&quot;,&quot;HEAVMANU&quot;,&quot;MANUFACT&quot;],&quot;possibleAnswers&quot;:[{&quot;possibleAnswerCode&quot;:&quot;ZQP20052691&quot;,&quot;possibleAnswerText&quot;:&quot;Yes&quot;},{&quot;possibleAnswerCode&quot;:&quot;ZQP20052692&quot;,&quot;possibleAnswerText&quot;:&quot;No&quot;}]},{&quot;questionType&quot;:&quot;SINGLE_CHOICE&quot;,&quot;questionCode&quot;:&quot;ZQQ20050324&quot;,&quot;questionText&quot;:&quot;Have you experienced any leaks, spills or other discharge of [hazardous substances], chemicals or [waste] from site?&quot;,&quot;sectorProfiles&quot;:[&quot;BIGAGRI&quot;,&quot;MANUFACT&quot;],&quot;possibleAnswers&quot;:[{&quot;possibleAnswerCode&quot;:&quot;ZQP20052693&quot;,&quot;possibleAnswerText&quot;:&quot;Yes&quot;},{&quot;possibleAnswerCode&quot;:&quot;ZQP20052694&quot;,&quot;possibleAnswerText&quot;:&quot;No&quot;}]}]},{&quot;subSectionCode&quot;:&quot;ZQU20050036&quot;,&quot;subSectionName&quot;:&quot;Emissions, including Greehouse Gas Emissions (GHG)&quot;,&quot;questions&quot;:[{&quot;questionType&quot;:&quot;SINGLE_CHOICE&quot;,&quot;questionCode&quot;:&quot;ZQQ20050325&quot;,&quot;questionText&quot;:&quot;Do you identify and measure your greenhouse gas (GHG) emissions (incl. CO2, CH4, N2O, HFCs and PFCs) ?&quot;,&quot;sectorProfiles&quot;:[&quot;BIGAGRI&quot;,&quot;MANUFACT&quot;,&quot;SERVPROV&quot;],&quot;possibleAnswers&quot;:[{&quot;possibleAnswerCode&quot;:&quot;ZQP20052695&quot;,&quot;possibleAnswerText&quot;:&quot;Yes&quot;},{&quot;possibleAnswerCode&quot;:&quot;ZQP20052696&quot;,&quot;possibleAnswerText&quot;:&quot;No&quot;}]},{&quot;questionType&quot;:&quot;MULTIPLE_CHOICE&quot;,&quot;questionCode&quot;:&quot;ZQQ20050326&quot;,&quot;questionText&quot;:&quot;If yes, how do you use the information?&quot;,&quot;sectorProfiles&quot;:[&quot;TRIGGER&quot;],&quot;possibleAnswers&quot;:[{&quot;possibleAnswerCode&quot;:&quot;ZQP20052697&quot;,&quot;possibleAnswerText&quot;:&quot;Re-measured at least annually&quot;},{&quot;possibleAnswerCode&quot;:&quot;ZQP20052698&quot;,&quot;possibleAnswerText&quot;:&quot;Tracked against targets&quot;},{&quot;possibleAnswerCode&quot;:&quot;ZQP20052699&quot;,&quot;possibleAnswerText&quot;:&quot;Evaluated by managers&quot;},{&quot;possibleAnswerCode&quot;:&quot;ZQP20052700&quot;,&quot;possibleAnswerText&quot;:&quot;Externally reported&quot;}]},{&quot;questionType&quot;:&quot;SINGLE_CHOICE&quot;,&quot;questionCode&quot;:&quot;ZQQ20050327&quot;,&quot;questionText&quot;:&quot;Do you have targets to reduce your emissions to air?&quot;,&quot;sectorProfiles&quot;:[&quot;BIGAGRI&quot;,&quot;HEAVMANU&quot;,&quot;MANUFACT&quot;,&quot;SERVPROV&quot;],&quot;possibleAnswers&quot;:[{&quot;possibleAnswerCode&quot;:&quot;ZQP20052701&quot;,&quot;possibleAnswerText&quot;:&quot;Yes&quot;},{&quot;possibleAnswerCode&quot;:&quot;ZQP20052702&quot;,&quot;possibleAnswerText&quot;:&quot;No&quot;}]}]},{&quot;subSectionCode&quot;:&quot;ZQU20050037&quot;,&quot;subSectionName&quot;:&quot;Energy&quot;,&quot;questions&quot;:[{&quot;questionType&quot;:&quot;SINGLE_CHOICE&quot;,&quot;questionCode&quot;:&quot;ZQQ20050328&quot;,&quot;questionText&quot;:&quot;Do you have targets to reduce your energy usage?&quot;,&quot;sectorProfiles&quot;:[&quot;BIGAGRI&quot;,&quot;HEAVMANU&quot;,&quot;MANUFACT&quot;,&quot;SERVPROV&quot;],&quot;possibleAnswers&quot;:[{&quot;possibleAnswerCode&quot;:&quot;ZQP20052703&quot;,&quot;possibleAnswerText&quot;:&quot;Yes&quot;},{&quot;possibleAnswerCode&quot;:&quot;ZQP20052704&quot;,&quot;possibleAnswerText&quot;:&quot;No&quot;}]}]},{&quot;subSectionCode&quot;:&quot;ZQU20050038&quot;,&quot;subSectionName&quot;:&quot;Renewable Energy&quot;,&quot;questions&quot;:[{&quot;questionType&quot;:&quot;SINGLE_CHOICE&quot;,&quot;questionCode&quot;:&quot;ZQQ20050329&quot;,&quot;questionText&quot;:&quot;Do you use renewable energy (e.g. wind power, solar energy, hydropower etc.) on site, in transport or other operations?&quot;,&quot;sectorProfiles&quot;:[&quot;BIGAGRI&quot;,&quot;MANUFACT&quot;],&quot;possibleAnswers&quot;:[{&quot;possibleAnswerCode&quot;:&quot;ZQP20052705&quot;,&quot;possibleAnswerText&quot;:&quot;Yes&quot;},{&quot;possibleAnswerCode&quot;:&quot;ZQP20052706&quot;,&quot;possibleAnswerText&quot;:&quot;No&quot;}]}]},{&quot;subSectionCode&quot;:&quot;ZQU20050039&quot;,&quot;subSectionName&quot;:&quot;Biodiversity&quot;,&quot;questions&quot;:[{&quot;questionType&quot;:&quot;SINGLE_CHOICE&quot;,&quot;questionCode&quot;:&quot;ZQQ20050330&quot;,&quot;questionText&quot;:&quot;Does your site have a [biodiversity] action plan?&quot;,&quot;sectorProfiles&quot;:[&quot;BIGAGRI&quot;,&quot;MANUFACT&quot;],&quot;possibleAnswers&quot;:[{&quot;possibleAnswerCode&quot;:&quot;ZQP20052707&quot;,&quot;possibleAnswerText&quot;:&quot;Yes&quot;},{&quot;possibleAnswerCode&quot;:&quot;ZQP20052708&quot;,&quot;possibleAnswerText&quot;:&quot;No&quot;}]},{&quot;questionType&quot;:&quot;SINGLE_CHOICE&quot;,&quot;questionCode&quot;:&quot;ZQQ20050331&quot;,&quot;questionText&quot;:&quot;Do you assess pest levels and only apply pesticides when necessary according to qualified advice?&quot;,&quot;sectorProfiles&quot;:[&quot;BIGAGRI&quot;],&quot;possibleAnswers&quot;:[{&quot;possibleAnswerCode&quot;:&quot;ZQP20052709&quot;,&quot;possibleAnswerText&quot;:&quot;Yes&quot;},{&quot;possibleAnswerCode&quot;:&quot;ZQP20052710&quot;,&quot;possibleAnswerText&quot;:&quot;No&quot;}]},{&quot;questionType&quot;:&quot;SINGLE_CHOICE&quot;,&quot;questionCode&quot;:&quot;ZQQ20050332&quot;,&quot;questionText&quot;:&quot;Do you use non-chemical measures to prevent and reduce pest infestation?&quot;,&quot;sectorProfiles&quot;:[&quot;BIGAGRI&quot;],&quot;possibleAnswers&quot;:[{&quot;possibleAnswerCode&quot;:&quot;ZQP20052711&quot;,&quot;possibleAnswerText&quot;:&quot;Yes&quot;},{&quot;possibleAnswerCode&quot;:&quot;ZQP20052712&quot;,&quot;possibleAnswerText&quot;:&quot;No&quot;}]},{&quot;questionType&quot;:&quot;SINGLE_CHOICE&quot;,&quot;questionCode&quot;:&quot;ZQQ20050333&quot;,&quot;questionText&quot;:&quot;Do you protect non-target areas and crops from agro-chemical use?&quot;,&quot;sectorProfiles&quot;:[&quot;BIGAGRI&quot;],&quot;possibleAnswers&quot;:[{&quot;possibleAnswerCode&quot;:&quot;ZQP20052713&quot;,&quot;possibleAnswerText&quot;:&quot;Yes&quot;},{&quot;possibleAnswerCode&quot;:&quot;ZQP20052714&quot;,&quot;possibleAnswerText&quot;:&quot;No&quot;}]},{&quot;questionType&quot;:&quot;SINGLE_CHOICE&quot;,&quot;questionCode&quot;:&quot;ZQQ20050334&quot;,&quot;questionText&quot;:&quot;Do you record the application of pesticides and fertilizers?&quot;,&quot;sectorProfiles&quot;:[&quot;BIGAGRI&quot;],&quot;possibleAnswers&quot;:[{&quot;possibleAnswerCode&quot;:&quot;ZQP20052715&quot;,&quot;possibleAnswerText&quot;:&quot;Yes&quot;},{&quot;possibleAnswerCode&quot;:&quot;ZQP20052716&quot;,&quot;possibleAnswerText&quot;:&quot;No&quot;}]},{&quot;questionType&quot;:&quot;SINGLE_CHOICE&quot;,&quot;questionCode&quot;:&quot;ZQQ20050335&quot;,&quot;questionText&quot;:&quot;Do you use soil maps or analysis to select appropriate crops and plan rotations?&quot;,&quot;sectorProfiles&quot;:[&quot;BIGAGRI&quot;],&quot;possibleAnswers&quot;:[{&quot;possibleAnswerCode&quot;:&quot;ZQP20052717&quot;,&quot;possibleAnswerText&quot;:&quot;Yes&quot;},{&quot;possibleAnswerCode&quot;:&quot;ZQP20052718&quot;,&quot;possibleAnswerText&quot;:&quot;No&quot;}]},{&quot;questionType&quot;:&quot;SINGLE_CHOICE&quot;,&quot;questionCode&quot;:&quot;ZQQ20050336&quot;,&quot;questionText&quot;:&quot;When planting genetically modified varieties, do you comply with all the regulations of the relevant producing and consuming countries?&quot;,&quot;sectorProfiles&quot;:[&quot;BIGAGRI&quot;],&quot;possibleAnswers&quot;:[{&quot;possibleAnswerCode&quot;:&quot;ZQP20052719&quot;,&quot;possibleAnswerText&quot;:&quot;Yes&quot;},{&quot;possibleAnswerCode&quot;:&quot;ZQP20052720&quot;,&quot;possibleAnswerText&quot;:&quot;No&quot;},{&quot;possibleAnswerCode&quot;:&quot;ZQP20052721&quot;,&quot;possibleAnswerText&quot;:&quot;Site does not plant genetically modified varieties&quot;}]},{&quot;questionType&quot;:&quot;SINGLE_CHOICE&quot;,&quot;questionCode&quot;:&quot;ZQQ20050337&quot;,&quot;questionText&quot;:&quot;Do you use certified or known and understood sources for new planting and grafting material?&quot;,&quot;sectorProfiles&quot;:[&quot;BIGAGRI&quot;],&quot;possibleAnswers&quot;:[{&quot;possibleAnswerCode&quot;:&quot;ZQP20052722&quot;,&quot;possibleAnswerText&quot;:&quot;Yes&quot;},{&quot;possibleAnswerCode&quot;:&quot;ZQP20052723&quot;,&quot;possibleAnswerText&quot;:&quot;No&quot;}]},{&quot;questionType&quot;:&quot;SINGLE_CHOICE&quot;,&quot;questionCode&quot;:&quot;ZQQ20050338&quot;,&quot;questionText&quot;:&quot;Do you keep records of planting material used?&quot;,&quot;sectorProfiles&quot;:[&quot;BIGAGRI&quot;],&quot;possibleAnswers&quot;:[{&quot;possibleAnswerCode&quot;:&quot;ZQP20052724&quot;,&quot;possibleAnswerText&quot;:&quot;Yes&quot;},{&quot;possibleAnswerCode&quot;:&quot;ZQP20052725&quot;,&quot;possibleAnswerText&quot;:&quot;No&quot;}]},{&quot;questionType&quot;:&quot;SINGLE_CHOICE&quot;,&quot;questionCode&quot;:&quot;ZQQ20050339&quot;,&quot;questionText&quot;:&quot;Do you perform periodic soil sampling to monitor the changes in soil condition and keep the sampling records?&quot;,&quot;sectorProfiles&quot;:[&quot;BIGAGRI&quot;],&quot;possibleAnswers&quot;:[{&quot;possibleAnswerCode&quot;:&quot;ZQP20052726&quot;,&quot;possibleAnswerText&quot;:&quot;Yes&quot;},{&quot;possibleAnswerCode&quot;:&quot;ZQP20052727&quot;,&quot;possibleAnswerText&quot;:&quot;No&quot;}]}]},{&quot;subSectionCode&quot;:&quot;ZQU20050040&quot;,&quot;subSectionName&quot;:&quot;Supplier Environmental Impact&quot;,&quot;questions&quot;:[{&quot;questionType&quot;:&quot;SINGLE_CHOICE&quot;,&quot;questionCode&quot;:&quot;ZQQ20050340&quot;,&quot;questionText&quot;:&quot;Do you have a written policy on supplier sourcing that requires suppliers to have environmental / product related policies or standards e.g. ISO 14001, FSC, MSC?&quot;,&quot;sectorProfiles&quot;:[&quot;INTERMEDI&quot;],&quot;possibleAnswers&quot;:[{&quot;possibleAnswerCode&quot;:&quot;ZQP20052728&quot;,&quot;possibleAnswerText&quot;:&quot;Yes&quot;},{&quot;possibleAnswerCode&quot;:&quot;ZQP20052729&quot;,&quot;possibleAnswerText&quot;:&quot;No&quot;}]},{&quot;questionType&quot;:&quot;MULTIPLE_CHOICE&quot;,&quot;questionCode&quot;:&quot;ZQQ20050341&quot;,&quot;questionText&quot;:&quot;How do you communicate the environmental requirements or criteria for selecting suppliers to relevant employees/workers?  Please select all applicable answers.&quot;,&quot;sectorProfiles&quot;:[&quot;INTERMEDI&quot;],&quot;possibleAnswers&quot;:[{&quot;possibleAnswerCode&quot;:&quot;ZQP20052730&quot;,&quot;possibleAnswerText&quot;:&quot;We don&apos;t communicate this&quot;},{&quot;possibleAnswerCode&quot;:&quot;ZQP20052731&quot;,&quot;possibleAnswerText&quot;:&quot;Intranet, notice board or other internal communications&quot;},{&quot;possibleAnswerCode&quot;:&quot;ZQP20052732&quot;,&quot;possibleAnswerText&quot;:&quot;Individual meetings&quot;},{&quot;possibleAnswerCode&quot;:&quot;ZQP20052733&quot;,&quot;possibleAnswerText&quot;:&quot;Documented training&quot;},{&quot;possibleAnswerCode&quot;:&quot;ZQP20052734&quot;,&quot;possibleAnswerText&quot;:&quot;Materials in a language workers understand (where relevant)&quot;},{&quot;possibleAnswerCode&quot;:&quot;ZQP20052736&quot;,&quot;possibleAnswerText&quot;:&quot;Other&quot;}]},{&quot;questionType&quot;:&quot;FREE_TEXT&quot;,&quot;questionCode&quot;:&quot;ZQQ20050342&quot;,&quot;questionText&quot;:&quot;Please specify&quot;,&quot;sectorProfiles&quot;:[&quot;TRIGGER&quot;],&quot;possibleAnswers&quot;:[]},{&quot;questionType&quot;:&quot;MULTIPLE_CHOICE&quot;,&quot;questionCode&quot;:&quot;ZQQ20050343&quot;,&quot;questionText&quot;:&quot;How do you communicate environmental /product related policies or standards to your suppliers e.g. ISO 14001, FSC, MSC?  Please select all applicable answers.&quot;,&quot;sectorProfiles&quot;:[&quot;INTERMEDI&quot;],&quot;possibleAnswers&quot;:[{&quot;possibleAnswerCode&quot;:&quot;ZQP20052737&quot;,&quot;possibleAnswerText&quot;:&quot;We don&apos;t communicate this&quot;},{&quot;possibleAnswerCode&quot;:&quot;ZQP20052738&quot;,&quot;possibleAnswerText&quot;:&quot;Letters, emails and other external communications&quot;},{&quot;possibleAnswerCode&quot;:&quot;ZQP20052739&quot;,&quot;possibleAnswerText&quot;:&quot;Individual meetings&quot;},{&quot;possibleAnswerCode&quot;:&quot;ZQP20052740&quot;,&quot;possibleAnswerText&quot;:&quot;Documented training&quot;},{&quot;possibleAnswerCode&quot;:&quot;ZQP20052741&quot;,&quot;possibleAnswerText&quot;:&quot;Other&quot;}]},{&quot;questionType&quot;:&quot;FREE_TEXT&quot;,&quot;questionCode&quot;:&quot;ZQQ20050344&quot;,&quot;questionText&quot;:&quot;Please specify&quot;,&quot;sectorProfiles&quot;:[&quot;INTERMEDI&quot;],&quot;possibleAnswers&quot;:[]},{&quot;questionType&quot;:&quot;MULTIPLE_CHOICE&quot;,&quot;questionCode&quot;:&quot;ZQQ20050345&quot;,&quot;questionText&quot;:&quot;How do you check that suppliers meet environmental policies or standards e.g. ISO 14001?  Please select all applicable answers.&quot;,&quot;sectorProfiles&quot;:[&quot;INTERMEDI&quot;],&quot;possibleAnswers&quot;:[{&quot;possibleAnswerCode&quot;:&quot;ZQP20052742&quot;,&quot;possibleAnswerText&quot;:&quot;No action&quot;},{&quot;possibleAnswerCode&quot;:&quot;ZQP20052743&quot;,&quot;possibleAnswerText&quot;:&quot;We audit suppliers ourselves&quot;},{&quot;possibleAnswerCode&quot;:&quot;ZQP20052744&quot;,&quot;possibleAnswerText&quot;:&quot;We commission or accept audits from external third party&quot;},{&quot;possibleAnswerCode&quot;:&quot;ZQP20052745&quot;,&quot;possibleAnswerText&quot;:&quot;We request copies of recognised certification&quot;},{&quot;possibleAnswerCode&quot;:&quot;ZQP20052746&quot;,&quot;possibleAnswerText&quot;:&quot;Other&quot;}]},{&quot;questionType&quot;:&quot;FREE_TEXT&quot;,&quot;questionCode&quot;:&quot;ZQQ20050346&quot;,&quot;questionText&quot;:&quot;Please specify&quot;,&quot;sectorProfiles&quot;:[&quot;TRIGGER&quot;],&quot;possibleAnswers&quot;:[]},{&quot;questionType&quot;:&quot;SINGLE_CHOICE&quot;,&quot;questionCode&quot;:&quot;ZQQ20050347&quot;,&quot;questionText&quot;:&quot;Do you measure the key environmental impacts of the products that you are supplying to your customers?&quot;,&quot;sectorProfiles&quot;:[&quot;BIGAGRI&quot;,&quot;HEAVMANU&quot;,&quot;INTERMEDI&quot;,&quot;MANUFACT&quot;],&quot;possibleAnswers&quot;:[{&quot;possibleAnswerCode&quot;:&quot;ZQP20052747&quot;,&quot;possibleAnswerText&quot;:&quot;Yes&quot;},{&quot;possibleAnswerCode&quot;:&quot;ZQP20052748&quot;,&quot;possibleAnswerText&quot;:&quot;No&quot;}]},{&quot;questionType&quot;:&quot;SINGLE_CHOICE&quot;,&quot;questionCode&quot;:&quot;ZQQ20050348&quot;,&quot;questionText&quot;:&quot;If yes, do you have targets for the reduction of these impacts?&quot;,&quot;sectorProfiles&quot;:[&quot;TRIGGER&quot;],&quot;possibleAnswers&quot;:[{&quot;possibleAnswerCode&quot;:&quot;ZQP20052749&quot;,&quot;possibleAnswerText&quot;:&quot;Yes&quot;},{&quot;possibleAnswerCode&quot;:&quot;ZQP20052750&quot;,&quot;possibleAnswerText&quot;:&quot;No&quot;}]}]}]}]
</system-out>
  </testcase>
</testsuite>